#
# There is insufficient memory for the Java Runtime Environment to continue.
# Native memory allocation (mmap) failed to map 54525952 bytes for Failed to commit area from 0x00000000cc200000 to 0x00000000cf600000 of length 54525952.
# Possible reasons:
#   The system is out of physical RAM or swap space
#   The process is running with CompressedOops enabled, and the Java Heap may be blocking the growth of the native heap
# Possible solutions:
#   Reduce memory load on the system
#   Increase physical memory or swap space
#   Check if swap backing store is full
#   Decrease Java heap size (-Xmx/-Xms)
#   Decrease number of Java threads
#   Decrease Java thread stack sizes (-Xss)
#   Set larger code cache with -XX:ReservedCodeCacheSize=
# This output file may be truncated or incomplete.
#
#  Out of Memory Error (t:/workspace/open/src/hotspot/os/windows/os_windows.cpp:3301), pid=2020, tid=26820
#
# JRE version:  (13.0.2+8) (build )
# Java VM: Java HotSpot(TM) 64-Bit Server VM (13.0.2+8, mixed mode, aot, sharing, tiered, compressed oops, g1 gc, windows-amd64)
# No core dump will be written. Minidumps are not enabled by default on client versions of Windows
#

---------------  S U M M A R Y ------------

Command Line: App

Host: AMD Ryzen 3 7320U with Radeon Graphics         , 8 cores, 3G,  Windows 10 , 64 bit Build 22621 (10.0.22621.3958)
Time: Tue Sep 17 23:39:52 2024 South Africa Standard Time elapsed time: 0 seconds (0d 0h 0m 0s)

---------------  T H R E A D  ---------------

Current thread (0x00000153b3ebb800):  JavaThread "Unknown thread" [_thread_in_vm, id=26820, stack(0x0000002120200000,0x0000002120300000)]

Stack: [0x0000002120200000,0x0000002120300000]
Native frames: (J=compiled Java code, j=interpreted, Vv=VM code, C=native code)
V  [jvm.dll+0x624f9a]
V  [jvm.dll+0x770cfa]
V  [jvm.dll+0x7724af]
V  [jvm.dll+0x772ab3]
V  [jvm.dll+0x24bf08]
V  [jvm.dll+0x6222aa]
V  [jvm.dll+0x6170b5]
V  [jvm.dll+0x30a88c]
V  [jvm.dll+0x30a6c2]
V  [jvm.dll+0x30fe36]
V  [jvm.dll+0x353f46]
V  [jvm.dll+0x353720]
V  [jvm.dll+0x2e550a]
V  [jvm.dll+0x2e67a2]
V  [jvm.dll+0x74dd78]
V  [jvm.dll+0x361989]
V  [jvm.dll+0x730e65]
V  [jvm.dll+0x3cc53f]
V  [jvm.dll+0x3ce861]
C  [jli.dll+0x51ff]
C  [ucrtbase.dll+0x29333]
C  [KERNEL32.DLL+0x1257d]
C  [ntdll.dll+0x5af28]


---------------  P R O C E S S  ---------------

Threads class SMR info:
_java_thread_list=0x00007ffba8ecccb8, length=0, elements={
}

Java Threads: ( => current thread )

Other Threads:
  0x00000153b3eea000 GCTaskThread "GC Thread#0" [stack: 0x0000002120300000,0x0000002120400000] [id=30652]
  0x00000153b3ef3000 ConcurrentGCThread "G1 Main Marker" [stack: 0x0000002120400000,0x0000002120500000] [id=14500]
  0x00000153b3ef6000 ConcurrentGCThread "G1 Conc#0" [stack: 0x0000002120500000,0x0000002120600000] [id=26696]

[error occurred during error reporting (printing all threads), id 0xc0000005, EXCEPTION_ACCESS_VIOLATION (0xc0000005) at pc=0x00007ffba87051d7]

VM state:not at safepoint (not fully initialized)

VM Mutex/Monitor currently owned by a thread:  ([mutex/lock_event])
[0x00000153b3eb88e0] Heap_lock - owner thread: 0x00000153b3ebb800

Heap address: 0x00000000cc200000, size: 830 MB, Compressed Oops mode: Non-zero based: 0x00000000cc200000
Narrow klass base: 0x0000000000000000, Narrow klass shift: 0

GC Heap History (0 events):
No events

Deoptimization events (0 events):
No events

Classes unloaded (0 events):
No events

Classes redefined (0 events):
No events

Internal exceptions (0 events):
No events

Events (8 events):
Event: 0.015 Loaded shared library C:\Program Files\Java\jdk-13.0.2\bin\zip.dll
Event: 0.017 Loaded shared library C:\Program Files\Java\jdk-13.0.2\bin\jimage.dll
Event: 0.019 Loading shared library C:\Program Files\Java\jdk-13.0.2\lib\libjava.base-coop.dll failed, error code 126
Event: 0.019 Loading shared library C:\Program Files\Java\jdk-13.0.2\lib\libjava.logging-coop.dll failed, error code 126
Event: 0.019 Loading shared library C:\Program Files\Java\jdk-13.0.2\lib\libjdk.compiler-coop.dll failed, error code 126
Event: 0.019 Loading shared library C:\Program Files\Java\jdk-13.0.2\lib\libjdk.scripting.nashorn-coop.dll failed, error code 126
Event: 0.019 Loading shared library C:\Program Files\Java\jdk-13.0.2\lib\libjdk.internal.vm.ci-coop.dll failed, error code 126
Event: 0.019 Loading shared library C:\Program Files\Java\jdk-13.0.2\lib\libjdk.internal.vm.compiler-coop.dll failed, error code 126


Dynamic libraries:
0x00007ff6208d0000 - 0x00007ff6208df000 	C:\Program Files\Java\jdk-13.0.2\bin\java.exe
0x00007ffc154b0000 - 0x00007ffc156c7000 	C:\Windows\SYSTEM32\ntdll.dll
0x00007ffc14760000 - 0x00007ffc14824000 	C:\Windows\System32\KERNEL32.DLL
0x00007ffc127d0000 - 0x00007ffc12b7d000 	C:\Windows\System32\KERNELBASE.dll
0x00007ffc130c0000 - 0x00007ffc131d1000 	C:\Windows\System32\ucrtbase.dll
0x00007ffbede60000 - 0x00007ffbede75000 	C:\Program Files\Java\jdk-13.0.2\bin\VCRUNTIME140.dll
0x00007ffbe7b50000 - 0x00007ffbe7b68000 	C:\Program Files\Java\jdk-13.0.2\bin\jli.dll
0x00007ffc14fc0000 - 0x00007ffc15072000 	C:\Windows\System32\ADVAPI32.dll
0x00007ffc148d0000 - 0x00007ffc14977000 	C:\Windows\System32\msvcrt.dll
0x00007ffc13390000 - 0x00007ffc13439000 	C:\Windows\System32\sechost.dll
0x00007ffc12e00000 - 0x00007ffc12e28000 	C:\Windows\System32\bcrypt.dll
0x00007ffc13cb0000 - 0x00007ffc13dc4000 	C:\Windows\System32\RPCRT4.dll
0x00007ffc14220000 - 0x00007ffc143ce000 	C:\Windows\System32\USER32.dll
0x00007ffbfd1a0000 - 0x00007ffbfd433000 	C:\Windows\WinSxS\amd64_microsoft.windows.common-controls_6595b64144ccf1df_6.0.22621.3672_none_2713b9d173822955\COMCTL32.dll
0x00007ffc14830000 - 0x00007ffc14859000 	C:\Windows\System32\GDI32.dll
0x00007ffc12c70000 - 0x00007ffc12c96000 	C:\Windows\System32\win32u.dll
0x00007ffc12fa0000 - 0x00007ffc130b9000 	C:\Windows\System32\gdi32full.dll
0x00007ffc08700000 - 0x00007ffc0870a000 	C:\Windows\SYSTEM32\VERSION.dll
0x00007ffc12d60000 - 0x00007ffc12dfa000 	C:\Windows\System32\msvcp_win.dll
0x00007ffc14870000 - 0x00007ffc148a1000 	C:\Windows\System32\IMM32.DLL
0x00007ffbc9800000 - 0x00007ffbc989b000 	C:\Program Files\Java\jdk-13.0.2\bin\msvcp140.dll
0x00007ffba8410000 - 0x00007ffba8f6d000 	C:\Program Files\Java\jdk-13.0.2\bin\server\jvm.dll
0x00007ffc14080000 - 0x00007ffc14088000 	C:\Windows\System32\PSAPI.DLL
0x00007ffc0c930000 - 0x00007ffc0c964000 	C:\Windows\SYSTEM32\WINMM.dll
0x00007ffc065d0000 - 0x00007ffc065d9000 	C:\Windows\SYSTEM32\WSOCK32.dll
0x00007ffc15240000 - 0x00007ffc152b1000 	C:\Windows\System32\WS2_32.dll
0x00007ffc11820000 - 0x00007ffc11838000 	C:\Windows\SYSTEM32\kernel.appcore.dll
0x00007ffc06810000 - 0x00007ffc06820000 	C:\Program Files\Java\jdk-13.0.2\bin\verify.dll
0x00007ffc0fc10000 - 0x00007ffc0fe42000 	C:\Windows\SYSTEM32\DBGHELP.DLL
0x00007ffc143d0000 - 0x00007ffc1475e000 	C:\Windows\System32\combase.dll
0x00007ffc14140000 - 0x00007ffc14217000 	C:\Windows\System32\OLEAUT32.dll
0x00007ffbf69e0000 - 0x00007ffbf6a12000 	C:\Windows\SYSTEM32\dbgcore.DLL
0x00007ffc12b80000 - 0x00007ffc12bfb000 	C:\Windows\System32\bcryptPrimitives.dll
0x00007ffbd5830000 - 0x00007ffbd5856000 	C:\Program Files\Java\jdk-13.0.2\bin\java.dll
0x00007ffbe7b30000 - 0x00007ffbe7b47000 	C:\Program Files\Java\jdk-13.0.2\bin\zip.dll
0x00007ffc066e0000 - 0x00007ffc066ea000 	C:\Program Files\Java\jdk-13.0.2\bin\jimage.dll

dbghelp: loaded successfully - version: 4.0.5 - missing functions: none
symbol engine: initialized successfully - sym options: 0x614 - pdb path: .;C:\Program Files\Java\jdk-13.0.2\bin;C:\Windows\SYSTEM32;C:\Windows\WinSxS\amd64_microsoft.windows.common-controls_6595b64144ccf1df_6.0.22621.3672_none_2713b9d173822955;C:\Program Files\Java\jdk-13.0.2\bin\server

VM Arguments:
java_command: App
java_class_path (initial): C:\Users\shima\OneDrive\Documents\Desktop\Background\Background.java\bin
Launcher Type: SUN_STANDARD

[Global flags]
     intx CICompilerCount                          = 4                                         {product} {ergonomic}
     uint ConcGCThreads                            = 2                                         {product} {ergonomic}
     uint G1ConcRefinementThreads                  = 8                                         {product} {ergonomic}
   size_t G1HeapRegionSize                         = 1048576                                   {product} {ergonomic}
    uintx GCDrainStackTargetSize                   = 64                                        {product} {ergonomic}
   size_t InitialHeapSize                          = 54525952                                  {product} {ergonomic}
   size_t MarkStackSize                            = 4194304                                   {product} {ergonomic}
   size_t MaxHeapSize                              = 870318080                                 {product} {ergonomic}
   size_t MinHeapDeltaBytes                        = 1048576                                   {product} {ergonomic}
   size_t MinHeapSize                              = 8388608                                   {product} {ergonomic}
    uintx NonNMethodCodeHeapSize                   = 5839372                                {pd product} {ergonomic}
    uintx NonProfiledCodeHeapSize                  = 122909434                              {pd product} {ergonomic}
    uintx ProfiledCodeHeapSize                     = 122909434                              {pd product} {ergonomic}
    uintx ReservedCodeCacheSize                    = 251658240                              {pd product} {ergonomic}
     bool SegmentedCodeCache                       = true                                      {product} {ergonomic}
   size_t SoftMaxHeapSize                          = 870318080                              {manageable} {ergonomic}
     bool UseCompressedClassPointers               = true                                 {lp64_product} {ergonomic}
     bool UseCompressedOops                        = true                                 {lp64_product} {ergonomic}
     bool UseG1GC                                  = true                                      {product} {ergonomic}
     bool UseLargePagesIndividualAllocation        = false                                  {pd product} {ergonomic}

Logging:
Log output configuration:
 #0: stdout all=warning uptime,level,tags
 #1: stderr all=off uptime,level,tags

Environment Variables:
JAVA_HOME=C:\Program Files\Java\jdk-13.0.2
PATH=C:\Windows\system32;C:\Windows;C:\Windows\System32\Wbem;C:\Windows\System32\WindowsPowerShell\v1.0\;C:\Windows\System32\OpenSSH\;C:\Program Files\Novell\iPrint;C:\Program Files\dotnet\;C:\Users\shima\OneDrive\Documents\openjdk-13+33_windows-x64_bin\jdk-13\bin;C:\Program Files\Java\jdk-13.0.2\bin;C:\Users\shima\AppData\Local\Microsoft\WindowsApps;C:\Users\shima\AppData\Local\Programs\Microsoft VS Code\bin
USERNAME=shima
OS=Windows_NT
PROCESSOR_IDENTIFIER=AMD64 Family 23 Model 160 Stepping 0, AuthenticAMD



---------------  S Y S T E M  ---------------

OS: Windows 10 , 64 bit Build 22621 (10.0.22621.3958)

CPU:total 8 (initial active 8) (8 cores per cpu, 2 threads per core) family 23 model 160 stepping 0, cmov, cx8, fxsr, mmx, sse, sse2, sse3, ssse3, sse4.1, sse4.2, popcnt, avx, avx2, aes, clmul, mmxext, 3dnowpref, lzcnt, sse4a, ht, tsc, tscinvbit, tscinv, bmi1, bmi2, adx, sha, fma

Memory: 4k page, system-wide physical 3317M (208M free)
TotalPageFile size 13557M (AvailPageFile size 21M)
current process WorkingSet (physical memory assigned to process): 11M, peak: 11M
current process commit charge ("private bytes"): 60M, peak: 112M

vm_info: Java HotSpot(TM) 64-Bit Server VM (13.0.2+8) for windows-amd64 JRE (13.0.2+8), built on Dec 11 2019 09:20:33 by "mach5one" with unknown MS VC++:1916

END.
