#
# There is insufficient memory for the Java Runtime Environment to continue.
# Native memory allocation (malloc) failed to allocate 1048576 bytes for AllocateHeap
# Possible reasons:
#   The system is out of physical RAM or swap space
#   The process is running with CompressedOops enabled, and the Java Heap may be blocking the growth of the native heap
# Possible solutions:
#   Reduce memory load on the system
#   Increase physical memory or swap space
#   Check if swap backing store is full
#   Decrease Java heap size (-Xmx/-Xms)
#   Decrease number of Java threads
#   Decrease Java thread stack sizes (-Xss)
#   Set larger code cache with -XX:ReservedCodeCacheSize=
#   JVM is running with Unscaled Compressed Oops mode in which the Java heap is
#     placed in the first 4GB address space. The Java Heap base address is the
#     maximum limit for the native heap growth. Please use -XX:HeapBaseMinAddress
#     to set the Java Heap base and to place the Java Heap above 4GB virtual address.
# This output file may be truncated or incomplete.
#
#  Out of Memory Error (t:/workspace/open/src/hotspot/share/memory/allocation.cpp:45), pid=23748, tid=6984
#
# JRE version:  (13.0.2+8) (build )
# Java VM: Java HotSpot(TM) 64-Bit Server VM (13.0.2+8, mixed mode, aot, sharing, tiered, compressed oops, g1 gc, windows-amd64)
# No core dump will be written. Minidumps are not enabled by default on client versions of Windows
#

---------------  S U M M A R Y ------------

Command Line: App

Host: AMD Ryzen 3 7320U with Radeon Graphics         , 8 cores, 3G,  Windows 10 , 64 bit Build 22621 (10.0.22621.3958)
Time: Thu Sep 26 15:28:13 2024 South Africa Standard Time elapsed time: 0 seconds (0d 0h 0m 0s)

---------------  T H R E A D  ---------------

Current thread (0x000001af600bf000):  JavaThread "Unknown thread" [_thread_in_vm, id=6984, stack(0x0000005a4b900000,0x0000005a4ba00000)]

Stack: [0x0000005a4b900000,0x0000005a4ba00000]
Native frames: (J=compiled Java code, j=interpreted, Vv=VM code, C=native code)
V  [jvm.dll+0x624f9a]
V  [jvm.dll+0x770cfa]
V  [jvm.dll+0x7724af]
V  [jvm.dll+0x772ab3]
V  [jvm.dll+0x24bf08]
V  [jvm.dll+0xb8d8f]
V  [jvm.dll+0x2e110d]
V  [jvm.dll+0x74dd68]
V  [jvm.dll+0x361989]
V  [jvm.dll+0x730e65]
V  [jvm.dll+0x3cc53f]
V  [jvm.dll+0x3ce861]
C  [jli.dll+0x51ff]
C  [ucrtbase.dll+0x29333]
C  [KERNEL32.DLL+0x1257d]
C  [ntdll.dll+0x5af28]


---------------  P R O C E S S  ---------------

Threads class SMR info:
_java_thread_list=0x00007fff9fa6ccb8, length=0, elements={
}

Java Threads: ( => current thread )

Other Threads:

[error occurred during error reporting (printing all threads), id 0xc0000005, EXCEPTION_ACCESS_VIOLATION (0xc0000005) at pc=0x00007fff9f6e5eb7]

VM state:not at safepoint (not fully initialized)

VM Mutex/Monitor currently owned by a thread: None


[error occurred during error reporting (printing compressed oops mode), id 0xc0000005, EXCEPTION_ACCESS_VIOLATION (0xc0000005) at pc=0x00007fff9f1d2227]

GC Heap History (0 events):
No events

Deoptimization events (0 events):
No events

Classes unloaded (0 events):
No events

Classes redefined (0 events):
No events

Internal exceptions (0 events):
No events

Events (8 events):
Event: 0.017 Loaded shared library C:\Program Files\Java\jdk-13.0.2\bin\zip.dll
Event: 0.018 Loaded shared library C:\Program Files\Java\jdk-13.0.2\bin\jimage.dll
Event: 0.022 Loading shared library C:\Program Files\Java\jdk-13.0.2\lib\libjava.base-coop.dll failed, error code 126
Event: 0.022 Loading shared library C:\Program Files\Java\jdk-13.0.2\lib\libjava.logging-coop.dll failed, error code 126
Event: 0.022 Loading shared library C:\Program Files\Java\jdk-13.0.2\lib\libjdk.compiler-coop.dll failed, error code 126
Event: 0.023 Loading shared library C:\Program Files\Java\jdk-13.0.2\lib\libjdk.scripting.nashorn-coop.dll failed, error code 126
Event: 0.023 Loading shared library C:\Program Files\Java\jdk-13.0.2\lib\libjdk.internal.vm.ci-coop.dll failed, error code 126
Event: 0.023 Loading shared library C:\Program Files\Java\jdk-13.0.2\lib\libjdk.internal.vm.compiler-coop.dll failed, error code 126


Dynamic libraries:
0x00007ff714820000 - 0x00007ff71482f000 	C:\Program Files\Java\jdk-13.0.2\bin\java.exe
0x00007ff8420d0000 - 0x00007ff8422e7000 	C:\Windows\SYSTEM32\ntdll.dll
0x00007ff840690000 - 0x00007ff840754000 	C:\Windows\System32\KERNEL32.DLL
0x00007ff83f8b0000 - 0x00007ff83fc5d000 	C:\Windows\System32\KERNELBASE.dll
0x00007ff83f760000 - 0x00007ff83f871000 	C:\Windows\System32\ucrtbase.dll
0x00007ff80d320000 - 0x00007ff80d335000 	C:\Program Files\Java\jdk-13.0.2\bin\VCRUNTIME140.dll
0x00007ff808c60000 - 0x00007ff808c78000 	C:\Program Files\Java\jdk-13.0.2\bin\jli.dll
0x00007ff8405c0000 - 0x00007ff840672000 	C:\Windows\System32\ADVAPI32.dll
0x00007ff840490000 - 0x00007ff840537000 	C:\Windows\System32\msvcrt.dll
0x00007ff841770000 - 0x00007ff841819000 	C:\Windows\System32\sechost.dll
0x00007ff83f880000 - 0x00007ff83f8a8000 	C:\Windows\System32\bcrypt.dll
0x00007ff840c60000 - 0x00007ff840d74000 	C:\Windows\System32\RPCRT4.dll
0x00007ff840130000 - 0x00007ff8402de000 	C:\Windows\System32\USER32.dll
0x00007ff83fc60000 - 0x00007ff83fc86000 	C:\Windows\System32\win32u.dll
0x00007ff82b200000 - 0x00007ff82b493000 	C:\Windows\WinSxS\amd64_microsoft.windows.common-controls_6595b64144ccf1df_6.0.22621.3672_none_2713b9d173822955\COMCTL32.dll
0x00007ff840a50000 - 0x00007ff840a79000 	C:\Windows\System32\GDI32.dll
0x00007ff83f580000 - 0x00007ff83f699000 	C:\Windows\System32\gdi32full.dll
0x00007ff83f4e0000 - 0x00007ff83f57a000 	C:\Windows\System32\msvcp_win.dll
0x00007ff834b70000 - 0x00007ff834b7a000 	C:\Windows\SYSTEM32\VERSION.dll
0x00007ff840450000 - 0x00007ff840481000 	C:\Windows\System32\IMM32.DLL
0x00007ffffce10000 - 0x00007ffffceab000 	C:\Program Files\Java\jdk-13.0.2\bin\msvcp140.dll
0x00007fff9efb0000 - 0x00007fff9fb0d000 	C:\Program Files\Java\jdk-13.0.2\bin\server\jvm.dll
0x00007ff8402e0000 - 0x00007ff8402e8000 	C:\Windows\System32\PSAPI.DLL
0x00007ff839070000 - 0x00007ff8390a4000 	C:\Windows\SYSTEM32\WINMM.dll
0x00007ff81c5b0000 - 0x00007ff81c5b9000 	C:\Windows\SYSTEM32\WSOCK32.dll
0x00007ff840540000 - 0x00007ff8405b1000 	C:\Windows\System32\WS2_32.dll
0x00007ff83e3e0000 - 0x00007ff83e3f8000 	C:\Windows\SYSTEM32\kernel.appcore.dll
0x00007ff815c90000 - 0x00007ff815ca0000 	C:\Program Files\Java\jdk-13.0.2\bin\verify.dll
0x00007ff83cdf0000 - 0x00007ff83d022000 	C:\Windows\SYSTEM32\DBGHELP.DLL
0x00007ff840e80000 - 0x00007ff84120e000 	C:\Windows\System32\combase.dll
0x00007ff840a80000 - 0x00007ff840b57000 	C:\Windows\System32\OLEAUT32.dll
0x00007ff82c170000 - 0x00007ff82c1a2000 	C:\Windows\SYSTEM32\dbgcore.DLL
0x00007ff83f460000 - 0x00007ff83f4db000 	C:\Windows\System32\bcryptPrimitives.dll
0x00007ff808c30000 - 0x00007ff808c56000 	C:\Program Files\Java\jdk-13.0.2\bin\java.dll
0x00007ff806850000 - 0x00007ff806867000 	C:\Program Files\Java\jdk-13.0.2\bin\zip.dll
0x00007ff815950000 - 0x00007ff81595a000 	C:\Program Files\Java\jdk-13.0.2\bin\jimage.dll

dbghelp: loaded successfully - version: 4.0.5 - missing functions: none
symbol engine: initialized successfully - sym options: 0x614 - pdb path: .;C:\Program Files\Java\jdk-13.0.2\bin;C:\Windows\SYSTEM32;C:\Windows\WinSxS\amd64_microsoft.windows.common-controls_6595b64144ccf1df_6.0.22621.3672_none_2713b9d173822955;C:\Program Files\Java\jdk-13.0.2\bin\server

VM Arguments:
java_command: App
java_class_path (initial): C:\Users\shima\AppData\Roaming\Code\User\workspaceStorage\c7f473f416d507a6fa5a995e09b998af\redhat.java\jdt_ws\Background_eab447d\bin
Launcher Type: SUN_STANDARD

[Global flags]
     intx CICompilerCount                          = 4                                         {product} {ergonomic}
     uint G1ConcRefinementThreads                  = 8                                         {product} {ergonomic}
   size_t G1HeapRegionSize                         = 1048576                                   {product} {ergonomic}
    uintx GCDrainStackTargetSize                   = 64                                        {product} {ergonomic}
   size_t InitialHeapSize                          = 54525952                                  {product} {ergonomic}
   size_t MaxHeapSize                              = 870318080                                 {product} {ergonomic}
   size_t MinHeapDeltaBytes                        = 1048576                                   {product} {ergonomic}
   size_t MinHeapSize                              = 8388608                                   {product} {ergonomic}
    uintx NonNMethodCodeHeapSize                   = 5839372                                {pd product} {ergonomic}
    uintx NonProfiledCodeHeapSize                  = 122909434                              {pd product} {ergonomic}
    uintx ProfiledCodeHeapSize                     = 122909434                              {pd product} {ergonomic}
    uintx ReservedCodeCacheSize                    = 251658240                              {pd product} {ergonomic}
     bool SegmentedCodeCache                       = true                                      {product} {ergonomic}
   size_t SoftMaxHeapSize                          = 870318080                              {manageable} {ergonomic}
     bool UseCompressedClassPointers               = true                                 {lp64_product} {ergonomic}
     bool UseCompressedOops                        = true                                 {lp64_product} {ergonomic}
     bool UseG1GC                                  = true                                      {product} {ergonomic}
     bool UseLargePagesIndividualAllocation        = false                                  {pd product} {ergonomic}

Logging:
Log output configuration:
 #0: stdout all=warning uptime,level,tags
 #1: stderr all=off uptime,level,tags

Environment Variables:
JAVA_HOME=C:\Program Files\Java\jdk-13.0.2
PATH=C:\Windows\system32;C:\Windows;C:\Windows\System32\Wbem;C:\Windows\System32\WindowsPowerShell\v1.0\;C:\Windows\System32\OpenSSH\;C:\Program Files\Novell\iPrint;C:\Program Files\dotnet\;C:\Users\shima\OneDrive\Documents\openjdk-13+33_windows-x64_bin\jdk-13\bin;C:\Program Files\Java\jdk-13.0.2\bin;C:\Users\shima\AppData\Local\Microsoft\WindowsApps;C:\Users\shima\AppData\Local\Programs\Microsoft VS Code\bin
USERNAME=shima
OS=Windows_NT
PROCESSOR_IDENTIFIER=AMD64 Family 23 Model 160 Stepping 0, AuthenticAMD



---------------  S Y S T E M  ---------------

OS: Windows 10 , 64 bit Build 22621 (10.0.22621.3958)

CPU:total 8 (initial active 8) (8 cores per cpu, 2 threads per core) family 23 model 160 stepping 0, cmov, cx8, fxsr, mmx, sse, sse2, sse3, ssse3, sse4.1, sse4.2, popcnt, avx, avx2, aes, clmul, mmxext, 3dnowpref, lzcnt, sse4a, ht, tsc, tscinvbit, tscinv, bmi1, bmi2, adx, sha, fma

Memory: 4k page, system-wide physical 3317M (132M free)
TotalPageFile size 13557M (AvailPageFile size 4M)
current process WorkingSet (physical memory assigned to process): 10M, peak: 10M
current process commit charge ("private bytes"): 13M, peak: 14M

vm_info: Java HotSpot(TM) 64-Bit Server VM (13.0.2+8) for windows-amd64 JRE (13.0.2+8), built on Dec 11 2019 09:20:33 by "mach5one" with unknown MS VC++:1916

END.
