#
# There is insufficient memory for the Java Runtime Environment to continue.
# Native memory allocation (malloc) failed to allocate 1295904 bytes. Error detail: Chunk::new
# Possible reasons:
#   The system is out of physical RAM or swap space
#   This process is running with CompressedOops enabled, and the Java Heap may be blocking the growth of the native heap
# Possible solutions:
#   Reduce memory load on the system
#   Increase physical memory or swap space
#   Check if swap backing store is full
#   Decrease Java heap size (-Xmx/-Xms)
#   Decrease number of Java threads
#   Decrease Java thread stack sizes (-Xss)
#   Set larger code cache with -XX:ReservedCodeCacheSize=
#   JVM is running with Unscaled Compressed Oops mode in which the Java heap is
#     placed in the first 4GB address space. The Java Heap base address is the
#     maximum limit for the native heap growth. Please use -XX:HeapBaseMinAddress
#     to set the Java Heap base and to place the Java Heap above 4GB virtual address.
# This output file may be truncated or incomplete.
#
#  Out of Memory Error (arena.cpp:191), pid=10760, tid=24808
#
# JRE version: OpenJDK Runtime Environment Temurin-17.0.12+7 (17.0.12+7) (build 17.0.12+7)
# Java VM: OpenJDK 64-Bit Server VM Temurin-17.0.12+7 (17.0.12+7, mixed mode, tiered, compressed oops, compressed class ptrs, parallel gc, windows-amd64)
# No core dump will be written. Minidumps are not enabled by default on client versions of Windows
#

---------------  S U M M A R Y ------------

Command Line: --add-modules=ALL-SYSTEM --add-opens=java.base/java.util=ALL-UNNAMED --add-opens=java.base/java.lang=ALL-UNNAMED --add-opens=java.base/sun.nio.fs=ALL-UNNAMED -Declipse.application=org.eclipse.jdt.ls.core.id1 -Dosgi.bundles.defaultStartLevel=4 -Declipse.product=org.eclipse.jdt.ls.core.product -Djava.import.generatesMetadataFilesAtProjectRoot=false -DDetectVMInstallationsJob.disabled=true -Dfile.encoding=utf8 -XX:+UseParallelGC -XX:GCTimeRatio=4 -XX:AdaptiveSizePolicyWeight=90 -Dsun.zip.disableMemoryMapping=true -Xmx1G -Xms100m -Xlog:disable -javaagent:c:\Users\shima\.vscode\extensions\redhat.java-1.34.0-win32-x64\lombok\lombok-1.18.33.jar -XX:+HeapDumpOnOutOfMemoryError -XX:HeapDumpPath=c:\Users\shima\AppData\Roaming\Code\User\workspaceStorage\c7f473f416d507a6fa5a995e09b998af\redhat.java -Daether.dependencyCollector.impl=bf c:\Users\shima\.vscode\extensions\redhat.java-1.34.0-win32-x64\server\plugins\org.eclipse.equinox.launcher_1.6.900.v20240613-2009.jar -configuration c:\Users\shima\AppData\Roaming\Code\User\globalStorage\redhat.java\1.34.0\config_win -data c:\Users\shima\AppData\Roaming\Code\User\workspaceStorage\c7f473f416d507a6fa5a995e09b998af\redhat.java\jdt_ws --pipe=\\.\pipe\lsp-bc5f5e880c3e2ae228d90d0fe351cdcf-sock

Host: AMD Ryzen 3 7320U with Radeon Graphics         , 8 cores, 3G,  Windows 11 , 64 bit Build 22621 (10.0.22621.3958)
Time: Thu Sep 26 15:50:53 2024 South Africa Standard Time elapsed time: 55.794576 seconds (0d 0h 0m 55s)

---------------  T H R E A D  ---------------

Current thread (0x0000016593068a60):  JavaThread "C2 CompilerThread0" daemon [_thread_in_native, id=24808, stack(0x0000000f2b100000,0x0000000f2b200000)]


Current CompileTask:
C2:  55794 11463   !   4       org.eclipse.jdt.internal.compiler.lookup.BinaryTypeBinding::superclass (207 bytes)

Stack: [0x0000000f2b100000,0x0000000f2b200000]
Native frames: (J=compiled Java code, j=interpreted, Vv=VM code, C=native code)
V  [jvm.dll+0x67f929]
V  [jvm.dll+0x8371ba]
V  [jvm.dll+0x838c7e]
V  [jvm.dll+0x8392e3]
V  [jvm.dll+0x24834f]
V  [jvm.dll+0xac9d4]
V  [jvm.dll+0xad01c]
V  [jvm.dll+0x3674a7]
V  [jvm.dll+0x33197a]
V  [jvm.dll+0x330e1a]
V  [jvm.dll+0x21a8b1]
V  [jvm.dll+0x219cf1]
V  [jvm.dll+0x1a58bd]
V  [jvm.dll+0x229a2d]
V  [jvm.dll+0x227bdc]
V  [jvm.dll+0x7ec1f7]
V  [jvm.dll+0x7e65dc]
V  [jvm.dll+0x67e7f7]
C  [ucrtbase.dll+0x29333]
C  [KERNEL32.DLL+0x1257d]
C  [ntdll.dll+0x5af28]


---------------  P R O C E S S  ---------------

Threads class SMR info:
_java_thread_list=0x00000165977a8b40, length=51, elements={
0x00000165fa1498f0, 0x00000165fefd5020, 0x00000165fa1f66f0, 0x00000165fefdc400,
0x00000165fefddfd0, 0x0000016593062b30, 0x0000016593063040, 0x0000016593068a60,
0x000001659306ac10, 0x000001659306ddc0, 0x0000016593063f70, 0x0000016593064480,
0x0000016593064990, 0x0000016593063a60, 0x0000016593062110, 0x00000165930616f0,
0x0000016593063550, 0x00000165951b4fe0, 0x00000165951b3180, 0x00000165951b3690,
0x00000165951b45c0, 0x00000165951afee0, 0x00000165951b3ba0, 0x00000165951b1320,
0x00000165951b2760, 0x00000165951b2c70, 0x00000165951b4ad0, 0x00000165951b40b0,
0x00000165951b54f0, 0x00000165951ae080, 0x00000165951af4c0, 0x00000165951b5a00,
0x00000165951aeaa0, 0x00000165951af9d0, 0x00000165951b1d40, 0x00000165951b2250,
0x00000165951b0900, 0x0000016595687ae0, 0x0000016595687ff0, 0x0000016595685770,
0x00000165956875d0, 0x0000016595685c80, 0x0000016595686190, 0x0000016595688f20,
0x00000165956870c0, 0x0000016595f8b9e0, 0x0000016595f87d20, 0x0000016595f8e770,
0x0000016595f87300, 0x0000016595f88c50, 0x0000016595f8d330
}

Java Threads: ( => current thread )
  0x00000165fa1498f0 JavaThread "main" [_thread_blocked, id=25708, stack(0x0000000f2a800000,0x0000000f2a900000)]
  0x00000165fefd5020 JavaThread "Reference Handler" daemon [_thread_blocked, id=23236, stack(0x0000000f2ab00000,0x0000000f2ac00000)]
  0x00000165fa1f66f0 JavaThread "Finalizer" daemon [_thread_blocked, id=23980, stack(0x0000000f2ac00000,0x0000000f2ad00000)]
  0x00000165fefdc400 JavaThread "Signal Dispatcher" daemon [_thread_blocked, id=25864, stack(0x0000000f2ad00000,0x0000000f2ae00000)]
  0x00000165fefddfd0 JavaThread "Attach Listener" daemon [_thread_blocked, id=13940, stack(0x0000000f2ae00000,0x0000000f2af00000)]
  0x0000016593062b30 JavaThread "Service Thread" daemon [_thread_blocked, id=26456, stack(0x0000000f2af00000,0x0000000f2b000000)]
  0x0000016593063040 JavaThread "Monitor Deflation Thread" daemon [_thread_blocked, id=13508, stack(0x0000000f2b000000,0x0000000f2b100000)]
=>0x0000016593068a60 JavaThread "C2 CompilerThread0" daemon [_thread_in_native, id=24808, stack(0x0000000f2b100000,0x0000000f2b200000)]
  0x000001659306ac10 JavaThread "C1 CompilerThread0" daemon [_thread_blocked, id=18672, stack(0x0000000f2b200000,0x0000000f2b300000)]
  0x000001659306ddc0 JavaThread "Sweeper thread" daemon [_thread_blocked, id=25844, stack(0x0000000f2b300000,0x0000000f2b400000)]
  0x0000016593063f70 JavaThread "Common-Cleaner" daemon [_thread_blocked, id=25960, stack(0x0000000f2b400000,0x0000000f2b500000)]
  0x0000016593064480 JavaThread "Notification Thread" daemon [_thread_blocked, id=24832, stack(0x0000000f2b500000,0x0000000f2b600000)]
  0x0000016593064990 JavaThread "Active Thread: Equinox Container: d42d9d23-db47-4456-ac5d-b2750c0320f7" [_thread_blocked, id=17116, stack(0x0000000f2bd00000,0x0000000f2be00000)]
  0x0000016593063a60 JavaThread "Framework Event Dispatcher: Equinox Container: d42d9d23-db47-4456-ac5d-b2750c0320f7" daemon [_thread_blocked, id=17972, stack(0x0000000f2be00000,0x0000000f2bf00000)]
  0x0000016593062110 JavaThread "Start Level: Equinox Container: d42d9d23-db47-4456-ac5d-b2750c0320f7" daemon [_thread_blocked, id=23036, stack(0x0000000f2bf00000,0x0000000f2c000000)]
  0x00000165930616f0 JavaThread "Bundle File Closer" daemon [_thread_blocked, id=18736, stack(0x0000000f2c100000,0x0000000f2c200000)]
  0x0000016593063550 JavaThread "SCR Component Actor" daemon [_thread_blocked, id=15944, stack(0x0000000f2c200000,0x0000000f2c300000)]
  0x00000165951b4fe0 JavaThread "Worker-JM" [_thread_blocked, id=16744, stack(0x0000000f2c400000,0x0000000f2c500000)]
  0x00000165951b3180 JavaThread "JNA Cleaner" daemon [_thread_blocked, id=8552, stack(0x0000000f2c500000,0x0000000f2c600000)]
  0x00000165951b3690 JavaThread "Worker-0" [_thread_blocked, id=2784, stack(0x0000000f2c600000,0x0000000f2c700000)]
  0x00000165951b45c0 JavaThread "Worker-1" [_thread_blocked, id=24336, stack(0x0000000f2c700000,0x0000000f2c800000)]
  0x00000165951afee0 JavaThread "Java indexing" daemon [_thread_blocked, id=17940, stack(0x0000000f2c800000,0x0000000f2c900000)]
  0x00000165951b3ba0 JavaThread "Worker-2" [_thread_blocked, id=25468, stack(0x0000000f2c900000,0x0000000f2ca00000)]
  0x00000165951b1320 JavaThread "Worker-3" [_thread_blocked, id=15692, stack(0x0000000f2ca00000,0x0000000f2cb00000)]
  0x00000165951b2760 JavaThread "Thread-2" daemon [_thread_in_native, id=20912, stack(0x0000000f2cb00000,0x0000000f2cc00000)]
  0x00000165951b2c70 JavaThread "Thread-3" daemon [_thread_in_native, id=14100, stack(0x0000000f2cc00000,0x0000000f2cd00000)]
  0x00000165951b4ad0 JavaThread "Thread-4" daemon [_thread_in_native, id=3204, stack(0x0000000f2cd00000,0x0000000f2ce00000)]
  0x00000165951b40b0 JavaThread "Thread-5" daemon [_thread_in_native, id=19880, stack(0x0000000f2ce00000,0x0000000f2cf00000)]
  0x00000165951b54f0 JavaThread "Thread-6" daemon [_thread_in_native, id=10116, stack(0x0000000f2cf00000,0x0000000f2d000000)]
  0x00000165951ae080 JavaThread "Thread-7" daemon [_thread_in_native, id=21636, stack(0x0000000f2d000000,0x0000000f2d100000)]
  0x00000165951af4c0 JavaThread "Thread-8" daemon [_thread_in_native, id=3064, stack(0x0000000f2d100000,0x0000000f2d200000)]
  0x00000165951b5a00 JavaThread "Thread-9" daemon [_thread_in_native, id=24060, stack(0x0000000f2d200000,0x0000000f2d300000)]
  0x00000165951aeaa0 JavaThread "Thread-10" daemon [_thread_in_native, id=3696, stack(0x0000000f2d300000,0x0000000f2d400000)]
  0x00000165951af9d0 JavaThread "pool-2-thread-1" [_thread_blocked, id=20892, stack(0x0000000f2d400000,0x0000000f2d500000)]
  0x00000165951b1d40 JavaThread "WorkspaceEventsHandler" [_thread_blocked, id=15336, stack(0x0000000f2d500000,0x0000000f2d600000)]
  0x00000165951b2250 JavaThread "pool-1-thread-1" [_thread_blocked, id=13752, stack(0x0000000f2d600000,0x0000000f2d700000)]
  0x00000165951b0900 JavaThread "Worker-4" [_thread_blocked, id=16516, stack(0x0000000f2c300000,0x0000000f2c400000)]
  0x0000016595687ae0 JavaThread "ForkJoinPool.commonPool-worker-1" daemon [_thread_blocked, id=20764, stack(0x0000000f2d700000,0x0000000f2d800000)]
  0x0000016595687ff0 JavaThread "ForkJoinPool.commonPool-worker-2" daemon [_thread_blocked, id=14104, stack(0x0000000f2d800000,0x0000000f2d900000)]
  0x0000016595685770 JavaThread "ForkJoinPool.commonPool-worker-3" daemon [_thread_blocked, id=24312, stack(0x0000000f2d900000,0x0000000f2da00000)]
  0x00000165956875d0 JavaThread "ForkJoinPool.commonPool-worker-4" daemon [_thread_blocked, id=7800, stack(0x0000000f2da00000,0x0000000f2db00000)]
  0x0000016595685c80 JavaThread "ForkJoinPool.commonPool-worker-5" daemon [_thread_blocked, id=18996, stack(0x0000000f2db00000,0x0000000f2dc00000)]
  0x0000016595686190 JavaThread "ForkJoinPool.commonPool-worker-6" daemon [_thread_blocked, id=25376, stack(0x0000000f2dc00000,0x0000000f2dd00000)]
  0x0000016595688f20 JavaThread "ForkJoinPool.commonPool-worker-7" daemon [_thread_blocked, id=11840, stack(0x0000000f2dd00000,0x0000000f2de00000)]
  0x00000165956870c0 JavaThread "Cleaner-0" daemon [_thread_blocked, id=12664, stack(0x0000000f2de00000,0x0000000f2df00000)]
  0x0000016595f8b9e0 JavaThread "Java Debug Server" daemon [_thread_in_native, id=6692, stack(0x0000000f2df00000,0x0000000f2e000000)]
  0x0000016595f87d20 JavaThread "pool-3-thread-1" [_thread_in_native, id=23784, stack(0x0000000f2e000000,0x0000000f2e100000)]
  0x0000016595f8e770 JavaThread "RxSchedulerPurge-1" daemon [_thread_blocked, id=6540, stack(0x0000000f2e100000,0x0000000f2e200000)]
  0x0000016595f87300 JavaThread "RxCachedWorkerPoolEvictor-1" daemon [_thread_blocked, id=7820, stack(0x0000000f2e200000,0x0000000f2e300000)]
  0x0000016595f88c50 JavaThread "RxNewThreadScheduler-1" daemon [_thread_blocked, id=19572, stack(0x0000000f2e300000,0x0000000f2e400000)]
  0x0000016595f8d330 JavaThread "process reaper (pid 19672)" daemon [_thread_in_native, id=12388, stack(0x0000000f2a1e0000,0x0000000f2a200000)]

Other Threads:
  0x00000165930414b0 VMThread "VM Thread" [stack: 0x0000000f2aa00000,0x0000000f2ab00000] [id=24840]
  0x0000016593356030 WatcherThread [stack: 0x0000000f2b600000,0x0000000f2b700000] [id=14548]
  0x00000165fa160600 GCTaskThread "GC Thread#0" [stack: 0x0000000f2a900000,0x0000000f2aa00000] [id=7600]
  0x000001659430b900 GCTaskThread "GC Thread#1" [stack: 0x0000000f2b700000,0x0000000f2b800000] [id=6924]
  0x00000165945b0020 GCTaskThread "GC Thread#2" [stack: 0x0000000f2b800000,0x0000000f2b900000] [id=10932]
  0x00000165945b02e0 GCTaskThread "GC Thread#3" [stack: 0x0000000f2b900000,0x0000000f2ba00000] [id=23852]
  0x0000016594870a90 GCTaskThread "GC Thread#4" [stack: 0x0000000f2ba00000,0x0000000f2bb00000] [id=12356]
  0x0000016594870d50 GCTaskThread "GC Thread#5" [stack: 0x0000000f2bb00000,0x0000000f2bc00000] [id=19468]
  0x0000016594871010 GCTaskThread "GC Thread#6" [stack: 0x0000000f2bc00000,0x0000000f2bd00000] [id=22824]
  0x0000016594996370 GCTaskThread "GC Thread#7" [stack: 0x0000000f2c000000,0x0000000f2c100000] [id=11484]

Threads with active compile tasks:
C2 CompilerThread0    55845 11463   !   4       org.eclipse.jdt.internal.compiler.lookup.BinaryTypeBinding::superclass (207 bytes)

VM state: not at safepoint (normal execution)

VM Mutex/Monitor currently owned by a thread: None

Heap address: 0x00000000c0000000, size: 1024 MB, Compressed Oops mode: 32-bit

CDS archive(s) not mapped
Compressed class space mapped at: 0x0000000100000000-0x0000000140000000, reserved size: 1073741824
Narrow klass base: 0x0000000000000000, Narrow klass shift: 3, Narrow klass range: 0x140000000

GC Precious Log:
 CPUs: 8 total, 8 available
 Memory: 3317M
 Large Page Support: Disabled
 NUMA Support: Disabled
 Compressed Oops: Enabled (32-bit)
 Alignments: Space 512K, Generation 512K, Heap 2M
 Heap Min Capacity: 100M
 Heap Initial Capacity: 100M
 Heap Max Capacity: 1G
 Pre-touch: Disabled
 Parallel Workers: 8

Heap:
 PSYoungGen      total 49664K, used 10174K [0x00000000eab00000, 0x00000000ee200000, 0x0000000100000000)
  eden space 43520K, 12% used [0x00000000eab00000,0x00000000eb0366f8,0x00000000ed580000)
  from space 6144K, 78% used [0x00000000ed580000,0x00000000eda39488,0x00000000edb80000)
  to   space 5120K, 0% used [0x00000000edd00000,0x00000000edd00000,0x00000000ee200000)
 ParOldGen       total 397312K, used 348662K [0x00000000c0000000, 0x00000000d8400000, 0x00000000eab00000)
  object space 397312K, 87% used [0x00000000c0000000,0x00000000d547d828,0x00000000d8400000)
 Metaspace       used 77864K, committed 79168K, reserved 1179648K
  class space    used 8170K, committed 8704K, reserved 1048576K

Card table byte_map: [0x00000165f9b00000,0x00000165f9d10000] _byte_map_base: 0x00000165f9500000

Marking Bits: (ParMarkBitMap*) 0x00007fff9fa458b0
 Begin Bits: [0x00000165fcde0000, 0x00000165fdde0000)
 End Bits:   [0x00000165fdde0000, 0x00000165fede0000)

Polling page: 0x00000165f7f40000

Metaspace:

Usage:
  Non-class:     68.06 MB used.
      Class:      7.98 MB used.
       Both:     76.04 MB used.

Virtual space:
  Non-class space:      128.00 MB reserved,      68.81 MB ( 54%) committed,  2 nodes.
      Class space:        1.00 GB reserved,       8.50 MB ( <1%) committed,  1 nodes.
             Both:        1.12 GB reserved,      77.31 MB (  7%) committed. 

Chunk freelists:
   Non-Class:  10.53 MB
       Class:  7.50 MB
        Both:  18.03 MB

MaxMetaspaceSize: unlimited
CompressedClassSpaceSize: 1.00 GB
Initial GC threshold: 21.00 MB
Current GC threshold: 120.94 MB
CDS: off
MetaspaceReclaimPolicy: balanced
 - commit_granule_bytes: 65536.
 - commit_granule_words: 8192.
 - virtual_space_node_default_size: 8388608.
 - enlarge_chunks_in_place: 1.
 - new_chunks_are_fully_committed: 0.
 - uncommit_free_chunks: 1.
 - use_allocation_guard: 0.
 - handle_deallocations: 1.


Internal statistics:

num_allocs_failed_limit: 11.
num_arena_births: 856.
num_arena_deaths: 14.
num_vsnodes_births: 3.
num_vsnodes_deaths: 0.
num_space_committed: 1237.
num_space_uncommitted: 0.
num_chunks_returned_to_freelist: 25.
num_chunks_taken_from_freelist: 4071.
num_chunk_merges: 16.
num_chunk_splits: 2564.
num_chunks_enlarged: 1534.
num_inconsistent_stats: 0.

CodeHeap 'non-profiled nmethods': size=120000Kb used=5094Kb max_used=5094Kb free=114905Kb
 bounds [0x0000016587ad0000, 0x0000016587fd0000, 0x000001658f000000]
CodeHeap 'profiled nmethods': size=120000Kb used=21370Kb max_used=21396Kb free=98629Kb
 bounds [0x0000016580000000, 0x00000165814f0000, 0x0000016587530000]
CodeHeap 'non-nmethods': size=5760Kb used=1418Kb max_used=1481Kb free=4341Kb
 bounds [0x0000016587530000, 0x00000165877a0000, 0x0000016587ad0000]
 total_blobs=10732 nmethods=9955 adapters=688
 compilation: enabled
              stopped_count=0, restarted_count=0
 full_count=0

Compilation events (20 events):
Event: 55.656 Thread 0x000001659306ac10 12540       2       org.eclipse.jdt.ls.core.internal.handlers.DocumentSymbolHandler$$Lambda$654/0x0000000100816468::test (8 bytes)
Event: 55.656 Thread 0x000001659306ac10 nmethod 12540 0x00000165814da990 code [0x00000165814dab20, 0x00000165814dac78]
Event: 55.657 Thread 0x000001659306ac10 12541       3       java.util.regex.Pattern::expr (142 bytes)
Event: 55.658 Thread 0x000001659306ac10 nmethod 12541 0x00000165814dad10 code [0x00000165814daf60, 0x00000165814db908]
Event: 55.661 Thread 0x000001659306ac10 12542       2       com.google.gson.internal.bind.TypeAdapters$3::write (10 bytes)
Event: 55.661 Thread 0x000001659306ac10 nmethod 12542 0x00000165814dbc90 code [0x00000165814dbe40, 0x00000165814dbfa8]
Event: 55.661 Thread 0x000001659306ac10 12543       2       com.google.gson.internal.bind.TypeAdapters$3::write (7 bytes)
Event: 55.661 Thread 0x000001659306ac10 nmethod 12543 0x00000165814dc090 code [0x00000165814dc220, 0x00000165814dc348]
Event: 55.661 Thread 0x000001659306ac10 12544       2       org.eclipse.lsp4j.jsonrpc.json.adapters.EnumTypeAdapter::write (10 bytes)
Event: 55.662 Thread 0x000001659306ac10 nmethod 12544 0x00000165814dc410 code [0x00000165814dc5e0, 0x00000165814dc808]
Event: 55.662 Thread 0x000001659306ac10 12545       2       org.eclipse.lsp4j.jsonrpc.json.adapters.EnumTypeAdapter::write (35 bytes)
Event: 55.662 Thread 0x000001659306ac10 nmethod 12545 0x00000165814dc910 code [0x00000165814dcae0, 0x00000165814dccc8]
Event: 55.662 Thread 0x000001659306ac10 12546       2       com.google.gson.Gson$FutureTypeAdapter::write (10 bytes)
Event: 55.662 Thread 0x000001659306ac10 nmethod 12546 0x00000165814dce10 code [0x00000165814dcfc0, 0x00000165814dd1b8]
Event: 55.662 Thread 0x000001659306ac10 12547       2       java.util.concurrent.CompletableFuture::completeValue (20 bytes)
Event: 55.663 Thread 0x000001659306ac10 nmethod 12547 0x00000165814dd310 code [0x00000165814dd4e0, 0x00000165814dd898]
Event: 55.720 Thread 0x000001659306ac10 12548       1       org.eclipse.core.internal.localstore.FileSystemResourceManager::getWorkspace (5 bytes)
Event: 55.720 Thread 0x000001659306ac10 nmethod 12548 0x0000016587fc9590 code [0x0000016587fc9720, 0x0000016587fc97f8]
Event: 55.737 Thread 0x000001659306ac10 12549       2       org.lombokweb.asm.MethodWriter::visitIincInsn (135 bytes)
Event: 55.738 Thread 0x000001659306ac10 nmethod 12549 0x00000165814dda90 code [0x00000165814ddc80, 0x00000165814ddf38]

GC Heap History (20 events):
Event: 33.836 GC heap before
{Heap before GC invocations=203 (full 11):
 PSYoungGen      total 43520K, used 42751K [0x00000000eab00000, 0x00000000ee580000, 0x0000000100000000)
  eden space 27136K, 100% used [0x00000000eab00000,0x00000000ec580000,0x00000000ec580000)
  from space 16384K, 95% used [0x00000000ed580000,0x00000000ee4bff10,0x00000000ee580000)
  to   space 16384K, 0% used [0x00000000ec580000,0x00000000ec580000,0x00000000ed580000)
 ParOldGen       total 326656K, used 316830K [0x00000000c0000000, 0x00000000d3f00000, 0x00000000eab00000)
  object space 326656K, 96% used [0x00000000c0000000,0x00000000d3567970,0x00000000d3f00000)
 Metaspace       used 73101K, committed 74304K, reserved 1179648K
  class space    used 7789K, committed 8320K, reserved 1048576K
}
Event: 33.849 GC heap after
{Heap after GC invocations=203 (full 11):
 PSYoungGen      total 43520K, used 16382K [0x00000000eab00000, 0x00000000efe80000, 0x0000000100000000)
  eden space 27136K, 0% used [0x00000000eab00000,0x00000000eab00000,0x00000000ec580000)
  from space 16384K, 99% used [0x00000000ec580000,0x00000000ed57fb08,0x00000000ed580000)
  to   space 27648K, 0% used [0x00000000ee380000,0x00000000ee380000,0x00000000efe80000)
 ParOldGen       total 326656K, used 326208K [0x00000000c0000000, 0x00000000d3f00000, 0x00000000eab00000)
  object space 326656K, 99% used [0x00000000c0000000,0x00000000d3e90220,0x00000000d3f00000)
 Metaspace       used 73101K, committed 74304K, reserved 1179648K
  class space    used 7789K, committed 8320K, reserved 1048576K
}
Event: 33.849 GC heap before
{Heap before GC invocations=204 (full 12):
 PSYoungGen      total 43520K, used 16382K [0x00000000eab00000, 0x00000000efe80000, 0x0000000100000000)
  eden space 27136K, 0% used [0x00000000eab00000,0x00000000eab00000,0x00000000ec580000)
  from space 16384K, 99% used [0x00000000ec580000,0x00000000ed57fb08,0x00000000ed580000)
  to   space 27648K, 0% used [0x00000000ee380000,0x00000000ee380000,0x00000000efe80000)
 ParOldGen       total 326656K, used 326208K [0x00000000c0000000, 0x00000000d3f00000, 0x00000000eab00000)
  object space 326656K, 99% used [0x00000000c0000000,0x00000000d3e90220,0x00000000d3f00000)
 Metaspace       used 73101K, committed 74304K, reserved 1179648K
  class space    used 7789K, committed 8320K, reserved 1048576K
}
Event: 34.409 GC heap after
{Heap after GC invocations=204 (full 12):
 PSYoungGen      total 43520K, used 10793K [0x00000000eab00000, 0x00000000efe00000, 0x0000000100000000)
  eden space 27136K, 0% used [0x00000000eab00000,0x00000000eab00000,0x00000000ec580000)
  from space 16384K, 65% used [0x00000000ec580000,0x00000000ed00a7e8,0x00000000ed580000)
  to   space 27648K, 0% used [0x00000000ee300000,0x00000000ee300000,0x00000000efe00000)
 ParOldGen       total 397312K, used 326331K [0x00000000c0000000, 0x00000000d8400000, 0x00000000eab00000)
  object space 397312K, 82% used [0x00000000c0000000,0x00000000d3eaefa8,0x00000000d8400000)
 Metaspace       used 73101K, committed 74304K, reserved 1179648K
  class space    used 7789K, committed 8320K, reserved 1048576K
}
Event: 37.444 GC heap before
{Heap before GC invocations=205 (full 12):
 PSYoungGen      total 43520K, used 37929K [0x00000000eab00000, 0x00000000efe00000, 0x0000000100000000)
  eden space 27136K, 100% used [0x00000000eab00000,0x00000000ec580000,0x00000000ec580000)
  from space 16384K, 65% used [0x00000000ec580000,0x00000000ed00a7e8,0x00000000ed580000)
  to   space 27648K, 0% used [0x00000000ee300000,0x00000000ee300000,0x00000000efe00000)
 ParOldGen       total 397312K, used 326331K [0x00000000c0000000, 0x00000000d8400000, 0x00000000eab00000)
  object space 397312K, 82% used [0x00000000c0000000,0x00000000d3eaefa8,0x00000000d8400000)
 Metaspace       used 73112K, committed 74368K, reserved 1179648K
  class space    used 7789K, committed 8320K, reserved 1048576K
}
Event: 38.065 GC heap after
{Heap after GC invocations=205 (full 12):
 PSYoungGen      total 44032K, used 14182K [0x00000000eab00000, 0x00000000ef100000, 0x0000000100000000)
  eden space 29696K, 0% used [0x00000000eab00000,0x00000000eab00000,0x00000000ec800000)
  from space 14336K, 98% used [0x00000000ee300000,0x00000000ef0d9918,0x00000000ef100000)
  to   space 18432K, 0% used [0x00000000ecd00000,0x00000000ecd00000,0x00000000edf00000)
 ParOldGen       total 397312K, used 331838K [0x00000000c0000000, 0x00000000d8400000, 0x00000000eab00000)
  object space 397312K, 83% used [0x00000000c0000000,0x00000000d440fa30,0x00000000d8400000)
 Metaspace       used 73112K, committed 74368K, reserved 1179648K
  class space    used 7789K, committed 8320K, reserved 1048576K
}
Event: 47.854 GC heap before
{Heap before GC invocations=206 (full 12):
 PSYoungGen      total 44032K, used 43878K [0x00000000eab00000, 0x00000000ef100000, 0x0000000100000000)
  eden space 29696K, 100% used [0x00000000eab00000,0x00000000ec800000,0x00000000ec800000)
  from space 14336K, 98% used [0x00000000ee300000,0x00000000ef0d9918,0x00000000ef100000)
  to   space 18432K, 0% used [0x00000000ecd00000,0x00000000ecd00000,0x00000000edf00000)
 ParOldGen       total 397312K, used 331838K [0x00000000c0000000, 0x00000000d8400000, 0x00000000eab00000)
  object space 397312K, 83% used [0x00000000c0000000,0x00000000d440fa30,0x00000000d8400000)
 Metaspace       used 73715K, committed 74944K, reserved 1179648K
  class space    used 7792K, committed 8320K, reserved 1048576K
}
Event: 48.205 GC heap after
{Heap after GC invocations=206 (full 12):
 PSYoungGen      total 50688K, used 18308K [0x00000000eab00000, 0x00000000ef080000, 0x0000000100000000)
  eden space 32256K, 0% used [0x00000000eab00000,0x00000000eab00000,0x00000000eca80000)
  from space 18432K, 99% used [0x00000000ecd00000,0x00000000edee1088,0x00000000edf00000)
  to   space 17920K, 0% used [0x00000000edf00000,0x00000000edf00000,0x00000000ef080000)
 ParOldGen       total 397312K, used 331846K [0x00000000c0000000, 0x00000000d8400000, 0x00000000eab00000)
  object space 397312K, 83% used [0x00000000c0000000,0x00000000d4411a30,0x00000000d8400000)
 Metaspace       used 73715K, committed 74944K, reserved 1179648K
  class space    used 7792K, committed 8320K, reserved 1048576K
}
Event: 48.607 GC heap before
{Heap before GC invocations=207 (full 12):
 PSYoungGen      total 50688K, used 50207K [0x00000000eab00000, 0x00000000ef080000, 0x0000000100000000)
  eden space 32256K, 98% used [0x00000000eab00000,0x00000000eca26c48,0x00000000eca80000)
  from space 18432K, 99% used [0x00000000ecd00000,0x00000000edee1088,0x00000000edf00000)
  to   space 17920K, 0% used [0x00000000edf00000,0x00000000edf00000,0x00000000ef080000)
 ParOldGen       total 397312K, used 331846K [0x00000000c0000000, 0x00000000d8400000, 0x00000000eab00000)
  object space 397312K, 83% used [0x00000000c0000000,0x00000000d4411a30,0x00000000d8400000)
 Metaspace       used 74075K, committed 75264K, reserved 1179648K
  class space    used 7824K, committed 8320K, reserved 1048576K
}
Event: 48.729 GC heap after
{Heap after GC invocations=207 (full 12):
 PSYoungGen      total 52736K, used 17909K [0x00000000eab00000, 0x00000000ef180000, 0x0000000100000000)
  eden space 34816K, 0% used [0x00000000eab00000,0x00000000eab00000,0x00000000ecd00000)
  from space 17920K, 99% used [0x00000000edf00000,0x00000000ef07d4d0,0x00000000ef080000)
  to   space 18432K, 0% used [0x00000000ecd00000,0x00000000ecd00000,0x00000000edf00000)
 ParOldGen       total 397312K, used 332176K [0x00000000c0000000, 0x00000000d8400000, 0x00000000eab00000)
  object space 397312K, 83% used [0x00000000c0000000,0x00000000d44642a0,0x00000000d8400000)
 Metaspace       used 74075K, committed 75264K, reserved 1179648K
  class space    used 7824K, committed 8320K, reserved 1048576K
}
Event: 49.182 GC heap before
{Heap before GC invocations=208 (full 12):
 PSYoungGen      total 52736K, used 52725K [0x00000000eab00000, 0x00000000ef180000, 0x0000000100000000)
  eden space 34816K, 100% used [0x00000000eab00000,0x00000000ecd00000,0x00000000ecd00000)
  from space 17920K, 99% used [0x00000000edf00000,0x00000000ef07d4d0,0x00000000ef080000)
  to   space 18432K, 0% used [0x00000000ecd00000,0x00000000ecd00000,0x00000000edf00000)
 ParOldGen       total 397312K, used 332176K [0x00000000c0000000, 0x00000000d8400000, 0x00000000eab00000)
  object space 397312K, 83% used [0x00000000c0000000,0x00000000d44642a0,0x00000000d8400000)
 Metaspace       used 74928K, committed 76096K, reserved 1179648K
  class space    used 7937K, committed 8448K, reserved 1048576K
}
Event: 49.286 GC heap after
{Heap after GC invocations=208 (full 12):
 PSYoungGen      total 40960K, used 5748K [0x00000000eab00000, 0x00000000ee580000, 0x0000000100000000)
  eden space 34816K, 0% used [0x00000000eab00000,0x00000000eab00000,0x00000000ecd00000)
  from space 6144K, 93% used [0x00000000ecd00000,0x00000000ed29d020,0x00000000ed300000)
  to   space 10752K, 0% used [0x00000000edb00000,0x00000000edb00000,0x00000000ee580000)
 ParOldGen       total 397312K, used 345565K [0x00000000c0000000, 0x00000000d8400000, 0x00000000eab00000)
  object space 397312K, 86% used [0x00000000c0000000,0x00000000d5177780,0x00000000d8400000)
 Metaspace       used 74928K, committed 76096K, reserved 1179648K
  class space    used 7937K, committed 8448K, reserved 1048576K
}
Event: 50.111 GC heap before
{Heap before GC invocations=209 (full 12):
 PSYoungGen      total 40960K, used 40564K [0x00000000eab00000, 0x00000000ee580000, 0x0000000100000000)
  eden space 34816K, 100% used [0x00000000eab00000,0x00000000ecd00000,0x00000000ecd00000)
  from space 6144K, 93% used [0x00000000ecd00000,0x00000000ed29d020,0x00000000ed300000)
  to   space 10752K, 0% used [0x00000000edb00000,0x00000000edb00000,0x00000000ee580000)
 ParOldGen       total 397312K, used 345565K [0x00000000c0000000, 0x00000000d8400000, 0x00000000eab00000)
  object space 397312K, 86% used [0x00000000c0000000,0x00000000d5177780,0x00000000d8400000)
 Metaspace       used 76271K, committed 77504K, reserved 1179648K
  class space    used 8093K, committed 8640K, reserved 1048576K
}
Event: 50.169 GC heap after
{Heap after GC invocations=209 (full 12):
 PSYoungGen      total 44544K, used 5859K [0x00000000eab00000, 0x00000000ee100000, 0x0000000100000000)
  eden space 38400K, 0% used [0x00000000eab00000,0x00000000eab00000,0x00000000ed080000)
  from space 6144K, 95% used [0x00000000edb00000,0x00000000ee0b8ff0,0x00000000ee100000)
  to   space 6656K, 0% used [0x00000000ed400000,0x00000000ed400000,0x00000000eda80000)
 ParOldGen       total 397312K, used 345573K [0x00000000c0000000, 0x00000000d8400000, 0x00000000eab00000)
  object space 397312K, 86% used [0x00000000c0000000,0x00000000d5179780,0x00000000d8400000)
 Metaspace       used 76271K, committed 77504K, reserved 1179648K
  class space    used 8093K, committed 8640K, reserved 1048576K
}
Event: 54.110 GC heap before
{Heap before GC invocations=210 (full 12):
 PSYoungGen      total 44544K, used 44259K [0x00000000eab00000, 0x00000000ee100000, 0x0000000100000000)
  eden space 38400K, 100% used [0x00000000eab00000,0x00000000ed080000,0x00000000ed080000)
  from space 6144K, 95% used [0x00000000edb00000,0x00000000ee0b8ff0,0x00000000ee100000)
  to   space 6656K, 0% used [0x00000000ed400000,0x00000000ed400000,0x00000000eda80000)
 ParOldGen       total 397312K, used 345573K [0x00000000c0000000, 0x00000000d8400000, 0x00000000eab00000)
  object space 397312K, 86% used [0x00000000c0000000,0x00000000d5179780,0x00000000d8400000)
 Metaspace       used 77000K, committed 78208K, reserved 1179648K
  class space    used 8122K, committed 8640K, reserved 1048576K
}
Event: 54.130 GC heap after
{Heap after GC invocations=210 (full 12):
 PSYoungGen      total 48128K, used 6644K [0x00000000eab00000, 0x00000000ee380000, 0x0000000100000000)
  eden space 41472K, 0% used [0x00000000eab00000,0x00000000eab00000,0x00000000ed380000)
  from space 6656K, 99% used [0x00000000ed400000,0x00000000eda7d020,0x00000000eda80000)
  to   space 8192K, 0% used [0x00000000edb80000,0x00000000edb80000,0x00000000ee380000)
 ParOldGen       total 397312K, used 346475K [0x00000000c0000000, 0x00000000d8400000, 0x00000000eab00000)
  object space 397312K, 87% used [0x00000000c0000000,0x00000000d525af40,0x00000000d8400000)
 Metaspace       used 77000K, committed 78208K, reserved 1179648K
  class space    used 8122K, committed 8640K, reserved 1048576K
}
Event: 54.644 GC heap before
{Heap before GC invocations=211 (full 12):
 PSYoungGen      total 48128K, used 48116K [0x00000000eab00000, 0x00000000ee380000, 0x0000000100000000)
  eden space 41472K, 100% used [0x00000000eab00000,0x00000000ed380000,0x00000000ed380000)
  from space 6656K, 99% used [0x00000000ed400000,0x00000000eda7d020,0x00000000eda80000)
  to   space 8192K, 0% used [0x00000000edb80000,0x00000000edb80000,0x00000000ee380000)
 ParOldGen       total 397312K, used 346475K [0x00000000c0000000, 0x00000000d8400000, 0x00000000eab00000)
  object space 397312K, 87% used [0x00000000c0000000,0x00000000d525af40,0x00000000d8400000)
 Metaspace       used 77403K, committed 78592K, reserved 1179648K
  class space    used 8123K, committed 8640K, reserved 1048576K
}
Event: 54.652 GC heap after
{Heap after GC invocations=211 (full 12):
 PSYoungGen      total 50688K, used 4869K [0x00000000eab00000, 0x00000000ee280000, 0x0000000100000000)
  eden space 43520K, 0% used [0x00000000eab00000,0x00000000eab00000,0x00000000ed580000)
  from space 7168K, 67% used [0x00000000edb80000,0x00000000ee041488,0x00000000ee280000)
  to   space 6144K, 0% used [0x00000000ed580000,0x00000000ed580000,0x00000000edb80000)
 ParOldGen       total 397312K, used 348654K [0x00000000c0000000, 0x00000000d8400000, 0x00000000eab00000)
  object space 397312K, 87% used [0x00000000c0000000,0x00000000d547b828,0x00000000d8400000)
 Metaspace       used 77403K, committed 78592K, reserved 1179648K
  class space    used 8123K, committed 8640K, reserved 1048576K
}
Event: 55.421 GC heap before
{Heap before GC invocations=212 (full 12):
 PSYoungGen      total 50688K, used 48389K [0x00000000eab00000, 0x00000000ee280000, 0x0000000100000000)
  eden space 43520K, 100% used [0x00000000eab00000,0x00000000ed580000,0x00000000ed580000)
  from space 7168K, 67% used [0x00000000edb80000,0x00000000ee041488,0x00000000ee280000)
  to   space 6144K, 0% used [0x00000000ed580000,0x00000000ed580000,0x00000000edb80000)
 ParOldGen       total 397312K, used 348654K [0x00000000c0000000, 0x00000000d8400000, 0x00000000eab00000)
  object space 397312K, 87% used [0x00000000c0000000,0x00000000d547b828,0x00000000d8400000)
 Metaspace       used 77623K, committed 78912K, reserved 1179648K
  class space    used 8123K, committed 8640K, reserved 1048576K
}
Event: 55.424 GC heap after
{Heap after GC invocations=212 (full 12):
 PSYoungGen      total 49664K, used 4837K [0x00000000eab00000, 0x00000000ee200000, 0x0000000100000000)
  eden space 43520K, 0% used [0x00000000eab00000,0x00000000eab00000,0x00000000ed580000)
  from space 6144K, 78% used [0x00000000ed580000,0x00000000eda39488,0x00000000edb80000)
  to   space 5120K, 0% used [0x00000000edd00000,0x00000000edd00000,0x00000000ee200000)
 ParOldGen       total 397312K, used 348662K [0x00000000c0000000, 0x00000000d8400000, 0x00000000eab00000)
  object space 397312K, 87% used [0x00000000c0000000,0x00000000d547d828,0x00000000d8400000)
 Metaspace       used 77623K, committed 78912K, reserved 1179648K
  class space    used 8123K, committed 8640K, reserved 1048576K
}

Dll operation events (12 events):
Event: 0.016 Loaded shared library c:\Users\shima\.vscode\extensions\redhat.java-1.34.0-win32-x64\jre\17.0.12-win32-x86_64\bin\java.dll
Event: 0.248 Loaded shared library c:\Users\shima\.vscode\extensions\redhat.java-1.34.0-win32-x64\jre\17.0.12-win32-x86_64\bin\zip.dll
Event: 0.253 Loaded shared library C:\Users\shima\.vscode\extensions\redhat.java-1.34.0-win32-x64\jre\17.0.12-win32-x86_64\bin\instrument.dll
Event: 0.272 Loaded shared library C:\Users\shima\.vscode\extensions\redhat.java-1.34.0-win32-x64\jre\17.0.12-win32-x86_64\bin\net.dll
Event: 0.277 Loaded shared library C:\Users\shima\.vscode\extensions\redhat.java-1.34.0-win32-x64\jre\17.0.12-win32-x86_64\bin\nio.dll
Event: 0.286 Loaded shared library C:\Users\shima\.vscode\extensions\redhat.java-1.34.0-win32-x64\jre\17.0.12-win32-x86_64\bin\zip.dll
Event: 0.308 Loaded shared library C:\Users\shima\.vscode\extensions\redhat.java-1.34.0-win32-x64\jre\17.0.12-win32-x86_64\bin\jimage.dll
Event: 0.405 Loaded shared library c:\Users\shima\.vscode\extensions\redhat.java-1.34.0-win32-x64\jre\17.0.12-win32-x86_64\bin\verify.dll
Event: 2.285 Loaded shared library C:\Users\shima\AppData\Roaming\Code\User\globalStorage\redhat.java\1.34.0\config_win\org.eclipse.equinox.launcher\org.eclipse.equinox.launcher.win32.win32.x86_64_1.2.1100.v20240722-2106\eclipse_11904.dll
Event: 6.157 Loaded shared library C:\Users\shima\AppData\Local\Temp\jna-109407560\jna6346033281400947394.dll
Event: 18.003 Loaded shared library C:\Users\shima\.vscode\extensions\redhat.java-1.34.0-win32-x64\jre\17.0.12-win32-x86_64\bin\sunmscapi.dll
Event: 21.493 Loaded shared library C:\Users\shima\.vscode\extensions\redhat.java-1.34.0-win32-x64\jre\17.0.12-win32-x86_64\bin\extnet.dll

Deoptimization events (20 events):
Event: 54.609 Thread 0x0000016595685770 DEOPT PACKING pc=0x0000016580a13519 sp=0x0000000f2d9fe960
Event: 54.609 Thread 0x0000016595685770 DEOPT UNPACKING pc=0x0000016587586e43 sp=0x0000000f2d9fde50 mode 0
Event: 54.931 Thread 0x0000016595685770 DEOPT PACKING pc=0x00000165810071e2 sp=0x0000000f2d9fd2e0
Event: 54.931 Thread 0x0000016595685770 DEOPT UNPACKING pc=0x0000016587586e43 sp=0x0000000f2d9fc6f0 mode 0
Event: 54.937 Thread 0x0000016595685770 Uncommon trap: trap_request=0xffffffd6 fr.pc=0x0000016587ee02ac relative=0x00000000000005ec
Event: 54.937 Thread 0x0000016595685770 Uncommon trap: reason=array_check action=maybe_recompile pc=0x0000016587ee02ac method=java.util.TimSort.reverseRange([Ljava/lang/Object;II)V @ 20 c2
Event: 54.937 Thread 0x0000016595685770 DEOPT PACKING pc=0x0000016587ee02ac sp=0x0000000f2d9fd6c0
Event: 54.937 Thread 0x0000016595685770 DEOPT UNPACKING pc=0x00000165875866a3 sp=0x0000000f2d9fd5d0 mode 2
Event: 54.938 Thread 0x0000016595685770 Uncommon trap: trap_request=0xffffffd6 fr.pc=0x0000016587ee02ac relative=0x00000000000005ec
Event: 54.938 Thread 0x0000016595685770 Uncommon trap: reason=array_check action=maybe_recompile pc=0x0000016587ee02ac method=java.util.TimSort.reverseRange([Ljava/lang/Object;II)V @ 20 c2
Event: 54.938 Thread 0x0000016595685770 DEOPT PACKING pc=0x0000016587ee02ac sp=0x0000000f2d9fd6c0
Event: 54.938 Thread 0x0000016595685770 DEOPT UNPACKING pc=0x00000165875866a3 sp=0x0000000f2d9fd5d0 mode 2
Event: 54.938 Thread 0x0000016595685770 Uncommon trap: trap_request=0xffffffd6 fr.pc=0x0000016587ee02ac relative=0x00000000000005ec
Event: 54.938 Thread 0x0000016595685770 Uncommon trap: reason=array_check action=maybe_recompile pc=0x0000016587ee02ac method=java.util.TimSort.reverseRange([Ljava/lang/Object;II)V @ 20 c2
Event: 54.938 Thread 0x0000016595685770 DEOPT PACKING pc=0x0000016587ee02ac sp=0x0000000f2d9fd6c0
Event: 54.938 Thread 0x0000016595685770 DEOPT UNPACKING pc=0x00000165875866a3 sp=0x0000000f2d9fd5d0 mode 2
Event: 54.938 Thread 0x0000016595685770 Uncommon trap: trap_request=0xffffffd6 fr.pc=0x0000016587ee02ac relative=0x00000000000005ec
Event: 54.938 Thread 0x0000016595685770 Uncommon trap: reason=array_check action=maybe_recompile pc=0x0000016587ee02ac method=java.util.TimSort.reverseRange([Ljava/lang/Object;II)V @ 20 c2
Event: 54.938 Thread 0x0000016595685770 DEOPT PACKING pc=0x0000016587ee02ac sp=0x0000000f2d9fd6c0
Event: 54.938 Thread 0x0000016595685770 DEOPT UNPACKING pc=0x00000165875866a3 sp=0x0000000f2d9fd5d0 mode 2

Classes loaded (20 events):
Event: 32.699 Loading class sun/util/resources/TimeZoneNamesBundle done
Event: 32.699 Loading class sun/util/resources/cldr/TimeZoneNames done
Event: 32.699 Loading class sun/util/resources/cldr/TimeZoneNames_en
Event: 32.744 Loading class sun/util/resources/cldr/TimeZoneNames_en done
Event: 32.744 Loading class sun/util/resources/cldr/TimeZoneNames_en_US
Event: 32.744 Loading class sun/util/resources/cldr/TimeZoneNames_en_US done
Event: 32.767 Loading class sun/util/cldr/CLDRBaseLocaleDataMetaInfo$TZCanonicalIDMapHolder
Event: 32.776 Loading class sun/util/cldr/CLDRBaseLocaleDataMetaInfo$TZCanonicalIDMapHolder done
Event: 32.778 Loading class sun/util/resources/TimeZoneNames
Event: 32.784 Loading class sun/util/resources/TimeZoneNames done
Event: 32.785 Loading class sun/util/resources/TimeZoneNames_en
Event: 32.785 Loading class sun/util/resources/TimeZoneNames_en done
Event: 53.594 Loading class java/util/Spliterators$IntArraySpliterator
Event: 53.596 Loading class java/util/Spliterators$IntArraySpliterator done
Event: 53.597 Loading class java/util/stream/Nodes$IntSpinedNodeBuilder
Event: 53.597 Loading class java/util/stream/SpinedBuffer$OfInt
Event: 53.598 Loading class java/util/stream/SpinedBuffer$OfPrimitive
Event: 53.598 Loading class java/util/stream/SpinedBuffer$OfPrimitive done
Event: 53.599 Loading class java/util/stream/SpinedBuffer$OfInt done
Event: 53.600 Loading class java/util/stream/Nodes$IntSpinedNodeBuilder done

Classes unloaded (7 events):
Event: 5.585 Thread 0x00000165930414b0 Unloading class 0x000000010024a400 'java/lang/invoke/LambdaForm$MH+0x000000010024a400'
Event: 5.585 Thread 0x00000165930414b0 Unloading class 0x000000010024a000 'java/lang/invoke/LambdaForm$MH+0x000000010024a000'
Event: 5.585 Thread 0x00000165930414b0 Unloading class 0x0000000100249c00 'java/lang/invoke/LambdaForm$MH+0x0000000100249c00'
Event: 5.585 Thread 0x00000165930414b0 Unloading class 0x0000000100249800 'java/lang/invoke/LambdaForm$MH+0x0000000100249800'
Event: 5.585 Thread 0x00000165930414b0 Unloading class 0x0000000100249400 'java/lang/invoke/LambdaForm$BMH+0x0000000100249400'
Event: 5.585 Thread 0x00000165930414b0 Unloading class 0x0000000100249000 'java/lang/invoke/LambdaForm$DMH+0x0000000100249000'
Event: 5.585 Thread 0x00000165930414b0 Unloading class 0x0000000100244400 'java/lang/invoke/LambdaForm$DMH+0x0000000100244400'

Classes redefined (0 events):
No events

Internal exceptions (20 events):
Event: 21.330 Thread 0x0000016595687ff0 Exception <a 'sun/nio/fs/WindowsException'{0x00000000eac3abd8}> (0x00000000eac3abd8) 
thrown [s\src\hotspot\share\prims\jni.cpp, line 516]
Event: 21.331 Thread 0x0000016595687ff0 Exception <a 'sun/nio/fs/WindowsException'{0x00000000eac3b240}> (0x00000000eac3b240) 
thrown [s\src\hotspot\share\prims\jni.cpp, line 516]
Event: 21.334 Thread 0x0000016595687ff0 Exception <a 'sun/nio/fs/WindowsException'{0x00000000eae13530}> (0x00000000eae13530) 
thrown [s\src\hotspot\share\prims\jni.cpp, line 516]
Event: 21.334 Thread 0x0000016595687ff0 Exception <a 'sun/nio/fs/WindowsException'{0x00000000eae13e20}> (0x00000000eae13e20) 
thrown [s\src\hotspot\share\prims\jni.cpp, line 516]
Event: 21.340 Thread 0x0000016595687ff0 Exception <a 'sun/nio/fs/WindowsException'{0x00000000eae15548}> (0x00000000eae15548) 
thrown [s\src\hotspot\share\prims\jni.cpp, line 516]
Event: 21.340 Thread 0x0000016595687ff0 Exception <a 'sun/nio/fs/WindowsException'{0x00000000eae15b90}> (0x00000000eae15b90) 
thrown [s\src\hotspot\share\prims\jni.cpp, line 516]
Event: 21.593 Thread 0x0000016595f87d20 Exception <a 'java/io/FileNotFoundException'{0x00000000eaf415f8}> (0x00000000eaf415f8) 
thrown [s\src\hotspot\share\prims\jni.cpp, line 516]
Event: 21.594 Thread 0x00000165956875d0 Exception <a 'java/lang/NoSuchMethodError'{0x00000000eaf55208}: 'java.lang.Object java.lang.invoke.DirectMethodHandle$Holder.invokeStatic(java.lang.Object, int, java.lang.Object, java.lang.Object, java.lang.Object, java.lang.Object)'> (0x00000000eaf55208) 
thrown [s\src\hotspot\share\interpreter\linkResolver.cpp, line 759]
Event: 22.156 Thread 0x0000016595f87d20 Exception <a 'java/lang/NoSuchMethodError'{0x00000000eab31798}: 'java.lang.Object java.lang.invoke.DirectMethodHandle$Holder.invokeVirtual(java.lang.Object, java.lang.Object, java.lang.Object, java.lang.Object)'> (0x00000000eab31798) 
thrown [s\src\hotspot\share\interpreter\linkResolver.cpp, line 759]
Event: 22.269 Thread 0x0000016595f88c50 Exception <a 'java/lang/NoSuchMethodError'{0x00000000eaff9eb8}: 'java.lang.Object java.lang.invoke.DirectMethodHandle$Holder.invokeStatic(java.lang.Object, long, java.lang.Object, java.lang.Object)'> (0x00000000eaff9eb8) 
thrown [s\src\hotspot\share\interpreter\linkResolver.cpp, line 759]
Event: 22.270 Thread 0x0000016595f88c50 Exception <a 'java/lang/NoSuchMethodError'{0x00000000eb000a58}: 'java.lang.Object java.lang.invoke.DirectMethodHandle$Holder.newInvokeSpecial(java.lang.Object, long)'> (0x00000000eb000a58) 
thrown [s\src\hotspot\share\interpreter\linkResolver.cpp, line 759]
Event: 25.085 Thread 0x0000016595688f20 Exception <a 'java/lang/ArrayIndexOutOfBoundsException'{0x00000000eb1fa028}> (0x00000000eb1fa028) 
thrown [s\src\hotspot\share\runtime\sharedRuntime.cpp, line 631]
Event: 29.240 Thread 0x00000165951afee0 Implicit null exception at 0x0000016587dff060 to 0x0000016587e041ec
Event: 47.791 Thread 0x00000165956875d0 Implicit null exception at 0x0000016587f36007 to 0x0000016587f361b0
Event: 49.504 Thread 0x0000016595685c80 Implicit null exception at 0x0000016587cee7a4 to 0x0000016587ceef4c
Event: 49.906 Thread 0x0000016595685c80 Exception <a 'java/lang/NoSuchMethodError'{0x00000000ec451768}: 'void java.lang.invoke.DirectMethodHandle$Holder.invokeSpecial(java.lang.Object, java.lang.Object, int)'> (0x00000000ec451768) 
thrown [s\src\hotspot\share\interpreter\linkResolver.cpp, line 759]
Event: 50.011 Thread 0x0000016595685c80 Exception <a 'java/lang/NoSuchMethodError'{0x00000000ec68a260}: 'java.lang.Object java.lang.invoke.DirectMethodHandle$Holder.invokeSpecial(java.lang.Object, java.lang.Object, long, java.lang.Object, java.lang.Object, java.lang.Object, java.lang.Object, java.lang.Object, java.lang.Object, java.lang.Object, java.lang.Object, java.lang.Object)'> (0x00000000ec68a260) 
thrown [s\src\hotspot\share\interpreter\linkResolver.cpp, line 759]
Event: 50.013 Thread 0x0000016595685c80 Exception <a 'java/lang/NoSuchMethodError'{0x00000000ec68e7a8}: 'java.lang.Object java.lang.invoke.DelegatingMethodHandle$Holder.reinvoke_L(java.lang.Object, long, java.lang.Object, java.lang.Object, java.lang.Object, java.lang.Object, java.lang.Object, java.lang.Object, java.lang.Object, java.lang.Object, java.lang.Object)'> (0x00000000ec68e7a8) 
thrown [s\src\hotspot\share\interpreter\linkResolver.cpp, line 759]
Event: 50.018 Thread 0x0000016595685c80 Exception <a 'java/lang/NoSuchMethodError'{0x00000000ec6bd0d0}: 'java.lang.Object java.lang.invoke.DirectMethodHandle$Holder.invokeSpecial(java.lang.Object, java.lang.Object, java.lang.Object, java.lang.Object, java.lang.Object, java.lang.Object, java.lang.Object, java.lang.Object, java.lang.Object, java.lang.Object, java.lang.Object)'> (0x00000000ec6bd0d0) 
thrown [s\src\hotspot\share\interpreter\linkResolver.cpp, line 759]
Event: 50.019 Thread 0x0000016595685c80 Exception <a 'java/lang/NoSuchMethodError'{0x00000000ec6c1888}: 'java.lang.Object java.lang.invoke.Invokers$Holder.linkToTargetMethod(java.lang.Object, java.lang.Object, java.lang.Object, java.lang.Object, java.lang.Object, java.lang.Object, java.lang.Object, java.lang.Object, java.lang.Object, java.lang.Object)'> (0x00000000ec6c1888) 
thrown [s\src\hotspot\share\interpreter\linkResolver.cpp, line 759]

VM Operations (20 events):
Event: 55.420 Executing VM operation: ParallelGCFailedAllocation
Event: 55.424 Executing VM operation: ParallelGCFailedAllocation done
Event: 55.748 Executing VM operation: HandshakeAllThreads
Event: 55.749 Executing VM operation: HandshakeAllThreads done
Event: 55.751 Executing VM operation: HandshakeAllThreads
Event: 55.752 Executing VM operation: HandshakeAllThreads done
Event: 55.759 Executing VM operation: HandshakeAllThreads
Event: 55.759 Executing VM operation: HandshakeAllThreads done
Event: 55.766 Executing VM operation: HandshakeAllThreads
Event: 55.767 Executing VM operation: HandshakeAllThreads done
Event: 55.771 Executing VM operation: HandshakeAllThreads
Event: 55.771 Executing VM operation: HandshakeAllThreads done
Event: 55.774 Executing VM operation: HandshakeAllThreads
Event: 55.774 Executing VM operation: HandshakeAllThreads done
Event: 55.780 Executing VM operation: HandshakeAllThreads
Event: 55.780 Executing VM operation: HandshakeAllThreads done
Event: 55.780 Executing VM operation: HandshakeAllThreads
Event: 55.780 Executing VM operation: HandshakeAllThreads done
Event: 55.786 Executing VM operation: HandshakeAllThreads
Event: 55.786 Executing VM operation: HandshakeAllThreads done

Events (20 events):
Event: 53.131 Thread 0x000001659306ddc0 flushing nmethod 0x0000016580ff1610
Event: 53.131 Thread 0x000001659306ddc0 flushing nmethod 0x0000016580ffd510
Event: 53.132 Thread 0x000001659306ddc0 flushing nmethod 0x0000016581009d90
Event: 53.132 Thread 0x000001659306ddc0 flushing nmethod 0x000001658100b890
Event: 53.132 Thread 0x000001659306ddc0 flushing nmethod 0x0000016581035a10
Event: 53.132 Thread 0x000001659306ddc0 flushing nmethod 0x0000016581047a90
Event: 53.132 Thread 0x000001659306ddc0 flushing nmethod 0x0000016581057e90
Event: 53.132 Thread 0x000001659306ddc0 flushing nmethod 0x0000016581062790
Event: 53.132 Thread 0x000001659306ddc0 flushing nmethod 0x000001658106a110
Event: 53.132 Thread 0x000001659306ddc0 flushing nmethod 0x0000016581070990
Event: 53.132 Thread 0x000001659306ddc0 flushing nmethod 0x0000016581071110
Event: 53.132 Thread 0x000001659306ddc0 flushing nmethod 0x0000016581071b90
Event: 53.132 Thread 0x000001659306ddc0 flushing nmethod 0x0000016581097210
Event: 53.132 Thread 0x000001659306ddc0 flushing nmethod 0x000001658109c990
Event: 53.132 Thread 0x000001659306ddc0 flushing nmethod 0x00000165810ba490
Event: 53.132 Thread 0x000001659306ddc0 flushing nmethod 0x00000165810bbe10
Event: 53.133 Thread 0x000001659306ddc0 flushing nmethod 0x000001658111fb10
Event: 53.133 Thread 0x000001659306ddc0 flushing nmethod 0x0000016581182610
Event: 53.133 Thread 0x000001659306ddc0 flushing nmethod 0x000001658119bf10
Event: 53.136 Thread 0x000001659306ddc0 flushing nmethod 0x00000165812e4110


Dynamic libraries:
0x00007ff7244c0000 - 0x00007ff7244ce000 	c:\Users\shima\.vscode\extensions\redhat.java-1.34.0-win32-x64\jre\17.0.12-win32-x86_64\bin\java.exe
0x00007ff8420d0000 - 0x00007ff8422e7000 	C:\Windows\SYSTEM32\ntdll.dll
0x00007ff840690000 - 0x00007ff840754000 	C:\Windows\System32\KERNEL32.DLL
0x00007ff83f8b0000 - 0x00007ff83fc5d000 	C:\Windows\System32\KERNELBASE.dll
0x00007ff83f760000 - 0x00007ff83f871000 	C:\Windows\System32\ucrtbase.dll
0x00007ff82e1e0000 - 0x00007ff82e1f7000 	c:\Users\shima\.vscode\extensions\redhat.java-1.34.0-win32-x64\jre\17.0.12-win32-x86_64\bin\jli.dll
0x00007ff82f1c0000 - 0x00007ff82f1db000 	c:\Users\shima\.vscode\extensions\redhat.java-1.34.0-win32-x64\jre\17.0.12-win32-x86_64\bin\VCRUNTIME140.dll
0x00007ff840130000 - 0x00007ff8402de000 	C:\Windows\System32\USER32.dll
0x00007ff83fc60000 - 0x00007ff83fc86000 	C:\Windows\System32\win32u.dll
0x00007ff840a50000 - 0x00007ff840a79000 	C:\Windows\System32\GDI32.dll
0x00007ff82b200000 - 0x00007ff82b493000 	C:\Windows\WinSxS\amd64_microsoft.windows.common-controls_6595b64144ccf1df_6.0.22621.3672_none_2713b9d173822955\COMCTL32.dll
0x00007ff83f580000 - 0x00007ff83f699000 	C:\Windows\System32\gdi32full.dll
0x00007ff83f4e0000 - 0x00007ff83f57a000 	C:\Windows\System32\msvcp_win.dll
0x00007ff840490000 - 0x00007ff840537000 	C:\Windows\System32\msvcrt.dll
0x00007ff840450000 - 0x00007ff840481000 	C:\Windows\System32\IMM32.DLL
0x00007ff82f170000 - 0x00007ff82f17c000 	c:\Users\shima\.vscode\extensions\redhat.java-1.34.0-win32-x64\jre\17.0.12-win32-x86_64\bin\vcruntime140_1.dll
0x00007ff802080000 - 0x00007ff80210d000 	c:\Users\shima\.vscode\extensions\redhat.java-1.34.0-win32-x64\jre\17.0.12-win32-x86_64\bin\msvcp140.dll
0x00007fff9eea0000 - 0x00007fff9fb0a000 	c:\Users\shima\.vscode\extensions\redhat.java-1.34.0-win32-x64\jre\17.0.12-win32-x86_64\bin\server\jvm.dll
0x00007ff8405c0000 - 0x00007ff840672000 	C:\Windows\System32\ADVAPI32.dll
0x00007ff841770000 - 0x00007ff841819000 	C:\Windows\System32\sechost.dll
0x00007ff83f880000 - 0x00007ff83f8a8000 	C:\Windows\System32\bcrypt.dll
0x00007ff840c60000 - 0x00007ff840d74000 	C:\Windows\System32\RPCRT4.dll
0x00007ff840540000 - 0x00007ff8405b1000 	C:\Windows\System32\WS2_32.dll
0x00007ff83f2c0000 - 0x00007ff83f30d000 	C:\Windows\SYSTEM32\POWRPROF.dll
0x00007ff839070000 - 0x00007ff8390a4000 	C:\Windows\SYSTEM32\WINMM.dll
0x00007ff834b70000 - 0x00007ff834b7a000 	C:\Windows\SYSTEM32\VERSION.dll
0x00007ff83f1f0000 - 0x00007ff83f203000 	C:\Windows\SYSTEM32\UMPDC.dll
0x00007ff83e3e0000 - 0x00007ff83e3f8000 	C:\Windows\SYSTEM32\kernel.appcore.dll
0x00007ff82e0d0000 - 0x00007ff82e0da000 	c:\Users\shima\.vscode\extensions\redhat.java-1.34.0-win32-x64\jre\17.0.12-win32-x86_64\bin\jimage.dll
0x00007ff83cdf0000 - 0x00007ff83d022000 	C:\Windows\SYSTEM32\DBGHELP.DLL
0x00007ff840e80000 - 0x00007ff84120e000 	C:\Windows\System32\combase.dll
0x00007ff840a80000 - 0x00007ff840b57000 	C:\Windows\System32\OLEAUT32.dll
0x00007ff82c170000 - 0x00007ff82c1a2000 	C:\Windows\SYSTEM32\dbgcore.DLL
0x00007ff83f460000 - 0x00007ff83f4db000 	C:\Windows\System32\bcryptPrimitives.dll
0x00007ff82de90000 - 0x00007ff82de9e000 	c:\Users\shima\.vscode\extensions\redhat.java-1.34.0-win32-x64\jre\17.0.12-win32-x86_64\bin\instrument.dll
0x00007ff82de30000 - 0x00007ff82de55000 	c:\Users\shima\.vscode\extensions\redhat.java-1.34.0-win32-x64\jre\17.0.12-win32-x86_64\bin\java.dll
0x00007ff82d830000 - 0x00007ff82d848000 	c:\Users\shima\.vscode\extensions\redhat.java-1.34.0-win32-x64\jre\17.0.12-win32-x86_64\bin\zip.dll
0x00007ff841820000 - 0x00007ff842087000 	C:\Windows\System32\SHELL32.dll
0x00007ff83d370000 - 0x00007ff83dc6f000 	C:\Windows\SYSTEM32\windows.storage.dll
0x00007ff83d230000 - 0x00007ff83d36f000 	C:\Windows\SYSTEM32\wintypes.dll
0x00007ff83fe00000 - 0x00007ff83fef9000 	C:\Windows\System32\SHCORE.dll
0x00007ff840b70000 - 0x00007ff840bce000 	C:\Windows\System32\shlwapi.dll
0x00007ff83f320000 - 0x00007ff83f347000 	C:\Windows\SYSTEM32\profapi.dll
0x00007ff81cac0000 - 0x00007ff81cad9000 	C:\Users\shima\.vscode\extensions\redhat.java-1.34.0-win32-x64\jre\17.0.12-win32-x86_64\bin\net.dll
0x00007ff83af30000 - 0x00007ff83b066000 	C:\Windows\SYSTEM32\WINHTTP.dll
0x00007ff83e8b0000 - 0x00007ff83e919000 	C:\Windows\system32\mswsock.dll
0x00007ff819cf0000 - 0x00007ff819d06000 	C:\Users\shima\.vscode\extensions\redhat.java-1.34.0-win32-x64\jre\17.0.12-win32-x86_64\bin\nio.dll
0x00007ff82de80000 - 0x00007ff82de90000 	c:\Users\shima\.vscode\extensions\redhat.java-1.34.0-win32-x64\jre\17.0.12-win32-x86_64\bin\verify.dll
0x00007ff8019d0000 - 0x00007ff801a15000 	C:\Users\shima\AppData\Roaming\Code\User\globalStorage\redhat.java\1.34.0\config_win\org.eclipse.equinox.launcher\org.eclipse.equinox.launcher.win32.win32.x86_64_1.2.1100.v20240722-2106\eclipse_11904.dll
0x00007ff840760000 - 0x00007ff840905000 	C:\Windows\System32\ole32.dll
0x00007ff83eb10000 - 0x00007ff83eb2b000 	C:\Windows\SYSTEM32\CRYPTSP.dll
0x00007ff83e3a0000 - 0x00007ff83e3d5000 	C:\Windows\system32\rsaenh.dll
0x00007ff83e9a0000 - 0x00007ff83e9c8000 	C:\Windows\SYSTEM32\USERENV.dll
0x00007ff83eb00000 - 0x00007ff83eb0c000 	C:\Windows\SYSTEM32\CRYPTBASE.dll
0x00007ff83df10000 - 0x00007ff83df3d000 	C:\Windows\SYSTEM32\IPHLPAPI.DLL
0x00007ff8409c0000 - 0x00007ff8409c9000 	C:\Windows\System32\NSI.dll
0x00007ff83aa60000 - 0x00007ff83aa79000 	C:\Windows\SYSTEM32\dhcpcsvc6.DLL
0x00007ff83a730000 - 0x00007ff83a74f000 	C:\Windows\SYSTEM32\dhcpcsvc.DLL
0x00007ff83df90000 - 0x00007ff83e088000 	C:\Windows\SYSTEM32\DNSAPI.dll
0x00007ffffd110000 - 0x00007ffffd155000 	C:\Users\shima\AppData\Local\Temp\jna-109407560\jna6346033281400947394.dll
0x00007ff8402e0000 - 0x00007ff8402e8000 	C:\Windows\System32\PSAPI.DLL
0x00007ff82d820000 - 0x00007ff82d82e000 	C:\Users\shima\.vscode\extensions\redhat.java-1.34.0-win32-x64\jre\17.0.12-win32-x86_64\bin\sunmscapi.dll
0x00007ff83fc90000 - 0x00007ff83fdf6000 	C:\Windows\System32\CRYPT32.dll
0x00007ff83ecc0000 - 0x00007ff83ecee000 	C:\Windows\SYSTEM32\ncrypt.dll
0x00007ff83ec80000 - 0x00007ff83ecb7000 	C:\Windows\SYSTEM32\NTASN1.dll
0x00007ff8227b0000 - 0x00007ff8227b9000 	C:\Users\shima\.vscode\extensions\redhat.java-1.34.0-win32-x64\jre\17.0.12-win32-x86_64\bin\extnet.dll

dbghelp: loaded successfully - version: 4.0.5 - missing functions: none
symbol engine: initialized successfully - sym options: 0x614 - pdb path: .;c:\Users\shima\.vscode\extensions\redhat.java-1.34.0-win32-x64\jre\17.0.12-win32-x86_64\bin;C:\Windows\SYSTEM32;C:\Windows\WinSxS\amd64_microsoft.windows.common-controls_6595b64144ccf1df_6.0.22621.3672_none_2713b9d173822955;c:\Users\shima\.vscode\extensions\redhat.java-1.34.0-win32-x64\jre\17.0.12-win32-x86_64\bin\server;C:\Users\shima\AppData\Roaming\Code\User\globalStorage\redhat.java\1.34.0\config_win\org.eclipse.equinox.launcher\org.eclipse.equinox.launcher.win32.win32.x86_64_1.2.1100.v20240722-2106;C:\Users\shima\AppData\Local\Temp\jna-109407560

VM Arguments:
jvm_args: --add-modules=ALL-SYSTEM --add-opens=java.base/java.util=ALL-UNNAMED --add-opens=java.base/java.lang=ALL-UNNAMED --add-opens=java.base/sun.nio.fs=ALL-UNNAMED -Declipse.application=org.eclipse.jdt.ls.core.id1 -Dosgi.bundles.defaultStartLevel=4 -Declipse.product=org.eclipse.jdt.ls.core.product -Djava.import.generatesMetadataFilesAtProjectRoot=false -DDetectVMInstallationsJob.disabled=true -Dfile.encoding=utf8 -XX:+UseParallelGC -XX:GCTimeRatio=4 -XX:AdaptiveSizePolicyWeight=90 -Dsun.zip.disableMemoryMapping=true -Xmx1G -Xms100m -Xlog:disable -javaagent:c:\Users\shima\.vscode\extensions\redhat.java-1.34.0-win32-x64\lombok\lombok-1.18.33.jar -XX:+HeapDumpOnOutOfMemoryError -XX:HeapDumpPath=c:\Users\shima\AppData\Roaming\Code\User\workspaceStorage\c7f473f416d507a6fa5a995e09b998af\redhat.java -Daether.dependencyCollector.impl=bf 
java_command: c:\Users\shima\.vscode\extensions\redhat.java-1.34.0-win32-x64\server\plugins\org.eclipse.equinox.launcher_1.6.900.v20240613-2009.jar -configuration c:\Users\shima\AppData\Roaming\Code\User\globalStorage\redhat.java\1.34.0\config_win -data c:\Users\shima\AppData\Roaming\Code\User\workspaceStorage\c7f473f416d507a6fa5a995e09b998af\redhat.java\jdt_ws --pipe=\\.\pipe\lsp-bc5f5e880c3e2ae228d90d0fe351cdcf-sock
java_class_path (initial): c:\Users\shima\.vscode\extensions\redhat.java-1.34.0-win32-x64\server\plugins\org.eclipse.equinox.launcher_1.6.900.v20240613-2009.jar
Launcher Type: SUN_STANDARD

[Global flags]
    uintx AdaptiveSizePolicyWeight                 = 90                                        {product} {command line}
     intx CICompilerCount                          = 4                                         {product} {ergonomic}
    uintx GCTimeRatio                              = 4                                         {product} {command line}
     bool HeapDumpOnOutOfMemoryError               = true                                   {manageable} {command line}
    ccstr HeapDumpPath                             = c:\Users\shima\AppData\Roaming\Code\User\workspaceStorage\c7f473f416d507a6fa5a995e09b998af\redhat.java         {manageable} {command line}
   size_t InitialHeapSize                          = 104857600                                 {product} {command line}
   size_t MaxHeapSize                              = 1073741824                                {product} {command line}
   size_t MaxNewSize                               = 357564416                                 {product} {ergonomic}
   size_t MinHeapDeltaBytes                        = 524288                                    {product} {ergonomic}
   size_t MinHeapSize                              = 104857600                                 {product} {command line}
   size_t NewSize                                  = 34603008                                  {product} {ergonomic}
    uintx NonNMethodCodeHeapSize                   = 5839372                                {pd product} {ergonomic}
    uintx NonProfiledCodeHeapSize                  = 122909434                              {pd product} {ergonomic}
   size_t OldSize                                  = 70254592                                  {product} {ergonomic}
    uintx ProfiledCodeHeapSize                     = 122909434                              {pd product} {ergonomic}
    uintx ReservedCodeCacheSize                    = 251658240                              {pd product} {ergonomic}
     bool SegmentedCodeCache                       = true                                      {product} {ergonomic}
   size_t SoftMaxHeapSize                          = 1073741824                             {manageable} {ergonomic}
     bool UseCompressedClassPointers               = true                           {product lp64_product} {ergonomic}
     bool UseCompressedOops                        = true                           {product lp64_product} {ergonomic}
     bool UseLargePagesIndividualAllocation        = false                                  {pd product} {ergonomic}
     bool UseParallelGC                            = true                                      {product} {command line}

Logging:
Log output configuration:
 #0: stdout all=off uptime,level,tags
 #1: stderr all=off uptime,level,tags

Environment Variables:
JAVA_HOME=C:\Program Files\Java\jdk-13.0.2
PATH=C:\Windows\system32;C:\Windows;C:\Windows\System32\Wbem;C:\Windows\System32\WindowsPowerShell\v1.0\;C:\Windows\System32\OpenSSH\;C:\Program Files\Novell\iPrint;C:\Program Files\dotnet\;C:\Users\shima\OneDrive\Documents\openjdk-13+33_windows-x64_bin\jdk-13\bin;C:\Program Files\Java\jdk-13.0.2\bin;C:\Users\shima\AppData\Local\Microsoft\WindowsApps;C:\Users\shima\AppData\Local\Programs\Microsoft VS Code\bin
USERNAME=shima
OS=Windows_NT
PROCESSOR_IDENTIFIER=AMD64 Family 23 Model 160 Stepping 0, AuthenticAMD
TMP=C:\Users\shima\AppData\Local\Temp
TEMP=C:\Users\shima\AppData\Local\Temp



Periodic native trim disabled


---------------  S Y S T E M  ---------------

OS:
 Windows 11 , 64 bit Build 22621 (10.0.22621.3958)
OS uptime: 1 days 15:19 hours

CPU: total 8 (initial active 8) (8 cores per cpu, 2 threads per core) family 23 model 160 stepping 0 microcode 0x0, cx8, cmov, fxsr, ht, mmx, 3dnowpref, sse, sse2, sse3, ssse3, sse4a, sse4.1, sse4.2, popcnt, lzcnt, tsc, tscinvbit, avx, avx2, aes, clmul, bmi1, bmi2, adx, sha, fma, vzeroupper, clflush, clflushopt
Processor Information for processor 0
  Max Mhz: 2401, Current Mhz: 2000, Mhz Limit: 2401
Processor Information for processor 1
  Max Mhz: 2401, Current Mhz: 2000, Mhz Limit: 2401
Processor Information for processor 2
  Max Mhz: 2401, Current Mhz: 2401, Mhz Limit: 2401
Processor Information for processor 3
  Max Mhz: 2401, Current Mhz: 2000, Mhz Limit: 2401
Processor Information for processor 4
  Max Mhz: 2401, Current Mhz: 2401, Mhz Limit: 2401
Processor Information for processor 5
  Max Mhz: 2401, Current Mhz: 2000, Mhz Limit: 2401
Processor Information for processor 6
  Max Mhz: 2401, Current Mhz: 2401, Mhz Limit: 2401
Processor Information for processor 7
  Max Mhz: 2401, Current Mhz: 2000, Mhz Limit: 2401

Memory: 4k page, system-wide physical 3317M (127M free)
TotalPageFile size 13557M (AvailPageFile size 13M)
current process WorkingSet (physical memory assigned to process): 239M, peak: 452M
current process commit charge ("private bytes"): 704M, peak: 712M

vm_info: OpenJDK 64-Bit Server VM (17.0.12+7) for windows-amd64 JRE (17.0.12+7), built on Jul 16 2024 22:08:24 by "admin" with MS VC++ 16.10 / 16.11 (VS2019)

END.
