#
# There is insufficient memory for the Java Runtime Environment to continue.
# Native memory allocation (malloc) failed to allocate 1533504 bytes. Error detail: Chunk::new
# Possible reasons:
#   The system is out of physical RAM or swap space
#   This process is running with CompressedOops enabled, and the Java Heap may be blocking the growth of the native heap
# Possible solutions:
#   Reduce memory load on the system
#   Increase physical memory or swap space
#   Check if swap backing store is full
#   Decrease Java heap size (-Xmx/-Xms)
#   Decrease number of Java threads
#   Decrease Java thread stack sizes (-Xss)
#   Set larger code cache with -XX:ReservedCodeCacheSize=
#   JVM is running with Unscaled Compressed Oops mode in which the Java heap is
#     placed in the first 4GB address space. The Java Heap base address is the
#     maximum limit for the native heap growth. Please use -XX:HeapBaseMinAddress
#     to set the Java Heap base and to place the Java Heap above 4GB virtual address.
# This output file may be truncated or incomplete.
#
#  Out of Memory Error (arena.cpp:191), pid=18064, tid=10852
#
# JRE version: OpenJDK Runtime Environment Temurin-17.0.12+7 (17.0.12+7) (build 17.0.12+7)
# Java VM: OpenJDK 64-Bit Server VM Temurin-17.0.12+7 (17.0.12+7, mixed mode, tiered, compressed oops, compressed class ptrs, parallel gc, windows-amd64)
# No core dump will be written. Minidumps are not enabled by default on client versions of Windows
#

---------------  S U M M A R Y ------------

Command Line: --add-modules=ALL-SYSTEM --add-opens=java.base/java.util=ALL-UNNAMED --add-opens=java.base/java.lang=ALL-UNNAMED --add-opens=java.base/sun.nio.fs=ALL-UNNAMED -Declipse.application=org.eclipse.jdt.ls.core.id1 -Dosgi.bundles.defaultStartLevel=4 -Declipse.product=org.eclipse.jdt.ls.core.product -Djava.import.generatesMetadataFilesAtProjectRoot=false -DDetectVMInstallationsJob.disabled=true -Dfile.encoding=utf8 -XX:+UseParallelGC -XX:GCTimeRatio=4 -XX:AdaptiveSizePolicyWeight=90 -Dsun.zip.disableMemoryMapping=true -Xmx1G -Xms100m -Xlog:disable -javaagent:c:\Users\shima\.vscode\extensions\redhat.java-1.35.0-win32-x64\lombok\lombok-1.18.33.jar -XX:+HeapDumpOnOutOfMemoryError -XX:HeapDumpPath=c:\Users\shima\AppData\Roaming\Code\User\workspaceStorage\c7f473f416d507a6fa5a995e09b998af\redhat.java -Daether.dependencyCollector.impl=bf c:\Users\shima\.vscode\extensions\redhat.java-1.35.0-win32-x64\server\plugins\org.eclipse.equinox.launcher_1.6.900.v20240613-2009.jar -configuration c:\Users\shima\AppData\Roaming\Code\User\globalStorage\redhat.java\1.35.0\config_win -data c:\Users\shima\AppData\Roaming\Code\User\workspaceStorage\c7f473f416d507a6fa5a995e09b998af\redhat.java\jdt_ws --pipe=\\.\pipe\lsp-2d1d7812eb6601363cbf8b9c196837dc-sock

Host: AMD Ryzen 3 7320U with Radeon Graphics         , 8 cores, 3G,  Windows 11 , 64 bit Build 22621 (10.0.22621.3958)
Time: Sat Sep 28 14:14:00 2024 South Africa Standard Time elapsed time: 885.762348 seconds (0d 0h 14m 45s)

---------------  T H R E A D  ---------------

Current thread (0x00000241db7fd530):  JavaThread "C2 CompilerThread0" daemon [_thread_in_native, id=10852, stack(0x0000007b42c00000,0x0000007b42d00000)]


Current CompileTask:
C2: 885762 21587       4       org.eclipse.jdt.ls.core.internal.JDTUtils::toLocation (21 bytes)

Stack: [0x0000007b42c00000,0x0000007b42d00000]
Native frames: (J=compiled Java code, j=interpreted, Vv=VM code, C=native code)
V  [jvm.dll+0x67f929]
V  [jvm.dll+0x8371ba]
V  [jvm.dll+0x838c7e]
V  [jvm.dll+0x8392e3]
V  [jvm.dll+0x24834f]
V  [jvm.dll+0xac9d4]
V  [jvm.dll+0xad01c]
V  [jvm.dll+0x3674a7]
V  [jvm.dll+0x1bd562]
V  [jvm.dll+0x21aa09]
V  [jvm.dll+0x219cf1]
V  [jvm.dll+0x1a58bd]
V  [jvm.dll+0x229a2d]
V  [jvm.dll+0x227bdc]
V  [jvm.dll+0x7ec1f7]
V  [jvm.dll+0x7e65dc]
V  [jvm.dll+0x67e7f7]
C  [ucrtbase.dll+0x29333]
C  [KERNEL32.DLL+0x1257d]
C  [ntdll.dll+0x5af28]


---------------  P R O C E S S  ---------------

Threads class SMR info:
_java_thread_list=0x00000241dfbfb5c0, length=72, elements={
0x00000241c26095e0, 0x00000241d649bfb0, 0x00000241d649e230, 0x00000241db7f82c0,
0x00000241db7f8b90, 0x00000241db7f9460, 0x00000241db7f9f30, 0x00000241db7fd530,
0x00000241db7fef00, 0x00000241db7ff810, 0x00000241c266afc0, 0x00000241dbaedb90,
0x00000241dcbe7ad0, 0x00000241dce3c7d0, 0x00000241dce3ccb0, 0x00000241dce21080,
0x00000241dccffe80, 0x00000241dcd00db0, 0x00000241dccff460, 0x00000241dcd021f0,
0x00000241dcd017d0, 0x00000241dccfea40, 0x00000241dccff970, 0x00000241dccfef50,
0x00000241ddfbb9e0, 0x00000241ddfbafc0, 0x00000241ddfb8c50, 0x00000241ddfbbef0,
0x00000241ddfb8740, 0x00000241ddfb7810, 0x00000241ddfbce20, 0x00000241ddfb7d20,
0x00000241ddfb9160, 0x00000241ddfbf190, 0x00000241ddfbe770, 0x00000241ddfbd330,
0x00000241ddfb9b80, 0x00000241ddfba090, 0x00000241ddfbe260, 0x00000241df273b90,
0x00000241df2740a0, 0x00000241df274fd0, 0x00000241df272750, 0x00000241ddfbdd50,
0x00000241ddfb9670, 0x00000241df272240, 0x00000241ddfbaab0, 0x00000241e99c2160,
0x00000241e99c2b80, 0x00000241e99c3fc0, 0x00000241e99c49e0, 0x00000241e99bfdf0,
0x00000241e99c1230, 0x00000241df2745b0, 0x00000241e99bd060, 0x00000241e99bd570,
0x00000241e99c0810, 0x00000241e99be9b0, 0x00000241e99beec0, 0x00000241e99c1740,
0x00000241e99c2670, 0x00000241e99c3ab0, 0x00000241df272c60, 0x00000241df271820,
0x00000241df274ac0, 0x00000241df273680, 0x00000241df271d30, 0x00000241dcd00390,
0x00000241dcd008a0, 0x00000241dcd012c0, 0x00000241e99bf8e0, 0x00000241e91d4fc0
}

Java Threads: ( => current thread )
  0x00000241c26095e0 JavaThread "main" [_thread_blocked, id=17992, stack(0x0000007b42300000,0x0000007b42400000)]
  0x00000241d649bfb0 JavaThread "Reference Handler" daemon [_thread_blocked, id=12248, stack(0x0000007b42600000,0x0000007b42700000)]
  0x00000241d649e230 JavaThread "Finalizer" daemon [_thread_blocked, id=13980, stack(0x0000007b42700000,0x0000007b42800000)]
  0x00000241db7f82c0 JavaThread "Signal Dispatcher" daemon [_thread_blocked, id=16420, stack(0x0000007b42800000,0x0000007b42900000)]
  0x00000241db7f8b90 JavaThread "Attach Listener" daemon [_thread_blocked, id=11076, stack(0x0000007b42900000,0x0000007b42a00000)]
  0x00000241db7f9460 JavaThread "Service Thread" daemon [_thread_blocked, id=10900, stack(0x0000007b42a00000,0x0000007b42b00000)]
  0x00000241db7f9f30 JavaThread "Monitor Deflation Thread" daemon [_thread_blocked, id=10892, stack(0x0000007b42b00000,0x0000007b42c00000)]
=>0x00000241db7fd530 JavaThread "C2 CompilerThread0" daemon [_thread_in_native, id=10852, stack(0x0000007b42c00000,0x0000007b42d00000)]
  0x00000241db7fef00 JavaThread "C1 CompilerThread0" daemon [_thread_blocked, id=11096, stack(0x0000007b42d00000,0x0000007b42e00000)]
  0x00000241db7ff810 JavaThread "Sweeper thread" daemon [_thread_blocked, id=11108, stack(0x0000007b42e00000,0x0000007b42f00000)]
  0x00000241c266afc0 JavaThread "Common-Cleaner" daemon [_thread_blocked, id=10976, stack(0x0000007b42f00000,0x0000007b43000000)]
  0x00000241dbaedb90 JavaThread "Notification Thread" daemon [_thread_blocked, id=11284, stack(0x0000007b43000000,0x0000007b43100000)]
  0x00000241dcbe7ad0 JavaThread "Active Thread: Equinox Container: b27bce88-96db-450e-a117-27203cb7eb46" [_thread_blocked, id=18268, stack(0x0000007b43800000,0x0000007b43900000)]
  0x00000241dce3c7d0 JavaThread "Framework Event Dispatcher: Equinox Container: b27bce88-96db-450e-a117-27203cb7eb46" daemon [_thread_blocked, id=15124, stack(0x0000007b43900000,0x0000007b43a00000)]
  0x00000241dce3ccb0 JavaThread "Start Level: Equinox Container: b27bce88-96db-450e-a117-27203cb7eb46" daemon [_thread_blocked, id=15084, stack(0x0000007b43a00000,0x0000007b43b00000)]
  0x00000241dce21080 JavaThread "Bundle File Closer" daemon [_thread_blocked, id=19404, stack(0x0000007b43d00000,0x0000007b43e00000)]
  0x00000241dccffe80 JavaThread "SCR Component Actor" daemon [_thread_blocked, id=18000, stack(0x0000007b43e00000,0x0000007b43f00000)]
  0x00000241dcd00db0 JavaThread "Worker-JM" [_thread_blocked, id=19168, stack(0x0000007b44000000,0x0000007b44100000)]
  0x00000241dccff460 JavaThread "JNA Cleaner" daemon [_thread_blocked, id=15052, stack(0x0000007b44100000,0x0000007b44200000)]
  0x00000241dcd021f0 JavaThread "Worker-1" [_thread_blocked, id=10508, stack(0x0000007b44300000,0x0000007b44400000)]
  0x00000241dcd017d0 JavaThread "Java indexing" daemon [_thread_blocked, id=17048, stack(0x0000007b44400000,0x0000007b44500000)]
  0x00000241dccfea40 JavaThread "Worker-3" [_thread_blocked, id=15876, stack(0x0000007b44600000,0x0000007b44700000)]
  0x00000241dccff970 JavaThread "Thread-2" daemon [_thread_in_native, id=17064, stack(0x0000007b44700000,0x0000007b44800000)]
  0x00000241dccfef50 JavaThread "Thread-3" daemon [_thread_in_native, id=19328, stack(0x0000007b44800000,0x0000007b44900000)]
  0x00000241ddfbb9e0 JavaThread "Thread-4" daemon [_thread_in_native, id=10444, stack(0x0000007b44900000,0x0000007b44a00000)]
  0x00000241ddfbafc0 JavaThread "Thread-5" daemon [_thread_in_native, id=11844, stack(0x0000007b44a00000,0x0000007b44b00000)]
  0x00000241ddfb8c50 JavaThread "Thread-6" daemon [_thread_in_native, id=11836, stack(0x0000007b44b00000,0x0000007b44c00000)]
  0x00000241ddfbbef0 JavaThread "Thread-7" daemon [_thread_in_native, id=3036, stack(0x0000007b44c00000,0x0000007b44d00000)]
  0x00000241ddfb8740 JavaThread "Thread-8" daemon [_thread_in_native, id=4380, stack(0x0000007b44d00000,0x0000007b44e00000)]
  0x00000241ddfb7810 JavaThread "Thread-9" daemon [_thread_in_native, id=8456, stack(0x0000007b44e00000,0x0000007b44f00000)]
  0x00000241ddfbce20 JavaThread "Thread-10" daemon [_thread_in_native, id=15752, stack(0x0000007b44f00000,0x0000007b45000000)]
  0x00000241ddfb7d20 JavaThread "pool-2-thread-1" [_thread_blocked, id=4528, stack(0x0000007b45000000,0x0000007b45100000)]
  0x00000241ddfb9160 JavaThread "WorkspaceEventsHandler" [_thread_blocked, id=19412, stack(0x0000007b45100000,0x0000007b45200000)]
  0x00000241ddfbf190 JavaThread "pool-1-thread-1" [_thread_blocked, id=17184, stack(0x0000007b45200000,0x0000007b45300000)]
  0x00000241ddfbe770 JavaThread "ForkJoinPool.commonPool-worker-3" daemon [_thread_blocked, id=9632, stack(0x0000007b45500000,0x0000007b45600000)]
  0x00000241ddfbd330 JavaThread "ForkJoinPool.commonPool-worker-4" daemon [_thread_blocked, id=17120, stack(0x0000007b45600000,0x0000007b45700000)]
  0x00000241ddfb9b80 JavaThread "ForkJoinPool.commonPool-worker-5" daemon [_thread_blocked, id=15648, stack(0x0000007b45700000,0x0000007b45800000)]
  0x00000241ddfba090 JavaThread "ForkJoinPool.commonPool-worker-6" daemon [_thread_blocked, id=18344, stack(0x0000007b45800000,0x0000007b45900000)]
  0x00000241ddfbe260 JavaThread "ForkJoinPool.commonPool-worker-7" daemon [_thread_blocked, id=1740, stack(0x0000007b45a00000,0x0000007b45b00000)]
  0x00000241df273b90 JavaThread "Cleaner-0" daemon [_thread_blocked, id=19336, stack(0x0000007b45b00000,0x0000007b45c00000)]
  0x00000241df2740a0 JavaThread "Java Debug Server" daemon [_thread_in_native, id=13800, stack(0x0000007b45900000,0x0000007b45a00000)]
  0x00000241df274fd0 JavaThread "RxSchedulerPurge-1" daemon [_thread_blocked, id=13196, stack(0x0000007b45d00000,0x0000007b45e00000)]
  0x00000241df272750 JavaThread "RxCachedWorkerPoolEvictor-1" daemon [_thread_blocked, id=15520, stack(0x0000007b45e00000,0x0000007b45f00000)]
  0x00000241ddfbdd50 JavaThread "ForkJoinPool.commonPool-worker-8" daemon [_thread_blocked, id=3656, stack(0x0000007b42000000,0x0000007b42100000)]
  0x00000241ddfb9670 JavaThread "ForkJoinPool.commonPool-worker-9" daemon [_thread_blocked, id=12112, stack(0x0000007b42100000,0x0000007b42200000)]
  0x00000241df272240 JavaThread "Compiler Source File Reader" daemon [_thread_blocked, id=4232, stack(0x0000007b45400000,0x0000007b45500000)]
  0x00000241ddfbaab0 JavaThread "Compiler Source File Reader" daemon [_thread_blocked, id=17316, stack(0x0000007b46000000,0x0000007b46100000)]
  0x00000241e99c2160 JavaThread "process reaper (pid 19148)" daemon [_thread_in_native, id=18732, stack(0x0000007b41d90000,0x0000007b41db0000)]
  0x00000241e99c2b80 JavaThread "Compiler Source File Reader" daemon [_thread_blocked, id=9936, stack(0x0000007b46100000,0x0000007b46200000)]
  0x00000241e99c3fc0 JavaThread "Compiler Source File Reader" daemon [_thread_blocked, id=19812, stack(0x0000007b46700000,0x0000007b46800000)]
  0x00000241e99c49e0 JavaThread "pool-3-thread-5" [_thread_in_native, id=10604, stack(0x0000007b46800000,0x0000007b46900000)]
  0x00000241e99bfdf0 JavaThread "Compiler Source File Reader" daemon [_thread_blocked, id=3164, stack(0x0000007b44200000,0x0000007b44300000)]
  0x00000241e99c1230 JavaThread "Compiler Source File Reader" daemon [_thread_blocked, id=20128, stack(0x0000007b46a00000,0x0000007b46b00000)]
  0x00000241df2745b0 JavaThread "RxNewThreadScheduler-15" daemon [_thread_blocked, id=11596, stack(0x0000007b43c00000,0x0000007b43d00000)]
  0x00000241e99bd060 JavaThread "Worker-7" [_thread_blocked, id=16768, stack(0x0000007b45300000,0x0000007b45400000)]
  0x00000241e99bd570 JavaThread "pool-3-thread-8" [_thread_in_native, id=2252, stack(0x0000007b42200000,0x0000007b42300000)]
  0x00000241e99c0810 JavaThread "RxNewThreadScheduler-17" daemon [_thread_blocked, id=19400, stack(0x0000007b43f00000,0x0000007b44000000)]
  0x00000241e99be9b0 JavaThread "process reaper (pid 14252)" daemon [_thread_in_native, id=2120, stack(0x0000007b41d50000,0x0000007b41d70000)]
  0x00000241e99beec0 JavaThread "pool-3-thread-9" [_thread_in_native, id=19044, stack(0x0000007b45f00000,0x0000007b46000000)]
  0x00000241e99c1740 JavaThread "RxNewThreadScheduler-19" daemon [_thread_blocked, id=18008, stack(0x0000007b46200000,0x0000007b46300000)]
  0x00000241e99c2670 JavaThread "process reaper (pid 18664)" daemon [_thread_in_native, id=6784, stack(0x0000007b41d70000,0x0000007b41d90000)]
  0x00000241e99c3ab0 JavaThread "pool-3-thread-10" [_thread_in_native, id=20588, stack(0x0000007b46300000,0x0000007b46400000)]
  0x00000241df272c60 JavaThread "RxNewThreadScheduler-21" daemon [_thread_blocked, id=5000, stack(0x0000007b46400000,0x0000007b46500000)]
  0x00000241df271820 JavaThread "process reaper (pid 12048)" daemon [_thread_in_native, id=18264, stack(0x0000007b41db0000,0x0000007b41dd0000)]
  0x00000241df274ac0 JavaThread "Compiler Processing Task" daemon [_thread_blocked, id=20184, stack(0x0000007b44500000,0x0000007b44600000)]
  0x00000241df273680 JavaThread "pool-3-thread-11" [_thread_in_native, id=9912, stack(0x0000007b46500000,0x0000007b46600000)]
  0x00000241df271d30 JavaThread "RxNewThreadScheduler-23" daemon [_thread_blocked, id=15096, stack(0x0000007b46600000,0x0000007b46700000)]
  0x00000241dcd00390 JavaThread "process reaper (pid 7932)" daemon [_thread_in_native, id=12300, stack(0x0000007b41dd0000,0x0000007b41df0000)]
  0x00000241dcd008a0 JavaThread "pool-3-thread-12" [_thread_in_native, id=20720, stack(0x0000007b46900000,0x0000007b46a00000)]
  0x00000241dcd012c0 JavaThread "RxNewThreadScheduler-25" daemon [_thread_blocked, id=21496, stack(0x0000007b46b00000,0x0000007b46c00000)]
  0x00000241e99bf8e0 JavaThread "process reaper (pid 7548)" daemon [_thread_in_native, id=9372, stack(0x0000007b46e00000,0x0000007b46e20000)]
  0x00000241e91d4fc0 JavaThread "C2 CompilerThread1" daemon [_thread_blocked, id=18040, stack(0x0000007b46d00000,0x0000007b46e00000)]

Other Threads:
  0x00000241c26be3c0 VMThread "VM Thread" [stack: 0x0000007b42500000,0x0000007b42600000] [id=11492]
  0x00000241dbae5640 WatcherThread [stack: 0x0000007b43100000,0x0000007b43200000] [id=12284]
  0x00000241c261e2e0 GCTaskThread "GC Thread#0" [stack: 0x0000007b42400000,0x0000007b42500000] [id=15680]
  0x00000241dce25c90 GCTaskThread "GC Thread#1" [stack: 0x0000007b43200000,0x0000007b43300000] [id=5652]
  0x00000241dcd815c0 GCTaskThread "GC Thread#2" [stack: 0x0000007b43300000,0x0000007b43400000] [id=12012]
  0x00000241dce8dd20 GCTaskThread "GC Thread#3" [stack: 0x0000007b43400000,0x0000007b43500000] [id=4668]
  0x00000241dce8dfe0 GCTaskThread "GC Thread#4" [stack: 0x0000007b43500000,0x0000007b43600000] [id=1124]
  0x00000241dce8e2a0 GCTaskThread "GC Thread#5" [stack: 0x0000007b43600000,0x0000007b43700000] [id=2220]
  0x00000241dce8eb70 GCTaskThread "GC Thread#6" [stack: 0x0000007b43700000,0x0000007b43800000] [id=13876]
  0x00000241dbb19460 GCTaskThread "GC Thread#7" [stack: 0x0000007b43b00000,0x0000007b43c00000] [id=14896]

Threads with active compile tasks:
C2 CompilerThread0   885863 21587       4       org.eclipse.jdt.ls.core.internal.JDTUtils::toLocation (21 bytes)

VM state: not at safepoint (normal execution)

VM Mutex/Monitor currently owned by a thread: None

Heap address: 0x00000000c0000000, size: 1024 MB, Compressed Oops mode: 32-bit

CDS archive(s) not mapped
Compressed class space mapped at: 0x0000000100000000-0x0000000140000000, reserved size: 1073741824
Narrow klass base: 0x0000000000000000, Narrow klass shift: 3, Narrow klass range: 0x140000000

GC Precious Log:
 CPUs: 8 total, 8 available
 Memory: 3317M
 Large Page Support: Disabled
 NUMA Support: Disabled
 Compressed Oops: Enabled (32-bit)
 Alignments: Space 512K, Generation 512K, Heap 2M
 Heap Min Capacity: 100M
 Heap Initial Capacity: 100M
 Heap Max Capacity: 1G
 Pre-touch: Disabled
 Parallel Workers: 8

Heap:
 PSYoungGen      total 47616K, used 16790K [0x00000000eab00000, 0x00000000ee180000, 0x0000000100000000)
  eden space 40448K, 24% used [0x00000000eab00000,0x00000000eb49db38,0x00000000ed280000)
  from space 7168K, 96% used [0x00000000ed380000,0x00000000eda47eb8,0x00000000eda80000)
  to   space 7168K, 0% used [0x00000000eda80000,0x00000000eda80000,0x00000000ee180000)
 ParOldGen       total 494592K, used 471212K [0x00000000c0000000, 0x00000000de300000, 0x00000000eab00000)
  object space 494592K, 95% used [0x00000000c0000000,0x00000000dcc2b028,0x00000000de300000)
 Metaspace       used 84569K, committed 85952K, reserved 1179648K
  class space    used 8510K, committed 9088K, reserved 1048576K

Card table byte_map: [0x00000241c1fd0000,0x00000241c21e0000] _byte_map_base: 0x00000241c19d0000

Marking Bits: (ParMarkBitMap*) 0x00007ff8c23158b0
 Begin Bits: [0x00000241d42a0000, 0x00000241d52a0000)
 End Bits:   [0x00000241d52a0000, 0x00000241d62a0000)

Polling page: 0x00000241c1dc0000

Metaspace:

Usage:
  Non-class:     74.28 MB used.
      Class:      8.31 MB used.
       Both:     82.59 MB used.

Virtual space:
  Non-class space:      128.00 MB reserved,      75.06 MB ( 59%) committed,  2 nodes.
      Class space:        1.00 GB reserved,       8.88 MB ( <1%) committed,  1 nodes.
             Both:        1.12 GB reserved,      83.94 MB (  7%) committed. 

Chunk freelists:
   Non-Class:  4.05 MB
       Class:  7.12 MB
        Both:  11.17 MB

MaxMetaspaceSize: unlimited
CompressedClassSpaceSize: 1.00 GB
Initial GC threshold: 21.00 MB
Current GC threshold: 129.62 MB
CDS: off
MetaspaceReclaimPolicy: balanced
 - commit_granule_bytes: 65536.
 - commit_granule_words: 8192.
 - virtual_space_node_default_size: 8388608.
 - enlarge_chunks_in_place: 1.
 - new_chunks_are_fully_committed: 0.
 - uncommit_free_chunks: 1.
 - use_allocation_guard: 0.
 - handle_deallocations: 1.


Internal statistics:

num_allocs_failed_limit: 9.
num_arena_births: 970.
num_arena_deaths: 14.
num_vsnodes_births: 3.
num_vsnodes_deaths: 0.
num_space_committed: 1343.
num_space_uncommitted: 0.
num_chunks_returned_to_freelist: 23.
num_chunks_taken_from_freelist: 4609.
num_chunk_merges: 11.
num_chunk_splits: 2840.
num_chunks_enlarged: 1617.
num_inconsistent_stats: 0.

CodeHeap 'non-profiled nmethods': size=120000Kb used=14616Kb max_used=15374Kb free=105384Kb
 bounds [0x00000241ccd70000, 0x00000241cdc80000, 0x00000241d42a0000]
CodeHeap 'profiled nmethods': size=120000Kb used=29256Kb max_used=30304Kb free=90743Kb
 bounds [0x00000241c52a0000, 0x00000241c7040000, 0x00000241cc7d0000]
CodeHeap 'non-nmethods': size=5760Kb used=1420Kb max_used=1490Kb free=4339Kb
 bounds [0x00000241cc7d0000, 0x00000241cca40000, 0x00000241ccd70000]
 total_blobs=14977 nmethods=14194 adapters=691
 compilation: enabled
              stopped_count=0, restarted_count=0
 full_count=0

Compilation events (20 events):
Event: 885.193 Thread 0x00000241db7fef00 nmethod 21600 0x00000241c60c9810 code [0x00000241c60c9ce0, 0x00000241c60cd0c8]
Event: 885.193 Thread 0x00000241db7fef00 21603       3       org.eclipse.jdt.internal.core.util.WeakHashSet::cleanupGarbageCollectedValues (144 bytes)
Event: 885.200 Thread 0x00000241db7fef00 nmethod 21603 0x00000241c63dde90 code [0x00000241c63de0a0, 0x00000241c63deb38]
Event: 885.200 Thread 0x00000241db7fef00 21602   !   3       org.eclipse.jdt.internal.compiler.lookup.ClassScope::connectPermittedTypes (312 bytes)
Event: 885.203 Thread 0x00000241db7fef00 nmethod 21602 0x00000241c6841010 code [0x00000241c6841320, 0x00000241c6842a68]
Event: 885.203 Thread 0x00000241db7fef00 21601       3       org.eclipse.jdt.internal.compiler.lookup.ClassScope::checkForInheritedMemberTypes (414 bytes)
Event: 885.206 Thread 0x00000241db7fef00 nmethod 21601 0x00000241c62aa390 code [0x00000241c62aa6c0, 0x00000241c62ac1b8]
Event: 885.206 Thread 0x00000241db7fef00 21599       3       org.eclipse.jdt.internal.compiler.lookup.ClassScope::connectSuperclass (478 bytes)
Event: 885.219 Thread 0x00000241db7fef00 nmethod 21599 0x00000241c6713a10 code [0x00000241c6714180, 0x00000241c6719368]
Event: 885.219 Thread 0x00000241db7fef00 21605       3       org.eclipse.jdt.internal.compiler.lookup.BoundSet$ThreeSets::addBound1 (136 bytes)
Event: 885.224 Thread 0x00000241db7fef00 nmethod 21605 0x00000241c6498b90 code [0x00000241c6498e40, 0x00000241c64998c8]
Event: 885.224 Thread 0x00000241db7fef00 21607       3       java.util.Calendar::getFieldStrings (128 bytes)
Event: 885.226 Thread 0x00000241db7fef00 nmethod 21607 0x00000241c60c7b90 code [0x00000241c60c7e60, 0x00000241c60c8f98]
Event: 885.295 Thread 0x00000241e91d4fc0 nmethod 21585 0x00000241cd652e90 code [0x00000241cd6530e0, 0x00000241cd654ee0]
Event: 885.295 Thread 0x00000241e91d4fc0 21597       4       org.eclipse.jdt.internal.core.util.WeakHashSet::add (105 bytes)
Event: 885.370 Thread 0x00000241e91d4fc0 nmethod 21597 0x00000241cd45e690 code [0x00000241cd45e8c0, 0x00000241cd45fce8]
Event: 885.370 Thread 0x00000241e91d4fc0 21606       4       lombok.eclipse.EclipseAST::propagateProblems (81 bytes)
Event: 885.378 Thread 0x00000241e91d4fc0 nmethod 21606 0x00000241cd652a10 code [0x00000241cd652ba0, 0x00000241cd652c78]
Event: 885.378 Thread 0x00000241e91d4fc0 21584       4       java.util.stream.Nodes$SpinedNodeBuilder::asArray (29 bytes)
Event: 885.402 Thread 0x00000241e91d4fc0 nmethod 21584 0x00000241cd3d1910 code [0x00000241cd3d1ac0, 0x00000241cd3d22f8]

GC Heap History (20 events):
Event: 817.398 GC heap before
{Heap before GC invocations=328 (full 9):
 PSYoungGen      total 47616K, used 47605K [0x00000000eab00000, 0x00000000ee480000, 0x0000000100000000)
  eden space 40448K, 100% used [0x00000000eab00000,0x00000000ed280000,0x00000000ed280000)
  from space 7168K, 99% used [0x00000000ed280000,0x00000000ed97d548,0x00000000ed980000)
  to   space 9216K, 0% used [0x00000000edb80000,0x00000000edb80000,0x00000000ee480000)
 ParOldGen       total 494592K, used 459530K [0x00000000c0000000, 0x00000000de300000, 0x00000000eab00000)
  object space 494592K, 92% used [0x00000000c0000000,0x00000000dc0c2860,0x00000000de300000)
 Metaspace       used 84431K, committed 85760K, reserved 1179648K
  class space    used 8509K, committed 9088K, reserved 1048576K
}
Event: 817.405 GC heap after
{Heap after GC invocations=328 (full 9):
 PSYoungGen      total 46592K, used 6052K [0x00000000eab00000, 0x00000000ee180000, 0x0000000100000000)
  eden space 40448K, 0% used [0x00000000eab00000,0x00000000eab00000,0x00000000ed280000)
  from space 6144K, 98% used [0x00000000edb80000,0x00000000ee169120,0x00000000ee180000)
  to   space 7168K, 0% used [0x00000000ed380000,0x00000000ed380000,0x00000000eda80000)
 ParOldGen       total 494592K, used 460388K [0x00000000c0000000, 0x00000000de300000, 0x00000000eab00000)
  object space 494592K, 93% used [0x00000000c0000000,0x00000000dc199050,0x00000000de300000)
 Metaspace       used 84431K, committed 85760K, reserved 1179648K
  class space    used 8509K, committed 9088K, reserved 1048576K
}
Event: 819.355 GC heap before
{Heap before GC invocations=329 (full 9):
 PSYoungGen      total 46592K, used 46359K [0x00000000eab00000, 0x00000000ee180000, 0x0000000100000000)
  eden space 40448K, 99% used [0x00000000eab00000,0x00000000ed25cbe0,0x00000000ed280000)
  from space 6144K, 98% used [0x00000000edb80000,0x00000000ee169120,0x00000000ee180000)
  to   space 7168K, 0% used [0x00000000ed380000,0x00000000ed380000,0x00000000eda80000)
 ParOldGen       total 494592K, used 460388K [0x00000000c0000000, 0x00000000de300000, 0x00000000eab00000)
  object space 494592K, 93% used [0x00000000c0000000,0x00000000dc199050,0x00000000de300000)
 Metaspace       used 84450K, committed 85760K, reserved 1179648K
  class space    used 8510K, committed 9088K, reserved 1048576K
}
Event: 819.374 GC heap after
{Heap after GC invocations=329 (full 9):
 PSYoungGen      total 46592K, used 5892K [0x00000000eab00000, 0x00000000ede80000, 0x0000000100000000)
  eden space 40448K, 0% used [0x00000000eab00000,0x00000000eab00000,0x00000000ed280000)
  from space 6144K, 95% used [0x00000000ed380000,0x00000000ed941120,0x00000000ed980000)
  to   space 5120K, 0% used [0x00000000ed980000,0x00000000ed980000,0x00000000ede80000)
 ParOldGen       total 494592K, used 460388K [0x00000000c0000000, 0x00000000de300000, 0x00000000eab00000)
  object space 494592K, 93% used [0x00000000c0000000,0x00000000dc199050,0x00000000de300000)
 Metaspace       used 84450K, committed 85760K, reserved 1179648K
  class space    used 8510K, committed 9088K, reserved 1048576K
}
Event: 820.596 GC heap before
{Heap before GC invocations=330 (full 9):
 PSYoungGen      total 46592K, used 46340K [0x00000000eab00000, 0x00000000ede80000, 0x0000000100000000)
  eden space 40448K, 100% used [0x00000000eab00000,0x00000000ed280000,0x00000000ed280000)
  from space 6144K, 95% used [0x00000000ed380000,0x00000000ed941120,0x00000000ed980000)
  to   space 5120K, 0% used [0x00000000ed980000,0x00000000ed980000,0x00000000ede80000)
 ParOldGen       total 494592K, used 460388K [0x00000000c0000000, 0x00000000de300000, 0x00000000eab00000)
  object space 494592K, 93% used [0x00000000c0000000,0x00000000dc199050,0x00000000de300000)
 Metaspace       used 84469K, committed 85760K, reserved 1179648K
  class space    used 8510K, committed 9088K, reserved 1048576K
}
Event: 820.602 GC heap after
{Heap after GC invocations=330 (full 9):
 PSYoungGen      total 45568K, used 5093K [0x00000000eab00000, 0x00000000edf80000, 0x0000000100000000)
  eden space 40448K, 0% used [0x00000000eab00000,0x00000000eab00000,0x00000000ed280000)
  from space 5120K, 99% used [0x00000000ed980000,0x00000000ede794c8,0x00000000ede80000)
  to   space 6656K, 0% used [0x00000000ed280000,0x00000000ed280000,0x00000000ed900000)
 ParOldGen       total 494592K, used 461593K [0x00000000c0000000, 0x00000000de300000, 0x00000000eab00000)
  object space 494592K, 93% used [0x00000000c0000000,0x00000000dc2c65b0,0x00000000de300000)
 Metaspace       used 84469K, committed 85760K, reserved 1179648K
  class space    used 8510K, committed 9088K, reserved 1048576K
}
Event: 822.443 GC heap before
{Heap before GC invocations=331 (full 9):
 PSYoungGen      total 45568K, used 45541K [0x00000000eab00000, 0x00000000edf80000, 0x0000000100000000)
  eden space 40448K, 100% used [0x00000000eab00000,0x00000000ed280000,0x00000000ed280000)
  from space 5120K, 99% used [0x00000000ed980000,0x00000000ede794c8,0x00000000ede80000)
  to   space 6656K, 0% used [0x00000000ed280000,0x00000000ed280000,0x00000000ed900000)
 ParOldGen       total 494592K, used 461593K [0x00000000c0000000, 0x00000000de300000, 0x00000000eab00000)
  object space 494592K, 93% used [0x00000000c0000000,0x00000000dc2c65b0,0x00000000de300000)
 Metaspace       used 84471K, committed 85760K, reserved 1179648K
  class space    used 8510K, committed 9088K, reserved 1048576K
}
Event: 822.471 GC heap after
{Heap after GC invocations=331 (full 9):
 PSYoungGen      total 47104K, used 6655K [0x00000000eab00000, 0x00000000eeb80000, 0x0000000100000000)
  eden space 40448K, 0% used [0x00000000eab00000,0x00000000eab00000,0x00000000ed280000)
  from space 6656K, 99% used [0x00000000ed280000,0x00000000ed8ffec8,0x00000000ed900000)
  to   space 12800K, 0% used [0x00000000edf00000,0x00000000edf00000,0x00000000eeb80000)
 ParOldGen       total 494592K, used 466382K [0x00000000c0000000, 0x00000000de300000, 0x00000000eab00000)
  object space 494592K, 94% used [0x00000000c0000000,0x00000000dc7738b8,0x00000000de300000)
 Metaspace       used 84471K, committed 85760K, reserved 1179648K
  class space    used 8510K, committed 9088K, reserved 1048576K
}
Event: 823.382 GC heap before
{Heap before GC invocations=332 (full 9):
 PSYoungGen      total 47104K, used 47103K [0x00000000eab00000, 0x00000000eeb80000, 0x0000000100000000)
  eden space 40448K, 100% used [0x00000000eab00000,0x00000000ed280000,0x00000000ed280000)
  from space 6656K, 99% used [0x00000000ed280000,0x00000000ed8ffec8,0x00000000ed900000)
  to   space 12800K, 0% used [0x00000000edf00000,0x00000000edf00000,0x00000000eeb80000)
 ParOldGen       total 494592K, used 466382K [0x00000000c0000000, 0x00000000de300000, 0x00000000eab00000)
  object space 494592K, 94% used [0x00000000c0000000,0x00000000dc7738b8,0x00000000de300000)
 Metaspace       used 84482K, committed 85824K, reserved 1179648K
  class space    used 8510K, committed 9088K, reserved 1048576K
}
Event: 823.425 GC heap after
{Heap after GC invocations=332 (full 9):
 PSYoungGen      total 47616K, used 6735K [0x00000000eab00000, 0x00000000ee600000, 0x0000000100000000)
  eden space 40448K, 0% used [0x00000000eab00000,0x00000000eab00000,0x00000000ed280000)
  from space 7168K, 93% used [0x00000000edf00000,0x00000000ee593e88,0x00000000ee600000)
  to   space 8704K, 0% used [0x00000000ed500000,0x00000000ed500000,0x00000000edd80000)
 ParOldGen       total 494592K, used 466654K [0x00000000c0000000, 0x00000000de300000, 0x00000000eab00000)
  object space 494592K, 94% used [0x00000000c0000000,0x00000000dc7b7918,0x00000000de300000)
 Metaspace       used 84482K, committed 85824K, reserved 1179648K
  class space    used 8510K, committed 9088K, reserved 1048576K
}
Event: 848.083 GC heap before
{Heap before GC invocations=333 (full 9):
 PSYoungGen      total 47616K, used 47183K [0x00000000eab00000, 0x00000000ee600000, 0x0000000100000000)
  eden space 40448K, 100% used [0x00000000eab00000,0x00000000ed280000,0x00000000ed280000)
  from space 7168K, 93% used [0x00000000edf00000,0x00000000ee593e88,0x00000000ee600000)
  to   space 8704K, 0% used [0x00000000ed500000,0x00000000ed500000,0x00000000edd80000)
 ParOldGen       total 494592K, used 466654K [0x00000000c0000000, 0x00000000de300000, 0x00000000eab00000)
  object space 494592K, 94% used [0x00000000c0000000,0x00000000dc7b7918,0x00000000de300000)
 Metaspace       used 84494K, committed 85824K, reserved 1179648K
  class space    used 8510K, committed 9088K, reserved 1048576K
}
Event: 848.351 GC heap after
{Heap after GC invocations=333 (full 9):
 PSYoungGen      total 49152K, used 8319K [0x00000000eab00000, 0x00000000ee380000, 0x0000000100000000)
  eden space 40448K, 0% used [0x00000000eab00000,0x00000000eab00000,0x00000000ed280000)
  from space 8704K, 95% used [0x00000000ed500000,0x00000000edd1fef8,0x00000000edd80000)
  to   space 6144K, 0% used [0x00000000edd80000,0x00000000edd80000,0x00000000ee380000)
 ParOldGen       total 494592K, used 466662K [0x00000000c0000000, 0x00000000de300000, 0x00000000eab00000)
  object space 494592K, 94% used [0x00000000c0000000,0x00000000dc7b9918,0x00000000de300000)
 Metaspace       used 84494K, committed 85824K, reserved 1179648K
  class space    used 8510K, committed 9088K, reserved 1048576K
}
Event: 848.901 GC heap before
{Heap before GC invocations=334 (full 9):
 PSYoungGen      total 49152K, used 48767K [0x00000000eab00000, 0x00000000ee380000, 0x0000000100000000)
  eden space 40448K, 100% used [0x00000000eab00000,0x00000000ed280000,0x00000000ed280000)
  from space 8704K, 95% used [0x00000000ed500000,0x00000000edd1fef8,0x00000000edd80000)
  to   space 6144K, 0% used [0x00000000edd80000,0x00000000edd80000,0x00000000ee380000)
 ParOldGen       total 494592K, used 466662K [0x00000000c0000000, 0x00000000de300000, 0x00000000eab00000)
  object space 494592K, 94% used [0x00000000c0000000,0x00000000dc7b9918,0x00000000de300000)
 Metaspace       used 84503K, committed 85824K, reserved 1179648K
  class space    used 8510K, committed 9088K, reserved 1048576K
}
Event: 848.918 GC heap after
{Heap after GC invocations=334 (full 9):
 PSYoungGen      total 46592K, used 6127K [0x00000000eab00000, 0x00000000ee680000, 0x0000000100000000)
  eden space 40448K, 0% used [0x00000000eab00000,0x00000000eab00000,0x00000000ed280000)
  from space 6144K, 99% used [0x00000000edd80000,0x00000000ee37be68,0x00000000ee380000)
  to   space 10240K, 0% used [0x00000000ed280000,0x00000000ed280000,0x00000000edc80000)
 ParOldGen       total 494592K, used 470145K [0x00000000c0000000, 0x00000000de300000, 0x00000000eab00000)
  object space 494592K, 95% used [0x00000000c0000000,0x00000000dcb207f8,0x00000000de300000)
 Metaspace       used 84503K, committed 85824K, reserved 1179648K
  class space    used 8510K, committed 9088K, reserved 1048576K
}
Event: 850.965 GC heap before
{Heap before GC invocations=335 (full 9):
 PSYoungGen      total 46592K, used 46575K [0x00000000eab00000, 0x00000000ee680000, 0x0000000100000000)
  eden space 40448K, 100% used [0x00000000eab00000,0x00000000ed280000,0x00000000ed280000)
  from space 6144K, 99% used [0x00000000edd80000,0x00000000ee37be68,0x00000000ee380000)
  to   space 10240K, 0% used [0x00000000ed280000,0x00000000ed280000,0x00000000edc80000)
 ParOldGen       total 494592K, used 470145K [0x00000000c0000000, 0x00000000de300000, 0x00000000eab00000)
  object space 494592K, 95% used [0x00000000c0000000,0x00000000dcb207f8,0x00000000de300000)
 Metaspace       used 84505K, committed 85824K, reserved 1179648K
  class space    used 8510K, committed 9088K, reserved 1048576K
}
Event: 850.999 GC heap after
{Heap after GC invocations=335 (full 9):
 PSYoungGen      total 50688K, used 9738K [0x00000000eab00000, 0x00000000ee680000, 0x0000000100000000)
  eden space 40448K, 0% used [0x00000000eab00000,0x00000000eab00000,0x00000000ed280000)
  from space 10240K, 95% used [0x00000000ed280000,0x00000000edc02848,0x00000000edc80000)
  to   space 10240K, 0% used [0x00000000edc80000,0x00000000edc80000,0x00000000ee680000)
 ParOldGen       total 494592K, used 470145K [0x00000000c0000000, 0x00000000de300000, 0x00000000eab00000)
  object space 494592K, 95% used [0x00000000c0000000,0x00000000dcb207f8,0x00000000de300000)
 Metaspace       used 84505K, committed 85824K, reserved 1179648K
  class space    used 8510K, committed 9088K, reserved 1048576K
}
Event: 882.383 GC heap before
{Heap before GC invocations=336 (full 9):
 PSYoungGen      total 50688K, used 50186K [0x00000000eab00000, 0x00000000ee680000, 0x0000000100000000)
  eden space 40448K, 100% used [0x00000000eab00000,0x00000000ed280000,0x00000000ed280000)
  from space 10240K, 95% used [0x00000000ed280000,0x00000000edc02848,0x00000000edc80000)
  to   space 10240K, 0% used [0x00000000edc80000,0x00000000edc80000,0x00000000ee680000)
 ParOldGen       total 494592K, used 470145K [0x00000000c0000000, 0x00000000de300000, 0x00000000eab00000)
  object space 494592K, 95% used [0x00000000c0000000,0x00000000dcb207f8,0x00000000de300000)
 Metaspace       used 84549K, committed 85888K, reserved 1179648K
  class space    used 8510K, committed 9088K, reserved 1048576K
}
Event: 882.554 GC heap after
{Heap after GC invocations=336 (full 9):
 PSYoungGen      total 48640K, used 7887K [0x00000000eab00000, 0x00000000ee480000, 0x0000000100000000)
  eden space 40448K, 0% used [0x00000000eab00000,0x00000000eab00000,0x00000000ed280000)
  from space 8192K, 96% used [0x00000000edc80000,0x00000000ee433ee8,0x00000000ee480000)
  to   space 8704K, 0% used [0x00000000ed380000,0x00000000ed380000,0x00000000edc00000)
 ParOldGen       total 494592K, used 470153K [0x00000000c0000000, 0x00000000de300000, 0x00000000eab00000)
  object space 494592K, 95% used [0x00000000c0000000,0x00000000dcb227f8,0x00000000de300000)
 Metaspace       used 84549K, committed 85888K, reserved 1179648K
  class space    used 8510K, committed 9088K, reserved 1048576K
}
Event: 885.152 GC heap before
{Heap before GC invocations=337 (full 9):
 PSYoungGen      total 48640K, used 48335K [0x00000000eab00000, 0x00000000ee480000, 0x0000000100000000)
  eden space 40448K, 100% used [0x00000000eab00000,0x00000000ed280000,0x00000000ed280000)
  from space 8192K, 96% used [0x00000000edc80000,0x00000000ee433ee8,0x00000000ee480000)
  to   space 8704K, 0% used [0x00000000ed380000,0x00000000ed380000,0x00000000edc00000)
 ParOldGen       total 494592K, used 470153K [0x00000000c0000000, 0x00000000de300000, 0x00000000eab00000)
  object space 494592K, 95% used [0x00000000c0000000,0x00000000dcb227f8,0x00000000de300000)
 Metaspace       used 84568K, committed 85952K, reserved 1179648K
  class space    used 8510K, committed 9088K, reserved 1048576K
}
Event: 885.177 GC heap after
{Heap after GC invocations=337 (full 9):
 PSYoungGen      total 47616K, used 6943K [0x00000000eab00000, 0x00000000ee180000, 0x0000000100000000)
  eden space 40448K, 0% used [0x00000000eab00000,0x00000000eab00000,0x00000000ed280000)
  from space 7168K, 96% used [0x00000000ed380000,0x00000000eda47eb8,0x00000000eda80000)
  to   space 7168K, 0% used [0x00000000eda80000,0x00000000eda80000,0x00000000ee180000)
 ParOldGen       total 494592K, used 471212K [0x00000000c0000000, 0x00000000de300000, 0x00000000eab00000)
  object space 494592K, 95% used [0x00000000c0000000,0x00000000dcc2b028,0x00000000de300000)
 Metaspace       used 84568K, committed 85952K, reserved 1179648K
  class space    used 8510K, committed 9088K, reserved 1048576K
}

Dll operation events (12 events):
Event: 0.077 Loaded shared library c:\Users\shima\.vscode\extensions\redhat.java-1.35.0-win32-x64\jre\17.0.12-win32-x86_64\bin\java.dll
Event: 0.452 Loaded shared library c:\Users\shima\.vscode\extensions\redhat.java-1.35.0-win32-x64\jre\17.0.12-win32-x86_64\bin\zip.dll
Event: 0.479 Loaded shared library C:\Users\shima\.vscode\extensions\redhat.java-1.35.0-win32-x64\jre\17.0.12-win32-x86_64\bin\instrument.dll
Event: 0.563 Loaded shared library C:\Users\shima\.vscode\extensions\redhat.java-1.35.0-win32-x64\jre\17.0.12-win32-x86_64\bin\net.dll
Event: 0.587 Loaded shared library C:\Users\shima\.vscode\extensions\redhat.java-1.35.0-win32-x64\jre\17.0.12-win32-x86_64\bin\nio.dll
Event: 0.640 Loaded shared library C:\Users\shima\.vscode\extensions\redhat.java-1.35.0-win32-x64\jre\17.0.12-win32-x86_64\bin\zip.dll
Event: 0.694 Loaded shared library C:\Users\shima\.vscode\extensions\redhat.java-1.35.0-win32-x64\jre\17.0.12-win32-x86_64\bin\jimage.dll
Event: 0.852 Loaded shared library c:\Users\shima\.vscode\extensions\redhat.java-1.35.0-win32-x64\jre\17.0.12-win32-x86_64\bin\verify.dll
Event: 8.268 Loaded shared library C:\Users\shima\AppData\Roaming\Code\User\globalStorage\redhat.java\1.35.0\config_win\org.eclipse.equinox.launcher\org.eclipse.equinox.launcher.win32.win32.x86_64_1.2.1100.v20240722-2106\eclipse_11904.dll
Event: 22.416 Loaded shared library C:\Users\shima\AppData\Local\Temp\jna-109407560\jna3918489758758477721.dll
Event: 32.885 Loaded shared library C:\Users\shima\.vscode\extensions\redhat.java-1.35.0-win32-x64\jre\17.0.12-win32-x86_64\bin\sunmscapi.dll
Event: 34.457 Loaded shared library C:\Users\shima\.vscode\extensions\redhat.java-1.35.0-win32-x64\jre\17.0.12-win32-x86_64\bin\extnet.dll

Deoptimization events (20 events):
Event: 850.940 Thread 0x00000241ddfb9670 Uncommon trap: trap_request=0xffffffbe fr.pc=0x00000241cdc0beec relative=0x000000000000016c
Event: 850.940 Thread 0x00000241ddfb9670 Uncommon trap: reason=profile_predicate action=maybe_recompile pc=0x00000241cdc0beec method=java.util.LinkedHashMap.keysToArray([Ljava/lang/Object;)[Ljava/lang/Object; @ 12 c2
Event: 850.940 Thread 0x00000241ddfb9670 DEOPT PACKING pc=0x00000241cdc0beec sp=0x0000007b421fd8b0
Event: 850.940 Thread 0x00000241ddfb9670 DEOPT UNPACKING pc=0x00000241cc8266a3 sp=0x0000007b421fd848 mode 2
Event: 851.041 Thread 0x00000241df274ac0 DEOPT PACKING pc=0x00000241c53c09a7 sp=0x0000007b445fe8a0
Event: 851.042 Thread 0x00000241df274ac0 DEOPT UNPACKING pc=0x00000241cc826e43 sp=0x0000007b445fdd50 mode 0
Event: 884.432 Thread 0x00000241ddfb9b80 Uncommon trap: trap_request=0xffffff45 fr.pc=0x00000241cd0f72dc relative=0x0000000000000abc
Event: 884.432 Thread 0x00000241ddfb9b80 Uncommon trap: reason=unstable_if action=reinterpret pc=0x00000241cd0f72dc method=org.eclipse.jdt.internal.core.util.WeakHashSet.cleanupGarbageCollectedValues()V @ 68 c2
Event: 884.433 Thread 0x00000241ddfb9b80 DEOPT PACKING pc=0x00000241cd0f72dc sp=0x0000007b457feb20
Event: 884.435 Thread 0x00000241ddfb9b80 DEOPT UNPACKING pc=0x00000241cc8266a3 sp=0x0000007b457fea40 mode 2
Event: 885.050 Thread 0x00000241dcd021f0 Uncommon trap: trap_request=0xffffffe4 fr.pc=0x00000241cdaccbdc relative=0x00000000000001bc
Event: 885.050 Thread 0x00000241dcd021f0 Uncommon trap: reason=range_check action=make_not_entrant pc=0x00000241cdaccbdc method=java.util.LinkedHashMap.keysToArray([Ljava/lang/Object;)[Ljava/lang/Object; @ 25 c2
Event: 885.050 Thread 0x00000241dcd021f0 DEOPT PACKING pc=0x00000241cdaccbdc sp=0x0000007b443fda60
Event: 885.051 Thread 0x00000241dcd021f0 DEOPT UNPACKING pc=0x00000241cc8266a3 sp=0x0000007b443fd9e8 mode 2
Event: 885.177 Thread 0x00000241dcd021f0 Uncommon trap: trap_request=0xffffff45 fr.pc=0x00000241cd0f8c3c relative=0x000000000000047c
Event: 885.177 Thread 0x00000241dcd021f0 Uncommon trap: reason=unstable_if action=reinterpret pc=0x00000241cd0f8c3c method=org.eclipse.jdt.internal.core.util.WeakHashSet.cleanupGarbageCollectedValues()V @ 128 c2
Event: 885.177 Thread 0x00000241dcd021f0 DEOPT PACKING pc=0x00000241cd0f8c3c sp=0x0000007b443fe3e0
Event: 885.178 Thread 0x00000241dcd021f0 DEOPT UNPACKING pc=0x00000241cc8266a3 sp=0x0000007b443fe370 mode 2
Event: 885.184 Thread 0x00000241dcd021f0 DEOPT PACKING pc=0x00000241c7019b8d sp=0x0000007b443fe500
Event: 885.184 Thread 0x00000241dcd021f0 DEOPT UNPACKING pc=0x00000241cc826e43 sp=0x0000007b443fdad0 mode 0

Classes loaded (20 events):
Event: 330.418 Loading class java/util/function/LongFunction
Event: 330.420 Loading class java/util/function/LongFunction done
Event: 330.424 Loading class java/util/stream/Nodes$ConcNode
Event: 330.435 Loading class java/util/stream/Nodes$AbstractConcNode
Event: 330.438 Loading class java/util/stream/Nodes$AbstractConcNode done
Event: 330.438 Loading class java/util/stream/Nodes$ConcNode done
Event: 330.559 Loading class java/io/ObjectOutputStream$BlockDataOutputStream
Event: 330.565 Loading class java/io/ObjectOutputStream$BlockDataOutputStream done
Event: 330.565 Loading class java/io/ObjectOutputStream$HandleTable
Event: 330.567 Loading class java/io/ObjectOutputStream$HandleTable done
Event: 330.567 Loading class java/io/ObjectOutputStream$ReplaceTable
Event: 330.567 Loading class java/io/ObjectOutputStream$ReplaceTable done
Event: 776.261 Loading class java/util/concurrent/ConcurrentHashMap$TreeNode
Event: 776.304 Loading class java/util/concurrent/ConcurrentHashMap$TreeNode done
Event: 776.306 Loading class java/util/concurrent/ConcurrentHashMap$TreeBin
Event: 776.355 Loading class java/util/concurrent/ConcurrentHashMap$TreeBin done
Event: 802.025 Loading class java/io/CharArrayReader
Event: 802.028 Loading class java/io/CharArrayReader done
Event: 802.031 Loading class java/util/regex/Pattern$Bound
Event: 802.033 Loading class java/util/regex/Pattern$Bound done

Classes unloaded (7 events):
Event: 21.912 Thread 0x00000241c26be3c0 Unloading class 0x0000000100248400 'java/lang/invoke/LambdaForm$MH+0x0000000100248400'
Event: 21.912 Thread 0x00000241c26be3c0 Unloading class 0x0000000100248000 'java/lang/invoke/LambdaForm$MH+0x0000000100248000'
Event: 21.912 Thread 0x00000241c26be3c0 Unloading class 0x0000000100247c00 'java/lang/invoke/LambdaForm$MH+0x0000000100247c00'
Event: 21.912 Thread 0x00000241c26be3c0 Unloading class 0x0000000100247800 'java/lang/invoke/LambdaForm$MH+0x0000000100247800'
Event: 21.912 Thread 0x00000241c26be3c0 Unloading class 0x0000000100247400 'java/lang/invoke/LambdaForm$BMH+0x0000000100247400'
Event: 21.912 Thread 0x00000241c26be3c0 Unloading class 0x0000000100247000 'java/lang/invoke/LambdaForm$DMH+0x0000000100247000'
Event: 21.912 Thread 0x00000241c26be3c0 Unloading class 0x0000000100244400 'java/lang/invoke/LambdaForm$DMH+0x0000000100244400'

Classes redefined (0 events):
No events

Internal exceptions (20 events):
Event: 756.044 Thread 0x00000241ddfbd330 Exception <a 'sun/nio/fs/WindowsException'{0x00000000eb231798}> (0x00000000eb231798) 
thrown [s\src\hotspot\share\prims\jni.cpp, line 516]
Event: 756.044 Thread 0x00000241ddfbd330 Exception <a 'sun/nio/fs/WindowsException'{0x00000000eb231de0}> (0x00000000eb231de0) 
thrown [s\src\hotspot\share\prims\jni.cpp, line 516]
Event: 802.239 Thread 0x00000241ddfbdd50 Exception <a 'java/lang/ClassNotFoundException'{0x00000000ec5edae8}: sun/net/www/protocol/jdt/Handler> (0x00000000ec5edae8) 
thrown [s\src\hotspot\share\classfile\systemDictionary.cpp, line 256]
Event: 802.240 Thread 0x00000241ddfbdd50 Exception <a 'java/lang/ClassNotFoundException'{0x00000000ec5f0218}: sun/net/www/protocol/jdt/Handler> (0x00000000ec5f0218) 
thrown [s\src\hotspot\share\classfile\systemDictionary.cpp, line 256]
Event: 819.343 Thread 0x00000241dcd017d0 Exception <a 'sun/nio/fs/WindowsException'{0x00000000ed2237c0}> (0x00000000ed2237c0) 
thrown [s\src\hotspot\share\prims\jni.cpp, line 516]
Event: 819.597 Thread 0x00000241dcd017d0 Exception <a 'sun/nio/fs/WindowsException'{0x00000000ebc9b328}> (0x00000000ebc9b328) 
thrown [s\src\hotspot\share\prims\jni.cpp, line 516]
Event: 823.364 Thread 0x00000241ddfbd330 Exception <a 'sun/nio/fs/WindowsException'{0x00000000ec6291d8}> (0x00000000ec6291d8) 
thrown [s\src\hotspot\share\prims\jni.cpp, line 516]
Event: 823.366 Thread 0x00000241ddfbd330 Exception <a 'sun/nio/fs/WindowsException'{0x00000000ec629840}> (0x00000000ec629840) 
thrown [s\src\hotspot\share\prims\jni.cpp, line 516]
Event: 823.367 Thread 0x00000241ddfbd330 Exception <a 'sun/nio/fs/WindowsException'{0x00000000ec62a5d0}> (0x00000000ec62a5d0) 
thrown [s\src\hotspot\share\prims\jni.cpp, line 516]
Event: 823.367 Thread 0x00000241ddfbd330 Exception <a 'sun/nio/fs/WindowsException'{0x00000000ec62aec0}> (0x00000000ec62aec0) 
thrown [s\src\hotspot\share\prims\jni.cpp, line 516]
Event: 823.371 Thread 0x00000241ddfbd330 Exception <a 'sun/nio/fs/WindowsException'{0x00000000ec62c5e8}> (0x00000000ec62c5e8) 
thrown [s\src\hotspot\share\prims\jni.cpp, line 516]
Event: 823.371 Thread 0x00000241ddfbd330 Exception <a 'sun/nio/fs/WindowsException'{0x00000000ec62cc30}> (0x00000000ec62cc30) 
thrown [s\src\hotspot\share\prims\jni.cpp, line 516]
Event: 850.692 Thread 0x00000241dcd017d0 Exception <a 'sun/nio/fs/WindowsException'{0x00000000ec30ef98}> (0x00000000ec30ef98) 
thrown [s\src\hotspot\share\prims\jni.cpp, line 516]
Event: 851.102 Thread 0x00000241dcd017d0 Exception <a 'sun/nio/fs/WindowsException'{0x00000000eb2c2af0}> (0x00000000eb2c2af0) 
thrown [s\src\hotspot\share\prims\jni.cpp, line 516]
Event: 853.224 Thread 0x00000241ddfbe770 Exception <a 'sun/nio/fs/WindowsException'{0x00000000ecf5ed28}> (0x00000000ecf5ed28) 
thrown [s\src\hotspot\share\prims\jni.cpp, line 516]
Event: 853.226 Thread 0x00000241ddfbe770 Exception <a 'sun/nio/fs/WindowsException'{0x00000000ecf5f390}> (0x00000000ecf5f390) 
thrown [s\src\hotspot\share\prims\jni.cpp, line 516]
Event: 853.228 Thread 0x00000241ddfbe770 Exception <a 'sun/nio/fs/WindowsException'{0x00000000ecf60108}> (0x00000000ecf60108) 
thrown [s\src\hotspot\share\prims\jni.cpp, line 516]
Event: 853.228 Thread 0x00000241ddfbe770 Exception <a 'sun/nio/fs/WindowsException'{0x00000000ecf609f8}> (0x00000000ecf609f8) 
thrown [s\src\hotspot\share\prims\jni.cpp, line 516]
Event: 853.231 Thread 0x00000241ddfbe770 Exception <a 'sun/nio/fs/WindowsException'{0x00000000ecf62120}> (0x00000000ecf62120) 
thrown [s\src\hotspot\share\prims\jni.cpp, line 516]
Event: 853.231 Thread 0x00000241ddfbe770 Exception <a 'sun/nio/fs/WindowsException'{0x00000000ecf62768}> (0x00000000ecf62768) 
thrown [s\src\hotspot\share\prims\jni.cpp, line 516]

VM Operations (20 events):
Event: 848.082 Executing VM operation: ParallelGCFailedAllocation
Event: 848.352 Executing VM operation: ParallelGCFailedAllocation done
Event: 848.901 Executing VM operation: ParallelGCFailedAllocation
Event: 848.918 Executing VM operation: ParallelGCFailedAllocation done
Event: 849.922 Executing VM operation: Cleanup
Event: 849.922 Executing VM operation: Cleanup done
Event: 850.933 Executing VM operation: Cleanup
Event: 850.934 Executing VM operation: Cleanup done
Event: 850.946 Executing VM operation: ParallelGCFailedAllocation
Event: 850.999 Executing VM operation: ParallelGCFailedAllocation done
Event: 852.013 Executing VM operation: Cleanup
Event: 852.014 Executing VM operation: Cleanup done
Event: 853.020 Executing VM operation: Cleanup
Event: 853.020 Executing VM operation: Cleanup done
Event: 882.379 Executing VM operation: ParallelGCFailedAllocation
Event: 882.554 Executing VM operation: ParallelGCFailedAllocation done
Event: 884.580 Executing VM operation: Cleanup
Event: 884.580 Executing VM operation: Cleanup done
Event: 885.152 Executing VM operation: ParallelGCFailedAllocation
Event: 885.177 Executing VM operation: ParallelGCFailedAllocation done

Events (20 events):
Event: 802.341 Thread 0x00000241db7ff810 flushing nmethod 0x00000241c6dbbc10
Event: 802.342 Thread 0x00000241db7ff810 flushing nmethod 0x00000241c6f00010
Event: 802.343 Thread 0x00000241db7ff810 flushing nmethod 0x00000241c7012a10
Event: 811.012 Thread 0x00000241e99c0300 Thread exited: 0x00000241e99c0300
Event: 819.540 Thread 0x00000241df274ac0 Thread added: 0x00000241df274ac0
Event: 823.473 Thread 0x00000241df273680 Thread added: 0x00000241df273680
Event: 823.494 Thread 0x00000241df271d30 Thread added: 0x00000241df271d30
Event: 823.535 Thread 0x00000241dcd00390 Thread added: 0x00000241dcd00390
Event: 823.785 Thread 0x00000241dcd008a0 Thread added: 0x00000241dcd008a0
Event: 823.785 Thread 0x00000241dcd00390 Thread exited: 0x00000241dcd00390
Event: 824.642 Thread 0x00000241dcd00390 Thread added: 0x00000241dcd00390
Event: 824.645 Thread 0x00000241dcd008a0 Thread exited: 0x00000241dcd008a0
Event: 853.274 Thread 0x00000241dcd008a0 Thread added: 0x00000241dcd008a0
Event: 853.298 Thread 0x00000241dcd012c0 Thread added: 0x00000241dcd012c0
Event: 853.319 Thread 0x00000241e99bf8e0 Thread added: 0x00000241e99bf8e0
Event: 853.555 Thread 0x00000241e99c0300 Thread added: 0x00000241e99c0300
Event: 853.558 Thread 0x00000241e99bf8e0 Thread exited: 0x00000241e99bf8e0
Event: 854.349 Thread 0x00000241e99bf8e0 Thread added: 0x00000241e99bf8e0
Event: 854.356 Thread 0x00000241e99c0300 Thread exited: 0x00000241e99c0300
Event: 885.018 Thread 0x00000241e91d4fc0 Thread added: 0x00000241e91d4fc0


Dynamic libraries:
0x00007ff71d980000 - 0x00007ff71d98e000 	c:\Users\shima\.vscode\extensions\redhat.java-1.35.0-win32-x64\jre\17.0.12-win32-x86_64\bin\java.exe
0x00007ff907570000 - 0x00007ff907787000 	C:\Windows\SYSTEM32\ntdll.dll
0x00007ff905f90000 - 0x00007ff906054000 	C:\Windows\System32\KERNEL32.DLL
0x00007ff9049b0000 - 0x00007ff904d5d000 	C:\Windows\System32\KERNELBASE.dll
0x00007ff905100000 - 0x00007ff905211000 	C:\Windows\System32\ucrtbase.dll
0x00007ff8fcc40000 - 0x00007ff8fcc5b000 	c:\Users\shima\.vscode\extensions\redhat.java-1.35.0-win32-x64\jre\17.0.12-win32-x86_64\bin\VCRUNTIME140.dll
0x00007ff8feab0000 - 0x00007ff8feac7000 	c:\Users\shima\.vscode\extensions\redhat.java-1.35.0-win32-x64\jre\17.0.12-win32-x86_64\bin\jli.dll
0x00007ff907360000 - 0x00007ff90750e000 	C:\Windows\System32\USER32.dll
0x00007ff904f70000 - 0x00007ff904f96000 	C:\Windows\System32\win32u.dll
0x00007ff905e60000 - 0x00007ff905e89000 	C:\Windows\System32\GDI32.dll
0x00007ff904890000 - 0x00007ff9049a9000 	C:\Windows\System32\gdi32full.dll
0x00007ff904fa0000 - 0x00007ff90503a000 	C:\Windows\System32\msvcp_win.dll
0x00007ff8ed9d0000 - 0x00007ff8edc63000 	C:\Windows\WinSxS\amd64_microsoft.windows.common-controls_6595b64144ccf1df_6.0.22621.3672_none_2713b9d173822955\COMCTL32.dll
0x00007ff905380000 - 0x00007ff905427000 	C:\Windows\System32\msvcrt.dll
0x00007ff905e90000 - 0x00007ff905ec1000 	C:\Windows\System32\IMM32.DLL
0x00007ff8feaa0000 - 0x00007ff8feaac000 	c:\Users\shima\.vscode\extensions\redhat.java-1.35.0-win32-x64\jre\17.0.12-win32-x86_64\bin\vcruntime140_1.dll
0x00007ff8c23e0000 - 0x00007ff8c246d000 	c:\Users\shima\.vscode\extensions\redhat.java-1.35.0-win32-x64\jre\17.0.12-win32-x86_64\bin\msvcp140.dll
0x00007ff8c1770000 - 0x00007ff8c23da000 	c:\Users\shima\.vscode\extensions\redhat.java-1.35.0-win32-x64\jre\17.0.12-win32-x86_64\bin\server\jvm.dll
0x00007ff905ed0000 - 0x00007ff905f82000 	C:\Windows\System32\ADVAPI32.dll
0x00007ff9072b0000 - 0x00007ff907359000 	C:\Windows\System32\sechost.dll
0x00007ff904d60000 - 0x00007ff904d88000 	C:\Windows\System32\bcrypt.dll
0x00007ff906cf0000 - 0x00007ff906e04000 	C:\Windows\System32\RPCRT4.dll
0x00007ff9045b0000 - 0x00007ff9045fd000 	C:\Windows\SYSTEM32\POWRPROF.dll
0x00007ff906c70000 - 0x00007ff906ce1000 	C:\Windows\System32\WS2_32.dll
0x00007ff8fe9e0000 - 0x00007ff8fea14000 	C:\Windows\SYSTEM32\WINMM.dll
0x00007ff8fa790000 - 0x00007ff8fa79a000 	C:\Windows\SYSTEM32\VERSION.dll
0x00007ff904590000 - 0x00007ff9045a3000 	C:\Windows\SYSTEM32\UMPDC.dll
0x00007ff9038e0000 - 0x00007ff9038f8000 	C:\Windows\SYSTEM32\kernel.appcore.dll
0x00007ff8fcc30000 - 0x00007ff8fcc3a000 	c:\Users\shima\.vscode\extensions\redhat.java-1.35.0-win32-x64\jre\17.0.12-win32-x86_64\bin\jimage.dll
0x00007ff902010000 - 0x00007ff902242000 	C:\Windows\SYSTEM32\DBGHELP.DLL
0x00007ff905480000 - 0x00007ff90580e000 	C:\Windows\System32\combase.dll
0x00007ff906f10000 - 0x00007ff906fe7000 	C:\Windows\System32\OLEAUT32.dll
0x00007ff8ea690000 - 0x00007ff8ea6c2000 	C:\Windows\SYSTEM32\dbgcore.DLL
0x00007ff905220000 - 0x00007ff90529b000 	C:\Windows\System32\bcryptPrimitives.dll
0x00007ff8f6370000 - 0x00007ff8f637e000 	c:\Users\shima\.vscode\extensions\redhat.java-1.35.0-win32-x64\jre\17.0.12-win32-x86_64\bin\instrument.dll
0x00007ff8de420000 - 0x00007ff8de445000 	c:\Users\shima\.vscode\extensions\redhat.java-1.35.0-win32-x64\jre\17.0.12-win32-x86_64\bin\java.dll
0x00007ff8de1a0000 - 0x00007ff8de1b8000 	c:\Users\shima\.vscode\extensions\redhat.java-1.35.0-win32-x64\jre\17.0.12-win32-x86_64\bin\zip.dll
0x00007ff906400000 - 0x00007ff906c67000 	C:\Windows\System32\SHELL32.dll
0x00007ff902810000 - 0x00007ff90310f000 	C:\Windows\SYSTEM32\windows.storage.dll
0x00007ff9026d0000 - 0x00007ff90280f000 	C:\Windows\SYSTEM32\wintypes.dll
0x00007ff906e10000 - 0x00007ff906f09000 	C:\Windows\System32\SHCORE.dll
0x00007ff905980000 - 0x00007ff9059de000 	C:\Windows\System32\shlwapi.dll
0x00007ff9047c0000 - 0x00007ff9047e7000 	C:\Windows\SYSTEM32\profapi.dll
0x00007ff8de180000 - 0x00007ff8de199000 	C:\Users\shima\.vscode\extensions\redhat.java-1.35.0-win32-x64\jre\17.0.12-win32-x86_64\bin\net.dll
0x00007ff9003d0000 - 0x00007ff900506000 	C:\Windows\SYSTEM32\WINHTTP.dll
0x00007ff903d50000 - 0x00007ff903db9000 	C:\Windows\system32\mswsock.dll
0x00007ff8c8b40000 - 0x00007ff8c8b56000 	C:\Users\shima\.vscode\extensions\redhat.java-1.35.0-win32-x64\jre\17.0.12-win32-x86_64\bin\nio.dll
0x00007ff8f6360000 - 0x00007ff8f6370000 	c:\Users\shima\.vscode\extensions\redhat.java-1.35.0-win32-x64\jre\17.0.12-win32-x86_64\bin\verify.dll
0x00007ff8c0100000 - 0x00007ff8c0145000 	C:\Users\shima\AppData\Roaming\Code\User\globalStorage\redhat.java\1.35.0\config_win\org.eclipse.equinox.launcher\org.eclipse.equinox.launcher.win32.win32.x86_64_1.2.1100.v20240722-2106\eclipse_11904.dll
0x00007ff907100000 - 0x00007ff9072a5000 	C:\Windows\System32\ole32.dll
0x00007ff903fa0000 - 0x00007ff903fbb000 	C:\Windows\SYSTEM32\CRYPTSP.dll
0x00007ff903840000 - 0x00007ff903875000 	C:\Windows\system32\rsaenh.dll
0x00007ff903e40000 - 0x00007ff903e68000 	C:\Windows\SYSTEM32\USERENV.dll
0x00007ff903fc0000 - 0x00007ff903fcc000 	C:\Windows\SYSTEM32\CRYPTBASE.dll
0x00007ff9033b0000 - 0x00007ff9033dd000 	C:\Windows\SYSTEM32\IPHLPAPI.DLL
0x00007ff9052c0000 - 0x00007ff9052c9000 	C:\Windows\System32\NSI.dll
0x00007ff8ffde0000 - 0x00007ff8ffdf9000 	C:\Windows\SYSTEM32\dhcpcsvc6.DLL
0x00007ff8ffdc0000 - 0x00007ff8ffddf000 	C:\Windows\SYSTEM32\dhcpcsvc.DLL
0x00007ff903430000 - 0x00007ff903528000 	C:\Windows\SYSTEM32\DNSAPI.dll
0x00007ff8649d0000 - 0x00007ff864a19000 	C:\Users\shima\AppData\Local\Temp\jna-109407560\jna3918489758758477721.dll
0x00007ff9052a0000 - 0x00007ff9052a8000 	C:\Windows\System32\PSAPI.DLL
0x00007ff8fccd0000 - 0x00007ff8fccde000 	C:\Users\shima\.vscode\extensions\redhat.java-1.35.0-win32-x64\jre\17.0.12-win32-x86_64\bin\sunmscapi.dll
0x00007ff904e00000 - 0x00007ff904f66000 	C:\Windows\System32\CRYPT32.dll
0x00007ff9041d0000 - 0x00007ff9041fe000 	C:\Windows\SYSTEM32\ncrypt.dll
0x00007ff904190000 - 0x00007ff9041c7000 	C:\Windows\SYSTEM32\NTASN1.dll
0x00007ff8fcca0000 - 0x00007ff8fcca9000 	C:\Users\shima\.vscode\extensions\redhat.java-1.35.0-win32-x64\jre\17.0.12-win32-x86_64\bin\extnet.dll

dbghelp: loaded successfully - version: 4.0.5 - missing functions: none
symbol engine: initialized successfully - sym options: 0x614 - pdb path: .;c:\Users\shima\.vscode\extensions\redhat.java-1.35.0-win32-x64\jre\17.0.12-win32-x86_64\bin;C:\Windows\SYSTEM32;C:\Windows\WinSxS\amd64_microsoft.windows.common-controls_6595b64144ccf1df_6.0.22621.3672_none_2713b9d173822955;c:\Users\shima\.vscode\extensions\redhat.java-1.35.0-win32-x64\jre\17.0.12-win32-x86_64\bin\server;C:\Users\shima\AppData\Roaming\Code\User\globalStorage\redhat.java\1.35.0\config_win\org.eclipse.equinox.launcher\org.eclipse.equinox.launcher.win32.win32.x86_64_1.2.1100.v20240722-2106;C:\Users\shima\AppData\Local\Temp\jna-109407560

VM Arguments:
jvm_args: --add-modules=ALL-SYSTEM --add-opens=java.base/java.util=ALL-UNNAMED --add-opens=java.base/java.lang=ALL-UNNAMED --add-opens=java.base/sun.nio.fs=ALL-UNNAMED -Declipse.application=org.eclipse.jdt.ls.core.id1 -Dosgi.bundles.defaultStartLevel=4 -Declipse.product=org.eclipse.jdt.ls.core.product -Djava.import.generatesMetadataFilesAtProjectRoot=false -DDetectVMInstallationsJob.disabled=true -Dfile.encoding=utf8 -XX:+UseParallelGC -XX:GCTimeRatio=4 -XX:AdaptiveSizePolicyWeight=90 -Dsun.zip.disableMemoryMapping=true -Xmx1G -Xms100m -Xlog:disable -javaagent:c:\Users\shima\.vscode\extensions\redhat.java-1.35.0-win32-x64\lombok\lombok-1.18.33.jar -XX:+HeapDumpOnOutOfMemoryError -XX:HeapDumpPath=c:\Users\shima\AppData\Roaming\Code\User\workspaceStorage\c7f473f416d507a6fa5a995e09b998af\redhat.java -Daether.dependencyCollector.impl=bf 
java_command: c:\Users\shima\.vscode\extensions\redhat.java-1.35.0-win32-x64\server\plugins\org.eclipse.equinox.launcher_1.6.900.v20240613-2009.jar -configuration c:\Users\shima\AppData\Roaming\Code\User\globalStorage\redhat.java\1.35.0\config_win -data c:\Users\shima\AppData\Roaming\Code\User\workspaceStorage\c7f473f416d507a6fa5a995e09b998af\redhat.java\jdt_ws --pipe=\\.\pipe\lsp-2d1d7812eb6601363cbf8b9c196837dc-sock
java_class_path (initial): c:\Users\shima\.vscode\extensions\redhat.java-1.35.0-win32-x64\server\plugins\org.eclipse.equinox.launcher_1.6.900.v20240613-2009.jar
Launcher Type: SUN_STANDARD

[Global flags]
    uintx AdaptiveSizePolicyWeight                 = 90                                        {product} {command line}
     intx CICompilerCount                          = 4                                         {product} {ergonomic}
    uintx GCTimeRatio                              = 4                                         {product} {command line}
     bool HeapDumpOnOutOfMemoryError               = true                                   {manageable} {command line}
    ccstr HeapDumpPath                             = c:\Users\shima\AppData\Roaming\Code\User\workspaceStorage\c7f473f416d507a6fa5a995e09b998af\redhat.java         {manageable} {command line}
   size_t InitialHeapSize                          = 104857600                                 {product} {command line}
   size_t MaxHeapSize                              = 1073741824                                {product} {command line}
   size_t MaxNewSize                               = 357564416                                 {product} {ergonomic}
   size_t MinHeapDeltaBytes                        = 524288                                    {product} {ergonomic}
   size_t MinHeapSize                              = 104857600                                 {product} {command line}
   size_t NewSize                                  = 34603008                                  {product} {ergonomic}
    uintx NonNMethodCodeHeapSize                   = 5839372                                {pd product} {ergonomic}
    uintx NonProfiledCodeHeapSize                  = 122909434                              {pd product} {ergonomic}
   size_t OldSize                                  = 70254592                                  {product} {ergonomic}
    uintx ProfiledCodeHeapSize                     = 122909434                              {pd product} {ergonomic}
    uintx ReservedCodeCacheSize                    = 251658240                              {pd product} {ergonomic}
     bool SegmentedCodeCache                       = true                                      {product} {ergonomic}
   size_t SoftMaxHeapSize                          = 1073741824                             {manageable} {ergonomic}
     bool UseCompressedClassPointers               = true                           {product lp64_product} {ergonomic}
     bool UseCompressedOops                        = true                           {product lp64_product} {ergonomic}
     bool UseLargePagesIndividualAllocation        = false                                  {pd product} {ergonomic}
     bool UseParallelGC                            = true                                      {product} {command line}

Logging:
Log output configuration:
 #0: stdout all=off uptime,level,tags
 #1: stderr all=off uptime,level,tags

Environment Variables:
JAVA_HOME=C:\Program Files\Java\jdk-13.0.2
PATH=C:\Windows\system32;C:\Windows;C:\Windows\System32\Wbem;C:\Windows\System32\WindowsPowerShell\v1.0\;C:\Windows\System32\OpenSSH\;C:\Program Files\Novell\iPrint;C:\Program Files\dotnet\;C:\Users\shima\OneDrive\Documents\openjdk-13+33_windows-x64_bin\jdk-13\bin;C:\Program Files\Java\jdk-13.0.2\bin;C:\Users\shima\AppData\Local\Microsoft\WindowsApps;C:\Users\shima\AppData\Local\Programs\Microsoft VS Code\bin
USERNAME=shima
OS=Windows_NT
PROCESSOR_IDENTIFIER=AMD64 Family 23 Model 160 Stepping 0, AuthenticAMD
TMP=C:\Users\shima\AppData\Local\Temp
TEMP=C:\Users\shima\AppData\Local\Temp



Periodic native trim disabled


---------------  S Y S T E M  ---------------

OS:
 Windows 11 , 64 bit Build 22621 (10.0.22621.3958)
OS uptime: 0 days 0:16 hours

CPU: total 8 (initial active 8) (8 cores per cpu, 2 threads per core) family 23 model 160 stepping 0 microcode 0x0, cx8, cmov, fxsr, ht, mmx, 3dnowpref, sse, sse2, sse3, ssse3, sse4a, sse4.1, sse4.2, popcnt, lzcnt, tsc, tscinvbit, avx, avx2, aes, clmul, bmi1, bmi2, adx, sha, fma, vzeroupper, clflush, clflushopt
Processor Information for all 8 processors :
  Max Mhz: 2401, Current Mhz: 2401, Mhz Limit: 2401

Memory: 4k page, system-wide physical 3317M (495M free)
TotalPageFile size 13557M (AvailPageFile size 0M)
current process WorkingSet (physical memory assigned to process): 198M, peak: 474M
current process commit charge ("private bytes"): 820M, peak: 931M

vm_info: OpenJDK 64-Bit Server VM (17.0.12+7) for windows-amd64 JRE (17.0.12+7), built on Jul 16 2024 22:08:24 by "admin" with MS VC++ 16.10 / 16.11 (VS2019)

END.
