#
# There is insufficient memory for the Java Runtime Environment to continue.
# Native memory allocation (malloc) failed to allocate 2031232 bytes. Error detail: Chunk::new
# Possible reasons:
#   The system is out of physical RAM or swap space
#   This process is running with CompressedOops enabled, and the Java Heap may be blocking the growth of the native heap
# Possible solutions:
#   Reduce memory load on the system
#   Increase physical memory or swap space
#   Check if swap backing store is full
#   Decrease Java heap size (-Xmx/-Xms)
#   Decrease number of Java threads
#   Decrease Java thread stack sizes (-Xss)
#   Set larger code cache with -XX:ReservedCodeCacheSize=
#   JVM is running with Unscaled Compressed Oops mode in which the Java heap is
#     placed in the first 4GB address space. The Java Heap base address is the
#     maximum limit for the native heap growth. Please use -XX:HeapBaseMinAddress
#     to set the Java Heap base and to place the Java Heap above 4GB virtual address.
# This output file may be truncated or incomplete.
#
#  Out of Memory Error (arena.cpp:191), pid=51120, tid=50308
#
# JRE version: OpenJDK Runtime Environment Temurin-17.0.12+7 (17.0.12+7) (build 17.0.12+7)
# Java VM: OpenJDK 64-Bit Server VM Temurin-17.0.12+7 (17.0.12+7, mixed mode, tiered, compressed oops, compressed class ptrs, parallel gc, windows-amd64)
# No core dump will be written. Minidumps are not enabled by default on client versions of Windows
#

---------------  S U M M A R Y ------------

Command Line: --add-modules=ALL-SYSTEM --add-opens=java.base/java.util=ALL-UNNAMED --add-opens=java.base/java.lang=ALL-UNNAMED --add-opens=java.base/sun.nio.fs=ALL-UNNAMED -Declipse.application=org.eclipse.jdt.ls.core.id1 -Dosgi.bundles.defaultStartLevel=4 -Declipse.product=org.eclipse.jdt.ls.core.product -Djava.import.generatesMetadataFilesAtProjectRoot=false -DDetectVMInstallationsJob.disabled=true -Dfile.encoding=utf8 -XX:+UseParallelGC -XX:GCTimeRatio=4 -XX:AdaptiveSizePolicyWeight=90 -Dsun.zip.disableMemoryMapping=true -Xmx1G -Xms100m -Xlog:disable -javaagent:c:\Users\shima\.vscode\extensions\redhat.java-1.35.1-win32-x64\lombok\lombok-1.18.33.jar -XX:+HeapDumpOnOutOfMemoryError -XX:HeapDumpPath=c:\Users\shima\AppData\Roaming\Code\User\workspaceStorage\c7f473f416d507a6fa5a995e09b998af\redhat.java -Daether.dependencyCollector.impl=bf c:\Users\shima\.vscode\extensions\redhat.java-1.35.1-win32-x64\server\plugins\org.eclipse.equinox.launcher_1.6.900.v20240613-2009.jar -configuration c:\Users\shima\AppData\Roaming\Code\User\globalStorage\redhat.java\1.35.1\config_win -data c:\Users\shima\AppData\Roaming\Code\User\workspaceStorage\c7f473f416d507a6fa5a995e09b998af\redhat.java\jdt_ws --pipe=\\.\pipe\lsp-a3b680abb20f385934568e097e16754b-sock

Host: AMD Ryzen 3 7320U with Radeon Graphics         , 8 cores, 3G,  Windows 11 , 64 bit Build 22621 (10.0.22621.3958)
Time: Thu Oct  3 23:25:22 2024 South Africa Standard Time elapsed time: 47.425456 seconds (0d 0h 0m 47s)

---------------  T H R E A D  ---------------

Current thread (0x000001c6cc5d1860):  JavaThread "C2 CompilerThread0" daemon [_thread_in_native, id=50308, stack(0x000000b373000000,0x000000b373100000)]


Current CompileTask:
C2:  47425 7389       4       org.eclipse.jdt.internal.core.search.indexing.AddJrtToIndex$JrtTraverser::visitFile (14 bytes)

Stack: [0x000000b373000000,0x000000b373100000]
Native frames: (J=compiled Java code, j=interpreted, Vv=VM code, C=native code)
V  [jvm.dll+0x67f929]
V  [jvm.dll+0x8371ba]
V  [jvm.dll+0x838c7e]
V  [jvm.dll+0x8392e3]
V  [jvm.dll+0x24834f]
V  [jvm.dll+0xac9d4]
V  [jvm.dll+0xad01c]
V  [jvm.dll+0x3674a7]
V  [jvm.dll+0x33197a]
V  [jvm.dll+0x330e1a]
V  [jvm.dll+0x21a8b1]
V  [jvm.dll+0x219cf1]
V  [jvm.dll+0x1a58bd]
V  [jvm.dll+0x229a2d]
V  [jvm.dll+0x227bdc]
V  [jvm.dll+0x7ec1f7]
V  [jvm.dll+0x7e65dc]
V  [jvm.dll+0x67e7f7]
C  [ucrtbase.dll+0x29333]
C  [KERNEL32.DLL+0x1257d]
C  [ntdll.dll+0x5af28]


---------------  P R O C E S S  ---------------

Threads class SMR info:
_java_thread_list=0x000001c6d02267a0, length=59, elements={
0x000001c6b170f520, 0x000001c6c74d7030, 0x000001c6c74d98f0, 0x000001c6cc5c6720,
0x000001c6cc5c99b0, 0x000001c6cc5ca830, 0x000001c6cc5d0320, 0x000001c6cc5d1860,
0x000001c6cc5d9e80, 0x000001c6cc5ddc80, 0x000001c6b17745d0, 0x000001c6cc924850,
0x000001c6cdd1aa10, 0x000001c6cdea8880, 0x000001c6cd837bd0, 0x000001c6ce1185e0,
0x000001c6ce1eb6a0, 0x000001c6ce1ee430, 0x000001c6ce1ec5d0, 0x000001c6ce1ebbb0,
0x000001c6ce1edf20, 0x000001c6ce1eac80, 0x000001c6ce1ec0c0, 0x000001c6ce1eb190,
0x000001c6ce1ecae0, 0x000001c6ce1ecff0, 0x000001c6d030a270, 0x000001c6d030a780,
0x000001c6d030ac90, 0x000001c6d0309d60, 0x000001c6d030b1a0, 0x000001c6d030b6b0,
0x000001c6d030bbc0, 0x000001c6d0308410, 0x000001c6d0308e30, 0x000001c6d0309340,
0x000001c6d0c53300, 0x000001c6d0c53d20, 0x000001c6d0c50a80, 0x000001c6d0c55b80,
0x000001c6d0c56fc0, 0x000001c6d0c574d0, 0x000001c6d0c51ec0, 0x000001c6d0c56ab0,
0x000001c6d0c523d0, 0x000001c6d0c55160, 0x000001c6d0c55670, 0x000001c6d0c50f90,
0x000001c6d0c50060, 0x000001c6d0c514a0, 0x000001c6d0c50570, 0x000001c6d0c565a0,
0x000001c6d0c519b0, 0x000001c6d0c54230, 0x000001c6d0c54c50, 0x000001c6d0c528e0,
0x000001c6d0c579e0, 0x000001c6d0c52df0, 0x000001c6ce1ed500
}

Java Threads: ( => current thread )
  0x000001c6b170f520 JavaThread "main" [_thread_blocked, id=41928, stack(0x000000b372700000,0x000000b372800000)]
  0x000001c6c74d7030 JavaThread "Reference Handler" daemon [_thread_blocked, id=35632, stack(0x000000b372a00000,0x000000b372b00000)]
  0x000001c6c74d98f0 JavaThread "Finalizer" daemon [_thread_blocked, id=45276, stack(0x000000b372b00000,0x000000b372c00000)]
  0x000001c6cc5c6720 JavaThread "Signal Dispatcher" daemon [_thread_blocked, id=32596, stack(0x000000b372c00000,0x000000b372d00000)]
  0x000001c6cc5c99b0 JavaThread "Attach Listener" daemon [_thread_blocked, id=7132, stack(0x000000b372d00000,0x000000b372e00000)]
  0x000001c6cc5ca830 JavaThread "Service Thread" daemon [_thread_blocked, id=28816, stack(0x000000b372e00000,0x000000b372f00000)]
  0x000001c6cc5d0320 JavaThread "Monitor Deflation Thread" daemon [_thread_blocked, id=48356, stack(0x000000b372f00000,0x000000b373000000)]
=>0x000001c6cc5d1860 JavaThread "C2 CompilerThread0" daemon [_thread_in_native, id=50308, stack(0x000000b373000000,0x000000b373100000)]
  0x000001c6cc5d9e80 JavaThread "C1 CompilerThread0" daemon [_thread_blocked, id=46664, stack(0x000000b373100000,0x000000b373200000)]
  0x000001c6cc5ddc80 JavaThread "Sweeper thread" daemon [_thread_blocked, id=46676, stack(0x000000b373200000,0x000000b373300000)]
  0x000001c6b17745d0 JavaThread "Common-Cleaner" daemon [_thread_blocked, id=17624, stack(0x000000b373300000,0x000000b373400000)]
  0x000001c6cc924850 JavaThread "Notification Thread" daemon [_thread_blocked, id=48344, stack(0x000000b373400000,0x000000b373500000)]
  0x000001c6cdd1aa10 JavaThread "Active Thread: Equinox Container: 4522d804-f302-4c0e-bbf0-15d619e8de83" [_thread_blocked, id=38248, stack(0x000000b373c00000,0x000000b373d00000)]
  0x000001c6cdea8880 JavaThread "Framework Event Dispatcher: Equinox Container: 4522d804-f302-4c0e-bbf0-15d619e8de83" daemon [_thread_blocked, id=49460, stack(0x000000b373d00000,0x000000b373e00000)]
  0x000001c6cd837bd0 JavaThread "Start Level: Equinox Container: 4522d804-f302-4c0e-bbf0-15d619e8de83" daemon [_thread_blocked, id=49428, stack(0x000000b373e00000,0x000000b373f00000)]
  0x000001c6ce1185e0 JavaThread "Bundle File Closer" daemon [_thread_blocked, id=46212, stack(0x000000b374000000,0x000000b374100000)]
  0x000001c6ce1eb6a0 JavaThread "SCR Component Actor" daemon [_thread_blocked, id=51308, stack(0x000000b374100000,0x000000b374200000)]
  0x000001c6ce1ee430 JavaThread "Worker-JM" [_thread_blocked, id=51324, stack(0x000000b374300000,0x000000b374400000)]
  0x000001c6ce1ec5d0 JavaThread "JNA Cleaner" daemon [_thread_blocked, id=51336, stack(0x000000b374400000,0x000000b374500000)]
  0x000001c6ce1ebbb0 JavaThread "Worker-0" [_thread_blocked, id=51340, stack(0x000000b374500000,0x000000b374600000)]
  0x000001c6ce1edf20 JavaThread "Worker-1" [_thread_blocked, id=51344, stack(0x000000b374600000,0x000000b374700000)]
  0x000001c6ce1eac80 JavaThread "Java indexing" daemon [_thread_blocked, id=51352, stack(0x000000b374700000,0x000000b374800000)]
  0x000001c6ce1ec0c0 JavaThread "Worker-2" [_thread_blocked, id=51368, stack(0x000000b374800000,0x000000b374900000)]
  0x000001c6ce1eb190 JavaThread "Thread-2" daemon [_thread_in_native, id=51372, stack(0x000000b374900000,0x000000b374a00000)]
  0x000001c6ce1ecae0 JavaThread "Thread-3" daemon [_thread_in_native, id=51376, stack(0x000000b374a00000,0x000000b374b00000)]
  0x000001c6ce1ecff0 JavaThread "Thread-4" daemon [_thread_in_native, id=51380, stack(0x000000b374b00000,0x000000b374c00000)]
  0x000001c6d030a270 JavaThread "Thread-5" daemon [_thread_in_native, id=51384, stack(0x000000b374c00000,0x000000b374d00000)]
  0x000001c6d030a780 JavaThread "Thread-6" daemon [_thread_in_native, id=51388, stack(0x000000b374d00000,0x000000b374e00000)]
  0x000001c6d030ac90 JavaThread "Thread-7" daemon [_thread_in_native, id=51392, stack(0x000000b374e00000,0x000000b374f00000)]
  0x000001c6d0309d60 JavaThread "Thread-8" daemon [_thread_in_native, id=51396, stack(0x000000b374f00000,0x000000b375000000)]
  0x000001c6d030b1a0 JavaThread "Thread-9" daemon [_thread_in_native, id=51400, stack(0x000000b375000000,0x000000b375100000)]
  0x000001c6d030b6b0 JavaThread "Thread-10" daemon [_thread_in_native, id=51404, stack(0x000000b375100000,0x000000b375200000)]
  0x000001c6d030bbc0 JavaThread "pool-2-thread-1" [_thread_blocked, id=51412, stack(0x000000b375200000,0x000000b375300000)]
  0x000001c6d0308410 JavaThread "Worker-3" [_thread_blocked, id=51416, stack(0x000000b375300000,0x000000b375400000)]
  0x000001c6d0308e30 JavaThread "WorkspaceEventsHandler" [_thread_blocked, id=51420, stack(0x000000b375400000,0x000000b375500000)]
  0x000001c6d0309340 JavaThread "pool-1-thread-1" [_thread_blocked, id=51424, stack(0x000000b375500000,0x000000b375600000)]
  0x000001c6d0c53300 JavaThread "Worker-4" [_thread_blocked, id=51464, stack(0x000000b375600000,0x000000b375700000)]
  0x000001c6d0c53d20 JavaThread "Compiler Source File Reader" daemon [_thread_blocked, id=51480, stack(0x000000b374200000,0x000000b374300000)]
  0x000001c6d0c50a80 JavaThread "Compiler Source File Reader" daemon [_thread_blocked, id=51484, stack(0x000000b375700000,0x000000b375800000)]
  0x000001c6d0c55b80 JavaThread "Compiler Source File Reader" daemon [_thread_blocked, id=51488, stack(0x000000b375800000,0x000000b375900000)]
  0x000001c6d0c56fc0 JavaThread "Compiler Source File Reader" daemon [_thread_blocked, id=51492, stack(0x000000b375900000,0x000000b375a00000)]
  0x000001c6d0c574d0 JavaThread "ForkJoinPool.commonPool-worker-1" daemon [_thread_blocked, id=51496, stack(0x000000b375a00000,0x000000b375b00000)]
  0x000001c6d0c51ec0 JavaThread "Compiler Processing Task" daemon [_thread_blocked, id=51500, stack(0x000000b375b00000,0x000000b375c00000)]
  0x000001c6d0c56ab0 JavaThread "Worker-5" [_thread_blocked, id=51504, stack(0x000000b375c00000,0x000000b375d00000)]
  0x000001c6d0c523d0 JavaThread "ForkJoinPool.commonPool-worker-2" daemon [_thread_blocked, id=51508, stack(0x000000b375d00000,0x000000b375e00000)]
  0x000001c6d0c55160 JavaThread "ForkJoinPool.commonPool-worker-3" daemon [_thread_blocked, id=51512, stack(0x000000b375e00000,0x000000b375f00000)]
  0x000001c6d0c55670 JavaThread "Compiler Source File Reader" daemon [_thread_blocked, id=51532, stack(0x000000b375f00000,0x000000b376000000)]
  0x000001c6d0c50f90 JavaThread "Compiler Source File Reader" daemon [_thread_blocked, id=51536, stack(0x000000b376000000,0x000000b376100000)]
  0x000001c6d0c50060 JavaThread "ForkJoinPool.commonPool-worker-4" daemon [_thread_blocked, id=51540, stack(0x000000b376100000,0x000000b376200000)]
  0x000001c6d0c514a0 JavaThread "ForkJoinPool.commonPool-worker-5" daemon [_thread_blocked, id=51544, stack(0x000000b376200000,0x000000b376300000)]
  0x000001c6d0c50570 JavaThread "ForkJoinPool.commonPool-worker-6" daemon [_thread_blocked, id=51552, stack(0x000000b376300000,0x000000b376400000)]
  0x000001c6d0c565a0 JavaThread "ForkJoinPool.commonPool-worker-7" daemon [_thread_blocked, id=51560, stack(0x000000b376400000,0x000000b376500000)]
  0x000001c6d0c519b0 JavaThread "Cleaner-0" daemon [_thread_blocked, id=51796, stack(0x000000b376600000,0x000000b376700000)]
  0x000001c6d0c54230 JavaThread "Java Debug Server" daemon [_thread_in_native, id=51912, stack(0x000000b376500000,0x000000b376600000)]
  0x000001c6d0c54c50 JavaThread "pool-3-thread-1" [_thread_in_native, id=51916, stack(0x000000b376700000,0x000000b376800000)]
  0x000001c6d0c528e0 JavaThread "RxSchedulerPurge-1" daemon [_thread_blocked, id=51920, stack(0x000000b376800000,0x000000b376900000)]
  0x000001c6d0c579e0 JavaThread "RxCachedWorkerPoolEvictor-1" daemon [_thread_blocked, id=51924, stack(0x000000b376900000,0x000000b376a00000)]
  0x000001c6d0c52df0 JavaThread "RxNewThreadScheduler-1" daemon [_thread_blocked, id=51932, stack(0x000000b376a00000,0x000000b376b00000)]
  0x000001c6ce1ed500 JavaThread "process reaper (pid 31216)" daemon [_thread_in_native, id=43752, stack(0x000000b372140000,0x000000b372160000)]

Other Threads:
  0x000001c6b17ae960 VMThread "VM Thread" [stack: 0x000000b372900000,0x000000b372a00000] [id=26344]
  0x000001c6cc923420 WatcherThread [stack: 0x000000b373500000,0x000000b373600000] [id=22920]
  0x000001c6b1725380 GCTaskThread "GC Thread#0" [stack: 0x000000b372800000,0x000000b372900000] [id=48912]
  0x000001c6cdc83020 GCTaskThread "GC Thread#1" [stack: 0x000000b373600000,0x000000b373700000] [id=49552]
  0x000001c6cdc68ad0 GCTaskThread "GC Thread#2" [stack: 0x000000b373700000,0x000000b373800000] [id=41284]
  0x000001c6cdc68d90 GCTaskThread "GC Thread#3" [stack: 0x000000b373800000,0x000000b373900000] [id=9332]
  0x000001c6cdbb38e0 GCTaskThread "GC Thread#4" [stack: 0x000000b373900000,0x000000b373a00000] [id=35116]
  0x000001c6cdbb3ba0 GCTaskThread "GC Thread#5" [stack: 0x000000b373a00000,0x000000b373b00000] [id=10864]
  0x000001c6cdc40c80 GCTaskThread "GC Thread#6" [stack: 0x000000b373b00000,0x000000b373c00000] [id=27052]
  0x000001c6cdea5810 GCTaskThread "GC Thread#7" [stack: 0x000000b373f00000,0x000000b374000000] [id=39240]

Threads with active compile tasks:
C2 CompilerThread0    47477 7389       4       org.eclipse.jdt.internal.core.search.indexing.AddJrtToIndex$JrtTraverser::visitFile (14 bytes)

VM state: not at safepoint (normal execution)

VM Mutex/Monitor currently owned by a thread: None

Heap address: 0x00000000c0000000, size: 1024 MB, Compressed Oops mode: 32-bit

CDS archive(s) not mapped
Compressed class space mapped at: 0x0000000100000000-0x0000000140000000, reserved size: 1073741824
Narrow klass base: 0x0000000000000000, Narrow klass shift: 3, Narrow klass range: 0x140000000

GC Precious Log:
 CPUs: 8 total, 8 available
 Memory: 3317M
 Large Page Support: Disabled
 NUMA Support: Disabled
 Compressed Oops: Enabled (32-bit)
 Alignments: Space 512K, Generation 512K, Heap 2M
 Heap Min Capacity: 100M
 Heap Initial Capacity: 100M
 Heap Max Capacity: 1G
 Pre-touch: Disabled
 Parallel Workers: 8

Heap:
 PSYoungGen      total 38400K, used 33365K [0x00000000eab00000, 0x00000000eeb80000, 0x0000000100000000)
  eden space 14848K, 66% used [0x00000000eab00000,0x00000000eb49a9b8,0x00000000eb980000)
  from space 23552K, 99% used [0x00000000eb980000,0x00000000ed07ac28,0x00000000ed080000)
  to   space 25088K, 0% used [0x00000000ed300000,0x00000000ed300000,0x00000000eeb80000)
 ParOldGen       total 401408K, used 329154K [0x00000000c0000000, 0x00000000d8800000, 0x00000000eab00000)
  object space 401408K, 82% used [0x00000000c0000000,0x00000000d4170a68,0x00000000d8800000)
 Metaspace       used 75102K, committed 76480K, reserved 1179648K
  class space    used 8011K, committed 8640K, reserved 1048576K

Card table byte_map: [0x000001c6c4d50000,0x000001c6c4f60000] _byte_map_base: 0x000001c6c4750000

Marking Bits: (ParMarkBitMap*) 0x00007fff439658b0
 Begin Bits: [0x000001c6c50c0000, 0x000001c6c60c0000)
 End Bits:   [0x000001c6c60c0000, 0x000001c6c70c0000)

Polling page: 0x000001c6b5b40000

Metaspace:

Usage:
  Non-class:     65.52 MB used.
      Class:      7.82 MB used.
       Both:     73.34 MB used.

Virtual space:
  Non-class space:      128.00 MB reserved,      66.25 MB ( 52%) committed,  2 nodes.
      Class space:        1.00 GB reserved,       8.44 MB ( <1%) committed,  1 nodes.
             Both:        1.12 GB reserved,      74.69 MB (  6%) committed. 

Chunk freelists:
   Non-Class:  13.39 MB
       Class:  7.53 MB
        Both:  20.92 MB

MaxMetaspaceSize: unlimited
CompressedClassSpaceSize: 1.00 GB
Initial GC threshold: 21.00 MB
Current GC threshold: 124.19 MB
CDS: off
MetaspaceReclaimPolicy: balanced
 - commit_granule_bytes: 65536.
 - commit_granule_words: 8192.
 - virtual_space_node_default_size: 8388608.
 - enlarge_chunks_in_place: 1.
 - new_chunks_are_fully_committed: 0.
 - uncommit_free_chunks: 1.
 - use_allocation_guard: 0.
 - handle_deallocations: 1.


Internal statistics:

num_allocs_failed_limit: 9.
num_arena_births: 872.
num_arena_deaths: 14.
num_vsnodes_births: 3.
num_vsnodes_deaths: 0.
num_space_committed: 1195.
num_space_uncommitted: 0.
num_chunks_returned_to_freelist: 23.
num_chunks_taken_from_freelist: 3996.
num_chunk_merges: 11.
num_chunk_splits: 2492.
num_chunks_enlarged: 1469.
num_inconsistent_stats: 0.

CodeHeap 'non-profiled nmethods': size=120000Kb used=4028Kb max_used=4028Kb free=115971Kb
 bounds [0x000001c6bd630000, 0x000001c6bda20000, 0x000001c6c4b60000]
CodeHeap 'profiled nmethods': size=120000Kb used=17312Kb max_used=19014Kb free=102687Kb
 bounds [0x000001c6b5b60000, 0x000001c6b6e00000, 0x000001c6bd090000]
CodeHeap 'non-nmethods': size=5760Kb used=1405Kb max_used=1487Kb free=4354Kb
 bounds [0x000001c6bd090000, 0x000001c6bd300000, 0x000001c6bd630000]
 total_blobs=8816 nmethods=8049 adapters=681
 compilation: enabled
              stopped_count=0, restarted_count=0
 full_count=0

Compilation events (20 events):
Event: 46.806 Thread 0x000001c6cc5d1860 nmethod 6432 0x000001c6bda0ac10 code [0x000001c6bda0aec0, 0x000001c6bda0bde0]
Event: 46.806 Thread 0x000001c6cc5d1860 6433       4       jdk.internal.jrtfs.JrtFileSystem::getFileAttributes (42 bytes)
Event: 46.821 Thread 0x000001c6cc5d1860 nmethod 6433 0x000001c6bda0cd90 code [0x000001c6bda0d020, 0x000001c6bda0ddc0]
Event: 46.822 Thread 0x000001c6cc5d1860 6809       4       jdk.internal.jrtfs.JrtPath::getNameCount (10 bytes)
Event: 46.830 Thread 0x000001c6cc5d1860 nmethod 6809 0x000001c6bda0ec10 code [0x000001c6bda0ede0, 0x000001c6bda0f6d8]
Event: 46.830 Thread 0x000001c6cc5d1860 9627       4       com.google.gson.stream.JsonReader$1::promoteNameToValue (82 bytes)
Event: 46.831 Thread 0x000001c6cc5d1860 nmethod 9627 0x000001c6bda0fe10 code [0x000001c6bda0ffa0, 0x000001c6bda10088]
Event: 46.832 Thread 0x000001c6cc5d1860 10015       4       org.eclipse.jdt.internal.compiler.parser.Scanner::internalScanIdentifierOrKeyword (4945 bytes)
Event: 46.954 Thread 0x000001c6cc5d1860 nmethod 10015 0x000001c6bda10190 code [0x000001c6bda10560, 0x000001c6bda13010]
Event: 46.954 Thread 0x000001c6cc5d1860 6415       4       jdk.internal.jrtfs.JrtPath::getName (6 bytes)
Event: 47.001 Thread 0x000001c6cc5d1860 nmethod 6415 0x000001c6bda14310 code [0x000001c6bda14560, 0x000001c6bda15ed0]
Event: 47.001 Thread 0x000001c6cc5d1860 6416       4       jdk.internal.jrtfs.JrtPath::getName (116 bytes)
Event: 47.034 Thread 0x000001c6cc5d1860 nmethod 6416 0x000001c6bda16d90 code [0x000001c6bda16fe0, 0x000001c6bda188d0]
Event: 47.034 Thread 0x000001c6cc5d1860 6810       4       jdk.internal.jrtfs.JrtPath::subpath (7 bytes)
Event: 47.071 Thread 0x000001c6cc5d1860 nmethod 6810 0x000001c6bda19790 code [0x000001c6bda199e0, 0x000001c6bda1b3b0]
Event: 47.071 Thread 0x000001c6cc5d1860 6813       4       jdk.internal.jrtfs.JrtPath::subpath (129 bytes)
Event: 47.107 Thread 0x000001c6cc5d1860 nmethod 6813 0x000001c6bda1c310 code [0x000001c6bda1c560, 0x000001c6bda1ded0]
Event: 47.107 Thread 0x000001c6cc5d1860 9088       4       org.eclipse.jdt.internal.compiler.parser.AbstractCommentParser::readChar (235 bytes)
Event: 47.109 Thread 0x000001c6cc5d1860 nmethod 9088 0x000001c6bda1ee10 code [0x000001c6bda1ef80, 0x000001c6bda1f058]
Event: 47.109 Thread 0x000001c6cc5d1860 7389       4       org.eclipse.jdt.internal.core.search.indexing.AddJrtToIndex$JrtTraverser::visitFile (14 bytes)

GC Heap History (20 events):
Event: 40.564 GC heap before
{Heap before GC invocations=214 (full 10):
 PSYoungGen      total 29184K, used 29063K [0x00000000eab00000, 0x00000000ed780000, 0x0000000100000000)
  eden space 15360K, 100% used [0x00000000eab00000,0x00000000eba00000,0x00000000eba00000)
  from space 13824K, 99% used [0x00000000eca00000,0x00000000ed761cc8,0x00000000ed780000)
  to   space 14336K, 0% used [0x00000000ebb80000,0x00000000ebb80000,0x00000000ec980000)
 ParOldGen       total 320512K, used 297734K [0x00000000c0000000, 0x00000000d3900000, 0x00000000eab00000)
  object space 320512K, 92% used [0x00000000c0000000,0x00000000d22c1a28,0x00000000d3900000)
 Metaspace       used 75039K, committed 76416K, reserved 1179648K
  class space    used 8006K, committed 8640K, reserved 1048576K
}
Event: 40.574 GC heap after
{Heap after GC invocations=214 (full 10):
 PSYoungGen      total 30720K, used 14317K [0x00000000eab00000, 0x00000000ede00000, 0x0000000100000000)
  eden space 16384K, 0% used [0x00000000eab00000,0x00000000eab00000,0x00000000ebb00000)
  from space 14336K, 99% used [0x00000000ebb80000,0x00000000ec97b510,0x00000000ec980000)
  to   space 17920K, 0% used [0x00000000ecc80000,0x00000000ecc80000,0x00000000ede00000)
 ParOldGen       total 320512K, used 300319K [0x00000000c0000000, 0x00000000d3900000, 0x00000000eab00000)
  object space 320512K, 93% used [0x00000000c0000000,0x00000000d2547da0,0x00000000d3900000)
 Metaspace       used 75039K, committed 76416K, reserved 1179648K
  class space    used 8006K, committed 8640K, reserved 1048576K
}
Event: 40.679 GC heap before
{Heap before GC invocations=215 (full 10):
 PSYoungGen      total 30720K, used 30701K [0x00000000eab00000, 0x00000000ede00000, 0x0000000100000000)
  eden space 16384K, 100% used [0x00000000eab00000,0x00000000ebb00000,0x00000000ebb00000)
  from space 14336K, 99% used [0x00000000ebb80000,0x00000000ec97b510,0x00000000ec980000)
  to   space 17920K, 0% used [0x00000000ecc80000,0x00000000ecc80000,0x00000000ede00000)
 ParOldGen       total 320512K, used 300319K [0x00000000c0000000, 0x00000000d3900000, 0x00000000eab00000)
  object space 320512K, 93% used [0x00000000c0000000,0x00000000d2547da0,0x00000000d3900000)
 Metaspace       used 75039K, committed 76416K, reserved 1179648K
  class space    used 8006K, committed 8640K, reserved 1048576K
}
Event: 40.702 GC heap after
{Heap after GC invocations=215 (full 10):
 PSYoungGen      total 34304K, used 15355K [0x00000000eab00000, 0x00000000edc80000, 0x0000000100000000)
  eden space 17920K, 0% used [0x00000000eab00000,0x00000000eab00000,0x00000000ebc80000)
  from space 16384K, 93% used [0x00000000ecc80000,0x00000000edb7ef10,0x00000000edc80000)
  to   space 16384K, 0% used [0x00000000ebc80000,0x00000000ebc80000,0x00000000ecc80000)
 ParOldGen       total 320512K, used 302861K [0x00000000c0000000, 0x00000000d3900000, 0x00000000eab00000)
  object space 320512K, 94% used [0x00000000c0000000,0x00000000d27c34a8,0x00000000d3900000)
 Metaspace       used 75039K, committed 76416K, reserved 1179648K
  class space    used 8006K, committed 8640K, reserved 1048576K
}
Event: 40.852 GC heap before
{Heap before GC invocations=216 (full 10):
 PSYoungGen      total 34304K, used 33275K [0x00000000eab00000, 0x00000000edc80000, 0x0000000100000000)
  eden space 17920K, 100% used [0x00000000eab00000,0x00000000ebc80000,0x00000000ebc80000)
  from space 16384K, 93% used [0x00000000ecc80000,0x00000000edb7ef10,0x00000000edc80000)
  to   space 16384K, 0% used [0x00000000ebc80000,0x00000000ebc80000,0x00000000ecc80000)
 ParOldGen       total 320512K, used 302861K [0x00000000c0000000, 0x00000000d3900000, 0x00000000eab00000)
  object space 320512K, 94% used [0x00000000c0000000,0x00000000d27c34a8,0x00000000d3900000)
 Metaspace       used 75040K, committed 76416K, reserved 1179648K
  class space    used 8006K, committed 8640K, reserved 1048576K
}
Event: 40.865 GC heap after
{Heap after GC invocations=216 (full 10):
 PSYoungGen      total 34304K, used 16377K [0x00000000eab00000, 0x00000000ee500000, 0x0000000100000000)
  eden space 17920K, 0% used [0x00000000eab00000,0x00000000eab00000,0x00000000ebc80000)
  from space 16384K, 99% used [0x00000000ebc80000,0x00000000ecc7e688,0x00000000ecc80000)
  to   space 19968K, 0% used [0x00000000ed180000,0x00000000ed180000,0x00000000ee500000)
 ParOldGen       total 320512K, used 305729K [0x00000000c0000000, 0x00000000d3900000, 0x00000000eab00000)
  object space 320512K, 95% used [0x00000000c0000000,0x00000000d2a90650,0x00000000d3900000)
 Metaspace       used 75040K, committed 76416K, reserved 1179648K
  class space    used 8006K, committed 8640K, reserved 1048576K
}
Event: 41.018 GC heap before
{Heap before GC invocations=217 (full 10):
 PSYoungGen      total 34304K, used 34297K [0x00000000eab00000, 0x00000000ee500000, 0x0000000100000000)
  eden space 17920K, 100% used [0x00000000eab00000,0x00000000ebc80000,0x00000000ebc80000)
  from space 16384K, 99% used [0x00000000ebc80000,0x00000000ecc7e688,0x00000000ecc80000)
  to   space 19968K, 0% used [0x00000000ed180000,0x00000000ed180000,0x00000000ee500000)
 ParOldGen       total 320512K, used 305729K [0x00000000c0000000, 0x00000000d3900000, 0x00000000eab00000)
  object space 320512K, 95% used [0x00000000c0000000,0x00000000d2a90650,0x00000000d3900000)
 Metaspace       used 75040K, committed 76416K, reserved 1179648K
  class space    used 8006K, committed 8640K, reserved 1048576K
}
Event: 41.033 GC heap after
{Heap after GC invocations=217 (full 10):
 PSYoungGen      total 36864K, used 17099K [0x00000000eab00000, 0x00000000ee280000, 0x0000000100000000)
  eden space 19456K, 0% used [0x00000000eab00000,0x00000000eab00000,0x00000000ebe00000)
  from space 17408K, 98% used [0x00000000ed180000,0x00000000ee232d48,0x00000000ee280000)
  to   space 17920K, 0% used [0x00000000ebf80000,0x00000000ebf80000,0x00000000ed100000)
 ParOldGen       total 320512K, used 309366K [0x00000000c0000000, 0x00000000d3900000, 0x00000000eab00000)
  object space 320512K, 96% used [0x00000000c0000000,0x00000000d2e1d8d0,0x00000000d3900000)
 Metaspace       used 75040K, committed 76416K, reserved 1179648K
  class space    used 8006K, committed 8640K, reserved 1048576K
}
Event: 41.195 GC heap before
{Heap before GC invocations=218 (full 10):
 PSYoungGen      total 36864K, used 36555K [0x00000000eab00000, 0x00000000ee280000, 0x0000000100000000)
  eden space 19456K, 100% used [0x00000000eab00000,0x00000000ebe00000,0x00000000ebe00000)
  from space 17408K, 98% used [0x00000000ed180000,0x00000000ee232d48,0x00000000ee280000)
  to   space 17920K, 0% used [0x00000000ebf80000,0x00000000ebf80000,0x00000000ed100000)
 ParOldGen       total 320512K, used 309366K [0x00000000c0000000, 0x00000000d3900000, 0x00000000eab00000)
  object space 320512K, 96% used [0x00000000c0000000,0x00000000d2e1d8d0,0x00000000d3900000)
 Metaspace       used 75040K, committed 76416K, reserved 1179648K
  class space    used 8006K, committed 8640K, reserved 1048576K
}
Event: 41.206 GC heap after
{Heap after GC invocations=218 (full 10):
 PSYoungGen      total 38912K, used 17906K [0x00000000eab00000, 0x00000000eec80000, 0x0000000100000000)
  eden space 20992K, 0% used [0x00000000eab00000,0x00000000eab00000,0x00000000ebf80000)
  from space 17920K, 99% used [0x00000000ebf80000,0x00000000ed0fcbc0,0x00000000ed100000)
  to   space 23040K, 0% used [0x00000000ed600000,0x00000000ed600000,0x00000000eec80000)
 ParOldGen       total 320512K, used 313589K [0x00000000c0000000, 0x00000000d3900000, 0x00000000eab00000)
  object space 320512K, 97% used [0x00000000c0000000,0x00000000d323d678,0x00000000d3900000)
 Metaspace       used 75040K, committed 76416K, reserved 1179648K
  class space    used 8006K, committed 8640K, reserved 1048576K
}
Event: 41.655 GC heap before
{Heap before GC invocations=219 (full 10):
 PSYoungGen      total 38912K, used 38898K [0x00000000eab00000, 0x00000000eec80000, 0x0000000100000000)
  eden space 20992K, 100% used [0x00000000eab00000,0x00000000ebf80000,0x00000000ebf80000)
  from space 17920K, 99% used [0x00000000ebf80000,0x00000000ed0fcbc0,0x00000000ed100000)
  to   space 23040K, 0% used [0x00000000ed600000,0x00000000ed600000,0x00000000eec80000)
 ParOldGen       total 320512K, used 313589K [0x00000000c0000000, 0x00000000d3900000, 0x00000000eab00000)
  object space 320512K, 97% used [0x00000000c0000000,0x00000000d323d678,0x00000000d3900000)
 Metaspace       used 75040K, committed 76416K, reserved 1179648K
  class space    used 8006K, committed 8640K, reserved 1048576K
}
Event: 41.691 GC heap after
{Heap after GC invocations=219 (full 10):
 PSYoungGen      total 43008K, used 19985K [0x00000000eab00000, 0x00000000eea00000, 0x0000000100000000)
  eden space 22528K, 0% used [0x00000000eab00000,0x00000000eab00000,0x00000000ec100000)
  from space 20480K, 97% used [0x00000000ed600000,0x00000000ee9845e0,0x00000000eea00000)
  to   space 20992K, 0% used [0x00000000ec100000,0x00000000ec100000,0x00000000ed580000)
 ParOldGen       total 320512K, used 317080K [0x00000000c0000000, 0x00000000d3900000, 0x00000000eab00000)
  object space 320512K, 98% used [0x00000000c0000000,0x00000000d35a6098,0x00000000d3900000)
 Metaspace       used 75040K, committed 76416K, reserved 1179648K
  class space    used 8006K, committed 8640K, reserved 1048576K
}
Event: 41.691 GC heap before
{Heap before GC invocations=220 (full 11):
 PSYoungGen      total 43008K, used 19985K [0x00000000eab00000, 0x00000000eea00000, 0x0000000100000000)
  eden space 22528K, 0% used [0x00000000eab00000,0x00000000eab00000,0x00000000ec100000)
  from space 20480K, 97% used [0x00000000ed600000,0x00000000ee9845e0,0x00000000eea00000)
  to   space 20992K, 0% used [0x00000000ec100000,0x00000000ec100000,0x00000000ed580000)
 ParOldGen       total 320512K, used 317080K [0x00000000c0000000, 0x00000000d3900000, 0x00000000eab00000)
  object space 320512K, 98% used [0x00000000c0000000,0x00000000d35a6098,0x00000000d3900000)
 Metaspace       used 75040K, committed 76416K, reserved 1179648K
  class space    used 8006K, committed 8640K, reserved 1048576K
}
Event: 43.473 GC heap after
{Heap after GC invocations=220 (full 11):
 PSYoungGen      total 43520K, used 10037K [0x00000000eab00000, 0x00000000eeb80000, 0x0000000100000000)
  eden space 23040K, 0% used [0x00000000eab00000,0x00000000eab00000,0x00000000ec180000)
  from space 20480K, 49% used [0x00000000ed600000,0x00000000edfcd668,0x00000000eea00000)
  to   space 20992K, 0% used [0x00000000ec180000,0x00000000ec180000,0x00000000ed600000)
 ParOldGen       total 401408K, used 320053K [0x00000000c0000000, 0x00000000d8800000, 0x00000000eab00000)
  object space 401408K, 79% used [0x00000000c0000000,0x00000000d388d5d8,0x00000000d8800000)
 Metaspace       used 75040K, committed 76416K, reserved 1179648K
  class space    used 8006K, committed 8640K, reserved 1048576K
}
Event: 44.209 GC heap before
{Heap before GC invocations=221 (full 11):
 PSYoungGen      total 43520K, used 33077K [0x00000000eab00000, 0x00000000eeb80000, 0x0000000100000000)
  eden space 23040K, 100% used [0x00000000eab00000,0x00000000ec180000,0x00000000ec180000)
  from space 20480K, 49% used [0x00000000ed600000,0x00000000edfcd668,0x00000000eea00000)
  to   space 20992K, 0% used [0x00000000ec180000,0x00000000ec180000,0x00000000ed600000)
 ParOldGen       total 401408K, used 320053K [0x00000000c0000000, 0x00000000d8800000, 0x00000000eab00000)
  object space 401408K, 79% used [0x00000000c0000000,0x00000000d388d5d8,0x00000000d8800000)
 Metaspace       used 75040K, committed 76416K, reserved 1179648K
  class space    used 8006K, committed 8640K, reserved 1048576K
}
Event: 44.440 GC heap after
{Heap after GC invocations=221 (full 11):
 PSYoungGen      total 44032K, used 18360K [0x00000000eab00000, 0x00000000ee900000, 0x0000000100000000)
  eden space 23040K, 0% used [0x00000000eab00000,0x00000000eab00000,0x00000000ec180000)
  from space 20992K, 87% used [0x00000000ec180000,0x00000000ed36e068,0x00000000ed600000)
  to   space 19456K, 0% used [0x00000000ed600000,0x00000000ed600000,0x00000000ee900000)
 ParOldGen       total 401408K, used 320053K [0x00000000c0000000, 0x00000000d8800000, 0x00000000eab00000)
  object space 401408K, 79% used [0x00000000c0000000,0x00000000d388d5d8,0x00000000d8800000)
 Metaspace       used 75040K, committed 76416K, reserved 1179648K
  class space    used 8006K, committed 8640K, reserved 1048576K
}
Event: 44.609 GC heap before
{Heap before GC invocations=222 (full 11):
 PSYoungGen      total 44032K, used 41335K [0x00000000eab00000, 0x00000000ee900000, 0x0000000100000000)
  eden space 23040K, 99% used [0x00000000eab00000,0x00000000ec16ff40,0x00000000ec180000)
  from space 20992K, 87% used [0x00000000ec180000,0x00000000ed36e068,0x00000000ed600000)
  to   space 19456K, 0% used [0x00000000ed600000,0x00000000ed600000,0x00000000ee900000)
 ParOldGen       total 401408K, used 320053K [0x00000000c0000000, 0x00000000d8800000, 0x00000000eab00000)
  object space 401408K, 79% used [0x00000000c0000000,0x00000000d388d5d8,0x00000000d8800000)
 Metaspace       used 75040K, committed 76416K, reserved 1179648K
  class space    used 8006K, committed 8640K, reserved 1048576K
}
Event: 44.622 GC heap after
{Heap after GC invocations=222 (full 11):
 PSYoungGen      total 34304K, used 19448K [0x00000000eab00000, 0x00000000efc00000, 0x0000000100000000)
  eden space 14848K, 0% used [0x00000000eab00000,0x00000000eab00000,0x00000000eb980000)
  from space 19456K, 99% used [0x00000000ed600000,0x00000000ee8fe120,0x00000000ee900000)
  to   space 29184K, 0% used [0x00000000eb980000,0x00000000eb980000,0x00000000ed600000)
 ParOldGen       total 401408K, used 327795K [0x00000000c0000000, 0x00000000d8800000, 0x00000000eab00000)
  object space 401408K, 81% used [0x00000000c0000000,0x00000000d401cf38,0x00000000d8800000)
 Metaspace       used 75040K, committed 76416K, reserved 1179648K
  class space    used 8006K, committed 8640K, reserved 1048576K
}
Event: 44.726 GC heap before
{Heap before GC invocations=223 (full 11):
 PSYoungGen      total 34304K, used 34296K [0x00000000eab00000, 0x00000000efc00000, 0x0000000100000000)
  eden space 14848K, 100% used [0x00000000eab00000,0x00000000eb980000,0x00000000eb980000)
  from space 19456K, 99% used [0x00000000ed600000,0x00000000ee8fe120,0x00000000ee900000)
  to   space 29184K, 0% used [0x00000000eb980000,0x00000000eb980000,0x00000000ed600000)
 ParOldGen       total 401408K, used 327795K [0x00000000c0000000, 0x00000000d8800000, 0x00000000eab00000)
  object space 401408K, 81% used [0x00000000c0000000,0x00000000d401cf38,0x00000000d8800000)
 Metaspace       used 75040K, committed 76416K, reserved 1179648K
  class space    used 8006K, committed 8640K, reserved 1048576K
}
Event: 44.735 GC heap after
{Heap after GC invocations=223 (full 11):
 PSYoungGen      total 38400K, used 23531K [0x00000000eab00000, 0x00000000eeb80000, 0x0000000100000000)
  eden space 14848K, 0% used [0x00000000eab00000,0x00000000eab00000,0x00000000eb980000)
  from space 23552K, 99% used [0x00000000eb980000,0x00000000ed07ac28,0x00000000ed080000)
  to   space 25088K, 0% used [0x00000000ed300000,0x00000000ed300000,0x00000000eeb80000)
 ParOldGen       total 401408K, used 329154K [0x00000000c0000000, 0x00000000d8800000, 0x00000000eab00000)
  object space 401408K, 82% used [0x00000000c0000000,0x00000000d4170a68,0x00000000d8800000)
 Metaspace       used 75040K, committed 76416K, reserved 1179648K
  class space    used 8006K, committed 8640K, reserved 1048576K
}

Dll operation events (11 events):
Event: 0.039 Loaded shared library c:\Users\shima\.vscode\extensions\redhat.java-1.35.1-win32-x64\jre\17.0.12-win32-x86_64\bin\java.dll
Event: 0.286 Loaded shared library c:\Users\shima\.vscode\extensions\redhat.java-1.35.1-win32-x64\jre\17.0.12-win32-x86_64\bin\zip.dll
Event: 0.292 Loaded shared library C:\Users\shima\.vscode\extensions\redhat.java-1.35.1-win32-x64\jre\17.0.12-win32-x86_64\bin\instrument.dll
Event: 0.311 Loaded shared library C:\Users\shima\.vscode\extensions\redhat.java-1.35.1-win32-x64\jre\17.0.12-win32-x86_64\bin\net.dll
Event: 0.315 Loaded shared library C:\Users\shima\.vscode\extensions\redhat.java-1.35.1-win32-x64\jre\17.0.12-win32-x86_64\bin\nio.dll
Event: 0.325 Loaded shared library C:\Users\shima\.vscode\extensions\redhat.java-1.35.1-win32-x64\jre\17.0.12-win32-x86_64\bin\zip.dll
Event: 0.347 Loaded shared library C:\Users\shima\.vscode\extensions\redhat.java-1.35.1-win32-x64\jre\17.0.12-win32-x86_64\bin\jimage.dll
Event: 0.423 Loaded shared library c:\Users\shima\.vscode\extensions\redhat.java-1.35.1-win32-x64\jre\17.0.12-win32-x86_64\bin\verify.dll
Event: 6.997 Loaded shared library C:\Users\shima\AppData\Roaming\Code\User\globalStorage\redhat.java\1.35.1\config_win\org.eclipse.equinox.launcher\org.eclipse.equinox.launcher.win32.win32.x86_64_1.2.1100.v20240722-2106\eclipse_11904.dll
Event: 19.139 Loaded shared library C:\Users\shima\AppData\Local\Temp\jna-109407560\jna18335787282517155935.dll
Event: 30.552 Loaded shared library C:\Users\shima\.vscode\extensions\redhat.java-1.35.1-win32-x64\jre\17.0.12-win32-x86_64\bin\extnet.dll

Deoptimization events (20 events):
Event: 44.668 Thread 0x000001c6ce1eac80 DEOPT PACKING pc=0x000001c6b681df05 sp=0x000000b3747fe4c0
Event: 44.668 Thread 0x000001c6ce1eac80 DEOPT UNPACKING pc=0x000001c6bd0e6e43 sp=0x000000b3747fda50 mode 0
Event: 44.670 Thread 0x000001c6ce1eac80 DEOPT PACKING pc=0x000001c6b681df05 sp=0x000000b3747fe4c0
Event: 44.670 Thread 0x000001c6ce1eac80 DEOPT UNPACKING pc=0x000001c6bd0e6e43 sp=0x000000b3747fda50 mode 0
Event: 44.671 Thread 0x000001c6ce1eac80 DEOPT PACKING pc=0x000001c6b681df05 sp=0x000000b3747fe4c0
Event: 44.671 Thread 0x000001c6ce1eac80 DEOPT UNPACKING pc=0x000001c6bd0e6e43 sp=0x000000b3747fda50 mode 0
Event: 44.672 Thread 0x000001c6ce1eac80 DEOPT PACKING pc=0x000001c6b681df05 sp=0x000000b3747fe4c0
Event: 44.672 Thread 0x000001c6ce1eac80 DEOPT UNPACKING pc=0x000001c6bd0e6e43 sp=0x000000b3747fda50 mode 0
Event: 44.675 Thread 0x000001c6ce1eac80 DEOPT PACKING pc=0x000001c6b681df05 sp=0x000000b3747fe4c0
Event: 44.675 Thread 0x000001c6ce1eac80 DEOPT UNPACKING pc=0x000001c6bd0e6e43 sp=0x000000b3747fda50 mode 0
Event: 44.677 Thread 0x000001c6ce1eac80 DEOPT PACKING pc=0x000001c6b681df05 sp=0x000000b3747fe4c0
Event: 44.677 Thread 0x000001c6ce1eac80 DEOPT UNPACKING pc=0x000001c6bd0e6e43 sp=0x000000b3747fda50 mode 0
Event: 44.680 Thread 0x000001c6ce1eac80 DEOPT PACKING pc=0x000001c6b681df05 sp=0x000000b3747fe4c0
Event: 44.680 Thread 0x000001c6ce1eac80 DEOPT UNPACKING pc=0x000001c6bd0e6e43 sp=0x000000b3747fda50 mode 0
Event: 44.887 Thread 0x000001c6ce1eac80 DEOPT PACKING pc=0x000001c6b5c94990 sp=0x000000b3747fe690
Event: 44.887 Thread 0x000001c6ce1eac80 DEOPT UNPACKING pc=0x000001c6bd0e6e43 sp=0x000000b3747fdc88 mode 0
Event: 45.797 Thread 0x000001c6ce1eac80 Uncommon trap: trap_request=0xffffff45 fr.pc=0x000001c6bd9ce700 relative=0x0000000000001ac0
Event: 45.797 Thread 0x000001c6ce1eac80 Uncommon trap: reason=unstable_if action=reinterpret pc=0x000001c6bd9ce700 method=org.eclipse.jdt.internal.core.search.matching.MethodDeclarationPattern.createDeclarationIndexKey([C[C[CI[C[[C[[C[CI[CII)[C @ 43 c2
Event: 45.797 Thread 0x000001c6ce1eac80 DEOPT PACKING pc=0x000001c6bd9ce700 sp=0x000000b3747fe7c0
Event: 45.797 Thread 0x000001c6ce1eac80 DEOPT UNPACKING pc=0x000001c6bd0e66a3 sp=0x000000b3747fe740 mode 2

Classes loaded (20 events):
Event: 32.378 Loading class sun/util/cldr/CLDRBaseLocaleDataMetaInfo$TZCanonicalIDMapHolder
Event: 32.382 Loading class sun/util/cldr/CLDRBaseLocaleDataMetaInfo$TZCanonicalIDMapHolder done
Event: 32.384 Loading class sun/util/resources/TimeZoneNames
Event: 32.387 Loading class sun/util/resources/TimeZoneNames done
Event: 32.387 Loading class sun/util/resources/TimeZoneNames_en
Event: 32.388 Loading class sun/util/resources/TimeZoneNames_en done
Event: 35.221 Loading class jdk/internal/reflect/UnsafeLongFieldAccessorImpl
Event: 35.297 Loading class jdk/internal/reflect/UnsafeLongFieldAccessorImpl done
Event: 35.522 Loading class java/util/stream/Streams$RangeIntSpliterator
Event: 35.523 Loading class java/util/stream/Streams$RangeIntSpliterator done
Event: 35.525 Loading class java/util/stream/IntPipeline$1
Event: 35.526 Loading class java/util/stream/IntPipeline$1 done
Event: 35.529 Loading class java/util/stream/IntPipeline$1$1
Event: 35.529 Loading class java/util/stream/IntPipeline$1$1 done
Event: 35.559 Loading class java/lang/ProcessHandleImpl$ExitCompletion
Event: 35.560 Loading class java/lang/ProcessHandleImpl$ExitCompletion done
Event: 35.560 Loading class java/lang/ProcessHandleImpl$1
Event: 35.560 Loading class java/lang/ProcessHandleImpl$1 done
Event: 35.561 Loading class java/util/concurrent/CompletableFuture$UniHandle
Event: 35.565 Loading class java/util/concurrent/CompletableFuture$UniHandle done

Classes unloaded (7 events):
Event: 18.650 Thread 0x000001c6b17ae960 Unloading class 0x0000000100248400 'java/lang/invoke/LambdaForm$MH+0x0000000100248400'
Event: 18.650 Thread 0x000001c6b17ae960 Unloading class 0x0000000100248000 'java/lang/invoke/LambdaForm$MH+0x0000000100248000'
Event: 18.650 Thread 0x000001c6b17ae960 Unloading class 0x0000000100247c00 'java/lang/invoke/LambdaForm$MH+0x0000000100247c00'
Event: 18.650 Thread 0x000001c6b17ae960 Unloading class 0x0000000100247800 'java/lang/invoke/LambdaForm$MH+0x0000000100247800'
Event: 18.650 Thread 0x000001c6b17ae960 Unloading class 0x0000000100247400 'java/lang/invoke/LambdaForm$BMH+0x0000000100247400'
Event: 18.650 Thread 0x000001c6b17ae960 Unloading class 0x0000000100247000 'java/lang/invoke/LambdaForm$DMH+0x0000000100247000'
Event: 18.650 Thread 0x000001c6b17ae960 Unloading class 0x0000000100244400 'java/lang/invoke/LambdaForm$DMH+0x0000000100244400'

Classes redefined (0 events):
No events

Internal exceptions (20 events):
Event: 29.022 Thread 0x000001c6d0c50570 Exception <a 'sun/nio/fs/WindowsException'{0x00000000eac2e440}> (0x00000000eac2e440) 
thrown [s\src\hotspot\share\prims\jni.cpp, line 516]
Event: 29.022 Thread 0x000001c6d0c50570 Exception <a 'sun/nio/fs/WindowsException'{0x00000000eac2efd0}> (0x00000000eac2efd0) 
thrown [s\src\hotspot\share\prims\jni.cpp, line 516]
Event: 29.023 Thread 0x000001c6d0c50570 Exception <a 'sun/nio/fs/WindowsException'{0x00000000eac39cf0}> (0x00000000eac39cf0) 
thrown [s\src\hotspot\share\prims\jni.cpp, line 516]
Event: 29.023 Thread 0x000001c6d0c50570 Exception <a 'sun/nio/fs/WindowsException'{0x00000000eac3c5a0}> (0x00000000eac3c5a0) 
thrown [s\src\hotspot\share\prims\jni.cpp, line 516]
Event: 29.816 Thread 0x000001c6d0c514a0 Exception <a 'java/lang/NoSuchMethodError'{0x00000000eab389c8}: 'void java.lang.invoke.DirectMethodHandle$Holder.invokeSpecial(java.lang.Object, java.lang.Object, int)'> (0x00000000eab389c8) 
thrown [s\src\hotspot\share\interpreter\linkResolver.cpp, line 759]
Event: 30.133 Thread 0x000001c6d0c574d0 Exception <a 'java/lang/NoSuchMethodError'{0x00000000eabe4bb0}: 'void java.lang.invoke.DirectMethodHandle$Holder.invokeSpecial(java.lang.Object, java.lang.Object, java.lang.Object, java.lang.Object, java.lang.Object)'> (0x00000000eabe4bb0) 
thrown [s\src\hotspot\share\interpreter\linkResolver.cpp, line 759]
Event: 30.154 Thread 0x000001c6d0c514a0 Exception <a 'java/lang/NoSuchMethodError'{0x00000000eac5cbb8}: 'java.lang.Object java.lang.invoke.DirectMethodHandle$Holder.invokeSpecial(java.lang.Object, java.lang.Object, long, java.lang.Object, java.lang.Object, java.lang.Object, java.lang.Object, java.lang.Object, java.lang.Object, java.lang.Object, java.lang.Object, java.lang.Object)'> (0x00000000eac5cbb8) 
thrown [s\src\hotspot\share\interpreter\linkResolver.cpp, line 759]
Event: 30.157 Thread 0x000001c6d0c514a0 Exception <a 'java/lang/NoSuchMethodError'{0x00000000eac61100}: 'java.lang.Object java.lang.invoke.DelegatingMethodHandle$Holder.reinvoke_L(java.lang.Object, long, java.lang.Object, java.lang.Object, java.lang.Object, java.lang.Object, java.lang.Object, java.lang.Object, java.lang.Object, java.lang.Object, java.lang.Object)'> (0x00000000eac61100) 
thrown [s\src\hotspot\share\interpreter\linkResolver.cpp, line 759]
Event: 30.167 Thread 0x000001c6d0c514a0 Exception <a 'java/lang/NoSuchMethodError'{0x00000000eaca7028}: 'java.lang.Object java.lang.invoke.DirectMethodHandle$Holder.invokeSpecial(java.lang.Object, java.lang.Object, java.lang.Object, java.lang.Object, java.lang.Object, java.lang.Object, java.lang.Object, java.lang.Object, java.lang.Object, java.lang.Object, java.lang.Object)'> (0x00000000eaca7028) 
thrown [s\src\hotspot\share\interpreter\linkResolver.cpp, line 759]
Event: 30.168 Thread 0x000001c6d0c514a0 Exception <a 'java/lang/NoSuchMethodError'{0x00000000eacab7e0}: 'java.lang.Object java.lang.invoke.Invokers$Holder.linkToTargetMethod(java.lang.Object, java.lang.Object, java.lang.Object, java.lang.Object, java.lang.Object, java.lang.Object, java.lang.Object, java.lang.Object, java.lang.Object, java.lang.Object)'> (0x00000000eacab7e0) 
thrown [s\src\hotspot\share\interpreter\linkResolver.cpp, line 759]
Event: 30.267 Thread 0x000001c6d0c574d0 Exception <a 'sun/nio/fs/WindowsException'{0x00000000eab1eb20}> (0x00000000eab1eb20) 
thrown [s\src\hotspot\share\prims\jni.cpp, line 516]
Event: 30.268 Thread 0x000001c6d0c574d0 Exception <a 'sun/nio/fs/WindowsException'{0x00000000eab1f188}> (0x00000000eab1f188) 
thrown [s\src\hotspot\share\prims\jni.cpp, line 516]
Event: 30.270 Thread 0x000001c6d0c574d0 Exception <a 'sun/nio/fs/WindowsException'{0x00000000eab1ff00}> (0x00000000eab1ff00) 
thrown [s\src\hotspot\share\prims\jni.cpp, line 516]
Event: 30.271 Thread 0x000001c6d0c574d0 Exception <a 'sun/nio/fs/WindowsException'{0x00000000eab207f0}> (0x00000000eab207f0) 
thrown [s\src\hotspot\share\prims\jni.cpp, line 516]
Event: 30.278 Thread 0x000001c6d0c574d0 Exception <a 'sun/nio/fs/WindowsException'{0x00000000eab21f18}> (0x00000000eab21f18) 
thrown [s\src\hotspot\share\prims\jni.cpp, line 516]
Event: 30.278 Thread 0x000001c6d0c574d0 Exception <a 'sun/nio/fs/WindowsException'{0x00000000eab22560}> (0x00000000eab22560) 
thrown [s\src\hotspot\share\prims\jni.cpp, line 516]
Event: 30.611 Thread 0x000001c6d0c54c50 Exception <a 'java/io/FileNotFoundException'{0x00000000eae4cef0}> (0x00000000eae4cef0) 
thrown [s\src\hotspot\share\prims\jni.cpp, line 516]
Event: 30.913 Thread 0x000001c6d0c54c50 Exception <a 'java/lang/NoSuchMethodError'{0x00000000eac6f650}: 'java.lang.Object java.lang.invoke.DirectMethodHandle$Holder.invokeVirtual(java.lang.Object, java.lang.Object, java.lang.Object, java.lang.Object)'> (0x00000000eac6f650) 
thrown [s\src\hotspot\share\interpreter\linkResolver.cpp, line 759]
Event: 31.012 Thread 0x000001c6d0c52df0 Exception <a 'java/lang/NoSuchMethodError'{0x00000000eae2f450}: 'java.lang.Object java.lang.invoke.DirectMethodHandle$Holder.invokeStatic(java.lang.Object, long, java.lang.Object, java.lang.Object)'> (0x00000000eae2f450) 
thrown [s\src\hotspot\share\interpreter\linkResolver.cpp, line 759]
Event: 31.013 Thread 0x000001c6d0c52df0 Exception <a 'java/lang/NoSuchMethodError'{0x00000000eae545a0}: 'java.lang.Object java.lang.invoke.DirectMethodHandle$Holder.newInvokeSpecial(java.lang.Object, long)'> (0x00000000eae545a0) 
thrown [s\src\hotspot\share\interpreter\linkResolver.cpp, line 759]

VM Operations (20 events):
Event: 41.018 Executing VM operation: ParallelGCFailedAllocation
Event: 41.033 Executing VM operation: ParallelGCFailedAllocation done
Event: 41.195 Executing VM operation: ParallelGCFailedAllocation
Event: 41.207 Executing VM operation: ParallelGCFailedAllocation done
Event: 41.655 Executing VM operation: ParallelGCFailedAllocation
Event: 43.481 Executing VM operation: ParallelGCFailedAllocation done
Event: 44.208 Executing VM operation: ParallelGCFailedAllocation
Event: 44.441 Executing VM operation: ParallelGCFailedAllocation done
Event: 44.609 Executing VM operation: ParallelGCFailedAllocation
Event: 44.622 Executing VM operation: ParallelGCFailedAllocation done
Event: 44.708 Executing VM operation: ParallelGCFailedAllocation
Event: 44.735 Executing VM operation: ParallelGCFailedAllocation done
Event: 45.523 Executing VM operation: HandshakeAllThreads
Event: 45.524 Executing VM operation: HandshakeAllThreads done
Event: 45.524 Executing VM operation: HandshakeAllThreads
Event: 45.541 Executing VM operation: HandshakeAllThreads done
Event: 45.542 Executing VM operation: HandshakeAllThreads
Event: 45.542 Executing VM operation: HandshakeAllThreads done
Event: 46.555 Executing VM operation: Cleanup
Event: 46.555 Executing VM operation: Cleanup done

Events (20 events):
Event: 29.444 Thread 0x000001c6d0c579e0 Thread exited: 0x000001c6d0c579e0
Event: 30.560 Thread 0x000001c6d0c54230 Thread added: 0x000001c6d0c54230
Event: 30.565 Thread 0x000001c6d0c54c50 Thread added: 0x000001c6d0c54c50
Event: 30.773 Thread 0x000001c6d0c528e0 Thread added: 0x000001c6d0c528e0
Event: 30.786 Thread 0x000001c6d0c579e0 Thread added: 0x000001c6d0c579e0
Event: 31.005 Thread 0x000001c6d0c52df0 Thread added: 0x000001c6d0c52df0
Event: 31.057 Thread 0x000001c6ce1ed500 Thread added: 0x000001c6ce1ed500
Event: 34.984 Thread 0x000001c6ce1eda10 Thread added: 0x000001c6ce1eda10
Event: 34.995 Thread 0x000001c6ce1ed500 Thread exited: 0x000001c6ce1ed500
Event: 35.561 Thread 0x000001c6ce1ed500 Thread added: 0x000001c6ce1ed500
Event: 35.592 Thread 0x000001c6ce1eda10 Thread exited: 0x000001c6ce1eda10
Event: 45.553 Thread 0x000001c6cc5ddc80 flushing nmethod 0x000001c6bd6a0690
Event: 45.553 Thread 0x000001c6cc5ddc80 flushing nmethod 0x000001c6bd6a1010
Event: 45.580 Thread 0x000001c6cc5ddc80 flushing nmethod 0x000001c6bd7e2b10
Event: 45.664 Thread 0x000001c6cc5ddc80 flushing nmethod 0x000001c6b6270390
Event: 45.725 Thread 0x000001c6cc5ddc80 flushing nmethod 0x000001c6b6a8bc10
Event: 45.755 Thread 0x000001c6cc5ddc80 flushing nmethod 0x000001c6b6de0e10
Event: 45.755 Thread 0x000001c6cc5ddc80 flushing nmethod 0x000001c6b6de1810
Event: 45.755 Thread 0x000001c6cc5ddc80 flushing nmethod 0x000001c6b6de2610
Event: 45.755 Thread 0x000001c6cc5ddc80 flushing nmethod 0x000001c6b6de2b10


Dynamic libraries:
0x00007ff6fcb90000 - 0x00007ff6fcb9e000 	c:\Users\shima\.vscode\extensions\redhat.java-1.35.1-win32-x64\jre\17.0.12-win32-x86_64\bin\java.exe
0x00007fff9b930000 - 0x00007fff9bb47000 	C:\Windows\SYSTEM32\ntdll.dll
0x00007fff9b1c0000 - 0x00007fff9b284000 	C:\Windows\System32\KERNEL32.DLL
0x00007fff99050000 - 0x00007fff993fd000 	C:\Windows\System32\KERNELBASE.dll
0x00007fff92660000 - 0x00007fff926f7000 	C:\Windows\SYSTEM32\apphelp.dll
0x00007fff98c50000 - 0x00007fff98d61000 	C:\Windows\System32\ucrtbase.dll
0x00007fff8b120000 - 0x00007fff8b137000 	c:\Users\shima\.vscode\extensions\redhat.java-1.35.1-win32-x64\jre\17.0.12-win32-x86_64\bin\jli.dll
0x00007fff9b740000 - 0x00007fff9b8ee000 	C:\Windows\System32\USER32.dll
0x00007fff98d70000 - 0x00007fff98d96000 	C:\Windows\System32\win32u.dll
0x00007fff99b20000 - 0x00007fff99b49000 	C:\Windows\System32\GDI32.dll
0x00007fff98f30000 - 0x00007fff99049000 	C:\Windows\System32\gdi32full.dll
0x00007fff98e60000 - 0x00007fff98efa000 	C:\Windows\System32\msvcp_win.dll
0x00007fff8b1d0000 - 0x00007fff8b1eb000 	c:\Users\shima\.vscode\extensions\redhat.java-1.35.1-win32-x64\jre\17.0.12-win32-x86_64\bin\VCRUNTIME140.dll
0x00007fff84020000 - 0x00007fff842b3000 	C:\Windows\WinSxS\amd64_microsoft.windows.common-controls_6595b64144ccf1df_6.0.22621.3672_none_2713b9d173822955\COMCTL32.dll
0x00007fff997d0000 - 0x00007fff99877000 	C:\Windows\System32\msvcrt.dll
0x00007fff99660000 - 0x00007fff99691000 	C:\Windows\System32\IMM32.DLL
0x00007fff8b220000 - 0x00007fff8b22c000 	c:\Users\shima\.vscode\extensions\redhat.java-1.35.1-win32-x64\jre\17.0.12-win32-x86_64\bin\vcruntime140_1.dll
0x00007fff71a70000 - 0x00007fff71afd000 	c:\Users\shima\.vscode\extensions\redhat.java-1.35.1-win32-x64\jre\17.0.12-win32-x86_64\bin\msvcp140.dll
0x00007fff42dc0000 - 0x00007fff43a2a000 	c:\Users\shima\.vscode\extensions\redhat.java-1.35.1-win32-x64\jre\17.0.12-win32-x86_64\bin\server\jvm.dll
0x00007fff99a60000 - 0x00007fff99b12000 	C:\Windows\System32\ADVAPI32.dll
0x00007fff99720000 - 0x00007fff997c9000 	C:\Windows\System32\sechost.dll
0x00007fff98f00000 - 0x00007fff98f28000 	C:\Windows\System32\bcrypt.dll
0x00007fff9b620000 - 0x00007fff9b734000 	C:\Windows\System32\RPCRT4.dll
0x00007fff9a610000 - 0x00007fff9a681000 	C:\Windows\System32\WS2_32.dll
0x00007fff98970000 - 0x00007fff989bd000 	C:\Windows\SYSTEM32\POWRPROF.dll
0x00007fff92d70000 - 0x00007fff92da4000 	C:\Windows\SYSTEM32\WINMM.dll
0x00007fff8f5f0000 - 0x00007fff8f5fa000 	C:\Windows\SYSTEM32\VERSION.dll
0x00007fff98950000 - 0x00007fff98963000 	C:\Windows\SYSTEM32\UMPDC.dll
0x00007fff97ca0000 - 0x00007fff97cb8000 	C:\Windows\SYSTEM32\kernel.appcore.dll
0x00007fff8b110000 - 0x00007fff8b11a000 	c:\Users\shima\.vscode\extensions\redhat.java-1.35.1-win32-x64\jre\17.0.12-win32-x86_64\bin\jimage.dll
0x00007fff96650000 - 0x00007fff96882000 	C:\Windows\SYSTEM32\DBGHELP.DLL
0x00007fff9b290000 - 0x00007fff9b61e000 	C:\Windows\System32\combase.dll
0x00007fff9afe0000 - 0x00007fff9b0b7000 	C:\Windows\System32\OLEAUT32.dll
0x00007fff82cd0000 - 0x00007fff82d02000 	C:\Windows\SYSTEM32\dbgcore.DLL
0x00007fff995e0000 - 0x00007fff9965b000 	C:\Windows\System32\bcryptPrimitives.dll
0x00007fff8b0d0000 - 0x00007fff8b0de000 	c:\Users\shima\.vscode\extensions\redhat.java-1.35.1-win32-x64\jre\17.0.12-win32-x86_64\bin\instrument.dll
0x00007fff8a080000 - 0x00007fff8a0a5000 	c:\Users\shima\.vscode\extensions\redhat.java-1.35.1-win32-x64\jre\17.0.12-win32-x86_64\bin\java.dll
0x00007fff8ae60000 - 0x00007fff8ae78000 	c:\Users\shima\.vscode\extensions\redhat.java-1.35.1-win32-x64\jre\17.0.12-win32-x86_64\bin\zip.dll
0x00007fff99b50000 - 0x00007fff9a3b7000 	C:\Windows\System32\SHELL32.dll
0x00007fff96bd0000 - 0x00007fff974cf000 	C:\Windows\SYSTEM32\windows.storage.dll
0x00007fff96a90000 - 0x00007fff96bcf000 	C:\Windows\SYSTEM32\wintypes.dll
0x00007fff9ae80000 - 0x00007fff9af79000 	C:\Windows\System32\SHCORE.dll
0x00007fff996c0000 - 0x00007fff9971e000 	C:\Windows\System32\shlwapi.dll
0x00007fff98b80000 - 0x00007fff98ba7000 	C:\Windows\SYSTEM32\profapi.dll
0x00007fff8aa40000 - 0x00007fff8aa59000 	C:\Users\shima\.vscode\extensions\redhat.java-1.35.1-win32-x64\jre\17.0.12-win32-x86_64\bin\net.dll
0x00007fff945d0000 - 0x00007fff94706000 	C:\Windows\SYSTEM32\WINHTTP.dll
0x00007fff98110000 - 0x00007fff98179000 	C:\Windows\system32\mswsock.dll
0x00007fff89dd0000 - 0x00007fff89de6000 	C:\Users\shima\.vscode\extensions\redhat.java-1.35.1-win32-x64\jre\17.0.12-win32-x86_64\bin\nio.dll
0x00007fff8b0c0000 - 0x00007fff8b0d0000 	c:\Users\shima\.vscode\extensions\redhat.java-1.35.1-win32-x64\jre\17.0.12-win32-x86_64\bin\verify.dll
0x00007fff89100000 - 0x00007fff89145000 	C:\Users\shima\AppData\Roaming\Code\User\globalStorage\redhat.java\1.35.1\config_win\org.eclipse.equinox.launcher\org.eclipse.equinox.launcher.win32.win32.x86_64_1.2.1100.v20240722-2106\eclipse_11904.dll
0x00007fff9a450000 - 0x00007fff9a5f5000 	C:\Windows\System32\ole32.dll
0x00007fff98370000 - 0x00007fff9838b000 	C:\Windows\SYSTEM32\CRYPTSP.dll
0x00007fff97c00000 - 0x00007fff97c35000 	C:\Windows\system32\rsaenh.dll
0x00007fff98200000 - 0x00007fff98228000 	C:\Windows\SYSTEM32\USERENV.dll
0x00007fff98360000 - 0x00007fff9836c000 	C:\Windows\SYSTEM32\CRYPTBASE.dll
0x00007fff97770000 - 0x00007fff9779d000 	C:\Windows\SYSTEM32\IPHLPAPI.DLL
0x00007fff9a440000 - 0x00007fff9a449000 	C:\Windows\System32\NSI.dll
0x00007fff94240000 - 0x00007fff94259000 	C:\Windows\SYSTEM32\dhcpcsvc6.DLL
0x00007fff94190000 - 0x00007fff941af000 	C:\Windows\SYSTEM32\dhcpcsvc.DLL
0x00007fff977a0000 - 0x00007fff97898000 	C:\Windows\SYSTEM32\DNSAPI.dll
0x00007fff739c0000 - 0x00007fff73a09000 	C:\Users\shima\AppData\Local\Temp\jna-109407560\jna18335787282517155935.dll
0x00007fff9a600000 - 0x00007fff9a608000 	C:\Windows\System32\PSAPI.DLL
0x00007fff92f20000 - 0x00007fff92f29000 	C:\Users\shima\.vscode\extensions\redhat.java-1.35.1-win32-x64\jre\17.0.12-win32-x86_64\bin\extnet.dll

dbghelp: loaded successfully - version: 4.0.5 - missing functions: none
symbol engine: initialized successfully - sym options: 0x614 - pdb path: .;c:\Users\shima\.vscode\extensions\redhat.java-1.35.1-win32-x64\jre\17.0.12-win32-x86_64\bin;C:\Windows\SYSTEM32;C:\Windows\WinSxS\amd64_microsoft.windows.common-controls_6595b64144ccf1df_6.0.22621.3672_none_2713b9d173822955;c:\Users\shima\.vscode\extensions\redhat.java-1.35.1-win32-x64\jre\17.0.12-win32-x86_64\bin\server;C:\Users\shima\AppData\Roaming\Code\User\globalStorage\redhat.java\1.35.1\config_win\org.eclipse.equinox.launcher\org.eclipse.equinox.launcher.win32.win32.x86_64_1.2.1100.v20240722-2106;C:\Users\shima\AppData\Local\Temp\jna-109407560

VM Arguments:
jvm_args: --add-modules=ALL-SYSTEM --add-opens=java.base/java.util=ALL-UNNAMED --add-opens=java.base/java.lang=ALL-UNNAMED --add-opens=java.base/sun.nio.fs=ALL-UNNAMED -Declipse.application=org.eclipse.jdt.ls.core.id1 -Dosgi.bundles.defaultStartLevel=4 -Declipse.product=org.eclipse.jdt.ls.core.product -Djava.import.generatesMetadataFilesAtProjectRoot=false -DDetectVMInstallationsJob.disabled=true -Dfile.encoding=utf8 -XX:+UseParallelGC -XX:GCTimeRatio=4 -XX:AdaptiveSizePolicyWeight=90 -Dsun.zip.disableMemoryMapping=true -Xmx1G -Xms100m -Xlog:disable -javaagent:c:\Users\shima\.vscode\extensions\redhat.java-1.35.1-win32-x64\lombok\lombok-1.18.33.jar -XX:+HeapDumpOnOutOfMemoryError -XX:HeapDumpPath=c:\Users\shima\AppData\Roaming\Code\User\workspaceStorage\c7f473f416d507a6fa5a995e09b998af\redhat.java -Daether.dependencyCollector.impl=bf 
java_command: c:\Users\shima\.vscode\extensions\redhat.java-1.35.1-win32-x64\server\plugins\org.eclipse.equinox.launcher_1.6.900.v20240613-2009.jar -configuration c:\Users\shima\AppData\Roaming\Code\User\globalStorage\redhat.java\1.35.1\config_win -data c:\Users\shima\AppData\Roaming\Code\User\workspaceStorage\c7f473f416d507a6fa5a995e09b998af\redhat.java\jdt_ws --pipe=\\.\pipe\lsp-a3b680abb20f385934568e097e16754b-sock
java_class_path (initial): c:\Users\shima\.vscode\extensions\redhat.java-1.35.1-win32-x64\server\plugins\org.eclipse.equinox.launcher_1.6.900.v20240613-2009.jar
Launcher Type: SUN_STANDARD

[Global flags]
    uintx AdaptiveSizePolicyWeight                 = 90                                        {product} {command line}
     intx CICompilerCount                          = 4                                         {product} {ergonomic}
    uintx GCTimeRatio                              = 4                                         {product} {command line}
     bool HeapDumpOnOutOfMemoryError               = true                                   {manageable} {command line}
    ccstr HeapDumpPath                             = c:\Users\shima\AppData\Roaming\Code\User\workspaceStorage\c7f473f416d507a6fa5a995e09b998af\redhat.java         {manageable} {command line}
   size_t InitialHeapSize                          = 104857600                                 {product} {command line}
   size_t MaxHeapSize                              = 1073741824                                {product} {command line}
   size_t MaxNewSize                               = 357564416                                 {product} {ergonomic}
   size_t MinHeapDeltaBytes                        = 524288                                    {product} {ergonomic}
   size_t MinHeapSize                              = 104857600                                 {product} {command line}
   size_t NewSize                                  = 34603008                                  {product} {ergonomic}
    uintx NonNMethodCodeHeapSize                   = 5839372                                {pd product} {ergonomic}
    uintx NonProfiledCodeHeapSize                  = 122909434                              {pd product} {ergonomic}
   size_t OldSize                                  = 70254592                                  {product} {ergonomic}
    uintx ProfiledCodeHeapSize                     = 122909434                              {pd product} {ergonomic}
    uintx ReservedCodeCacheSize                    = 251658240                              {pd product} {ergonomic}
     bool SegmentedCodeCache                       = true                                      {product} {ergonomic}
   size_t SoftMaxHeapSize                          = 1073741824                             {manageable} {ergonomic}
     bool UseCompressedClassPointers               = true                           {product lp64_product} {ergonomic}
     bool UseCompressedOops                        = true                           {product lp64_product} {ergonomic}
     bool UseLargePagesIndividualAllocation        = false                                  {pd product} {ergonomic}
     bool UseParallelGC                            = true                                      {product} {command line}

Logging:
Log output configuration:
 #0: stdout all=off uptime,level,tags
 #1: stderr all=off uptime,level,tags

Environment Variables:
JAVA_HOME=C:\Program Files\Java\jdk-13.0.2
PATH=C:\Windows\system32;C:\Windows;C:\Windows\System32\Wbem;C:\Windows\System32\WindowsPowerShell\v1.0\;C:\Windows\System32\OpenSSH\;C:\Program Files\Novell\iPrint;C:\Program Files\dotnet\;C:\Users\shima\OneDrive\Documents\openjdk-13+33_windows-x64_bin\jdk-13\bin;C:\Program Files\Java\jdk-13.0.2\bin;C:\Users\shima\AppData\Local\Microsoft\WindowsApps;C:\Users\shima\AppData\Local\Programs\Microsoft VS Code\bin
USERNAME=shima
OS=Windows_NT
PROCESSOR_IDENTIFIER=AMD64 Family 23 Model 160 Stepping 0, AuthenticAMD
TMP=C:\Users\shima\AppData\Local\Temp
TEMP=C:\Users\shima\AppData\Local\Temp



Periodic native trim disabled


---------------  S Y S T E M  ---------------

OS:
 Windows 11 , 64 bit Build 22621 (10.0.22621.3958)
OS uptime: 4 days 8:29 hours

CPU: total 8 (initial active 8) (8 cores per cpu, 2 threads per core) family 23 model 160 stepping 0 microcode 0x0, cx8, cmov, fxsr, ht, mmx, 3dnowpref, sse, sse2, sse3, ssse3, sse4a, sse4.1, sse4.2, popcnt, lzcnt, tsc, tscinvbit, avx, avx2, aes, clmul, bmi1, bmi2, adx, sha, fma, vzeroupper, clflush, clflushopt
Processor Information for processor 0
  Max Mhz: 2401, Current Mhz: 2401, Mhz Limit: 2401
Processor Information for processor 1
  Max Mhz: 2401, Current Mhz: 2401, Mhz Limit: 2401
Processor Information for processor 2
  Max Mhz: 2401, Current Mhz: 2401, Mhz Limit: 2401
Processor Information for processor 3
  Max Mhz: 2401, Current Mhz: 2000, Mhz Limit: 2401
Processor Information for processor 4
  Max Mhz: 2401, Current Mhz: 2401, Mhz Limit: 2401
Processor Information for processor 5
  Max Mhz: 2401, Current Mhz: 2401, Mhz Limit: 2401
Processor Information for processor 6
  Max Mhz: 2401, Current Mhz: 2401, Mhz Limit: 2401
Processor Information for processor 7
  Max Mhz: 2401, Current Mhz: 2000, Mhz Limit: 2401

Memory: 4k page, system-wide physical 3317M (104M free)
TotalPageFile size 13557M (AvailPageFile size 0M)
current process WorkingSet (physical memory assigned to process): 267M, peak: 360M
current process commit charge ("private bytes"): 707M, peak: 722M

vm_info: OpenJDK 64-Bit Server VM (17.0.12+7) for windows-amd64 JRE (17.0.12+7), built on Jul 16 2024 22:08:24 by "admin" with MS VC++ 16.10 / 16.11 (VS2019)

END.
