#
# There is insufficient memory for the Java Runtime Environment to continue.
# Native memory allocation (malloc) failed to allocate 2571552 bytes. Error detail: Chunk::new
# Possible reasons:
#   The system is out of physical RAM or swap space
#   This process is running with CompressedOops enabled, and the Java Heap may be blocking the growth of the native heap
# Possible solutions:
#   Reduce memory load on the system
#   Increase physical memory or swap space
#   Check if swap backing store is full
#   Decrease Java heap size (-Xmx/-Xms)
#   Decrease number of Java threads
#   Decrease Java thread stack sizes (-Xss)
#   Set larger code cache with -XX:ReservedCodeCacheSize=
#   JVM is running with Unscaled Compressed Oops mode in which the Java heap is
#     placed in the first 4GB address space. The Java Heap base address is the
#     maximum limit for the native heap growth. Please use -XX:HeapBaseMinAddress
#     to set the Java Heap base and to place the Java Heap above 4GB virtual address.
# This output file may be truncated or incomplete.
#
#  Out of Memory Error (arena.cpp:191), pid=24796, tid=14196
#
# JRE version: OpenJDK Runtime Environment Temurin-17.0.12+7 (17.0.12+7) (build 17.0.12+7)
# Java VM: OpenJDK 64-Bit Server VM Temurin-17.0.12+7 (17.0.12+7, mixed mode, tiered, compressed oops, compressed class ptrs, parallel gc, windows-amd64)
# No core dump will be written. Minidumps are not enabled by default on client versions of Windows
#

---------------  S U M M A R Y ------------

Command Line: --add-modules=ALL-SYSTEM --add-opens=java.base/java.util=ALL-UNNAMED --add-opens=java.base/java.lang=ALL-UNNAMED --add-opens=java.base/sun.nio.fs=ALL-UNNAMED -Declipse.application=org.eclipse.jdt.ls.core.id1 -Dosgi.bundles.defaultStartLevel=4 -Declipse.product=org.eclipse.jdt.ls.core.product -Djava.import.generatesMetadataFilesAtProjectRoot=false -DDetectVMInstallationsJob.disabled=true -Dfile.encoding=utf8 -XX:+UseParallelGC -XX:GCTimeRatio=4 -XX:AdaptiveSizePolicyWeight=90 -Dsun.zip.disableMemoryMapping=true -Xmx1G -Xms100m -Xlog:disable -javaagent:c:\Users\shima\.vscode\extensions\redhat.java-1.34.0-win32-x64\lombok\lombok-1.18.33.jar -XX:+HeapDumpOnOutOfMemoryError -XX:HeapDumpPath=c:\Users\shima\AppData\Roaming\Code\User\workspaceStorage\c7f473f416d507a6fa5a995e09b998af\redhat.java -Daether.dependencyCollector.impl=bf c:\Users\shima\.vscode\extensions\redhat.java-1.34.0-win32-x64\server\plugins\org.eclipse.equinox.launcher_1.6.900.v20240613-2009.jar -configuration c:\Users\shima\AppData\Roaming\Code\User\globalStorage\redhat.java\1.34.0\config_win -data c:\Users\shima\AppData\Roaming\Code\User\workspaceStorage\c7f473f416d507a6fa5a995e09b998af\redhat.java\jdt_ws --pipe=\\.\pipe\lsp-9da3cc5eddfe2f85a3f41c7e406aed7d-sock

Host: AMD Ryzen 3 7320U with Radeon Graphics         , 8 cores, 3G,  Windows 11 , 64 bit Build 22621 (10.0.22621.3958)
Time: Thu Sep 26 15:51:38 2024 South Africa Standard Time elapsed time: 21.029210 seconds (0d 0h 0m 21s)

---------------  T H R E A D  ---------------

Current thread (0x0000026e28c25510):  JavaThread "C2 CompilerThread0" daemon [_thread_in_native, id=14196, stack(0x000000b942f00000,0x000000b943000000)]


Current CompileTask:
C2:  21029 6380   !   4       java.nio.file.FileTreeWalker::next (144 bytes)

Stack: [0x000000b942f00000,0x000000b943000000]
Native frames: (J=compiled Java code, j=interpreted, Vv=VM code, C=native code)
V  [jvm.dll+0x67f929]
V  [jvm.dll+0x8371ba]
V  [jvm.dll+0x838c7e]
V  [jvm.dll+0x8392e3]
V  [jvm.dll+0x24834f]
V  [jvm.dll+0xac9d4]
V  [jvm.dll+0xad01c]
V  [jvm.dll+0x3674a7]
V  [jvm.dll+0x1bd562]
V  [jvm.dll+0x21aa09]
V  [jvm.dll+0x219cf1]
V  [jvm.dll+0x1a58bd]
V  [jvm.dll+0x229a2d]
V  [jvm.dll+0x227bdc]
V  [jvm.dll+0x7ec1f7]
V  [jvm.dll+0x7e65dc]
V  [jvm.dll+0x67e7f7]
C  [ucrtbase.dll+0x29333]
C  [KERNEL32.DLL+0x1257d]
C  [ntdll.dll+0x5af28]


---------------  P R O C E S S  ---------------

Threads class SMR info:
_java_thread_list=0x0000026e2dd4c170, length=54, elements={
0x0000026e0fc7fb10, 0x0000026e23b01030, 0x0000026e23b02a60, 0x0000026e23b0b760,
0x0000026e23b0c4f0, 0x0000026e23b0e5d0, 0x0000026e28c1d990, 0x0000026e28c25510,
0x0000026e28c272e0, 0x0000026e28c2b230, 0x0000026e28c1dea0, 0x0000026e28c20210,
0x0000026e28c1fd00, 0x0000026e28c1e3b0, 0x0000026e28c1f7f0, 0x0000026e28c20720,
0x0000026e28c1e8c0, 0x0000026e28c1d480, 0x0000026e2aa565a0, 0x0000026e2aa579e0,
0x0000026e2aa56ab0, 0x0000026e2aa5cae0, 0x0000026e2aa5d500, 0x0000026e2bb9f930,
0x0000026e2b4e69b0, 0x0000026e2b4e5f90, 0x0000026e2b4e64a0, 0x0000026e2b4e5060,
0x0000026e2b4e5570, 0x0000026e2b4e5a80, 0x0000026e2b68b370, 0x0000026e2b68c7b0,
0x0000026e2b68a440, 0x0000026e2bb9e4f0, 0x0000026e2b689f30, 0x0000026e2b68ccc0,
0x0000026e2b68ae60, 0x0000026e2d978730, 0x0000026e2d979b70, 0x0000026e2b68b880,
0x0000026e2bb9ef10, 0x0000026e2d012ab0, 0x0000026e2de68a90, 0x0000026e2ba2b090,
0x0000026e2aa58910, 0x0000026e2bb9f420, 0x0000026e2d978c40, 0x0000026e2d012fc0,
0x0000026e2d0125a0, 0x0000026e2d0134d0, 0x0000026e2de68fa0, 0x0000026e2de694b0,
0x0000026e2aa574d0, 0x0000026e2bb9ea00
}

Java Threads: ( => current thread )
  0x0000026e0fc7fb10 JavaThread "main" [_thread_blocked, id=14452, stack(0x000000b942600000,0x000000b942700000)]
  0x0000026e23b01030 JavaThread "Reference Handler" daemon [_thread_blocked, id=10184, stack(0x000000b942900000,0x000000b942a00000)]
  0x0000026e23b02a60 JavaThread "Finalizer" daemon [_thread_blocked, id=24864, stack(0x000000b942a00000,0x000000b942b00000)]
  0x0000026e23b0b760 JavaThread "Signal Dispatcher" daemon [_thread_blocked, id=13232, stack(0x000000b942b00000,0x000000b942c00000)]
  0x0000026e23b0c4f0 JavaThread "Attach Listener" daemon [_thread_blocked, id=13056, stack(0x000000b942c00000,0x000000b942d00000)]
  0x0000026e23b0e5d0 JavaThread "Service Thread" daemon [_thread_blocked, id=21524, stack(0x000000b942d00000,0x000000b942e00000)]
  0x0000026e28c1d990 JavaThread "Monitor Deflation Thread" daemon [_thread_blocked, id=1796, stack(0x000000b942e00000,0x000000b942f00000)]
=>0x0000026e28c25510 JavaThread "C2 CompilerThread0" daemon [_thread_in_native, id=14196, stack(0x000000b942f00000,0x000000b943000000)]
  0x0000026e28c272e0 JavaThread "C1 CompilerThread0" daemon [_thread_blocked, id=10388, stack(0x000000b943000000,0x000000b943100000)]
  0x0000026e28c2b230 JavaThread "Sweeper thread" daemon [_thread_blocked, id=14648, stack(0x000000b943100000,0x000000b943200000)]
  0x0000026e28c1dea0 JavaThread "Common-Cleaner" daemon [_thread_blocked, id=11908, stack(0x000000b943200000,0x000000b943300000)]
  0x0000026e28c20210 JavaThread "Notification Thread" daemon [_thread_blocked, id=20428, stack(0x000000b943400000,0x000000b943500000)]
  0x0000026e28c1fd00 JavaThread "Active Thread: Equinox Container: c8c93f17-a8ab-4c32-ae03-762f851ffd8a" [_thread_blocked, id=17696, stack(0x000000b943c00000,0x000000b943d00000)]
  0x0000026e28c1e3b0 JavaThread "Framework Event Dispatcher: Equinox Container: c8c93f17-a8ab-4c32-ae03-762f851ffd8a" daemon [_thread_blocked, id=9228, stack(0x000000b943d00000,0x000000b943e00000)]
  0x0000026e28c1f7f0 JavaThread "Start Level: Equinox Container: c8c93f17-a8ab-4c32-ae03-762f851ffd8a" daemon [_thread_blocked, id=24612, stack(0x000000b943e00000,0x000000b943f00000)]
  0x0000026e28c20720 JavaThread "Bundle File Closer" daemon [_thread_blocked, id=8428, stack(0x000000b944000000,0x000000b944100000)]
  0x0000026e28c1e8c0 JavaThread "SCR Component Actor" daemon [_thread_blocked, id=24744, stack(0x000000b944100000,0x000000b944200000)]
  0x0000026e28c1d480 JavaThread "Worker-JM" [_thread_blocked, id=23208, stack(0x000000b943300000,0x000000b943400000)]
  0x0000026e2aa565a0 JavaThread "JNA Cleaner" daemon [_thread_blocked, id=10924, stack(0x000000b944300000,0x000000b944400000)]
  0x0000026e2aa579e0 JavaThread "Worker-0" [_thread_blocked, id=25020, stack(0x000000b944400000,0x000000b944500000)]
  0x0000026e2aa56ab0 JavaThread "Worker-1" [_thread_blocked, id=6564, stack(0x000000b944500000,0x000000b944600000)]
  0x0000026e2aa5cae0 JavaThread "Java indexing" daemon [_thread_in_Java, id=1284, stack(0x000000b944600000,0x000000b944700000)]
  0x0000026e2aa5d500 JavaThread "Worker-2" [_thread_blocked, id=15932, stack(0x000000b944700000,0x000000b944800000)]
  0x0000026e2bb9f930 JavaThread "Thread-2" daemon [_thread_in_native, id=23720, stack(0x000000b944800000,0x000000b944900000)]
  0x0000026e2b4e69b0 JavaThread "Thread-3" daemon [_thread_in_native, id=18452, stack(0x000000b944900000,0x000000b944a00000)]
  0x0000026e2b4e5f90 JavaThread "Thread-4" daemon [_thread_in_native, id=11060, stack(0x000000b944a00000,0x000000b944b00000)]
  0x0000026e2b4e64a0 JavaThread "Thread-5" daemon [_thread_in_native, id=18568, stack(0x000000b944b00000,0x000000b944c00000)]
  0x0000026e2b4e5060 JavaThread "Thread-6" daemon [_thread_in_native, id=11156, stack(0x000000b944c00000,0x000000b944d00000)]
  0x0000026e2b4e5570 JavaThread "Thread-7" daemon [_thread_in_native, id=17460, stack(0x000000b944d00000,0x000000b944e00000)]
  0x0000026e2b4e5a80 JavaThread "Thread-8" daemon [_thread_in_native, id=19892, stack(0x000000b944e00000,0x000000b944f00000)]
  0x0000026e2b68b370 JavaThread "Thread-9" daemon [_thread_in_native, id=10728, stack(0x000000b944f00000,0x000000b945000000)]
  0x0000026e2b68c7b0 JavaThread "Thread-10" daemon [_thread_in_native, id=18564, stack(0x000000b945000000,0x000000b945100000)]
  0x0000026e2b68a440 JavaThread "pool-2-thread-1" [_thread_blocked, id=21324, stack(0x000000b945100000,0x000000b945200000)]
  0x0000026e2bb9e4f0 JavaThread "Worker-3" [_thread_blocked, id=6444, stack(0x000000b945200000,0x000000b945300000)]
  0x0000026e2b689f30 JavaThread "WorkspaceEventsHandler" [_thread_blocked, id=9004, stack(0x000000b945300000,0x000000b945400000)]
  0x0000026e2b68ccc0 JavaThread "pool-1-thread-1" [_thread_blocked, id=16584, stack(0x000000b945400000,0x000000b945500000)]
  0x0000026e2b68ae60 JavaThread "Worker-4" [_thread_blocked, id=4200, stack(0x000000b944200000,0x000000b944300000)]
  0x0000026e2d978730 JavaThread "ForkJoinPool.commonPool-worker-1" daemon [_thread_blocked, id=17372, stack(0x000000b945500000,0x000000b945600000)]
  0x0000026e2d979b70 JavaThread "ForkJoinPool.commonPool-worker-2" daemon [_thread_blocked, id=16148, stack(0x000000b945600000,0x000000b945700000)]
  0x0000026e2b68b880 JavaThread "ForkJoinPool.commonPool-worker-3" daemon [_thread_blocked, id=10144, stack(0x000000b945700000,0x000000b945800000)]
  0x0000026e2bb9ef10 JavaThread "ForkJoinPool.commonPool-worker-4" daemon [_thread_blocked, id=16872, stack(0x000000b945800000,0x000000b945900000)]
  0x0000026e2d012ab0 JavaThread "ForkJoinPool.commonPool-worker-5" daemon [_thread_blocked, id=9060, stack(0x000000b945900000,0x000000b945a00000)]
  0x0000026e2de68a90 JavaThread "ForkJoinPool.commonPool-worker-6" daemon [_thread_blocked, id=26448, stack(0x000000b945a00000,0x000000b945b00000)]
  0x0000026e2ba2b090 JavaThread "ForkJoinPool.commonPool-worker-7" daemon [_thread_blocked, id=10612, stack(0x000000b945b00000,0x000000b945c00000)]
  0x0000026e2aa58910 JavaThread "Worker-5" [_thread_blocked, id=8508, stack(0x000000b945c00000,0x000000b945d00000)]
  0x0000026e2bb9f420 JavaThread "Worker-6" [_thread_blocked, id=10816, stack(0x000000b945d00000,0x000000b945e00000)]
  0x0000026e2d978c40 JavaThread "Java Debug Server" daemon [_thread_in_native, id=25640, stack(0x000000b945e00000,0x000000b945f00000)]
  0x0000026e2d012fc0 JavaThread "pool-3-thread-1" [_thread_blocked, id=22584, stack(0x000000b945f00000,0x000000b946000000)]
  0x0000026e2d0125a0 JavaThread "Cleaner-0" daemon [_thread_blocked, id=22784, stack(0x000000b946000000,0x000000b946100000)]
  0x0000026e2d0134d0 JavaThread "pool-3-thread-2" [_thread_in_native, id=13536, stack(0x000000b946100000,0x000000b946200000)]
  0x0000026e2de68fa0 JavaThread "RxSchedulerPurge-1" daemon [_thread_blocked, id=19444, stack(0x000000b946200000,0x000000b946300000)]
  0x0000026e2de694b0 JavaThread "RxCachedWorkerPoolEvictor-1" daemon [_thread_blocked, id=3772, stack(0x000000b946300000,0x000000b946400000)]
  0x0000026e2aa574d0 JavaThread "RxNewThreadScheduler-2" daemon [_thread_blocked, id=19356, stack(0x000000b946500000,0x000000b946600000)]
  0x0000026e2bb9ea00 JavaThread "process reaper (pid 18528)" daemon [_thread_in_native, id=18372, stack(0x000000b941fb0000,0x000000b941fd0000)]

Other Threads:
  0x0000026e0fd2ebe0 VMThread "VM Thread" [stack: 0x000000b942800000,0x000000b942900000] [id=26204]
  0x0000026e28f78b40 WatcherThread [stack: 0x000000b943500000,0x000000b943600000] [id=10464]
  0x0000026e0fc98740 GCTaskThread "GC Thread#0" [stack: 0x000000b942700000,0x000000b942800000] [id=6412]
  0x0000026e2a233f00 GCTaskThread "GC Thread#1" [stack: 0x000000b943600000,0x000000b943700000] [id=24004]
  0x0000026e2a234ff0 GCTaskThread "GC Thread#2" [stack: 0x000000b943700000,0x000000b943800000] [id=15712]
  0x0000026e2a3778b0 GCTaskThread "GC Thread#3" [stack: 0x000000b943800000,0x000000b943900000] [id=10828]
  0x0000026e2a13f1f0 GCTaskThread "GC Thread#4" [stack: 0x000000b943900000,0x000000b943a00000] [id=8000]
  0x0000026e2a6ea020 GCTaskThread "GC Thread#5" [stack: 0x000000b943a00000,0x000000b943b00000] [id=24184]
  0x0000026e2a6ea2e0 GCTaskThread "GC Thread#6" [stack: 0x000000b943b00000,0x000000b943c00000] [id=16864]
  0x0000026e2a9bbe90 GCTaskThread "GC Thread#7" [stack: 0x000000b943f00000,0x000000b944000000] [id=6460]

Threads with active compile tasks:
C2 CompilerThread0    21085 6380   !   4       java.nio.file.FileTreeWalker::next (144 bytes)

VM state: not at safepoint (normal execution)

VM Mutex/Monitor currently owned by a thread: None

Heap address: 0x00000000c0000000, size: 1024 MB, Compressed Oops mode: 32-bit

CDS archive(s) not mapped
Compressed class space mapped at: 0x0000000100000000-0x0000000140000000, reserved size: 1073741824
Narrow klass base: 0x0000000000000000, Narrow klass shift: 3, Narrow klass range: 0x140000000

GC Precious Log:
 CPUs: 8 total, 8 available
 Memory: 3317M
 Large Page Support: Disabled
 NUMA Support: Disabled
 Compressed Oops: Enabled (32-bit)
 Alignments: Space 512K, Generation 512K, Heap 2M
 Heap Min Capacity: 100M
 Heap Initial Capacity: 100M
 Heap Max Capacity: 1G
 Pre-touch: Disabled
 Parallel Workers: 8

Heap:
 PSYoungGen      total 24064K, used 10948K [0x00000000eab00000, 0x00000000ed000000, 0x0000000100000000)
  eden space 16896K, 22% used [0x00000000eab00000,0x00000000eaeb2530,0x00000000ebb80000)
  from space 7168K, 99% used [0x00000000ebb80000,0x00000000ec27ec70,0x00000000ec280000)
  to   space 10240K, 0% used [0x00000000ec600000,0x00000000ec600000,0x00000000ed000000)
 ParOldGen       total 268288K, used 198469K [0x00000000c0000000, 0x00000000d0600000, 0x00000000eab00000)
  object space 268288K, 73% used [0x00000000c0000000,0x00000000cc1d17a8,0x00000000d0600000)
 Metaspace       used 73074K, committed 74432K, reserved 1179648K
  class space    used 7808K, committed 8448K, reserved 1048576K

Card table byte_map: [0x0000026e0f640000,0x0000026e0f850000] _byte_map_base: 0x0000026e0f040000

Marking Bits: (ParMarkBitMap*) 0x00007fff9fa458b0
 Begin Bits: [0x0000026e21910000, 0x0000026e22910000)
 End Bits:   [0x0000026e22910000, 0x0000026e23910000)

Polling page: 0x0000026e0f430000

Metaspace:

Usage:
  Non-class:     63.74 MB used.
      Class:      7.63 MB used.
       Both:     71.36 MB used.

Virtual space:
  Non-class space:      128.00 MB reserved,      64.44 MB ( 50%) committed,  2 nodes.
      Class space:        1.00 GB reserved,       8.25 MB ( <1%) committed,  1 nodes.
             Both:        1.12 GB reserved,      72.69 MB (  6%) committed. 

Chunk freelists:
   Non-Class:  14.50 MB
       Class:  7.62 MB
        Both:  22.11 MB

MaxMetaspaceSize: unlimited
CompressedClassSpaceSize: 1.00 GB
Initial GC threshold: 21.00 MB
Current GC threshold: 121.19 MB
CDS: off
MetaspaceReclaimPolicy: balanced
 - commit_granule_bytes: 65536.
 - commit_granule_words: 8192.
 - virtual_space_node_default_size: 8388608.
 - enlarge_chunks_in_place: 1.
 - new_chunks_are_fully_committed: 0.
 - uncommit_free_chunks: 1.
 - use_allocation_guard: 0.
 - handle_deallocations: 1.


Internal statistics:

num_allocs_failed_limit: 9.
num_arena_births: 836.
num_arena_deaths: 82.
num_vsnodes_births: 3.
num_vsnodes_deaths: 0.
num_space_committed: 1163.
num_space_uncommitted: 0.
num_chunks_returned_to_freelist: 121.
num_chunks_taken_from_freelist: 3935.
num_chunk_merges: 17.
num_chunk_splits: 2398.
num_chunks_enlarged: 1378.
num_inconsistent_stats: 0.

CodeHeap 'non-profiled nmethods': size=120000Kb used=3251Kb max_used=3251Kb free=116748Kb
 bounds [0x0000026e1a3e0000, 0x0000026e1a710000, 0x0000026e21910000]
CodeHeap 'profiled nmethods': size=120000Kb used=16690Kb max_used=19099Kb free=103309Kb
 bounds [0x0000026e12910000, 0x0000026e13bc0000, 0x0000026e19e40000]
CodeHeap 'non-nmethods': size=5760Kb used=1401Kb max_used=1486Kb free=4358Kb
 bounds [0x0000026e19e40000, 0x0000026e1a0b0000, 0x0000026e1a3e0000]
 total_blobs=8448 nmethods=7688 adapters=670
 compilation: enabled
              stopped_count=0, restarted_count=0
 full_count=0

Compilation events (20 events):
Event: 20.428 Thread 0x0000026e28c25510 nmethod 6637 0x0000026e1a589590 code [0x0000026e1a589700, 0x0000026e1a5897b8]
Event: 20.428 Thread 0x0000026e28c25510 6531       4       java.lang.StringBuilder::<init> (6 bytes)
Event: 20.429 Thread 0x0000026e28c25510 nmethod 6531 0x0000026e1a548f10 code [0x0000026e1a5490a0, 0x0000026e1a549258]
Event: 20.429 Thread 0x0000026e28c25510 6375       4       java.util.stream.StreamSpliterators$WrappingSpliterator::tryAdvance (36 bytes)
Event: 20.467 Thread 0x0000026e28c25510 nmethod 6375 0x0000026e1a70ae90 code [0x0000026e1a70b180, 0x0000026e1a70c458]
Event: 20.467 Thread 0x0000026e28c25510 6374       4       java.util.Spliterators$1Adapter::hasNext (23 bytes)
Event: 20.468 Thread 0x0000026e28c25510 nmethod 6374 0x0000026e1a5c7490 code [0x0000026e1a5c7620, 0x0000026e1a5c7708]
Event: 20.468 Thread 0x0000026e28c25510 6380   !   4       java.nio.file.FileTreeWalker::next (144 bytes)
Event: 20.609 Thread 0x0000026e28c272e0 9717       2       org.eclipse.jdt.internal.core.search.indexing.AbstractIndexer::addModuleExportedPackages (42 bytes)
Event: 20.612 Thread 0x0000026e28c272e0 nmethod 9717 0x0000026e12b10790 code [0x0000026e12b10960, 0x0000026e12b10be8]
Event: 20.612 Thread 0x0000026e28c272e0 9718       2       java.util.TimSort::binarySort (223 bytes)
Event: 20.616 Thread 0x0000026e28c272e0 nmethod 9718 0x0000026e12e4a690 code [0x0000026e12e4a860, 0x0000026e12e4ae18]
Event: 20.616 Thread 0x0000026e28c272e0 9719       2       org.eclipse.jdt.internal.core.search.matching.ModulePattern::createIndexKey (2 bytes)
Event: 20.617 Thread 0x0000026e28c272e0 nmethod 9719 0x0000026e13034b90 code [0x0000026e13034d20, 0x0000026e13034e18]
Event: 20.880 Thread 0x0000026e28c272e0 9721 %     3       org.eclipse.jdt.internal.compiler.util.SimpleLookupTable::rehash @ 23 (86 bytes)
Event: 20.881 Thread 0x0000026e28c272e0 nmethod 9721% 0x0000026e12bbaf90 code [0x0000026e12bbb160, 0x0000026e12bbb578]
Event: 20.907 Thread 0x0000026e28c272e0 9722       3       org.eclipse.jdt.internal.compiler.util.SimpleLookupTable::rehash (86 bytes)
Event: 20.908 Thread 0x0000026e28c272e0 nmethod 9722 0x0000026e12bb8890 code [0x0000026e12bb8a60, 0x0000026e12bb8e18]
Event: 20.972 Thread 0x0000026e28c272e0 9723       3       org.eclipse.jdt.internal.compiler.util.Util::isClassFileName (82 bytes)
Event: 20.975 Thread 0x0000026e28c272e0 nmethod 9723 0x0000026e12b87510 code [0x0000026e12b87740, 0x0000026e12b880d8]

GC Heap History (20 events):
Event: 20.413 GC heap before
{Heap before GC invocations=122 (full 7):
 PSYoungGen      total 16384K, used 10240K [0x00000000eab00000, 0x00000000ec100000, 0x0000000100000000)
  eden space 10240K, 100% used [0x00000000eab00000,0x00000000eb500000,0x00000000eb500000)
  from space 6144K, 0% used [0x00000000ebb00000,0x00000000ebb00000,0x00000000ec100000)
  to   space 6144K, 0% used [0x00000000eb500000,0x00000000eb500000,0x00000000ebb00000)
 ParOldGen       total 268288K, used 175787K [0x00000000c0000000, 0x00000000d0600000, 0x00000000eab00000)
  object space 268288K, 65% used [0x00000000c0000000,0x00000000cabaaed0,0x00000000d0600000)
 Metaspace       used 73073K, committed 74432K, reserved 1179648K
  class space    used 7808K, committed 8448K, reserved 1048576K
}
Event: 20.418 GC heap after
{Heap after GC invocations=122 (full 7):
 PSYoungGen      total 12800K, used 2386K [0x00000000eab00000, 0x00000000ebd00000, 0x0000000100000000)
  eden space 10240K, 0% used [0x00000000eab00000,0x00000000eab00000,0x00000000eb500000)
  from space 2560K, 93% used [0x00000000eb500000,0x00000000eb754808,0x00000000eb780000)
  to   space 3584K, 0% used [0x00000000eb980000,0x00000000eb980000,0x00000000ebd00000)
 ParOldGen       total 268288K, used 175787K [0x00000000c0000000, 0x00000000d0600000, 0x00000000eab00000)
  object space 268288K, 65% used [0x00000000c0000000,0x00000000cabaaed0,0x00000000d0600000)
 Metaspace       used 73073K, committed 74432K, reserved 1179648K
  class space    used 7808K, committed 8448K, reserved 1048576K
}
Event: 20.446 GC heap before
{Heap before GC invocations=123 (full 7):
 PSYoungGen      total 12800K, used 12626K [0x00000000eab00000, 0x00000000ebd00000, 0x0000000100000000)
  eden space 10240K, 100% used [0x00000000eab00000,0x00000000eb500000,0x00000000eb500000)
  from space 2560K, 93% used [0x00000000eb500000,0x00000000eb754808,0x00000000eb780000)
  to   space 3584K, 0% used [0x00000000eb980000,0x00000000eb980000,0x00000000ebd00000)
 ParOldGen       total 268288K, used 175787K [0x00000000c0000000, 0x00000000d0600000, 0x00000000eab00000)
  object space 268288K, 65% used [0x00000000c0000000,0x00000000cabaaed0,0x00000000d0600000)
 Metaspace       used 73073K, committed 74432K, reserved 1179648K
  class space    used 7808K, committed 8448K, reserved 1048576K
}
Event: 20.449 GC heap after
{Heap after GC invocations=123 (full 7):
 PSYoungGen      total 13312K, used 3552K [0x00000000eab00000, 0x00000000ec000000, 0x0000000100000000)
  eden space 9728K, 0% used [0x00000000eab00000,0x00000000eab00000,0x00000000eb480000)
  from space 3584K, 99% used [0x00000000eb980000,0x00000000ebcf8240,0x00000000ebd00000)
  to   space 5120K, 0% used [0x00000000eb480000,0x00000000eb480000,0x00000000eb980000)
 ParOldGen       total 268288K, used 176921K [0x00000000c0000000, 0x00000000d0600000, 0x00000000eab00000)
  object space 268288K, 65% used [0x00000000c0000000,0x00000000cacc6598,0x00000000d0600000)
 Metaspace       used 73073K, committed 74432K, reserved 1179648K
  class space    used 7808K, committed 8448K, reserved 1048576K
}
Event: 20.483 GC heap before
{Heap before GC invocations=124 (full 7):
 PSYoungGen      total 13312K, used 13280K [0x00000000eab00000, 0x00000000ec000000, 0x0000000100000000)
  eden space 9728K, 100% used [0x00000000eab00000,0x00000000eb480000,0x00000000eb480000)
  from space 3584K, 99% used [0x00000000eb980000,0x00000000ebcf8240,0x00000000ebd00000)
  to   space 5120K, 0% used [0x00000000eb480000,0x00000000eb480000,0x00000000eb980000)
 ParOldGen       total 268288K, used 176921K [0x00000000c0000000, 0x00000000d0600000, 0x00000000eab00000)
  object space 268288K, 65% used [0x00000000c0000000,0x00000000cacc6598,0x00000000d0600000)
 Metaspace       used 73073K, committed 74432K, reserved 1179648K
  class space    used 7808K, committed 8448K, reserved 1048576K
}
Event: 20.486 GC heap after
{Heap after GC invocations=124 (full 7):
 PSYoungGen      total 14848K, used 5103K [0x00000000eab00000, 0x00000000ec180000, 0x0000000100000000)
  eden space 9728K, 0% used [0x00000000eab00000,0x00000000eab00000,0x00000000eb480000)
  from space 5120K, 99% used [0x00000000eb480000,0x00000000eb97bc68,0x00000000eb980000)
  to   space 6144K, 0% used [0x00000000ebb80000,0x00000000ebb80000,0x00000000ec180000)
 ParOldGen       total 268288K, used 177491K [0x00000000c0000000, 0x00000000d0600000, 0x00000000eab00000)
  object space 268288K, 66% used [0x00000000c0000000,0x00000000cad54f28,0x00000000d0600000)
 Metaspace       used 73073K, committed 74432K, reserved 1179648K
  class space    used 7808K, committed 8448K, reserved 1048576K
}
Event: 20.515 GC heap before
{Heap before GC invocations=125 (full 7):
 PSYoungGen      total 14848K, used 14831K [0x00000000eab00000, 0x00000000ec180000, 0x0000000100000000)
  eden space 9728K, 100% used [0x00000000eab00000,0x00000000eb480000,0x00000000eb480000)
  from space 5120K, 99% used [0x00000000eb480000,0x00000000eb97bc68,0x00000000eb980000)
  to   space 6144K, 0% used [0x00000000ebb80000,0x00000000ebb80000,0x00000000ec180000)
 ParOldGen       total 268288K, used 177491K [0x00000000c0000000, 0x00000000d0600000, 0x00000000eab00000)
  object space 268288K, 66% used [0x00000000c0000000,0x00000000cad54f28,0x00000000d0600000)
 Metaspace       used 73073K, committed 74432K, reserved 1179648K
  class space    used 7808K, committed 8448K, reserved 1048576K
}
Event: 20.520 GC heap after
{Heap after GC invocations=125 (full 7):
 PSYoungGen      total 15360K, used 4156K [0x00000000eab00000, 0x00000000ec000000, 0x0000000100000000)
  eden space 10752K, 0% used [0x00000000eab00000,0x00000000eab00000,0x00000000eb580000)
  from space 4608K, 90% used [0x00000000ebb80000,0x00000000ebf8f0e8,0x00000000ec000000)
  to   space 5120K, 0% used [0x00000000eb600000,0x00000000eb600000,0x00000000ebb00000)
 ParOldGen       total 268288K, used 180555K [0x00000000c0000000, 0x00000000d0600000, 0x00000000eab00000)
  object space 268288K, 67% used [0x00000000c0000000,0x00000000cb052c40,0x00000000d0600000)
 Metaspace       used 73073K, committed 74432K, reserved 1179648K
  class space    used 7808K, committed 8448K, reserved 1048576K
}
Event: 20.550 GC heap before
{Heap before GC invocations=126 (full 7):
 PSYoungGen      total 15360K, used 14908K [0x00000000eab00000, 0x00000000ec000000, 0x0000000100000000)
  eden space 10752K, 100% used [0x00000000eab00000,0x00000000eb580000,0x00000000eb580000)
  from space 4608K, 90% used [0x00000000ebb80000,0x00000000ebf8f0e8,0x00000000ec000000)
  to   space 5120K, 0% used [0x00000000eb600000,0x00000000eb600000,0x00000000ebb00000)
 ParOldGen       total 268288K, used 180555K [0x00000000c0000000, 0x00000000d0600000, 0x00000000eab00000)
  object space 268288K, 67% used [0x00000000c0000000,0x00000000cb052c40,0x00000000d0600000)
 Metaspace       used 73073K, committed 74432K, reserved 1179648K
  class space    used 7808K, committed 8448K, reserved 1048576K
}
Event: 20.554 GC heap after
{Heap after GC invocations=126 (full 7):
 PSYoungGen      total 16384K, used 5098K [0x00000000eab00000, 0x00000000ec580000, 0x0000000100000000)
  eden space 11264K, 0% used [0x00000000eab00000,0x00000000eab00000,0x00000000eb600000)
  from space 5120K, 99% used [0x00000000eb600000,0x00000000ebafa930,0x00000000ebb00000)
  to   space 7680K, 0% used [0x00000000ebe00000,0x00000000ebe00000,0x00000000ec580000)
 ParOldGen       total 268288K, used 182223K [0x00000000c0000000, 0x00000000d0600000, 0x00000000eab00000)
  object space 268288K, 67% used [0x00000000c0000000,0x00000000cb1f3f80,0x00000000d0600000)
 Metaspace       used 73073K, committed 74432K, reserved 1179648K
  class space    used 7808K, committed 8448K, reserved 1048576K
}
Event: 20.589 GC heap before
{Heap before GC invocations=127 (full 7):
 PSYoungGen      total 16384K, used 16362K [0x00000000eab00000, 0x00000000ec580000, 0x0000000100000000)
  eden space 11264K, 100% used [0x00000000eab00000,0x00000000eb600000,0x00000000eb600000)
  from space 5120K, 99% used [0x00000000eb600000,0x00000000ebafa930,0x00000000ebb00000)
  to   space 7680K, 0% used [0x00000000ebe00000,0x00000000ebe00000,0x00000000ec580000)
 ParOldGen       total 268288K, used 182223K [0x00000000c0000000, 0x00000000d0600000, 0x00000000eab00000)
  object space 268288K, 67% used [0x00000000c0000000,0x00000000cb1f3f80,0x00000000d0600000)
 Metaspace       used 73073K, committed 74432K, reserved 1179648K
  class space    used 7808K, committed 8448K, reserved 1048576K
}
Event: 20.594 GC heap after
{Heap after GC invocations=127 (full 7):
 PSYoungGen      total 17408K, used 4746K [0x00000000eab00000, 0x00000000ec300000, 0x0000000100000000)
  eden space 12288K, 0% used [0x00000000eab00000,0x00000000eab00000,0x00000000eb700000)
  from space 5120K, 92% used [0x00000000ebe00000,0x00000000ec2a2868,0x00000000ec300000)
  to   space 5632K, 0% used [0x00000000eb800000,0x00000000eb800000,0x00000000ebd80000)
 ParOldGen       total 268288K, used 185192K [0x00000000c0000000, 0x00000000d0600000, 0x00000000eab00000)
  object space 268288K, 69% used [0x00000000c0000000,0x00000000cb4da3c0,0x00000000d0600000)
 Metaspace       used 73073K, committed 74432K, reserved 1179648K
  class space    used 7808K, committed 8448K, reserved 1048576K
}
Event: 20.637 GC heap before
{Heap before GC invocations=128 (full 7):
 PSYoungGen      total 17408K, used 17034K [0x00000000eab00000, 0x00000000ec300000, 0x0000000100000000)
  eden space 12288K, 100% used [0x00000000eab00000,0x00000000eb700000,0x00000000eb700000)
  from space 5120K, 92% used [0x00000000ebe00000,0x00000000ec2a2868,0x00000000ec300000)
  to   space 5632K, 0% used [0x00000000eb800000,0x00000000eb800000,0x00000000ebd80000)
 ParOldGen       total 268288K, used 185192K [0x00000000c0000000, 0x00000000d0600000, 0x00000000eab00000)
  object space 268288K, 69% used [0x00000000c0000000,0x00000000cb4da3c0,0x00000000d0600000)
 Metaspace       used 73074K, committed 74432K, reserved 1179648K
  class space    used 7808K, committed 8448K, reserved 1048576K
}
Event: 20.641 GC heap after
{Heap after GC invocations=128 (full 7):
 PSYoungGen      total 18944K, used 5619K [0x00000000eab00000, 0x00000000ec700000, 0x0000000100000000)
  eden space 13312K, 0% used [0x00000000eab00000,0x00000000eab00000,0x00000000eb800000)
  from space 5632K, 99% used [0x00000000eb800000,0x00000000ebd7cd08,0x00000000ebd80000)
  to   space 7680K, 0% used [0x00000000ebf80000,0x00000000ebf80000,0x00000000ec700000)
 ParOldGen       total 268288K, used 186801K [0x00000000c0000000, 0x00000000d0600000, 0x00000000eab00000)
  object space 268288K, 69% used [0x00000000c0000000,0x00000000cb66c508,0x00000000d0600000)
 Metaspace       used 73074K, committed 74432K, reserved 1179648K
  class space    used 7808K, committed 8448K, reserved 1048576K
}
Event: 20.686 GC heap before
{Heap before GC invocations=129 (full 7):
 PSYoungGen      total 18944K, used 18931K [0x00000000eab00000, 0x00000000ec700000, 0x0000000100000000)
  eden space 13312K, 100% used [0x00000000eab00000,0x00000000eb800000,0x00000000eb800000)
  from space 5632K, 99% used [0x00000000eb800000,0x00000000ebd7cd08,0x00000000ebd80000)
  to   space 7680K, 0% used [0x00000000ebf80000,0x00000000ebf80000,0x00000000ec700000)
 ParOldGen       total 268288K, used 186801K [0x00000000c0000000, 0x00000000d0600000, 0x00000000eab00000)
  object space 268288K, 69% used [0x00000000c0000000,0x00000000cb66c508,0x00000000d0600000)
 Metaspace       used 73074K, committed 74432K, reserved 1179648K
  class space    used 7808K, committed 8448K, reserved 1048576K
}
Event: 20.692 GC heap after
{Heap after GC invocations=129 (full 7):
 PSYoungGen      total 20992K, used 5231K [0x00000000eab00000, 0x00000000ec580000, 0x0000000100000000)
  eden space 14848K, 0% used [0x00000000eab00000,0x00000000eab00000,0x00000000eb980000)
  from space 6144K, 85% used [0x00000000ebf80000,0x00000000ec49bdc8,0x00000000ec580000)
  to   space 6144K, 0% used [0x00000000eb980000,0x00000000eb980000,0x00000000ebf80000)
 ParOldGen       total 268288K, used 190225K [0x00000000c0000000, 0x00000000d0600000, 0x00000000eab00000)
  object space 268288K, 70% used [0x00000000c0000000,0x00000000cb9c46b0,0x00000000d0600000)
 Metaspace       used 73074K, committed 74432K, reserved 1179648K
  class space    used 7808K, committed 8448K, reserved 1048576K
}
Event: 20.837 GC heap before
{Heap before GC invocations=130 (full 7):
 PSYoungGen      total 20992K, used 20079K [0x00000000eab00000, 0x00000000ec580000, 0x0000000100000000)
  eden space 14848K, 100% used [0x00000000eab00000,0x00000000eb980000,0x00000000eb980000)
  from space 6144K, 85% used [0x00000000ebf80000,0x00000000ec49bdc8,0x00000000ec580000)
  to   space 6144K, 0% used [0x00000000eb980000,0x00000000eb980000,0x00000000ebf80000)
 ParOldGen       total 268288K, used 190225K [0x00000000c0000000, 0x00000000d0600000, 0x00000000eab00000)
  object space 268288K, 70% used [0x00000000c0000000,0x00000000cb9c46b0,0x00000000d0600000)
 Metaspace       used 73074K, committed 74432K, reserved 1179648K
  class space    used 7808K, committed 8448K, reserved 1048576K
}
Event: 20.843 GC heap after
{Heap after GC invocations=130 (full 7):
 PSYoungGen      total 20992K, used 6127K [0x00000000eab00000, 0x00000000ecc80000, 0x0000000100000000)
  eden space 14848K, 0% used [0x00000000eab00000,0x00000000eab00000,0x00000000eb980000)
  from space 6144K, 99% used [0x00000000eb980000,0x00000000ebf7beb0,0x00000000ebf80000)
  to   space 9216K, 0% used [0x00000000ec380000,0x00000000ec380000,0x00000000ecc80000)
 ParOldGen       total 268288K, used 192532K [0x00000000c0000000, 0x00000000d0600000, 0x00000000eab00000)
  object space 268288K, 71% used [0x00000000c0000000,0x00000000cbc05080,0x00000000d0600000)
 Metaspace       used 73074K, committed 74432K, reserved 1179648K
  class space    used 7808K, committed 8448K, reserved 1048576K
}
Event: 20.956 GC heap before
{Heap before GC invocations=131 (full 7):
 PSYoungGen      total 20992K, used 20975K [0x00000000eab00000, 0x00000000ecc80000, 0x0000000100000000)
  eden space 14848K, 100% used [0x00000000eab00000,0x00000000eb980000,0x00000000eb980000)
  from space 6144K, 99% used [0x00000000eb980000,0x00000000ebf7beb0,0x00000000ebf80000)
  to   space 9216K, 0% used [0x00000000ec380000,0x00000000ec380000,0x00000000ecc80000)
 ParOldGen       total 268288K, used 192532K [0x00000000c0000000, 0x00000000d0600000, 0x00000000eab00000)
  object space 268288K, 71% used [0x00000000c0000000,0x00000000cbc05080,0x00000000d0600000)
 Metaspace       used 73074K, committed 74432K, reserved 1179648K
  class space    used 7808K, committed 8448K, reserved 1048576K
}
Event: 20.964 GC heap after
{Heap after GC invocations=131 (full 7):
 PSYoungGen      total 22016K, used 6097K [0x00000000eab00000, 0x00000000ec980000, 0x0000000100000000)
  eden space 15872K, 0% used [0x00000000eab00000,0x00000000eab00000,0x00000000eba80000)
  from space 6144K, 99% used [0x00000000ec380000,0x00000000ec974688,0x00000000ec980000)
  to   space 7168K, 0% used [0x00000000ebb80000,0x00000000ebb80000,0x00000000ec280000)
 ParOldGen       total 268288K, used 196203K [0x00000000c0000000, 0x00000000d0600000, 0x00000000eab00000)
  object space 268288K, 73% used [0x00000000c0000000,0x00000000cbf9aca8,0x00000000d0600000)
 Metaspace       used 73074K, committed 74432K, reserved 1179648K
  class space    used 7808K, committed 8448K, reserved 1048576K
}

Dll operation events (11 events):
Event: 0.011 Loaded shared library c:\Users\shima\.vscode\extensions\redhat.java-1.34.0-win32-x64\jre\17.0.12-win32-x86_64\bin\java.dll
Event: 0.162 Loaded shared library c:\Users\shima\.vscode\extensions\redhat.java-1.34.0-win32-x64\jre\17.0.12-win32-x86_64\bin\zip.dll
Event: 0.165 Loaded shared library C:\Users\shima\.vscode\extensions\redhat.java-1.34.0-win32-x64\jre\17.0.12-win32-x86_64\bin\instrument.dll
Event: 0.179 Loaded shared library C:\Users\shima\.vscode\extensions\redhat.java-1.34.0-win32-x64\jre\17.0.12-win32-x86_64\bin\net.dll
Event: 0.183 Loaded shared library C:\Users\shima\.vscode\extensions\redhat.java-1.34.0-win32-x64\jre\17.0.12-win32-x86_64\bin\nio.dll
Event: 0.190 Loaded shared library C:\Users\shima\.vscode\extensions\redhat.java-1.34.0-win32-x64\jre\17.0.12-win32-x86_64\bin\zip.dll
Event: 0.206 Loaded shared library C:\Users\shima\.vscode\extensions\redhat.java-1.34.0-win32-x64\jre\17.0.12-win32-x86_64\bin\jimage.dll
Event: 0.274 Loaded shared library c:\Users\shima\.vscode\extensions\redhat.java-1.34.0-win32-x64\jre\17.0.12-win32-x86_64\bin\verify.dll
Event: 1.522 Loaded shared library C:\Users\shima\AppData\Roaming\Code\User\globalStorage\redhat.java\1.34.0\config_win\org.eclipse.equinox.launcher\org.eclipse.equinox.launcher.win32.win32.x86_64_1.2.1100.v20240722-2106\eclipse_11904.dll
Event: 3.206 Loaded shared library C:\Users\shima\AppData\Local\Temp\jna-109407560\jna6397639596178213045.dll
Event: 13.137 Loaded shared library C:\Users\shima\.vscode\extensions\redhat.java-1.34.0-win32-x64\jre\17.0.12-win32-x86_64\bin\extnet.dll

Deoptimization events (20 events):
Event: 19.033 Thread 0x0000026e2aa5cae0 DEOPT PACKING pc=0x0000026e12988d09 sp=0x000000b9446fe3a0
Event: 19.033 Thread 0x0000026e2aa5cae0 DEOPT UNPACKING pc=0x0000026e19e96e43 sp=0x000000b9446fd898 mode 0
Event: 19.064 Thread 0x0000026e2aa5cae0 DEOPT PACKING pc=0x0000026e12988d09 sp=0x000000b9446fe3a0
Event: 19.064 Thread 0x0000026e2aa5cae0 DEOPT UNPACKING pc=0x0000026e19e96e43 sp=0x000000b9446fd898 mode 0
Event: 19.086 Thread 0x0000026e2aa5cae0 DEOPT PACKING pc=0x0000026e12affa13 sp=0x000000b9446fe420
Event: 19.086 Thread 0x0000026e2aa5cae0 DEOPT UNPACKING pc=0x0000026e19e96e43 sp=0x000000b9446fd958 mode 0
Event: 19.136 Thread 0x0000026e2aa5cae0 DEOPT PACKING pc=0x0000026e12affa13 sp=0x000000b9446fe420
Event: 19.136 Thread 0x0000026e2aa5cae0 DEOPT UNPACKING pc=0x0000026e19e96e43 sp=0x000000b9446fd958 mode 0
Event: 19.169 Thread 0x0000026e2aa5cae0 DEOPT PACKING pc=0x0000026e138382ff sp=0x000000b9446fe7a0
Event: 19.170 Thread 0x0000026e2aa5cae0 DEOPT UNPACKING pc=0x0000026e19e96e43 sp=0x000000b9446fdbd0 mode 0
Event: 20.594 Thread 0x0000026e2aa5cae0 Uncommon trap: trap_request=0xfffffff4 fr.pc=0x0000026e1a6bfa38 relative=0x0000000000000878
Event: 20.594 Thread 0x0000026e2aa5cae0 Uncommon trap: reason=null_check action=make_not_entrant pc=0x0000026e1a6bfa38 method=java.util.TimSort.binarySort([Ljava/lang/Object;IIILjava/util/Comparator;)V @ 215 c2
Event: 20.594 Thread 0x0000026e2aa5cae0 DEOPT PACKING pc=0x0000026e1a6bfa38 sp=0x000000b9446fe380
Event: 20.594 Thread 0x0000026e2aa5cae0 DEOPT UNPACKING pc=0x0000026e19e966a3 sp=0x000000b9446fe338 mode 2
Event: 20.907 Thread 0x0000026e2aa5cae0 DEOPT PACKING pc=0x0000026e13b82723 sp=0x000000b9446feae0
Event: 20.907 Thread 0x0000026e2aa5cae0 DEOPT UNPACKING pc=0x0000026e19e96e43 sp=0x000000b9446fdf80 mode 0
Event: 20.971 Thread 0x0000026e2aa5cae0 Uncommon trap: trap_request=0xffffff45 fr.pc=0x0000026e1a438aec relative=0x000000000000014c
Event: 20.971 Thread 0x0000026e2aa5cae0 Uncommon trap: reason=unstable_if action=reinterpret pc=0x0000026e1a438aec method=org.eclipse.jdt.internal.compiler.util.Util.isClassFileName(Ljava/lang/String;)Z @ 20 c2
Event: 20.971 Thread 0x0000026e2aa5cae0 DEOPT PACKING pc=0x0000026e1a438aec sp=0x000000b9446fec70
Event: 20.971 Thread 0x0000026e2aa5cae0 DEOPT UNPACKING pc=0x0000026e19e966a3 sp=0x000000b9446febe8 mode 2

Classes loaded (20 events):
Event: 13.880 Loading class java/util/concurrent/CompletableFuture$UniCompose
Event: 13.881 Loading class java/util/concurrent/CompletableFuture$UniCompose done
Event: 13.881 Loading class java/util/concurrent/CompletableFuture$UniRelay
Event: 13.881 Loading class java/util/concurrent/CompletableFuture$UniRelay done
Event: 14.234 Loading class jdk/internal/reflect/UnsafeLongFieldAccessorImpl
Event: 14.235 Loading class jdk/internal/reflect/UnsafeLongFieldAccessorImpl done
Event: 14.379 Loading class java/util/stream/Streams$RangeIntSpliterator
Event: 14.380 Loading class java/util/stream/Streams$RangeIntSpliterator done
Event: 14.380 Loading class java/util/stream/IntPipeline$1
Event: 14.381 Loading class java/util/stream/IntPipeline$1 done
Event: 14.383 Loading class java/util/stream/IntPipeline$1$1
Event: 14.383 Loading class java/util/stream/IntPipeline$1$1 done
Event: 14.405 Loading class java/lang/ProcessHandleImpl$ExitCompletion
Event: 14.406 Loading class java/lang/ProcessHandleImpl$ExitCompletion done
Event: 14.406 Loading class java/lang/ProcessHandleImpl$1
Event: 14.407 Loading class java/lang/ProcessHandleImpl$1 done
Event: 14.408 Loading class java/util/concurrent/CompletableFuture$UniHandle
Event: 14.409 Loading class java/util/concurrent/CompletableFuture$UniHandle done
Event: 14.483 Loading class java/util/concurrent/ScheduledThreadPoolExecutor$DelayedWorkQueue$Itr
Event: 14.498 Loading class java/util/concurrent/ScheduledThreadPoolExecutor$DelayedWorkQueue$Itr done

Classes unloaded (20 events):
Event: 11.226 Thread 0x0000026e0fd2ebe0 Unloading class 0x00000001006f0400 'java/lang/invoke/LambdaForm$DMH+0x00000001006f0400'
Event: 11.226 Thread 0x0000026e0fd2ebe0 Unloading class 0x00000001006f0800 'java/lang/invoke/LambdaForm$DMH+0x00000001006f0800'
Event: 11.226 Thread 0x0000026e0fd2ebe0 Unloading class 0x00000001006dc800 'java/lang/invoke/LambdaForm$DMH+0x00000001006dc800'
Event: 11.226 Thread 0x0000026e0fd2ebe0 Unloading class 0x00000001006dcc00 'java/lang/invoke/LambdaForm$DMH+0x00000001006dcc00'
Event: 12.232 Thread 0x0000026e0fd2ebe0 Unloading class 0x0000000100704800 'java/lang/invoke/LambdaForm$DMH+0x0000000100704800'
Event: 12.232 Thread 0x0000026e0fd2ebe0 Unloading class 0x0000000100704c00 'java/lang/invoke/LambdaForm$DMH+0x0000000100704c00'
Event: 15.925 Thread 0x0000026e0fd2ebe0 Unloading class 0x000000010085dc00 'java/lang/invoke/LambdaForm$DMH+0x000000010085dc00'
Event: 15.925 Thread 0x0000026e0fd2ebe0 Unloading class 0x000000010085d400 'java/lang/invoke/LambdaForm$MH+0x000000010085d400'
Event: 15.925 Thread 0x0000026e0fd2ebe0 Unloading class 0x000000010085cc00 'java/lang/invoke/LambdaForm$MH+0x000000010085cc00'
Event: 15.925 Thread 0x0000026e0fd2ebe0 Unloading class 0x000000010085c400 'java/lang/invoke/LambdaForm$MH+0x000000010085c400'
Event: 15.925 Thread 0x0000026e0fd2ebe0 Unloading class 0x000000010085c000 'java/lang/invoke/LambdaForm$MH+0x000000010085c000'
Event: 15.925 Thread 0x0000026e0fd2ebe0 Unloading class 0x000000010085b400 'java/lang/invoke/LambdaForm$MH+0x000000010085b400'
Event: 15.925 Thread 0x0000026e0fd2ebe0 Unloading class 0x000000010085a800 'java/lang/invoke/LambdaForm$MH+0x000000010085a800'
Event: 15.925 Thread 0x0000026e0fd2ebe0 Unloading class 0x000000010085a400 'java/lang/invoke/LambdaForm$MH+0x000000010085a400'
Event: 15.925 Thread 0x0000026e0fd2ebe0 Unloading class 0x0000000100859800 'java/lang/invoke/LambdaForm$MH+0x0000000100859800'
Event: 15.925 Thread 0x0000026e0fd2ebe0 Unloading class 0x0000000100858c00 'java/lang/invoke/LambdaForm$MH+0x0000000100858c00'
Event: 15.925 Thread 0x0000026e0fd2ebe0 Unloading class 0x0000000100858000 'java/lang/invoke/LambdaForm$MH+0x0000000100858000'
Event: 15.925 Thread 0x0000026e0fd2ebe0 Unloading class 0x0000000100854c00 'java/lang/invoke/LambdaForm$DMH+0x0000000100854c00'
Event: 15.925 Thread 0x0000026e0fd2ebe0 Unloading class 0x0000000100854000 'java/lang/invoke/LambdaForm$DMH+0x0000000100854000'
Event: 15.925 Thread 0x0000026e0fd2ebe0 Unloading class 0x0000000100844400 'java/lang/invoke/LambdaForm$DMH+0x0000000100844400'

Classes redefined (0 events):
No events

Internal exceptions (20 events):
Event: 12.953 Thread 0x0000026e2d012ab0 Exception <a 'sun/nio/fs/WindowsException'{0x00000000eb039708}> (0x00000000eb039708) 
thrown [s\src\hotspot\share\prims\jni.cpp, line 516]
Event: 12.955 Thread 0x0000026e2d012ab0 Exception <a 'sun/nio/fs/WindowsException'{0x00000000eb03a498}> (0x00000000eb03a498) 
thrown [s\src\hotspot\share\prims\jni.cpp, line 516]
Event: 12.956 Thread 0x0000026e2d012ab0 Exception <a 'sun/nio/fs/WindowsException'{0x00000000eb0aae20}> (0x00000000eb0aae20) 
thrown [s\src\hotspot\share\prims\jni.cpp, line 516]
Event: 12.958 Thread 0x0000026e2d012ab0 Exception <a 'sun/nio/fs/WindowsException'{0x00000000eb0ac548}> (0x00000000eb0ac548) 
thrown [s\src\hotspot\share\prims\jni.cpp, line 516]
Event: 12.958 Thread 0x0000026e2d012ab0 Exception <a 'sun/nio/fs/WindowsException'{0x00000000eb0acb90}> (0x00000000eb0acb90) 
thrown [s\src\hotspot\share\prims\jni.cpp, line 516]
Event: 13.218 Thread 0x0000026e2d012fc0 Exception <a 'java/io/FileNotFoundException'{0x00000000eb0c09a8}> (0x00000000eb0c09a8) 
thrown [s\src\hotspot\share\prims\jni.cpp, line 516]
Event: 13.268 Thread 0x0000026e2d012ab0 Exception <a 'sun/nio/fs/WindowsException'{0x00000000eac6e2d0}> (0x00000000eac6e2d0) 
thrown [s\src\hotspot\share\prims\jni.cpp, line 516]
Event: 13.268 Thread 0x0000026e2d012ab0 Exception <a 'sun/nio/fs/WindowsException'{0x00000000eac6e938}> (0x00000000eac6e938) 
thrown [s\src\hotspot\share\prims\jni.cpp, line 516]
Event: 13.268 Thread 0x0000026e2d012ab0 Exception <a 'sun/nio/fs/WindowsException'{0x00000000eac6f6b0}> (0x00000000eac6f6b0) 
thrown [s\src\hotspot\share\prims\jni.cpp, line 516]
Event: 13.269 Thread 0x0000026e2d012ab0 Exception <a 'sun/nio/fs/WindowsException'{0x00000000eac8c760}> (0x00000000eac8c760) 
thrown [s\src\hotspot\share\prims\jni.cpp, line 516]
Event: 13.269 Thread 0x0000026e2d012ab0 Exception <a 'sun/nio/fs/WindowsException'{0x00000000eac8de88}> (0x00000000eac8de88) 
thrown [s\src\hotspot\share\prims\jni.cpp, line 516]
Event: 13.270 Thread 0x0000026e2d012ab0 Exception <a 'sun/nio/fs/WindowsException'{0x00000000eac8e4d0}> (0x00000000eac8e4d0) 
thrown [s\src\hotspot\share\prims\jni.cpp, line 516]
Event: 13.414 Thread 0x0000026e2b68b880 Exception <a 'java/lang/NoSuchMethodError'{0x00000000eb0ca700}: 'java.lang.Object java.lang.invoke.DirectMethodHandle$Holder.invokeStatic(java.lang.Object, int, java.lang.Object, java.lang.Object, java.lang.Object, java.lang.Object)'> (0x00000000eb0ca700) 
thrown [s\src\hotspot\share\interpreter\linkResolver.cpp, line 759]
Event: 13.674 Thread 0x0000026e2d012fc0 Exception <a 'java/lang/NoSuchMethodError'{0x00000000eab5ac10}: 'java.lang.Object java.lang.invoke.DirectMethodHandle$Holder.invokeVirtual(java.lang.Object, java.lang.Object, java.lang.Object, java.lang.Object)'> (0x00000000eab5ac10) 
thrown [s\src\hotspot\share\interpreter\linkResolver.cpp, line 759]
Event: 13.674 Thread 0x0000026e2d0134d0 Exception <a 'java/lang/NoSuchMethodError'{0x00000000eab8d2f8}: 'java.lang.Object java.lang.invoke.DirectMethodHandle$Holder.invokeVirtual(java.lang.Object, java.lang.Object, java.lang.Object, java.lang.Object)'> (0x00000000eab8d2f8) 
thrown [s\src\hotspot\share\interpreter\linkResolver.cpp, line 759]
Event: 13.796 Thread 0x0000026e2aa574d0 Exception <a 'java/lang/NoSuchMethodError'{0x00000000eac80538}: 'java.lang.Object java.lang.invoke.DirectMethodHandle$Holder.invokeStatic(java.lang.Object, long, java.lang.Object, java.lang.Object)'> (0x00000000eac80538) 
thrown [s\src\hotspot\share\interpreter\linkResolver.cpp, line 759]
Event: 13.796 Thread 0x0000026e2d0139e0 Exception <a 'java/lang/NoSuchMethodError'{0x00000000eac90f00}: 'java.lang.Object java.lang.invoke.DirectMethodHandle$Holder.invokeStatic(java.lang.Object, long, java.lang.Object, java.lang.Object)'> (0x00000000eac90f00) 
thrown [s\src\hotspot\share\interpreter\linkResolver.cpp, line 759]
Event: 13.797 Thread 0x0000026e2aa574d0 Exception <a 'java/lang/NoSuchMethodError'{0x00000000eacc9ab8}: 'java.lang.Object java.lang.invoke.DirectMethodHandle$Holder.newInvokeSpecial(java.lang.Object, long)'> (0x00000000eacc9ab8) 
thrown [s\src\hotspot\share\interpreter\linkResolver.cpp, line 759]
Event: 13.797 Thread 0x0000026e2d0139e0 Exception <a 'java/lang/NoSuchMethodError'{0x00000000eacd0fb8}: 'java.lang.Object java.lang.invoke.DirectMethodHandle$Holder.newInvokeSpecial(java.lang.Object, long)'> (0x00000000eacd0fb8) 
thrown [s\src\hotspot\share\interpreter\linkResolver.cpp, line 759]
Event: 20.594 Thread 0x0000026e2aa5cae0 Implicit null exception at 0x0000026e1a6bf400 to 0x0000026e1a6bfa0c

VM Operations (20 events):
Event: 20.413 Executing VM operation: ParallelGCFailedAllocation
Event: 20.418 Executing VM operation: ParallelGCFailedAllocation done
Event: 20.446 Executing VM operation: ParallelGCFailedAllocation
Event: 20.449 Executing VM operation: ParallelGCFailedAllocation done
Event: 20.483 Executing VM operation: ParallelGCFailedAllocation
Event: 20.486 Executing VM operation: ParallelGCFailedAllocation done
Event: 20.515 Executing VM operation: ParallelGCFailedAllocation
Event: 20.520 Executing VM operation: ParallelGCFailedAllocation done
Event: 20.550 Executing VM operation: ParallelGCFailedAllocation
Event: 20.554 Executing VM operation: ParallelGCFailedAllocation done
Event: 20.589 Executing VM operation: ParallelGCFailedAllocation
Event: 20.594 Executing VM operation: ParallelGCFailedAllocation done
Event: 20.637 Executing VM operation: ParallelGCFailedAllocation
Event: 20.641 Executing VM operation: ParallelGCFailedAllocation done
Event: 20.686 Executing VM operation: ParallelGCFailedAllocation
Event: 20.692 Executing VM operation: ParallelGCFailedAllocation done
Event: 20.837 Executing VM operation: ParallelGCFailedAllocation
Event: 20.843 Executing VM operation: ParallelGCFailedAllocation done
Event: 20.956 Executing VM operation: ParallelGCFailedAllocation
Event: 20.964 Executing VM operation: ParallelGCFailedAllocation done

Events (20 events):
Event: 13.854 Thread 0x0000026e28c2b230 flushing nmethod 0x0000026e13a8e310
Event: 13.854 Thread 0x0000026e28c2b230 flushing nmethod 0x0000026e13a8ee90
Event: 13.854 Thread 0x0000026e28c2b230 flushing nmethod 0x0000026e13a8f290
Event: 13.854 Thread 0x0000026e28c2b230 flushing nmethod 0x0000026e13a90c10
Event: 13.854 Thread 0x0000026e28c2b230 flushing nmethod 0x0000026e13a91d90
Event: 13.854 Thread 0x0000026e28c2b230 flushing nmethod 0x0000026e13ac9c10
Event: 13.855 Thread 0x0000026e28c2b230 flushing nmethod 0x0000026e13ad6a90
Event: 13.855 Thread 0x0000026e28c2b230 flushing nmethod 0x0000026e13ad6f10
Event: 13.855 Thread 0x0000026e28c2b230 flushing nmethod 0x0000026e13ba4a90
Event: 13.855 Thread 0x0000026e28c2b230 flushing nmethod 0x0000026e13ba9c90
Event: 13.868 Thread 0x0000026e2bb9dfe0 Thread added: 0x0000026e2bb9dfe0
Event: 13.868 Thread 0x0000026e2d979150 Thread added: 0x0000026e2d979150
Event: 14.230 Thread 0x0000026e2aa5a770 Thread added: 0x0000026e2aa5a770
Event: 14.231 Thread 0x0000026e2d979150 Thread exited: 0x0000026e2d979150
Event: 14.407 Thread 0x0000026e2bb9ea00 Thread added: 0x0000026e2bb9ea00
Event: 14.413 Thread 0x0000026e2aa5a770 Thread exited: 0x0000026e2aa5a770
Event: 14.749 Thread 0x0000026e2d0139e0 Thread exited: 0x0000026e2d0139e0
Event: 15.823 Thread 0x0000026e2ba2bfc0 Thread added: 0x0000026e2ba2bfc0
Event: 17.091 Thread 0x0000026e2bb9dfe0 Thread exited: 0x0000026e2bb9dfe0
Event: 17.444 Thread 0x0000026e2ba2bfc0 Thread exited: 0x0000026e2ba2bfc0


Dynamic libraries:
0x00007ff7244c0000 - 0x00007ff7244ce000 	c:\Users\shima\.vscode\extensions\redhat.java-1.34.0-win32-x64\jre\17.0.12-win32-x86_64\bin\java.exe
0x00007ff8420d0000 - 0x00007ff8422e7000 	C:\Windows\SYSTEM32\ntdll.dll
0x00007ff840690000 - 0x00007ff840754000 	C:\Windows\System32\KERNEL32.DLL
0x00007ff83f8b0000 - 0x00007ff83fc5d000 	C:\Windows\System32\KERNELBASE.dll
0x00007ff83f760000 - 0x00007ff83f871000 	C:\Windows\System32\ucrtbase.dll
0x00007ff82e1e0000 - 0x00007ff82e1f7000 	c:\Users\shima\.vscode\extensions\redhat.java-1.34.0-win32-x64\jre\17.0.12-win32-x86_64\bin\jli.dll
0x00007ff82f1c0000 - 0x00007ff82f1db000 	c:\Users\shima\.vscode\extensions\redhat.java-1.34.0-win32-x64\jre\17.0.12-win32-x86_64\bin\VCRUNTIME140.dll
0x00007ff840130000 - 0x00007ff8402de000 	C:\Windows\System32\USER32.dll
0x00007ff83fc60000 - 0x00007ff83fc86000 	C:\Windows\System32\win32u.dll
0x00007ff82b200000 - 0x00007ff82b493000 	C:\Windows\WinSxS\amd64_microsoft.windows.common-controls_6595b64144ccf1df_6.0.22621.3672_none_2713b9d173822955\COMCTL32.dll
0x00007ff840a50000 - 0x00007ff840a79000 	C:\Windows\System32\GDI32.dll
0x00007ff840490000 - 0x00007ff840537000 	C:\Windows\System32\msvcrt.dll
0x00007ff83f580000 - 0x00007ff83f699000 	C:\Windows\System32\gdi32full.dll
0x00007ff83f4e0000 - 0x00007ff83f57a000 	C:\Windows\System32\msvcp_win.dll
0x00007ff840450000 - 0x00007ff840481000 	C:\Windows\System32\IMM32.DLL
0x00007ff838f80000 - 0x00007ff838f8c000 	c:\Users\shima\.vscode\extensions\redhat.java-1.34.0-win32-x64\jre\17.0.12-win32-x86_64\bin\vcruntime140_1.dll
0x00007ff802080000 - 0x00007ff80210d000 	c:\Users\shima\.vscode\extensions\redhat.java-1.34.0-win32-x64\jre\17.0.12-win32-x86_64\bin\msvcp140.dll
0x00007fff9eea0000 - 0x00007fff9fb0a000 	c:\Users\shima\.vscode\extensions\redhat.java-1.34.0-win32-x64\jre\17.0.12-win32-x86_64\bin\server\jvm.dll
0x00007ff8405c0000 - 0x00007ff840672000 	C:\Windows\System32\ADVAPI32.dll
0x00007ff841770000 - 0x00007ff841819000 	C:\Windows\System32\sechost.dll
0x00007ff83f880000 - 0x00007ff83f8a8000 	C:\Windows\System32\bcrypt.dll
0x00007ff840c60000 - 0x00007ff840d74000 	C:\Windows\System32\RPCRT4.dll
0x00007ff840540000 - 0x00007ff8405b1000 	C:\Windows\System32\WS2_32.dll
0x00007ff83f2c0000 - 0x00007ff83f30d000 	C:\Windows\SYSTEM32\POWRPROF.dll
0x00007ff839070000 - 0x00007ff8390a4000 	C:\Windows\SYSTEM32\WINMM.dll
0x00007ff834b70000 - 0x00007ff834b7a000 	C:\Windows\SYSTEM32\VERSION.dll
0x00007ff83f1f0000 - 0x00007ff83f203000 	C:\Windows\SYSTEM32\UMPDC.dll
0x00007ff83e3e0000 - 0x00007ff83e3f8000 	C:\Windows\SYSTEM32\kernel.appcore.dll
0x00007ff82f170000 - 0x00007ff82f17a000 	c:\Users\shima\.vscode\extensions\redhat.java-1.34.0-win32-x64\jre\17.0.12-win32-x86_64\bin\jimage.dll
0x00007ff83cdf0000 - 0x00007ff83d022000 	C:\Windows\SYSTEM32\DBGHELP.DLL
0x00007ff840e80000 - 0x00007ff84120e000 	C:\Windows\System32\combase.dll
0x00007ff840a80000 - 0x00007ff840b57000 	C:\Windows\System32\OLEAUT32.dll
0x00007ff82c170000 - 0x00007ff82c1a2000 	C:\Windows\SYSTEM32\dbgcore.DLL
0x00007ff83f460000 - 0x00007ff83f4db000 	C:\Windows\System32\bcryptPrimitives.dll
0x00007ff82e0d0000 - 0x00007ff82e0de000 	c:\Users\shima\.vscode\extensions\redhat.java-1.34.0-win32-x64\jre\17.0.12-win32-x86_64\bin\instrument.dll
0x00007ff82de30000 - 0x00007ff82de55000 	c:\Users\shima\.vscode\extensions\redhat.java-1.34.0-win32-x64\jre\17.0.12-win32-x86_64\bin\java.dll
0x00007ff82de80000 - 0x00007ff82de98000 	c:\Users\shima\.vscode\extensions\redhat.java-1.34.0-win32-x64\jre\17.0.12-win32-x86_64\bin\zip.dll
0x00007ff841820000 - 0x00007ff842087000 	C:\Windows\System32\SHELL32.dll
0x00007ff83d370000 - 0x00007ff83dc6f000 	C:\Windows\SYSTEM32\windows.storage.dll
0x00007ff83d230000 - 0x00007ff83d36f000 	C:\Windows\SYSTEM32\wintypes.dll
0x00007ff83fe00000 - 0x00007ff83fef9000 	C:\Windows\System32\SHCORE.dll
0x00007ff840b70000 - 0x00007ff840bce000 	C:\Windows\System32\shlwapi.dll
0x00007ff83f320000 - 0x00007ff83f347000 	C:\Windows\SYSTEM32\profapi.dll
0x00007ff8388d0000 - 0x00007ff8388e9000 	C:\Users\shima\.vscode\extensions\redhat.java-1.34.0-win32-x64\jre\17.0.12-win32-x86_64\bin\net.dll
0x00007ff83af30000 - 0x00007ff83b066000 	C:\Windows\SYSTEM32\WINHTTP.dll
0x00007ff83e8b0000 - 0x00007ff83e919000 	C:\Windows\system32\mswsock.dll
0x00007ff8388b0000 - 0x00007ff8388c6000 	C:\Users\shima\.vscode\extensions\redhat.java-1.34.0-win32-x64\jre\17.0.12-win32-x86_64\bin\nio.dll
0x00007ff838890000 - 0x00007ff8388a0000 	c:\Users\shima\.vscode\extensions\redhat.java-1.34.0-win32-x64\jre\17.0.12-win32-x86_64\bin\verify.dll
0x00007ff8019d0000 - 0x00007ff801a15000 	C:\Users\shima\AppData\Roaming\Code\User\globalStorage\redhat.java\1.34.0\config_win\org.eclipse.equinox.launcher\org.eclipse.equinox.launcher.win32.win32.x86_64_1.2.1100.v20240722-2106\eclipse_11904.dll
0x00007ff840760000 - 0x00007ff840905000 	C:\Windows\System32\ole32.dll
0x00007ff83eb10000 - 0x00007ff83eb2b000 	C:\Windows\SYSTEM32\CRYPTSP.dll
0x00007ff83e3a0000 - 0x00007ff83e3d5000 	C:\Windows\system32\rsaenh.dll
0x00007ff83e9a0000 - 0x00007ff83e9c8000 	C:\Windows\SYSTEM32\USERENV.dll
0x00007ff83eb00000 - 0x00007ff83eb0c000 	C:\Windows\SYSTEM32\CRYPTBASE.dll
0x00007ff83df10000 - 0x00007ff83df3d000 	C:\Windows\SYSTEM32\IPHLPAPI.DLL
0x00007ff8409c0000 - 0x00007ff8409c9000 	C:\Windows\System32\NSI.dll
0x00007ff83aa60000 - 0x00007ff83aa79000 	C:\Windows\SYSTEM32\dhcpcsvc6.DLL
0x00007ff83a730000 - 0x00007ff83a74f000 	C:\Windows\SYSTEM32\dhcpcsvc.DLL
0x00007ff83df90000 - 0x00007ff83e088000 	C:\Windows\SYSTEM32\DNSAPI.dll
0x00007ffffd1a0000 - 0x00007ffffd1e5000 	C:\Users\shima\AppData\Local\Temp\jna-109407560\jna6397639596178213045.dll
0x00007ff8402e0000 - 0x00007ff8402e8000 	C:\Windows\System32\PSAPI.DLL
0x00007ff8388a0000 - 0x00007ff8388a9000 	C:\Users\shima\.vscode\extensions\redhat.java-1.34.0-win32-x64\jre\17.0.12-win32-x86_64\bin\extnet.dll

dbghelp: loaded successfully - version: 4.0.5 - missing functions: none
symbol engine: initialized successfully - sym options: 0x614 - pdb path: .;c:\Users\shima\.vscode\extensions\redhat.java-1.34.0-win32-x64\jre\17.0.12-win32-x86_64\bin;C:\Windows\SYSTEM32;C:\Windows\WinSxS\amd64_microsoft.windows.common-controls_6595b64144ccf1df_6.0.22621.3672_none_2713b9d173822955;c:\Users\shima\.vscode\extensions\redhat.java-1.34.0-win32-x64\jre\17.0.12-win32-x86_64\bin\server;C:\Users\shima\AppData\Roaming\Code\User\globalStorage\redhat.java\1.34.0\config_win\org.eclipse.equinox.launcher\org.eclipse.equinox.launcher.win32.win32.x86_64_1.2.1100.v20240722-2106;C:\Users\shima\AppData\Local\Temp\jna-109407560

VM Arguments:
jvm_args: --add-modules=ALL-SYSTEM --add-opens=java.base/java.util=ALL-UNNAMED --add-opens=java.base/java.lang=ALL-UNNAMED --add-opens=java.base/sun.nio.fs=ALL-UNNAMED -Declipse.application=org.eclipse.jdt.ls.core.id1 -Dosgi.bundles.defaultStartLevel=4 -Declipse.product=org.eclipse.jdt.ls.core.product -Djava.import.generatesMetadataFilesAtProjectRoot=false -DDetectVMInstallationsJob.disabled=true -Dfile.encoding=utf8 -XX:+UseParallelGC -XX:GCTimeRatio=4 -XX:AdaptiveSizePolicyWeight=90 -Dsun.zip.disableMemoryMapping=true -Xmx1G -Xms100m -Xlog:disable -javaagent:c:\Users\shima\.vscode\extensions\redhat.java-1.34.0-win32-x64\lombok\lombok-1.18.33.jar -XX:+HeapDumpOnOutOfMemoryError -XX:HeapDumpPath=c:\Users\shima\AppData\Roaming\Code\User\workspaceStorage\c7f473f416d507a6fa5a995e09b998af\redhat.java -Daether.dependencyCollector.impl=bf 
java_command: c:\Users\shima\.vscode\extensions\redhat.java-1.34.0-win32-x64\server\plugins\org.eclipse.equinox.launcher_1.6.900.v20240613-2009.jar -configuration c:\Users\shima\AppData\Roaming\Code\User\globalStorage\redhat.java\1.34.0\config_win -data c:\Users\shima\AppData\Roaming\Code\User\workspaceStorage\c7f473f416d507a6fa5a995e09b998af\redhat.java\jdt_ws --pipe=\\.\pipe\lsp-9da3cc5eddfe2f85a3f41c7e406aed7d-sock
java_class_path (initial): c:\Users\shima\.vscode\extensions\redhat.java-1.34.0-win32-x64\server\plugins\org.eclipse.equinox.launcher_1.6.900.v20240613-2009.jar
Launcher Type: SUN_STANDARD

[Global flags]
    uintx AdaptiveSizePolicyWeight                 = 90                                        {product} {command line}
     intx CICompilerCount                          = 4                                         {product} {ergonomic}
    uintx GCTimeRatio                              = 4                                         {product} {command line}
     bool HeapDumpOnOutOfMemoryError               = true                                   {manageable} {command line}
    ccstr HeapDumpPath                             = c:\Users\shima\AppData\Roaming\Code\User\workspaceStorage\c7f473f416d507a6fa5a995e09b998af\redhat.java         {manageable} {command line}
   size_t InitialHeapSize                          = 104857600                                 {product} {command line}
   size_t MaxHeapSize                              = 1073741824                                {product} {command line}
   size_t MaxNewSize                               = 357564416                                 {product} {ergonomic}
   size_t MinHeapDeltaBytes                        = 524288                                    {product} {ergonomic}
   size_t MinHeapSize                              = 104857600                                 {product} {command line}
   size_t NewSize                                  = 34603008                                  {product} {ergonomic}
    uintx NonNMethodCodeHeapSize                   = 5839372                                {pd product} {ergonomic}
    uintx NonProfiledCodeHeapSize                  = 122909434                              {pd product} {ergonomic}
   size_t OldSize                                  = 70254592                                  {product} {ergonomic}
    uintx ProfiledCodeHeapSize                     = 122909434                              {pd product} {ergonomic}
    uintx ReservedCodeCacheSize                    = 251658240                              {pd product} {ergonomic}
     bool SegmentedCodeCache                       = true                                      {product} {ergonomic}
   size_t SoftMaxHeapSize                          = 1073741824                             {manageable} {ergonomic}
     bool UseCompressedClassPointers               = true                           {product lp64_product} {ergonomic}
     bool UseCompressedOops                        = true                           {product lp64_product} {ergonomic}
     bool UseLargePagesIndividualAllocation        = false                                  {pd product} {ergonomic}
     bool UseParallelGC                            = true                                      {product} {command line}

Logging:
Log output configuration:
 #0: stdout all=off uptime,level,tags
 #1: stderr all=off uptime,level,tags

Environment Variables:
JAVA_HOME=C:\Program Files\Java\jdk-13.0.2
PATH=C:\Windows\system32;C:\Windows;C:\Windows\System32\Wbem;C:\Windows\System32\WindowsPowerShell\v1.0\;C:\Windows\System32\OpenSSH\;C:\Program Files\Novell\iPrint;C:\Program Files\dotnet\;C:\Users\shima\OneDrive\Documents\openjdk-13+33_windows-x64_bin\jdk-13\bin;C:\Program Files\Java\jdk-13.0.2\bin;C:\Users\shima\AppData\Local\Microsoft\WindowsApps;C:\Users\shima\AppData\Local\Programs\Microsoft VS Code\bin
USERNAME=shima
OS=Windows_NT
PROCESSOR_IDENTIFIER=AMD64 Family 23 Model 160 Stepping 0, AuthenticAMD
TMP=C:\Users\shima\AppData\Local\Temp
TEMP=C:\Users\shima\AppData\Local\Temp



Periodic native trim disabled


---------------  S Y S T E M  ---------------

OS:
 Windows 11 , 64 bit Build 22621 (10.0.22621.3958)
OS uptime: 1 days 15:19 hours

CPU: total 8 (initial active 8) (8 cores per cpu, 2 threads per core) family 23 model 160 stepping 0 microcode 0x0, cx8, cmov, fxsr, ht, mmx, 3dnowpref, sse, sse2, sse3, ssse3, sse4a, sse4.1, sse4.2, popcnt, lzcnt, tsc, tscinvbit, avx, avx2, aes, clmul, bmi1, bmi2, adx, sha, fma, vzeroupper, clflush, clflushopt
Processor Information for processor 0
  Max Mhz: 2401, Current Mhz: 2401, Mhz Limit: 2401
Processor Information for processor 1
  Max Mhz: 2401, Current Mhz: 2000, Mhz Limit: 2401
Processor Information for processor 2
  Max Mhz: 2401, Current Mhz: 2401, Mhz Limit: 2401
Processor Information for processor 3
  Max Mhz: 2401, Current Mhz: 2000, Mhz Limit: 2401
Processor Information for processor 4
  Max Mhz: 2401, Current Mhz: 2401, Mhz Limit: 2401
Processor Information for processor 5
  Max Mhz: 2401, Current Mhz: 2000, Mhz Limit: 2401
Processor Information for processor 6
  Max Mhz: 2401, Current Mhz: 2000, Mhz Limit: 2401
Processor Information for processor 7
  Max Mhz: 2401, Current Mhz: 2401, Mhz Limit: 2401

Memory: 4k page, system-wide physical 3317M (123M free)
TotalPageFile size 13557M (AvailPageFile size 11M)
current process WorkingSet (physical memory assigned to process): 205M, peak: 281M
current process commit charge ("private bytes"): 537M, peak: 537M

vm_info: OpenJDK 64-Bit Server VM (17.0.12+7) for windows-amd64 JRE (17.0.12+7), built on Jul 16 2024 22:08:24 by "admin" with MS VC++ 16.10 / 16.11 (VS2019)

END.
