#
# There is insufficient memory for the Java Runtime Environment to continue.
# Native memory allocation (mmap) failed to map 54525952 bytes for Failed to commit area from 0x00000000cc200000 to 0x00000000cf600000 of length 54525952.
# Possible reasons:
#   The system is out of physical RAM or swap space
#   The process is running with CompressedOops enabled, and the Java Heap may be blocking the growth of the native heap
# Possible solutions:
#   Reduce memory load on the system
#   Increase physical memory or swap space
#   Check if swap backing store is full
#   Decrease Java heap size (-Xmx/-Xms)
#   Decrease number of Java threads
#   Decrease Java thread stack sizes (-Xss)
#   Set larger code cache with -XX:ReservedCodeCacheSize=
# This output file may be truncated or incomplete.
#
#  Out of Memory Error (t:/workspace/open/src/hotspot/os/windows/os_windows.cpp:3301), pid=30140, tid=19548
#
# JRE version:  (13.0.2+8) (build )
# Java VM: Java HotSpot(TM) 64-Bit Server VM (13.0.2+8, mixed mode, aot, sharing, tiered, compressed oops, g1 gc, windows-amd64)
# No core dump will be written. Minidumps are not enabled by default on client versions of Windows
#

---------------  S U M M A R Y ------------

Command Line: App

Host: AMD Ryzen 3 7320U with Radeon Graphics         , 8 cores, 3G,  Windows 10 , 64 bit Build 22621 (10.0.22621.3958)
Time: Fri Oct  4 10:57:43 2024 South Africa Standard Time elapsed time: 0 seconds (0d 0h 0m 0s)

---------------  T H R E A D  ---------------

Current thread (0x000002690a27c000):  JavaThread "Unknown thread" [_thread_in_vm, id=19548, stack(0x000000ac81f00000,0x000000ac82000000)]

Stack: [0x000000ac81f00000,0x000000ac82000000]
Native frames: (J=compiled Java code, j=interpreted, Vv=VM code, C=native code)
V  [jvm.dll+0x624f9a]
V  [jvm.dll+0x770cfa]
V  [jvm.dll+0x7724af]
V  [jvm.dll+0x772ab3]
V  [jvm.dll+0x24bf08]
V  [jvm.dll+0x6222aa]
V  [jvm.dll+0x6170b5]
V  [jvm.dll+0x30a88c]
V  [jvm.dll+0x30a6c2]
V  [jvm.dll+0x30fe36]
V  [jvm.dll+0x353f46]
V  [jvm.dll+0x353720]
V  [jvm.dll+0x2e550a]
V  [jvm.dll+0x2e67a2]
V  [jvm.dll+0x74dd78]
V  [jvm.dll+0x361989]
V  [jvm.dll+0x730e65]
V  [jvm.dll+0x3cc53f]
V  [jvm.dll+0x3ce861]
C  [jli.dll+0x51ff]
C  [ucrtbase.dll+0x29333]
C  [KERNEL32.DLL+0x1257d]
C  [ntdll.dll+0x5af28]


---------------  P R O C E S S  ---------------

Threads class SMR info:
_java_thread_list=0x00007ffd466fccb8, length=0, elements={
}

Java Threads: ( => current thread )

Other Threads:
  0x000002690a2ab000 GCTaskThread "GC Thread#0" [stack: 0x000000ac82000000,0x000000ac82100000] [id=12056]
  0x000002690a2b3000 ConcurrentGCThread "G1 Main Marker" [stack: 0x000000ac82100000,0x000000ac82200000] [id=3216]
  0x000002690a2b5800 ConcurrentGCThread "G1 Conc#0" [stack: 0x000000ac82200000,0x000000ac82300000] [id=21012]

[error occurred during error reporting (printing all threads), id 0xc0000005, EXCEPTION_ACCESS_VIOLATION (0xc0000005) at pc=0x00007ffd45f351d7]

VM state:not at safepoint (not fully initialized)

VM Mutex/Monitor currently owned by a thread:  ([mutex/lock_event])
[0x000002690a2798d0] Heap_lock - owner thread: 0x000002690a27c000

Heap address: 0x00000000cc200000, size: 830 MB, Compressed Oops mode: Non-zero based: 0x00000000cc200000
Narrow klass base: 0x0000000000000000, Narrow klass shift: 0

GC Heap History (0 events):
No events

Deoptimization events (0 events):
No events

Classes unloaded (0 events):
No events

Classes redefined (0 events):
No events

Internal exceptions (0 events):
No events

Events (8 events):
Event: 0.009 Loaded shared library C:\Program Files\Java\jdk-13.0.2\bin\zip.dll
Event: 0.010 Loaded shared library C:\Program Files\Java\jdk-13.0.2\bin\jimage.dll
Event: 0.011 Loading shared library C:\Program Files\Java\jdk-13.0.2\lib\libjava.base-coop.dll failed, error code 126
Event: 0.011 Loading shared library C:\Program Files\Java\jdk-13.0.2\lib\libjava.logging-coop.dll failed, error code 126
Event: 0.011 Loading shared library C:\Program Files\Java\jdk-13.0.2\lib\libjdk.compiler-coop.dll failed, error code 126
Event: 0.011 Loading shared library C:\Program Files\Java\jdk-13.0.2\lib\libjdk.scripting.nashorn-coop.dll failed, error code 126
Event: 0.011 Loading shared library C:\Program Files\Java\jdk-13.0.2\lib\libjdk.internal.vm.ci-coop.dll failed, error code 126
Event: 0.011 Loading shared library C:\Program Files\Java\jdk-13.0.2\lib\libjdk.internal.vm.compiler-coop.dll failed, error code 126


Dynamic libraries:
0x00007ff631d40000 - 0x00007ff631d4f000 	C:\Program Files\Java\jdk-13.0.2\bin\java.exe
0x00007ffd98950000 - 0x00007ffd98b67000 	C:\Windows\SYSTEM32\ntdll.dll
0x00007ffd97420000 - 0x00007ffd974e4000 	C:\Windows\System32\KERNEL32.DLL
0x00007ffd96130000 - 0x00007ffd964dd000 	C:\Windows\System32\KERNELBASE.dll
0x00007ffd96010000 - 0x00007ffd96121000 	C:\Windows\System32\ucrtbase.dll
0x00007ffd6fc90000 - 0x00007ffd6fca5000 	C:\Program Files\Java\jdk-13.0.2\bin\VCRUNTIME140.dll
0x00007ffd6fcb0000 - 0x00007ffd6fcc8000 	C:\Program Files\Java\jdk-13.0.2\bin\jli.dll
0x00007ffd97ed0000 - 0x00007ffd97f82000 	C:\Windows\System32\ADVAPI32.dll
0x00007ffd96ef0000 - 0x00007ffd96f97000 	C:\Windows\System32\msvcrt.dll
0x00007ffd97fa0000 - 0x00007ffd98049000 	C:\Windows\System32\sechost.dll
0x00007ffd95fb0000 - 0x00007ffd95fd8000 	C:\Windows\System32\bcrypt.dll
0x00007ffd974f0000 - 0x00007ffd97604000 	C:\Windows\System32\RPCRT4.dll
0x00007ffd97670000 - 0x00007ffd9781e000 	C:\Windows\System32\USER32.dll
0x00007ffd95fe0000 - 0x00007ffd96006000 	C:\Windows\System32\win32u.dll
0x00007ffd82850000 - 0x00007ffd82ae3000 	C:\Windows\WinSxS\amd64_microsoft.windows.common-controls_6595b64144ccf1df_6.0.22621.3672_none_2713b9d173822955\COMCTL32.dll
0x00007ffd97610000 - 0x00007ffd97639000 	C:\Windows\System32\GDI32.dll
0x00007ffd964e0000 - 0x00007ffd965f9000 	C:\Windows\System32\gdi32full.dll
0x00007ffd95c70000 - 0x00007ffd95d0a000 	C:\Windows\System32\msvcp_win.dll
0x00007ffd8ab60000 - 0x00007ffd8ab6a000 	C:\Windows\SYSTEM32\VERSION.dll
0x00007ffd97360000 - 0x00007ffd97391000 	C:\Windows\System32\IMM32.DLL
0x00007ffd522f0000 - 0x00007ffd5238b000 	C:\Program Files\Java\jdk-13.0.2\bin\msvcp140.dll
0x00007ffd45c40000 - 0x00007ffd4679d000 	C:\Program Files\Java\jdk-13.0.2\bin\server\jvm.dll
0x00007ffd96fa0000 - 0x00007ffd96fa8000 	C:\Windows\System32\PSAPI.DLL
0x00007ffd78900000 - 0x00007ffd78909000 	C:\Windows\SYSTEM32\WSOCK32.dll
0x00007ffd8fda0000 - 0x00007ffd8fdd4000 	C:\Windows\SYSTEM32\WINMM.dll
0x00007ffd97120000 - 0x00007ffd97191000 	C:\Windows\System32\WS2_32.dll
0x00007ffd94cc0000 - 0x00007ffd94cd8000 	C:\Windows\SYSTEM32\kernel.appcore.dll
0x00007ffd745d0000 - 0x00007ffd745e0000 	C:\Program Files\Java\jdk-13.0.2\bin\verify.dll
0x00007ffd92f60000 - 0x00007ffd93192000 	C:\Windows\SYSTEM32\DBGHELP.DLL
0x00007ffd983b0000 - 0x00007ffd9873e000 	C:\Windows\System32\combase.dll
0x00007ffd96fb0000 - 0x00007ffd97087000 	C:\Windows\System32\OLEAUT32.dll
0x00007ffd7f950000 - 0x00007ffd7f982000 	C:\Windows\SYSTEM32\dbgcore.DLL
0x00007ffd96600000 - 0x00007ffd9667b000 	C:\Windows\System32\bcryptPrimitives.dll
0x00007ffd6df10000 - 0x00007ffd6df36000 	C:\Program Files\Java\jdk-13.0.2\bin\java.dll
0x00007ffd6d6d0000 - 0x00007ffd6d6e7000 	C:\Program Files\Java\jdk-13.0.2\bin\zip.dll
0x00007ffd73e60000 - 0x00007ffd73e6a000 	C:\Program Files\Java\jdk-13.0.2\bin\jimage.dll

dbghelp: loaded successfully - version: 4.0.5 - missing functions: none
symbol engine: initialized successfully - sym options: 0x614 - pdb path: .;C:\Program Files\Java\jdk-13.0.2\bin;C:\Windows\SYSTEM32;C:\Windows\WinSxS\amd64_microsoft.windows.common-controls_6595b64144ccf1df_6.0.22621.3672_none_2713b9d173822955;C:\Program Files\Java\jdk-13.0.2\bin\server

VM Arguments:
java_command: App
java_class_path (initial): C:\Users\shima\AppData\Roaming\Code\User\workspaceStorage\c7f473f416d507a6fa5a995e09b998af\redhat.java\jdt_ws\Background_eab447d\bin
Launcher Type: SUN_STANDARD

[Global flags]
     intx CICompilerCount                          = 4                                         {product} {ergonomic}
     uint ConcGCThreads                            = 2                                         {product} {ergonomic}
     uint G1ConcRefinementThreads                  = 8                                         {product} {ergonomic}
   size_t G1HeapRegionSize                         = 1048576                                   {product} {ergonomic}
    uintx GCDrainStackTargetSize                   = 64                                        {product} {ergonomic}
   size_t InitialHeapSize                          = 54525952                                  {product} {ergonomic}
   size_t MarkStackSize                            = 4194304                                   {product} {ergonomic}
   size_t MaxHeapSize                              = 870318080                                 {product} {ergonomic}
   size_t MinHeapDeltaBytes                        = 1048576                                   {product} {ergonomic}
   size_t MinHeapSize                              = 8388608                                   {product} {ergonomic}
    uintx NonNMethodCodeHeapSize                   = 5839372                                {pd product} {ergonomic}
    uintx NonProfiledCodeHeapSize                  = 122909434                              {pd product} {ergonomic}
    uintx ProfiledCodeHeapSize                     = 122909434                              {pd product} {ergonomic}
    uintx ReservedCodeCacheSize                    = 251658240                              {pd product} {ergonomic}
     bool SegmentedCodeCache                       = true                                      {product} {ergonomic}
   size_t SoftMaxHeapSize                          = 870318080                              {manageable} {ergonomic}
     bool UseCompressedClassPointers               = true                                 {lp64_product} {ergonomic}
     bool UseCompressedOops                        = true                                 {lp64_product} {ergonomic}
     bool UseG1GC                                  = true                                      {product} {ergonomic}
     bool UseLargePagesIndividualAllocation        = false                                  {pd product} {ergonomic}

Logging:
Log output configuration:
 #0: stdout all=warning uptime,level,tags
 #1: stderr all=off uptime,level,tags

Environment Variables:
JAVA_HOME=C:\Program Files\Java\jdk-13.0.2
PATH=C:\Windows\system32;C:\Windows;C:\Windows\System32\Wbem;C:\Windows\System32\WindowsPowerShell\v1.0\;C:\Windows\System32\OpenSSH\;C:\Program Files\Novell\iPrint;C:\Program Files\dotnet\;C:\Users\shima\OneDrive\Documents\openjdk-13+33_windows-x64_bin\jdk-13\bin;C:\Program Files\Java\jdk-13.0.2\bin;C:\Users\shima\AppData\Local\Microsoft\WindowsApps;C:\Users\shima\AppData\Local\Programs\Microsoft VS Code\bin
USERNAME=shima
OS=Windows_NT
PROCESSOR_IDENTIFIER=AMD64 Family 23 Model 160 Stepping 0, AuthenticAMD



---------------  S Y S T E M  ---------------

OS: Windows 10 , 64 bit Build 22621 (10.0.22621.3958)

CPU:total 8 (initial active 8) (8 cores per cpu, 2 threads per core) family 23 model 160 stepping 0, cmov, cx8, fxsr, mmx, sse, sse2, sse3, ssse3, sse4.1, sse4.2, popcnt, avx, avx2, aes, clmul, mmxext, 3dnowpref, lzcnt, sse4a, ht, tsc, tscinvbit, tscinv, bmi1, bmi2, adx, sha, fma

Memory: 4k page, system-wide physical 3317M (105M free)
TotalPageFile size 13557M (AvailPageFile size 5M)
current process WorkingSet (physical memory assigned to process): 10M, peak: 10M
current process commit charge ("private bytes"): 60M, peak: 111M

vm_info: Java HotSpot(TM) 64-Bit Server VM (13.0.2+8) for windows-amd64 JRE (13.0.2+8), built on Dec 11 2019 09:20:33 by "mach5one" with unknown MS VC++:1916

END.
