#
# There is insufficient memory for the Java Runtime Environment to continue.
# Native memory allocation (malloc) failed to allocate 626224 bytes. Error detail: Chunk::new
# Possible reasons:
#   The system is out of physical RAM or swap space
#   This process is running with CompressedOops enabled, and the Java Heap may be blocking the growth of the native heap
# Possible solutions:
#   Reduce memory load on the system
#   Increase physical memory or swap space
#   Check if swap backing store is full
#   Decrease Java heap size (-Xmx/-Xms)
#   Decrease number of Java threads
#   Decrease Java thread stack sizes (-Xss)
#   Set larger code cache with -XX:ReservedCodeCacheSize=
#   JVM is running with Unscaled Compressed Oops mode in which the Java heap is
#     placed in the first 4GB address space. The Java Heap base address is the
#     maximum limit for the native heap growth. Please use -XX:HeapBaseMinAddress
#     to set the Java Heap base and to place the Java Heap above 4GB virtual address.
# This output file may be truncated or incomplete.
#
#  Out of Memory Error (arena.cpp:191), pid=4588, tid=7036
#
# JRE version: OpenJDK Runtime Environment Temurin-17.0.12+7 (17.0.12+7) (build 17.0.12+7)
# Java VM: OpenJDK 64-Bit Server VM Temurin-17.0.12+7 (17.0.12+7, mixed mode, tiered, compressed oops, compressed class ptrs, parallel gc, windows-amd64)
# No core dump will be written. Minidumps are not enabled by default on client versions of Windows
#

---------------  S U M M A R Y ------------

Command Line: --add-modules=ALL-SYSTEM --add-opens=java.base/java.util=ALL-UNNAMED --add-opens=java.base/java.lang=ALL-UNNAMED --add-opens=java.base/sun.nio.fs=ALL-UNNAMED -Declipse.application=org.eclipse.jdt.ls.core.id1 -Dosgi.bundles.defaultStartLevel=4 -Declipse.product=org.eclipse.jdt.ls.core.product -Djava.import.generatesMetadataFilesAtProjectRoot=false -DDetectVMInstallationsJob.disabled=true -Dfile.encoding=utf8 -XX:+UseParallelGC -XX:GCTimeRatio=4 -XX:AdaptiveSizePolicyWeight=90 -Dsun.zip.disableMemoryMapping=true -Xmx1G -Xms100m -Xlog:disable -javaagent:c:\Users\shima\.vscode\extensions\redhat.java-1.34.0-win32-x64\lombok\lombok-1.18.33.jar -XX:+HeapDumpOnOutOfMemoryError -XX:HeapDumpPath=c:\Users\shima\AppData\Roaming\Code\User\workspaceStorage\c7f473f416d507a6fa5a995e09b998af\redhat.java -Daether.dependencyCollector.impl=bf c:\Users\shima\.vscode\extensions\redhat.java-1.34.0-win32-x64\server\plugins\org.eclipse.equinox.launcher_1.6.900.v20240613-2009.jar -configuration c:\Users\shima\AppData\Roaming\Code\User\globalStorage\redhat.java\1.34.0\config_win -data c:\Users\shima\AppData\Roaming\Code\User\workspaceStorage\c7f473f416d507a6fa5a995e09b998af\redhat.java\jdt_ws --pipe=\\.\pipe\lsp-0f95048843bc1c2a075c6b6b0eca183b-sock

Host: AMD Ryzen 3 7320U with Radeon Graphics         , 8 cores, 3G,  Windows 11 , 64 bit Build 22621 (10.0.22621.3958)
Time: Fri Sep 27 22:37:24 2024 South Africa Standard Time elapsed time: 3.252816 seconds (0d 0h 0m 3s)

---------------  T H R E A D  ---------------

Current thread (0x00000191fde34860):  JavaThread "C2 CompilerThread0" daemon [_thread_in_native, id=7036, stack(0x0000008248400000,0x0000008248500000)]


Current CompileTask:
C2:   3252 1485       4       java.io.WinNTFileSystem::normalize (143 bytes)

Stack: [0x0000008248400000,0x0000008248500000]
Native frames: (J=compiled Java code, j=interpreted, Vv=VM code, C=native code)
V  [jvm.dll+0x67f929]
V  [jvm.dll+0x8371ba]
V  [jvm.dll+0x838c7e]
V  [jvm.dll+0x8392e3]
V  [jvm.dll+0x24834f]
V  [jvm.dll+0xac9d4]
V  [jvm.dll+0xad01c]
V  [jvm.dll+0x3674a7]
V  [jvm.dll+0x1bd562]
V  [jvm.dll+0x21aa09]
V  [jvm.dll+0x219cf1]
V  [jvm.dll+0x1a58bd]
V  [jvm.dll+0x229a2d]
V  [jvm.dll+0x227bdc]
V  [jvm.dll+0x7ec1f7]
V  [jvm.dll+0x7e65dc]
V  [jvm.dll+0x67e7f7]
C  [ucrtbase.dll+0x29333]
C  [KERNEL32.DLL+0x1257d]
C  [ntdll.dll+0x5af28]


---------------  P R O C E S S  ---------------

Threads class SMR info:
_java_thread_list=0x00000191ff645770, length=13, elements={
0x00000191f3f3cbb0, 0x00000191f8dc3010, 0x00000191f8dc5510, 0x00000191f8dccec0,
0x00000191f8dcd790, 0x00000191f8dce160, 0x00000191fde31000, 0x00000191fde34860,
0x00000191fde356d0, 0x00000191fde373d0, 0x00000191fdf6b030, 0x00000191fe168b90,
0x00000191ff6f7590
}

Java Threads: ( => current thread )
  0x00000191f3f3cbb0 JavaThread "main" [_thread_in_native, id=20868, stack(0x0000008247b00000,0x0000008247c00000)]
  0x00000191f8dc3010 JavaThread "Reference Handler" daemon [_thread_blocked, id=21216, stack(0x0000008247e00000,0x0000008247f00000)]
  0x00000191f8dc5510 JavaThread "Finalizer" daemon [_thread_blocked, id=20808, stack(0x0000008247f00000,0x0000008248000000)]
  0x00000191f8dccec0 JavaThread "Signal Dispatcher" daemon [_thread_blocked, id=7736, stack(0x0000008248000000,0x0000008248100000)]
  0x00000191f8dcd790 JavaThread "Attach Listener" daemon [_thread_blocked, id=10348, stack(0x0000008248100000,0x0000008248200000)]
  0x00000191f8dce160 JavaThread "Service Thread" daemon [_thread_blocked, id=11048, stack(0x0000008248200000,0x0000008248300000)]
  0x00000191fde31000 JavaThread "Monitor Deflation Thread" daemon [_thread_blocked, id=13400, stack(0x0000008248300000,0x0000008248400000)]
=>0x00000191fde34860 JavaThread "C2 CompilerThread0" daemon [_thread_in_native, id=7036, stack(0x0000008248400000,0x0000008248500000)]
  0x00000191fde356d0 JavaThread "C1 CompilerThread0" daemon [_thread_blocked, id=20972, stack(0x0000008248500000,0x0000008248600000)]
  0x00000191fde373d0 JavaThread "Sweeper thread" daemon [_thread_blocked, id=21496, stack(0x0000008248600000,0x0000008248700000)]
  0x00000191fdf6b030 JavaThread "Common-Cleaner" daemon [_thread_blocked, id=14648, stack(0x0000008248700000,0x0000008248800000)]
  0x00000191fe168b90 JavaThread "Notification Thread" daemon [_thread_blocked, id=1396, stack(0x0000008248800000,0x0000008248900000)]
  0x00000191ff6f7590 JavaThread "Active Thread: Equinox Container: b044b1b1-a70c-41f9-a424-be55f243dd2b" [_thread_blocked, id=9432, stack(0x0000008249000000,0x0000008249100000)]

Other Threads:
  0x00000191fde114b0 VMThread "VM Thread" [stack: 0x0000008247d00000,0x0000008247e00000] [id=15016]
  0x00000191fe169070 WatcherThread [stack: 0x0000008248900000,0x0000008248a00000] [id=5048]
  0x00000191f3f537d0 GCTaskThread "GC Thread#0" [stack: 0x0000008247c00000,0x0000008247d00000] [id=16108]
  0x00000191ff47ec50 GCTaskThread "GC Thread#1" [stack: 0x0000008248a00000,0x0000008248b00000] [id=19968]
  0x00000191ff47ef10 GCTaskThread "GC Thread#2" [stack: 0x0000008248b00000,0x0000008248c00000] [id=17360]
  0x00000191ff47e410 GCTaskThread "GC Thread#3" [stack: 0x0000008248c00000,0x0000008248d00000] [id=23468]
  0x00000191ff47f1d0 GCTaskThread "GC Thread#4" [stack: 0x0000008248d00000,0x0000008248e00000] [id=9776]
  0x00000191ff47e150 GCTaskThread "GC Thread#5" [stack: 0x0000008248e00000,0x0000008248f00000] [id=20592]
  0x00000191ff47f490 GCTaskThread "GC Thread#6" [stack: 0x0000008248f00000,0x0000008249000000] [id=15572]

Threads with active compile tasks:
C2 CompilerThread0     3290 1485       4       java.io.WinNTFileSystem::normalize (143 bytes)

VM state: not at safepoint (normal execution)

VM Mutex/Monitor currently owned by a thread: None

Heap address: 0x00000000c0000000, size: 1024 MB, Compressed Oops mode: 32-bit

CDS archive(s) not mapped
Compressed class space mapped at: 0x0000000100000000-0x0000000140000000, reserved size: 1073741824
Narrow klass base: 0x0000000000000000, Narrow klass shift: 3, Narrow klass range: 0x140000000

GC Precious Log:
 CPUs: 8 total, 8 available
 Memory: 3317M
 Large Page Support: Disabled
 NUMA Support: Disabled
 Compressed Oops: Enabled (32-bit)
 Alignments: Space 512K, Generation 512K, Heap 2M
 Heap Min Capacity: 100M
 Heap Initial Capacity: 100M
 Heap Max Capacity: 1G
 Pre-touch: Disabled
 Parallel Workers: 8

Heap:
 PSYoungGen      total 29696K, used 24190K [0x00000000eab00000, 0x00000000ecc00000, 0x0000000100000000)
  eden space 25600K, 82% used [0x00000000eab00000,0x00000000ebf8e818,0x00000000ec400000)
  from space 4096K, 76% used [0x00000000ec400000,0x00000000ec7112e0,0x00000000ec800000)
  to   space 4096K, 0% used [0x00000000ec800000,0x00000000ec800000,0x00000000ecc00000)
 ParOldGen       total 68608K, used 16K [0x00000000c0000000, 0x00000000c4300000, 0x00000000eab00000)
  object space 68608K, 0% used [0x00000000c0000000,0x00000000c0004000,0x00000000c4300000)
 Metaspace       used 13789K, committed 13952K, reserved 1114112K
  class space    used 1366K, committed 1472K, reserved 1048576K

Card table byte_map: [0x00000191f38d0000,0x00000191f3ae0000] _byte_map_base: 0x00000191f32d0000

Marking Bits: (ParMarkBitMap*) 0x00007fffbc9958b0
 Begin Bits: [0x00000191f6bd0000, 0x00000191f7bd0000)
 End Bits:   [0x00000191f7bd0000, 0x00000191f8bd0000)

Polling page: 0x00000191f1ec0000

Metaspace:

Usage:
  Non-class:     12.13 MB used.
      Class:      1.33 MB used.
       Both:     13.47 MB used.

Virtual space:
  Non-class space:       64.00 MB reserved,      12.19 MB ( 19%) committed,  1 nodes.
      Class space:        1.00 GB reserved,       1.44 MB ( <1%) committed,  1 nodes.
             Both:        1.06 GB reserved,      13.62 MB (  1%) committed. 

Chunk freelists:
   Non-Class:  3.33 MB
       Class:  14.48 MB
        Both:  17.81 MB

MaxMetaspaceSize: unlimited
CompressedClassSpaceSize: 1.00 GB
Initial GC threshold: 21.00 MB
Current GC threshold: 21.00 MB
CDS: off
MetaspaceReclaimPolicy: balanced
 - commit_granule_bytes: 65536.
 - commit_granule_words: 8192.
 - virtual_space_node_default_size: 8388608.
 - enlarge_chunks_in_place: 1.
 - new_chunks_are_fully_committed: 0.
 - uncommit_free_chunks: 1.
 - use_allocation_guard: 0.
 - handle_deallocations: 1.


Internal statistics:

num_allocs_failed_limit: 0.
num_arena_births: 56.
num_arena_deaths: 0.
num_vsnodes_births: 2.
num_vsnodes_deaths: 0.
num_space_committed: 218.
num_space_uncommitted: 0.
num_chunks_returned_to_freelist: 0.
num_chunks_taken_from_freelist: 221.
num_chunk_merges: 0.
num_chunk_splits: 150.
num_chunks_enlarged: 121.
num_inconsistent_stats: 0.

CodeHeap 'non-profiled nmethods': size=120000Kb used=575Kb max_used=575Kb free=119424Kb
 bounds [0x0000019187ad0000, 0x0000019187d40000, 0x000001918f000000]
CodeHeap 'profiled nmethods': size=120000Kb used=2740Kb max_used=2740Kb free=117259Kb
 bounds [0x0000019180000000, 0x00000191802b0000, 0x0000019187530000]
CodeHeap 'non-nmethods': size=5760Kb used=1155Kb max_used=1173Kb free=4604Kb
 bounds [0x0000019187530000, 0x00000191877a0000, 0x0000019187ad0000]
 total_blobs=1938 nmethods=1488 adapters=364
 compilation: enabled
              stopped_count=0, restarted_count=0
 full_count=0

Compilation events (20 events):
Event: 2.592 Thread 0x00000191fde356d0 nmethod 1479 0x00000191802a6b90 code [0x00000191802a6d80, 0x00000191802a72c8]
Event: 2.592 Thread 0x00000191fde356d0 1480       1       sun.nio.fs.NativeBuffer::address (5 bytes)
Event: 2.593 Thread 0x00000191fde356d0 nmethod 1480 0x0000019187b5de10 code [0x0000019187b5dfa0, 0x0000019187b5e078]
Event: 2.787 Thread 0x00000191fde356d0 1481       3       sun.nio.fs.WindowsPathParser::nextNonSlash (24 bytes)
Event: 2.788 Thread 0x00000191fde356d0 nmethod 1481 0x00000191802a7410 code [0x00000191802a7620, 0x00000191802a7d78]
Event: 2.884 Thread 0x00000191fde34860 1482 %     4       java.io.WinNTFileSystem::normalize @ 58 (224 bytes)
Event: 2.884 Thread 0x00000191fde356d0 1483       3       java.lang.String::getChars (54 bytes)
Event: 2.885 Thread 0x00000191fde356d0 nmethod 1483 0x00000191802a8090 code [0x00000191802a8280, 0x00000191802a86f8]
Event: 2.885 Thread 0x00000191fde356d0 1484       3       java.lang.StringLatin1::getChars (12 bytes)
Event: 2.885 Thread 0x00000191fde356d0 nmethod 1484 0x00000191802a8910 code [0x00000191802a8aa0, 0x00000191802a8bc8]
Event: 2.908 Thread 0x00000191fde34860 nmethod 1482% 0x0000019187b5e110 code [0x0000019187b5e300, 0x0000019187b5f498]
Event: 3.128 Thread 0x00000191fde34860 1485       4       java.io.WinNTFileSystem::normalize (143 bytes)
Event: 3.130 Thread 0x00000191fde356d0 1487       3       org.eclipse.osgi.framework.util.SecureAction::getProperty (31 bytes)
Event: 3.131 Thread 0x00000191fde356d0 nmethod 1487 0x00000191802a8c90 code [0x00000191802a8f20, 0x00000191802a9998]
Event: 3.154 Thread 0x00000191fde356d0 1488       3       java.net.URL::isBuiltinStreamHandler (32 bytes)
Event: 3.156 Thread 0x00000191fde356d0 nmethod 1488 0x00000191802a9d10 code [0x00000191802aa000, 0x00000191802ab098]
Event: 3.156 Thread 0x00000191fde356d0 1489       3       java.net.URL::isBuiltinStreamHandler (7 bytes)
Event: 3.156 Thread 0x00000191fde356d0 nmethod 1489 0x00000191802ab690 code [0x00000191802ab840, 0x00000191802aba08]
Event: 3.210 Thread 0x00000191fde356d0 1490       3       jdk.internal.ref.PhantomCleanable::clean (16 bytes)
Event: 3.210 Thread 0x00000191fde356d0 nmethod 1490 0x00000191802abb10 code [0x00000191802abce0, 0x00000191802abfa8]

GC Heap History (2 events):
Event: 1.316 GC heap before
{Heap before GC invocations=1 (full 0):
 PSYoungGen      total 29696K, used 25600K [0x00000000eab00000, 0x00000000ecc00000, 0x0000000100000000)
  eden space 25600K, 100% used [0x00000000eab00000,0x00000000ec400000,0x00000000ec400000)
  from space 4096K, 0% used [0x00000000ec800000,0x00000000ec800000,0x00000000ecc00000)
  to   space 4096K, 0% used [0x00000000ec400000,0x00000000ec400000,0x00000000ec800000)
 ParOldGen       total 68608K, used 0K [0x00000000c0000000, 0x00000000c4300000, 0x00000000eab00000)
  object space 68608K, 0% used [0x00000000c0000000,0x00000000c0000000,0x00000000c4300000)
 Metaspace       used 10982K, committed 11200K, reserved 1114112K
  class space    used 1093K, committed 1216K, reserved 1048576K
}
Event: 1.327 GC heap after
{Heap after GC invocations=1 (full 0):
 PSYoungGen      total 29696K, used 3140K [0x00000000eab00000, 0x00000000ecc00000, 0x0000000100000000)
  eden space 25600K, 0% used [0x00000000eab00000,0x00000000eab00000,0x00000000ec400000)
  from space 4096K, 76% used [0x00000000ec400000,0x00000000ec7112e0,0x00000000ec800000)
  to   space 4096K, 0% used [0x00000000ec800000,0x00000000ec800000,0x00000000ecc00000)
 ParOldGen       total 68608K, used 16K [0x00000000c0000000, 0x00000000c4300000, 0x00000000eab00000)
  object space 68608K, 0% used [0x00000000c0000000,0x00000000c0004000,0x00000000c4300000)
 Metaspace       used 10982K, committed 11200K, reserved 1114112K
  class space    used 1093K, committed 1216K, reserved 1048576K
}

Dll operation events (8 events):
Event: 0.106 Loaded shared library c:\Users\shima\.vscode\extensions\redhat.java-1.34.0-win32-x64\jre\17.0.12-win32-x86_64\bin\java.dll
Event: 0.365 Loaded shared library c:\Users\shima\.vscode\extensions\redhat.java-1.34.0-win32-x64\jre\17.0.12-win32-x86_64\bin\zip.dll
Event: 0.369 Loaded shared library C:\Users\shima\.vscode\extensions\redhat.java-1.34.0-win32-x64\jre\17.0.12-win32-x86_64\bin\instrument.dll
Event: 0.387 Loaded shared library C:\Users\shima\.vscode\extensions\redhat.java-1.34.0-win32-x64\jre\17.0.12-win32-x86_64\bin\net.dll
Event: 0.395 Loaded shared library C:\Users\shima\.vscode\extensions\redhat.java-1.34.0-win32-x64\jre\17.0.12-win32-x86_64\bin\nio.dll
Event: 0.402 Loaded shared library C:\Users\shima\.vscode\extensions\redhat.java-1.34.0-win32-x64\jre\17.0.12-win32-x86_64\bin\zip.dll
Event: 0.426 Loaded shared library C:\Users\shima\.vscode\extensions\redhat.java-1.34.0-win32-x64\jre\17.0.12-win32-x86_64\bin\jimage.dll
Event: 0.513 Loaded shared library c:\Users\shima\.vscode\extensions\redhat.java-1.34.0-win32-x64\jre\17.0.12-win32-x86_64\bin\verify.dll

Deoptimization events (20 events):
Event: 1.977 Thread 0x00000191f3f3cbb0 Uncommon trap: trap_request=0xffffffde fr.pc=0x0000019187b2f6c8 relative=0x0000000000000988
Event: 1.977 Thread 0x00000191f3f3cbb0 Uncommon trap: reason=class_check action=maybe_recompile pc=0x0000019187b2f6c8 method=java.util.HashMap.putVal(ILjava/lang/Object;Ljava/lang/Object;ZZ)Ljava/lang/Object; @ 253 c2
Event: 1.977 Thread 0x00000191f3f3cbb0 DEOPT PACKING pc=0x0000019187b2f6c8 sp=0x0000008247bfdea0
Event: 1.977 Thread 0x00000191f3f3cbb0 DEOPT UNPACKING pc=0x00000191875866a3 sp=0x0000008247bfddc8 mode 2
Event: 1.981 Thread 0x00000191f3f3cbb0 Uncommon trap: trap_request=0xffffffde fr.pc=0x0000019187b2f6c8 relative=0x0000000000000988
Event: 1.981 Thread 0x00000191f3f3cbb0 Uncommon trap: reason=class_check action=maybe_recompile pc=0x0000019187b2f6c8 method=java.util.HashMap.putVal(ILjava/lang/Object;Ljava/lang/Object;ZZ)Ljava/lang/Object; @ 253 c2
Event: 1.981 Thread 0x00000191f3f3cbb0 DEOPT PACKING pc=0x0000019187b2f6c8 sp=0x0000008247bfdea0
Event: 1.981 Thread 0x00000191f3f3cbb0 DEOPT UNPACKING pc=0x00000191875866a3 sp=0x0000008247bfddc8 mode 2
Event: 2.031 Thread 0x00000191f3f3cbb0 DEOPT PACKING pc=0x000001918012a938 sp=0x0000008247bfc390
Event: 2.031 Thread 0x00000191f3f3cbb0 DEOPT UNPACKING pc=0x0000019187586e43 sp=0x0000008247bfb810 mode 0
Event: 2.033 Thread 0x00000191f3f3cbb0 DEOPT PACKING pc=0x0000019180120ae1 sp=0x0000008247bfc7d0
Event: 2.033 Thread 0x00000191f3f3cbb0 DEOPT UNPACKING pc=0x0000019187586e43 sp=0x0000008247bfbc58 mode 0
Event: 2.034 Thread 0x00000191f3f3cbb0 DEOPT PACKING pc=0x000001918012a938 sp=0x0000008247bfc2f0
Event: 2.034 Thread 0x00000191f3f3cbb0 DEOPT UNPACKING pc=0x0000019187586e43 sp=0x0000008247bfb770 mode 0
Event: 2.034 Thread 0x00000191f3f3cbb0 Uncommon trap: trap_request=0xffffff45 fr.pc=0x0000019187b07da0 relative=0x0000000000000100
Event: 2.034 Thread 0x00000191f3f3cbb0 Uncommon trap: reason=unstable_if action=reinterpret pc=0x0000019187b07da0 method=java.math.BigInteger.addOne([IIII)I @ 55 c2
Event: 2.034 Thread 0x00000191f3f3cbb0 DEOPT PACKING pc=0x0000019187b07da0 sp=0x0000008247bfc620
Event: 2.034 Thread 0x00000191f3f3cbb0 DEOPT UNPACKING pc=0x00000191875866a3 sp=0x0000008247bfc5a0 mode 2
Event: 2.035 Thread 0x00000191f3f3cbb0 DEOPT PACKING pc=0x000001918012a938 sp=0x0000008247bfc5e0
Event: 2.035 Thread 0x00000191f3f3cbb0 DEOPT UNPACKING pc=0x0000019187586e43 sp=0x0000008247bfba60 mode 0

Classes loaded (20 events):
Event: 2.015 Loading class javax/xml/parsers/ParserConfigurationException
Event: 2.016 Loading class javax/xml/parsers/ParserConfigurationException done
Event: 2.020 Loading class java/security/KeyStoreException
Event: 2.021 Loading class java/security/KeyStoreException done
Event: 2.028 Loading class sun/security/x509/SubjectAlternativeNameExtension
Event: 2.028 Loading class sun/security/x509/SubjectAlternativeNameExtension done
Event: 2.028 Loading class sun/security/x509/RFC822Name
Event: 2.028 Loading class sun/security/x509/RFC822Name done
Event: 2.065 Loading class java/util/LinkedList$Node
Event: 2.065 Loading class java/util/LinkedList$Node done
Event: 2.065 Loading class java/util/LinkedList$ListItr
Event: 2.065 Loading class java/util/LinkedList$ListItr done
Event: 2.079 Loading class sun/nio/fs/WindowsChannelFactory
Event: 2.080 Loading class sun/nio/fs/WindowsChannelFactory done
Event: 2.080 Loading class sun/nio/fs/WindowsChannelFactory$1
Event: 2.080 Loading class sun/nio/fs/WindowsChannelFactory$1 done
Event: 2.080 Loading class sun/nio/fs/WindowsChannelFactory$Flags
Event: 2.080 Loading class sun/nio/fs/WindowsChannelFactory$Flags done
Event: 2.080 Loading class sun/nio/ch/FileChannelImpl$Closer
Event: 2.081 Loading class sun/nio/ch/FileChannelImpl$Closer done

Classes unloaded (0 events):
No events

Classes redefined (0 events):
No events

Internal exceptions (20 events):
Event: 0.898 Thread 0x00000191f3f3cbb0 Exception <a 'java/io/FileNotFoundException'{0x00000000eb897b30}> (0x00000000eb897b30) 
thrown [s\src\hotspot\share\prims\jni.cpp, line 516]
Event: 0.898 Thread 0x00000191f3f3cbb0 Exception <a 'java/io/FileNotFoundException'{0x00000000eb898840}> (0x00000000eb898840) 
thrown [s\src\hotspot\share\prims\jni.cpp, line 516]
Event: 0.898 Thread 0x00000191f3f3cbb0 Exception <a 'java/io/FileNotFoundException'{0x00000000eb899530}> (0x00000000eb899530) 
thrown [s\src\hotspot\share\prims\jni.cpp, line 516]
Event: 0.899 Thread 0x00000191f3f3cbb0 Exception <a 'java/io/FileNotFoundException'{0x00000000eb89a1f0}> (0x00000000eb89a1f0) 
thrown [s\src\hotspot\share\prims\jni.cpp, line 516]
Event: 0.903 Thread 0x00000191f3f3cbb0 Implicit null exception at 0x0000019187af2af2 to 0x0000019187af3010
Event: 0.906 Thread 0x00000191f3f3cbb0 Exception <a 'java/io/FileNotFoundException'{0x00000000eb8d3230}> (0x00000000eb8d3230) 
thrown [s\src\hotspot\share\prims\jni.cpp, line 516]
Event: 1.180 Thread 0x00000191f3f3cbb0 Exception <a 'java/lang/ClassNotFoundException'{0x00000000ec0f3bc0}: sun/net/www/protocol/c/Handler> (0x00000000ec0f3bc0) 
thrown [s\src\hotspot\share\classfile\systemDictionary.cpp, line 256]
Event: 1.180 Thread 0x00000191f3f3cbb0 Exception <a 'java/lang/ClassNotFoundException'{0x00000000ec0f4f38}: sun/net/www/protocol/c/Handler> (0x00000000ec0f4f38) 
thrown [s\src\hotspot\share\classfile\systemDictionary.cpp, line 256]
Event: 1.181 Thread 0x00000191f3f3cbb0 Exception <a 'java/lang/ClassNotFoundException'{0x00000000ec0f6100}: sun/net/www/protocol/c/Handler> (0x00000000ec0f6100) 
thrown [s\src\hotspot\share\classfile\systemDictionary.cpp, line 256]
Event: 1.193 Thread 0x00000191f3f3cbb0 Exception <a 'java/io/FileNotFoundException'{0x00000000ec11e928}> (0x00000000ec11e928) 
thrown [s\src\hotspot\share\prims\jni.cpp, line 516]
Event: 1.247 Thread 0x00000191f3f3cbb0 Implicit null exception at 0x0000019187b143ec to 0x0000019187b145c4
Event: 1.247 Thread 0x00000191f3f3cbb0 Implicit null exception at 0x0000019187b12f8f to 0x0000019187b13005
Event: 1.315 Thread 0x00000191f3f3cbb0 Exception <a 'java/lang/NoSuchMethodError'{0x00000000ec3f7b18}: 'int java.lang.invoke.DirectMethodHandle$Holder.invokeStaticInit(java.lang.Object, java.lang.Object, java.lang.Object, java.lang.Object)'> (0x00000000ec3f7b18) 
thrown [s\src\hotspot\share\interpreter\linkResolver.cpp, line 759]
Event: 1.328 Thread 0x00000191f3f3cbb0 Exception <a 'java/lang/NoSuchMethodError'{0x00000000eab024c0}: 'java.lang.Object java.lang.invoke.DirectMethodHandle$Holder.invokeInterface(java.lang.Object, java.lang.Object)'> (0x00000000eab024c0) 
thrown [s\src\hotspot\share\interpreter\linkResolver.cpp, line 759]
Event: 1.328 Thread 0x00000191f3f3cbb0 Exception <a 'java/lang/IncompatibleClassChangeError'{0x00000000eab05cb8}: Found class java.lang.Object, but interface was expected> (0x00000000eab05cb8) 
thrown [s\src\hotspot\share\interpreter\linkResolver.cpp, line 826]
Event: 1.330 Thread 0x00000191f3f3cbb0 Exception <a 'java/lang/NoSuchMethodError'{0x00000000eab0a198}: 'void java.lang.invoke.DirectMethodHandle$Holder.invokeStatic(java.lang.Object, java.lang.Object)'> (0x00000000eab0a198) 
thrown [s\src\hotspot\share\interpreter\linkResolver.cpp, line 759]
Event: 1.330 Thread 0x00000191f3f3cbb0 Exception <a 'java/lang/NoSuchMethodError'{0x00000000eab0d998}: 'void java.lang.invoke.DirectMethodHandle$Holder.invokeStaticInit(java.lang.Object, java.lang.Object)'> (0x00000000eab0d998) 
thrown [s\src\hotspot\share\interpreter\linkResolver.cpp, line 759]
Event: 1.332 Thread 0x00000191f3f3cbb0 Exception <a 'java/lang/NoSuchMethodError'{0x00000000eab15018}: 'int java.lang.invoke.DirectMethodHandle$Holder.invokeStaticInit(java.lang.Object, java.lang.Object)'> (0x00000000eab15018) 
thrown [s\src\hotspot\share\interpreter\linkResolver.cpp, line 759]
Event: 1.420 Thread 0x00000191f3f3cbb0 Exception <a 'java/lang/NoSuchMethodError'{0x00000000eac9fad0}: 'void java.lang.invoke.DirectMethodHandle$Holder.invokeSpecial(java.lang.Object, java.lang.Object, java.lang.Object)'> (0x00000000eac9fad0) 
thrown [s\src\hotspot\share\interpreter\linkResolver.cpp, line 759]
Event: 1.944 Thread 0x00000191f3f3cbb0 Exception <a 'java/lang/NoSuchMethodError'{0x00000000eba82e10}: 'java.lang.Object java.lang.invoke.DirectMethodHandle$Holder.newInvokeSpecial(java.lang.Object, int, java.lang.Object)'> (0x00000000eba82e10) 
thrown [s\src\hotspot\share\interpreter\linkResolver.cpp, line 759]

VM Operations (20 events):
Event: 0.446 Executing VM operation: HandshakeAllThreads
Event: 0.446 Executing VM operation: HandshakeAllThreads done
Event: 0.846 Executing VM operation: HandshakeAllThreads
Event: 0.846 Executing VM operation: HandshakeAllThreads done
Event: 0.862 Executing VM operation: HandshakeAllThreads
Event: 0.862 Executing VM operation: HandshakeAllThreads done
Event: 1.285 Executing VM operation: ICBufferFull
Event: 1.285 Executing VM operation: ICBufferFull done
Event: 1.316 Executing VM operation: ParallelGCFailedAllocation
Event: 1.327 Executing VM operation: ParallelGCFailedAllocation done
Event: 1.865 Executing VM operation: HandshakeAllThreads
Event: 1.865 Executing VM operation: HandshakeAllThreads done
Event: 1.866 Executing VM operation: HandshakeAllThreads
Event: 1.866 Executing VM operation: HandshakeAllThreads done
Event: 1.879 Executing VM operation: HandshakeAllThreads
Event: 1.879 Executing VM operation: HandshakeAllThreads done
Event: 1.909 Executing VM operation: HandshakeAllThreads
Event: 1.909 Executing VM operation: HandshakeAllThreads done
Event: 2.914 Executing VM operation: Cleanup
Event: 2.915 Executing VM operation: Cleanup done

Events (13 events):
Event: 0.154 Thread 0x00000191f3f3cbb0 Thread added: 0x00000191f3f3cbb0
Event: 0.175 Thread 0x00000191f8dc3010 Thread added: 0x00000191f8dc3010
Event: 0.176 Thread 0x00000191f8dc5510 Thread added: 0x00000191f8dc5510
Event: 0.205 Thread 0x00000191f8dccec0 Thread added: 0x00000191f8dccec0
Event: 0.205 Thread 0x00000191f8dcd790 Thread added: 0x00000191f8dcd790
Event: 0.205 Thread 0x00000191f8dce160 Thread added: 0x00000191f8dce160
Event: 0.205 Thread 0x00000191fde31000 Thread added: 0x00000191fde31000
Event: 0.205 Thread 0x00000191fde34860 Thread added: 0x00000191fde34860
Event: 0.205 Thread 0x00000191fde356d0 Thread added: 0x00000191fde356d0
Event: 0.206 Thread 0x00000191fde373d0 Thread added: 0x00000191fde373d0
Event: 0.292 Thread 0x00000191fdf6b030 Thread added: 0x00000191fdf6b030
Event: 0.642 Thread 0x00000191fe168b90 Thread added: 0x00000191fe168b90
Event: 1.842 Thread 0x00000191ff6f7590 Thread added: 0x00000191ff6f7590


Dynamic libraries:
0x00007ff7ff110000 - 0x00007ff7ff11e000 	c:\Users\shima\.vscode\extensions\redhat.java-1.34.0-win32-x64\jre\17.0.12-win32-x86_64\bin\java.exe
0x00007ff8854d0000 - 0x00007ff8856e7000 	C:\Windows\SYSTEM32\ntdll.dll
0x00007ff884840000 - 0x00007ff884904000 	C:\Windows\System32\KERNEL32.DLL
0x00007ff882960000 - 0x00007ff882d0d000 	C:\Windows\System32\KERNELBASE.dll
0x00007ff8830e0000 - 0x00007ff8831f1000 	C:\Windows\System32\ucrtbase.dll
0x00007ff855a70000 - 0x00007ff855a87000 	c:\Users\shima\.vscode\extensions\redhat.java-1.34.0-win32-x64\jre\17.0.12-win32-x86_64\bin\jli.dll
0x00007ff8852e0000 - 0x00007ff88548e000 	C:\Windows\System32\USER32.dll
0x00007ff852250000 - 0x00007ff85226b000 	c:\Users\shima\.vscode\extensions\redhat.java-1.34.0-win32-x64\jre\17.0.12-win32-x86_64\bin\VCRUNTIME140.dll
0x00007ff882e80000 - 0x00007ff882ea6000 	C:\Windows\System32\win32u.dll
0x00007ff884610000 - 0x00007ff884639000 	C:\Windows\System32\GDI32.dll
0x00007ff882f20000 - 0x00007ff883039000 	C:\Windows\System32\gdi32full.dll
0x00007ff86d530000 - 0x00007ff86d7c3000 	C:\Windows\WinSxS\amd64_microsoft.windows.common-controls_6595b64144ccf1df_6.0.22621.3672_none_2713b9d173822955\COMCTL32.dll
0x00007ff883040000 - 0x00007ff8830da000 	C:\Windows\System32\msvcp_win.dll
0x00007ff883a90000 - 0x00007ff883b37000 	C:\Windows\System32\msvcrt.dll
0x00007ff884910000 - 0x00007ff884941000 	C:\Windows\System32\IMM32.DLL
0x00007ff85d7f0000 - 0x00007ff85d7fc000 	c:\Users\shima\.vscode\extensions\redhat.java-1.34.0-win32-x64\jre\17.0.12-win32-x86_64\bin\vcruntime140_1.dll
0x00007fffdf230000 - 0x00007fffdf2bd000 	c:\Users\shima\.vscode\extensions\redhat.java-1.34.0-win32-x64\jre\17.0.12-win32-x86_64\bin\msvcp140.dll
0x00007fffbbdf0000 - 0x00007fffbca5a000 	c:\Users\shima\.vscode\extensions\redhat.java-1.34.0-win32-x64\jre\17.0.12-win32-x86_64\bin\server\jvm.dll
0x00007ff884430000 - 0x00007ff8844e2000 	C:\Windows\System32\ADVAPI32.dll
0x00007ff884950000 - 0x00007ff8849f9000 	C:\Windows\System32\sechost.dll
0x00007ff882e50000 - 0x00007ff882e78000 	C:\Windows\System32\bcrypt.dll
0x00007ff8844f0000 - 0x00007ff884604000 	C:\Windows\System32\RPCRT4.dll
0x00007ff8839b0000 - 0x00007ff883a21000 	C:\Windows\System32\WS2_32.dll
0x00007ff882510000 - 0x00007ff88255d000 	C:\Windows\SYSTEM32\POWRPROF.dll
0x00007ff87cd50000 - 0x00007ff87cd84000 	C:\Windows\SYSTEM32\WINMM.dll
0x00007ff8786c0000 - 0x00007ff8786ca000 	C:\Windows\SYSTEM32\VERSION.dll
0x00007ff8824f0000 - 0x00007ff882503000 	C:\Windows\SYSTEM32\UMPDC.dll
0x00007ff881840000 - 0x00007ff881858000 	C:\Windows\SYSTEM32\kernel.appcore.dll
0x00007ff85d390000 - 0x00007ff85d39a000 	c:\Users\shima\.vscode\extensions\redhat.java-1.34.0-win32-x64\jre\17.0.12-win32-x86_64\bin\jimage.dll
0x00007ff880210000 - 0x00007ff880442000 	C:\Windows\SYSTEM32\DBGHELP.DLL
0x00007ff883370000 - 0x00007ff8836fe000 	C:\Windows\System32\combase.dll
0x00007ff885150000 - 0x00007ff885227000 	C:\Windows\System32\OLEAUT32.dll
0x00007ff869290000 - 0x00007ff8692c2000 	C:\Windows\SYSTEM32\dbgcore.DLL
0x00007ff882dd0000 - 0x00007ff882e4b000 	C:\Windows\System32\bcryptPrimitives.dll
0x00007ff856960000 - 0x00007ff85696e000 	c:\Users\shima\.vscode\extensions\redhat.java-1.34.0-win32-x64\jre\17.0.12-win32-x86_64\bin\instrument.dll
0x00007ff847230000 - 0x00007ff847255000 	c:\Users\shima\.vscode\extensions\redhat.java-1.34.0-win32-x64\jre\17.0.12-win32-x86_64\bin\java.dll
0x00007ff851570000 - 0x00007ff851588000 	c:\Users\shima\.vscode\extensions\redhat.java-1.34.0-win32-x64\jre\17.0.12-win32-x86_64\bin\zip.dll
0x00007ff883bc0000 - 0x00007ff884427000 	C:\Windows\System32\SHELL32.dll
0x00007ff880770000 - 0x00007ff88106f000 	C:\Windows\SYSTEM32\windows.storage.dll
0x00007ff880630000 - 0x00007ff88076f000 	C:\Windows\SYSTEM32\wintypes.dll
0x00007ff884640000 - 0x00007ff884739000 	C:\Windows\System32\SHCORE.dll
0x00007ff883a30000 - 0x00007ff883a8e000 	C:\Windows\System32\shlwapi.dll
0x00007ff882720000 - 0x00007ff882747000 	C:\Windows\SYSTEM32\profapi.dll
0x00007ff8498f0000 - 0x00007ff849909000 	C:\Users\shima\.vscode\extensions\redhat.java-1.34.0-win32-x64\jre\17.0.12-win32-x86_64\bin\net.dll
0x00007ff87e1f0000 - 0x00007ff87e326000 	C:\Windows\SYSTEM32\WINHTTP.dll
0x00007ff881cb0000 - 0x00007ff881d19000 	C:\Windows\system32\mswsock.dll
0x00007ff846cb0000 - 0x00007ff846cc6000 	C:\Users\shima\.vscode\extensions\redhat.java-1.34.0-win32-x64\jre\17.0.12-win32-x86_64\bin\nio.dll
0x00007ff8526b0000 - 0x00007ff8526c0000 	c:\Users\shima\.vscode\extensions\redhat.java-1.34.0-win32-x64\jre\17.0.12-win32-x86_64\bin\verify.dll

dbghelp: loaded successfully - version: 4.0.5 - missing functions: none
symbol engine: initialized successfully - sym options: 0x614 - pdb path: .;c:\Users\shima\.vscode\extensions\redhat.java-1.34.0-win32-x64\jre\17.0.12-win32-x86_64\bin;C:\Windows\SYSTEM32;C:\Windows\WinSxS\amd64_microsoft.windows.common-controls_6595b64144ccf1df_6.0.22621.3672_none_2713b9d173822955;c:\Users\shima\.vscode\extensions\redhat.java-1.34.0-win32-x64\jre\17.0.12-win32-x86_64\bin\server

VM Arguments:
jvm_args: --add-modules=ALL-SYSTEM --add-opens=java.base/java.util=ALL-UNNAMED --add-opens=java.base/java.lang=ALL-UNNAMED --add-opens=java.base/sun.nio.fs=ALL-UNNAMED -Declipse.application=org.eclipse.jdt.ls.core.id1 -Dosgi.bundles.defaultStartLevel=4 -Declipse.product=org.eclipse.jdt.ls.core.product -Djava.import.generatesMetadataFilesAtProjectRoot=false -DDetectVMInstallationsJob.disabled=true -Dfile.encoding=utf8 -XX:+UseParallelGC -XX:GCTimeRatio=4 -XX:AdaptiveSizePolicyWeight=90 -Dsun.zip.disableMemoryMapping=true -Xmx1G -Xms100m -Xlog:disable -javaagent:c:\Users\shima\.vscode\extensions\redhat.java-1.34.0-win32-x64\lombok\lombok-1.18.33.jar -XX:+HeapDumpOnOutOfMemoryError -XX:HeapDumpPath=c:\Users\shima\AppData\Roaming\Code\User\workspaceStorage\c7f473f416d507a6fa5a995e09b998af\redhat.java -Daether.dependencyCollector.impl=bf 
java_command: c:\Users\shima\.vscode\extensions\redhat.java-1.34.0-win32-x64\server\plugins\org.eclipse.equinox.launcher_1.6.900.v20240613-2009.jar -configuration c:\Users\shima\AppData\Roaming\Code\User\globalStorage\redhat.java\1.34.0\config_win -data c:\Users\shima\AppData\Roaming\Code\User\workspaceStorage\c7f473f416d507a6fa5a995e09b998af\redhat.java\jdt_ws --pipe=\\.\pipe\lsp-0f95048843bc1c2a075c6b6b0eca183b-sock
java_class_path (initial): c:\Users\shima\.vscode\extensions\redhat.java-1.34.0-win32-x64\server\plugins\org.eclipse.equinox.launcher_1.6.900.v20240613-2009.jar
Launcher Type: SUN_STANDARD

[Global flags]
    uintx AdaptiveSizePolicyWeight                 = 90                                        {product} {command line}
     intx CICompilerCount                          = 4                                         {product} {ergonomic}
    uintx GCTimeRatio                              = 4                                         {product} {command line}
     bool HeapDumpOnOutOfMemoryError               = true                                   {manageable} {command line}
    ccstr HeapDumpPath                             = c:\Users\shima\AppData\Roaming\Code\User\workspaceStorage\c7f473f416d507a6fa5a995e09b998af\redhat.java         {manageable} {command line}
   size_t InitialHeapSize                          = 104857600                                 {product} {command line}
   size_t MaxHeapSize                              = 1073741824                                {product} {command line}
   size_t MaxNewSize                               = 357564416                                 {product} {ergonomic}
   size_t MinHeapDeltaBytes                        = 524288                                    {product} {ergonomic}
   size_t MinHeapSize                              = 104857600                                 {product} {command line}
   size_t NewSize                                  = 34603008                                  {product} {ergonomic}
    uintx NonNMethodCodeHeapSize                   = 5839372                                {pd product} {ergonomic}
    uintx NonProfiledCodeHeapSize                  = 122909434                              {pd product} {ergonomic}
   size_t OldSize                                  = 70254592                                  {product} {ergonomic}
    uintx ProfiledCodeHeapSize                     = 122909434                              {pd product} {ergonomic}
    uintx ReservedCodeCacheSize                    = 251658240                              {pd product} {ergonomic}
     bool SegmentedCodeCache                       = true                                      {product} {ergonomic}
   size_t SoftMaxHeapSize                          = 1073741824                             {manageable} {ergonomic}
     bool UseCompressedClassPointers               = true                           {product lp64_product} {ergonomic}
     bool UseCompressedOops                        = true                           {product lp64_product} {ergonomic}
     bool UseLargePagesIndividualAllocation        = false                                  {pd product} {ergonomic}
     bool UseParallelGC                            = true                                      {product} {command line}

Logging:
Log output configuration:
 #0: stdout all=off uptime,level,tags
 #1: stderr all=off uptime,level,tags

Environment Variables:
JAVA_HOME=C:\Program Files\Java\jdk-13.0.2
PATH=C:\Windows\system32;C:\Windows;C:\Windows\System32\Wbem;C:\Windows\System32\WindowsPowerShell\v1.0\;C:\Windows\System32\OpenSSH\;C:\Program Files\Novell\iPrint;C:\Program Files\dotnet\;C:\Users\shima\OneDrive\Documents\openjdk-13+33_windows-x64_bin\jdk-13\bin;C:\Program Files\Java\jdk-13.0.2\bin;C:\Users\shima\AppData\Local\Microsoft\WindowsApps;C:\Users\shima\AppData\Local\Programs\Microsoft VS Code\bin
USERNAME=shima
OS=Windows_NT
PROCESSOR_IDENTIFIER=AMD64 Family 23 Model 160 Stepping 0, AuthenticAMD
TMP=C:\Users\shima\AppData\Local\Temp
TEMP=C:\Users\shima\AppData\Local\Temp



Periodic native trim disabled


---------------  S Y S T E M  ---------------

OS:
 Windows 11 , 64 bit Build 22621 (10.0.22621.3958)
OS uptime: 0 days 5:11 hours

CPU: total 8 (initial active 8) (8 cores per cpu, 2 threads per core) family 23 model 160 stepping 0 microcode 0x0, cx8, cmov, fxsr, ht, mmx, 3dnowpref, sse, sse2, sse3, ssse3, sse4a, sse4.1, sse4.2, popcnt, lzcnt, tsc, tscinvbit, avx, avx2, aes, clmul, bmi1, bmi2, adx, sha, fma, vzeroupper, clflush, clflushopt
Processor Information for all 8 processors :
  Max Mhz: 2401, Current Mhz: 2401, Mhz Limit: 2401

Memory: 4k page, system-wide physical 3317M (29M free)
TotalPageFile size 13557M (AvailPageFile size 1M)
current process WorkingSet (physical memory assigned to process): 81M, peak: 82M
current process commit charge ("private bytes"): 203M, peak: 203M

vm_info: OpenJDK 64-Bit Server VM (17.0.12+7) for windows-amd64 JRE (17.0.12+7), built on Jul 16 2024 22:08:24 by "admin" with MS VC++ 16.10 / 16.11 (VS2019)

END.
